[0.530s] Invoking command in '/home/adept/ros2_ws/src/ros2_robotx': PYTHONPATH=/home/adept/ros2_ws/install/ros2_robotx/lib/python3.8/site-packages:${PYTHONPATH} /usr/bin/python3 setup.py egg_info --egg-base ../../build/ros2_robotx build --build-base /home/adept/ros2_ws/build/ros2_robotx/build install --prefix /home/adept/ros2_ws/install/ros2_robotx --record /home/adept/ros2_ws/build/ros2_robotx/install.log --single-version-externally-managed
[0.705s] running egg_info
[0.705s] writing ../../build/ros2_robotx/ros2_robotx.egg-info/PKG-INFO
[0.705s] writing dependency_links to ../../build/ros2_robotx/ros2_robotx.egg-info/dependency_links.txt
[0.705s] writing entry points to ../../build/ros2_robotx/ros2_robotx.egg-info/entry_points.txt
[0.706s] writing requirements to ../../build/ros2_robotx/ros2_robotx.egg-info/requires.txt
[0.706s] writing top-level names to ../../build/ros2_robotx/ros2_robotx.egg-info/top_level.txt
[0.733s] reading manifest file '../../build/ros2_robotx/ros2_robotx.egg-info/SOURCES.txt'
[0.734s] writing manifest file '../../build/ros2_robotx/ros2_robotx.egg-info/SOURCES.txt'
[0.734s] running build
[0.734s] running build_py
[0.734s] running install
[0.735s] running install_lib
[0.736s] running install_data
[0.736s] running install_egg_info
[0.737s] removing '/home/adept/ros2_ws/install/ros2_robotx/lib/python3.8/site-packages/ros2_robotx-0.0.0-py3.8.egg-info' (and everything under it)
[0.738s] Copying ../../build/ros2_robotx/ros2_robotx.egg-info to /home/adept/ros2_ws/install/ros2_robotx/lib/python3.8/site-packages/ros2_robotx-0.0.0-py3.8.egg-info
[0.738s] running install_scripts
[0.752s] Installing drone_control script to /home/adept/ros2_ws/install/ros2_robotx/lib/ros2_robotx
[0.752s] Installing teleop_key script to /home/adept/ros2_ws/install/ros2_robotx/lib/ros2_robotx
[0.752s] Installing wamv_sim script to /home/adept/ros2_ws/install/ros2_robotx/lib/ros2_robotx
[0.752s] writing list of installed files to '/home/adept/ros2_ws/build/ros2_robotx/install.log'
[0.770s] Invoked command in '/home/adept/ros2_ws/src/ros2_robotx' returned '0': PYTHONPATH=/home/adept/ros2_ws/install/ros2_robotx/lib/python3.8/site-packages:${PYTHONPATH} /usr/bin/python3 setup.py egg_info --egg-base ../../build/ros2_robotx build --build-base /home/adept/ros2_ws/build/ros2_robotx/build install --prefix /home/adept/ros2_ws/install/ros2_robotx --record /home/adept/ros2_ws/build/ros2_robotx/install.log --single-version-externally-managed
