[1.250s] Invoking command in '/home/grant/ros2_ws/src/ros2_robotx': CONDA_PROMPT_MODIFIER=(base) PYTHONPATH=/home/grant/ros2_ws/install/ros2_robotx/lib/python3.8/site-packages:${PYTHONPATH} /usr/bin/python3 setup.py egg_info --egg-base ../../build/ros2_robotx build --build-base /home/grant/ros2_ws/build/ros2_robotx/build install --prefix /home/grant/ros2_ws/install/ros2_robotx --record /home/grant/ros2_ws/build/ros2_robotx/install.log --single-version-externally-managed
[1.587s] running egg_info
[1.587s] writing ../../build/ros2_robotx/ros2_robotx.egg-info/PKG-INFO
[1.588s] writing dependency_links to ../../build/ros2_robotx/ros2_robotx.egg-info/dependency_links.txt
[1.588s] writing entry points to ../../build/ros2_robotx/ros2_robotx.egg-info/entry_points.txt
[1.588s] writing requirements to ../../build/ros2_robotx/ros2_robotx.egg-info/requires.txt
[1.588s] writing top-level names to ../../build/ros2_robotx/ros2_robotx.egg-info/top_level.txt
[1.637s] reading manifest file '../../build/ros2_robotx/ros2_robotx.egg-info/SOURCES.txt'
[1.638s] writing manifest file '../../build/ros2_robotx/ros2_robotx.egg-info/SOURCES.txt'
[1.638s] running build
[1.638s] running build_py
[1.638s] running install
[1.639s] running install_lib
[1.641s] running install_data
[1.642s] running install_egg_info
[1.644s] removing '/home/grant/ros2_ws/install/ros2_robotx/lib/python3.8/site-packages/ros2_robotx-0.0.0-py3.8.egg-info' (and everything under it)
[1.645s] Copying ../../build/ros2_robotx/ros2_robotx.egg-info to /home/grant/ros2_ws/install/ros2_robotx/lib/python3.8/site-packages/ros2_robotx-0.0.0-py3.8.egg-info
[1.646s] running install_scripts
[1.672s] Installing drone_control script to /home/grant/ros2_ws/install/ros2_robotx/lib/ros2_robotx
[1.673s] Installing teleop_key script to /home/grant/ros2_ws/install/ros2_robotx/lib/ros2_robotx
[1.673s] Installing wamv_sim script to /home/grant/ros2_ws/install/ros2_robotx/lib/ros2_robotx
[1.673s] writing list of installed files to '/home/grant/ros2_ws/build/ros2_robotx/install.log'
[1.757s] Invoked command in '/home/grant/ros2_ws/src/ros2_robotx' returned '0': CONDA_PROMPT_MODIFIER=(base) PYTHONPATH=/home/grant/ros2_ws/install/ros2_robotx/lib/python3.8/site-packages:${PYTHONPATH} /usr/bin/python3 setup.py egg_info --egg-base ../../build/ros2_robotx build --build-base /home/grant/ros2_ws/build/ros2_robotx/build install --prefix /home/grant/ros2_ws/install/ros2_robotx --record /home/grant/ros2_ws/build/ros2_robotx/install.log --single-version-externally-managed
