[1.237s] Invoking command in '/home/grant/ros2_ws_2/src/ros2_robotx': CONDA_PROMPT_MODIFIER=(base) PYTHONPATH=/home/grant/ros2_ws_2/build/ros2_robotx/prefix_override:/home/grant/ros2_ws_2/install/ros2_robotx/lib/python3.8/site-packages:${PYTHONPATH} /usr/bin/python3 setup.py egg_info --egg-base ../../build/ros2_robotx build --build-base /home/grant/ros2_ws_2/build/ros2_robotx/build install --record /home/grant/ros2_ws_2/build/ros2_robotx/install.log --install-scripts $base/lib/ros2_robotx --single-version-externally-managed
[1.402s] running egg_info
[1.403s] writing ../../build/ros2_robotx/ros2_robotx.egg-info/PKG-INFO
[1.403s] writing dependency_links to ../../build/ros2_robotx/ros2_robotx.egg-info/dependency_links.txt
[1.403s] writing entry points to ../../build/ros2_robotx/ros2_robotx.egg-info/entry_points.txt
[1.405s] writing requirements to ../../build/ros2_robotx/ros2_robotx.egg-info/requires.txt
[1.408s] writing top-level names to ../../build/ros2_robotx/ros2_robotx.egg-info/top_level.txt
[1.438s] reading manifest file '../../build/ros2_robotx/ros2_robotx.egg-info/SOURCES.txt'
[1.439s] writing manifest file '../../build/ros2_robotx/ros2_robotx.egg-info/SOURCES.txt'
[1.440s] running build
[1.440s] running build_py
[1.440s] copying ros2_robotx/wamv_sim.py -> /home/grant/ros2_ws_2/build/ros2_robotx/build/lib/ros2_robotx
[1.440s] copying ros2_robotx/drone_control.py -> /home/grant/ros2_ws_2/build/ros2_robotx/build/lib/ros2_robotx
[1.441s] copying ros2_robotx/teleop_key.py -> /home/grant/ros2_ws_2/build/ros2_robotx/build/lib/ros2_robotx
[1.441s] copying ros2_robotx/__init__.py -> /home/grant/ros2_ws_2/build/ros2_robotx/build/lib/ros2_robotx
[1.441s] running install
[1.442s] running install_lib
[1.442s] copying /home/grant/ros2_ws_2/build/ros2_robotx/build/lib/ros2_robotx/wamv_sim.py -> /home/grant/ros2_ws_2/install/ros2_robotx/lib/python3.8/site-packages/ros2_robotx
[1.443s] copying /home/grant/ros2_ws_2/build/ros2_robotx/build/lib/ros2_robotx/drone_control.py -> /home/grant/ros2_ws_2/install/ros2_robotx/lib/python3.8/site-packages/ros2_robotx
[1.443s] copying /home/grant/ros2_ws_2/build/ros2_robotx/build/lib/ros2_robotx/teleop_key.py -> /home/grant/ros2_ws_2/install/ros2_robotx/lib/python3.8/site-packages/ros2_robotx
[1.443s] copying /home/grant/ros2_ws_2/build/ros2_robotx/build/lib/ros2_robotx/__init__.py -> /home/grant/ros2_ws_2/install/ros2_robotx/lib/python3.8/site-packages/ros2_robotx
[1.444s] byte-compiling /home/grant/ros2_ws_2/install/ros2_robotx/lib/python3.8/site-packages/ros2_robotx/wamv_sim.py to wamv_sim.cpython-38.pyc
[1.446s] byte-compiling /home/grant/ros2_ws_2/install/ros2_robotx/lib/python3.8/site-packages/ros2_robotx/teleop_key.py to teleop_key.cpython-38.pyc
[1.447s] running install_data
[1.447s] copying resource/ros2_robotx -> /home/grant/ros2_ws_2/install/ros2_robotx/share/ament_index/resource_index/packages
[1.447s] copying package.xml -> /home/grant/ros2_ws_2/install/ros2_robotx/share/ros2_robotx
[1.447s] copying launch/drone_land_wamv.py -> /home/grant/ros2_ws_2/install/ros2_robotx/share/ros2_robotx
[1.448s] copying launch/land_wamv_launch.py -> /home/grant/ros2_ws_2/install/ros2_robotx/share/ros2_robotx
[1.448s] copying launch/drone_control_launch.py -> /home/grant/ros2_ws_2/install/ros2_robotx/share/ros2_robotx
[1.448s] copying launch/just_drone_launch.py -> /home/grant/ros2_ws_2/install/ros2_robotx/share/ros2_robotx
[1.449s] copying launch/wamv_and_done_launch.py -> /home/grant/ros2_ws_2/install/ros2_robotx/share/ros2_robotx
[1.449s] copying worlds/grass_replenish_marker.world -> /home/grant/ros2_ws_2/install/ros2_robotx/share/ros2_robotx
[1.449s] copying include/dk_functs_dict.py -> /home/grant/ros2_ws_2/install/ros2_robotx/lib/ros2_robotx
[1.450s] copying include/dictonary_gen.py -> /home/grant/ros2_ws_2/install/ros2_robotx/lib/ros2_robotx
[1.450s] running install_egg_info
[1.451s] removing '/home/grant/ros2_ws_2/install/ros2_robotx/lib/python3.8/site-packages/ros2_robotx-0.0.0-py3.8.egg-info' (and everything under it)
[1.451s] Copying ../../build/ros2_robotx/ros2_robotx.egg-info to /home/grant/ros2_ws_2/install/ros2_robotx/lib/python3.8/site-packages/ros2_robotx-0.0.0-py3.8.egg-info
[1.452s] running install_scripts
[1.464s] Installing drone_control script to /home/grant/ros2_ws_2/install/ros2_robotx/lib/ros2_robotx
[1.464s] Installing teleop_key script to /home/grant/ros2_ws_2/install/ros2_robotx/lib/ros2_robotx
[1.464s] Installing wamv_sim script to /home/grant/ros2_ws_2/install/ros2_robotx/lib/ros2_robotx
[1.464s] writing list of installed files to '/home/grant/ros2_ws_2/build/ros2_robotx/install.log'
[1.479s] Invoked command in '/home/grant/ros2_ws_2/src/ros2_robotx' returned '0': CONDA_PROMPT_MODIFIER=(base) PYTHONPATH=/home/grant/ros2_ws_2/build/ros2_robotx/prefix_override:/home/grant/ros2_ws_2/install/ros2_robotx/lib/python3.8/site-packages:${PYTHONPATH} /usr/bin/python3 setup.py egg_info --egg-base ../../build/ros2_robotx build --build-base /home/grant/ros2_ws_2/build/ros2_robotx/build install --record /home/grant/ros2_ws_2/build/ros2_robotx/install.log --install-scripts $base/lib/ros2_robotx --single-version-externally-managed
