[0.036s] Invoking command in '/home/grant/ros2_ws/build/wave_gazebo_plugins': CMAKE_PREFIX_PATH=/home/grant/ros2_ws/install/mavros_extras:/home/grant/ros2_ws/install/mavros:/home/grant/ros2_ws/install/mavros_msgs:/home/grant/ros2_ws/install/libmavconn:/home/grant/ros2_ws/install/mavlink:/opt/ros/foxy:/home/grant/vrx_ws/devel:/opt/ros/noetic:/home/grant/ros2_foxy/ros2-linux CONDA_PROMPT_MODIFIER=(base) /usr/bin/cmake /home/grant/ros2_ws/src/adept-vrx/wave_gazebo_plugins -DCMAKE_INSTALL_PREFIX=/home/grant/ros2_ws/install/wave_gazebo_plugins
[0.093s] -- The C compiler identification is GNU 9.4.0
[0.147s] -- The CXX compiler identification is GNU 9.4.0
[0.152s] -- Check for working C compiler: /usr/bin/cc
[0.215s] -- Check for working C compiler: /usr/bin/cc -- works
[0.216s] -- Detecting C compiler ABI info
[0.278s] -- Detecting C compiler ABI info - done
[0.291s] -- Detecting C compile features
[0.291s] -- Detecting C compile features - done
[0.294s] -- Check for working CXX compiler: /usr/bin/c++
[0.366s] -- Check for working CXX compiler: /usr/bin/c++ -- works
[0.367s] -- Detecting CXX compiler ABI info
[0.436s] -- Detecting CXX compiler ABI info - done
[0.449s] -- Detecting CXX compile features
[0.449s] -- Detecting CXX compile features - done
[0.451s] -- Found ament_cmake: 0.9.11 (/opt/ros/foxy/share/ament_cmake/cmake)
[0.479s] -- Found PythonInterp: /home/grant/miniconda3/bin/python3 (found suitable version "3.8.13", minimum required is "3") 
[0.479s] -- Using PYTHON_EXECUTABLE: /home/grant/miniconda3/bin/python3
[0.749s] -- Found PkgConfig: /usr/bin/pkg-config (found version "0.29.1") 
[0.752s] -- Checking for module 'bullet>=2.82'
[0.766s] --   Found bullet, version 2.88
[0.862s] -- Found ccd: /usr/include (found suitable version "2.0", minimum required is "2.0") 
[0.904s] -- Found fcl: /usr/include (found suitable version "0.5.0", minimum required is "0.3.2") 
[0.946s] -- Found assimp: /usr/include (found version "5.0.0") 
[0.974s] -- Found DART: /usr/include (Required is at least version "6.6") found components: dart 
[1.254s] -- Found Boost: /usr/lib/x86_64-linux-gnu/cmake/Boost-1.71.0/BoostConfig.cmake (found suitable version "1.71.0", minimum required is "1.40.0") found components: thread system filesystem program_options regex iostreams date_time 
[1.277s] -- Found Protobuf: /usr/lib/x86_64-linux-gnu/libprotobuf.so;-lpthread (found version "3.6.1") 
[1.284s] -- Looking for ignition-math6 -- found version 6.13.0
[1.291s] -- Searching for dependencies of ignition-math6
[1.292s] -- Looking for OGRE...
[1.293s] -- OGRE_PREFIX_WATCH changed.
[1.297s] -- Checking for module 'OGRE'
[1.308s] --   Found OGRE, version 1.9.0
[1.335s] -- Found Ogre Ghadamon (1.9.0)
[1.345s] -- Found OGRE: optimized;/usr/lib/x86_64-linux-gnu/libOgreMain.so;debug;/usr/lib/x86_64-linux-gnu/libOgreMain.so
[1.356s] -- Looking for OGRE_Paging...
[1.365s] -- Found OGRE_Paging: optimized;/usr/lib/x86_64-linux-gnu/libOgrePaging.so;debug;/usr/lib/x86_64-linux-gnu/libOgrePaging.so
[1.365s] -- Looking for OGRE_Terrain...
[1.373s] -- Found OGRE_Terrain: optimized;/usr/lib/x86_64-linux-gnu/libOgreTerrain.so;debug;/usr/lib/x86_64-linux-gnu/libOgreTerrain.so
[1.374s] -- Looking for OGRE_Property...
[1.382s] -- Found OGRE_Property: optimized;/usr/lib/x86_64-linux-gnu/libOgreProperty.so;debug;/usr/lib/x86_64-linux-gnu/libOgreProperty.so
[1.382s] -- Looking for OGRE_RTShaderSystem...
[1.390s] -- Found OGRE_RTShaderSystem: optimized;/usr/lib/x86_64-linux-gnu/libOgreRTShaderSystem.so;debug;/usr/lib/x86_64-linux-gnu/libOgreRTShaderSystem.so
[1.390s] -- Looking for OGRE_Volume...
[1.398s] -- Found OGRE_Volume: optimized;/usr/lib/x86_64-linux-gnu/libOgreVolume.so;debug;/usr/lib/x86_64-linux-gnu/libOgreVolume.so
[1.399s] -- Looking for OGRE_Overlay...
[1.407s] -- Found OGRE_Overlay: optimized;/usr/lib/x86_64-linux-gnu/libOgreOverlay.so;debug;/usr/lib/x86_64-linux-gnu/libOgreOverlay.so
[1.584s] -- Looking for ignition-math6 -- found version 6.13.0
[1.587s] -- Looking for ignition-transport8 -- found version 8.3.0
[1.587s] -- Searching for dependencies of ignition-transport8
[1.603s] -- Found Protobuf: /usr/lib/x86_64-linux-gnu/libprotobuf.so;-lpthread (found suitable version "3.6.1", minimum required is "3") 
[1.610s] -- Checking for module 'uuid'
[1.622s] --   Found uuid, version 2.34.0
[1.650s] -- Found UUID: TRUE  
[1.653s] -- Looking for ignition-msgs5 -- found version 5.11.0
[1.654s] -- Searching for dependencies of ignition-msgs5
[1.669s] -- Looking for ignition-math6 -- found version 6.13.0
[1.673s] -- Checking for module 'tinyxml2'
[1.685s] --   Found tinyxml2, version 6.2.0
[1.713s] -- Looking for ignition-msgs5 -- found version 5.11.0
[1.716s] -- Looking for ignition-common3 -- found version 3.15.1
[1.717s] -- Searching for dependencies of ignition-common3
[1.717s] -- Looking for dlfcn.h - found
[1.718s] -- Looking for libdl - found
[1.719s] -- Found DL: TRUE  
[1.727s] -- Searching for <ignition-common3> component [graphics]
[1.730s] -- Looking for ignition-common3-graphics -- found version 3.15.1
[1.730s] -- Searching for dependencies of ignition-common3-graphics
[1.730s] -- Looking for ignition-math6 -- found version 6.13.0
[1.734s] -- Looking for ignition-fuel_tools4 -- found version 4.6.0
[1.735s] -- Searching for dependencies of ignition-fuel_tools4
[1.792s] -- Found CURL: /usr/lib/x86_64-linux-gnu/libcurl.so (found version "7.68.0")  
[1.800s] -- Checking for module 'jsoncpp'
[1.813s] --   Found jsoncpp, version 1.7.4
[1.841s] -- Found JSONCPP: TRUE  
[1.846s] -- Checking for module 'libzip'
[1.858s] --   Found libzip, version 1.5.1
[1.886s] -- Found ZIP: TRUE  
[1.886s] -- Looking for ignition-common3 -- found version 3.15.1
[1.886s] -- Looking for ignition-math6 -- found version 6.13.0
[1.887s] -- Looking for ignition-msgs5 -- found version 5.11.0
[1.888s] CMake Error at CMakeLists.txt:30 (target_include_directories):
[1.889s]   Cannot specify include directories for target "my_target" which is not
[1.889s]   built by this project.
[1.889s] 
[1.889s] 
[1.889s] CMake Error at CMakeLists.txt:35 (ament_target_dependencides):
[1.889s]   Unknown CMake command "ament_target_dependencides".
[1.889s] 
[1.889s] 
[1.889s] -- Configuring incomplete, errors occurred!
[1.889s] See also "/home/grant/ros2_ws/build/wave_gazebo_plugins/CMakeFiles/CMakeOutput.log".
[1.889s] See also "/home/grant/ros2_ws/build/wave_gazebo_plugins/CMakeFiles/CMakeError.log".
[1.896s] Invoked command in '/home/grant/ros2_ws/build/wave_gazebo_plugins' returned '1': CMAKE_PREFIX_PATH=/home/grant/ros2_ws/install/mavros_extras:/home/grant/ros2_ws/install/mavros:/home/grant/ros2_ws/install/mavros_msgs:/home/grant/ros2_ws/install/libmavconn:/home/grant/ros2_ws/install/mavlink:/opt/ros/foxy:/home/grant/vrx_ws/devel:/opt/ros/noetic:/home/grant/ros2_foxy/ros2-linux CONDA_PROMPT_MODIFIER=(base) /usr/bin/cmake /home/grant/ros2_ws/src/adept-vrx/wave_gazebo_plugins -DCMAKE_INSTALL_PREFIX=/home/grant/ros2_ws/install/wave_gazebo_plugins
