[0.028s] Invoking command in '/home/grant/ros2_ws/build/mavros_extras': CMAKE_PREFIX_PATH=/home/grant/ros2_ws/install/mavros:/home/grant/ros2_ws/install/libmavconn:/home/grant/ros2_ws/install/mavros_msgs:/home/grant/ros2_ws/install/mavlink:/home/grant/ros2_ws/install/mavros_extras:/opt/ros/foxy:/home/grant/vrx_ws/devel:/opt/ros/noetic:/home/grant/ros2_foxy/ros2-linux CONDA_PROMPT_MODIFIER=(base) LD_LIBRARY_PATH=/home/grant/ros2_ws/install/mavros/lib:/home/grant/ros2_ws/install/libmavconn/lib:/home/grant/ros2_ws/install/mavros_msgs/lib:/home/grant/ros2_ws/install/mavros_extras/lib:/home/grant/vrx_ws/devel/lib:/opt/ros/noetic/lib:/usr/lib/x86_64-linux-gnu/gazebo-11/plugins:/opt/ros/foxy/opt/yaml_cpp_vendor/lib:/opt/ros/foxy/lib/x86_64-linux-gnu:/opt/ros/foxy/lib:/home/grant/ros2_foxy/ros2-linux/opt/yaml_cpp_vendor/lib:/home/grant/ros2_foxy/ros2-linux/opt/rviz_ogre_vendor/lib:/opt/rti.com/rti_connext_dds-5.3.1/lib/x64Linux3gcc5.4.0:/home/grant/ros2_foxy/ros2-linux/lib:/usr/lib/x86_64-linux-gnu/gazebo-11/plugins:/usr/lib/x86_64-linux-gnu/gazebo-11/plugins:/usr/lib/x86_64-linux-gnu/gazebo-11/plugins:/usr/lib/x86_64-linux-gnu/gazebo-11/plugins:/usr/lib/x86_64-linux-gnu/gazebo-11/plugins:/usr/lib/x86_64-linux-gnu/gazebo-11/plugins /usr/bin/cmake --build /home/grant/ros2_ws/build/mavros_extras -- -j8 -l8
[0.091s] [  5%] Built target servo_state_publisher
[0.095s] [ 10%] Built target mavros_extras
[0.330s] [100%] Built target mavros_extras_plugins
[0.340s] Invoked command in '/home/grant/ros2_ws/build/mavros_extras' returned '0': CMAKE_PREFIX_PATH=/home/grant/ros2_ws/install/mavros:/home/grant/ros2_ws/install/libmavconn:/home/grant/ros2_ws/install/mavros_msgs:/home/grant/ros2_ws/install/mavlink:/home/grant/ros2_ws/install/mavros_extras:/opt/ros/foxy:/home/grant/vrx_ws/devel:/opt/ros/noetic:/home/grant/ros2_foxy/ros2-linux CONDA_PROMPT_MODIFIER=(base) LD_LIBRARY_PATH=/home/grant/ros2_ws/install/mavros/lib:/home/grant/ros2_ws/install/libmavconn/lib:/home/grant/ros2_ws/install/mavros_msgs/lib:/home/grant/ros2_ws/install/mavros_extras/lib:/home/grant/vrx_ws/devel/lib:/opt/ros/noetic/lib:/usr/lib/x86_64-linux-gnu/gazebo-11/plugins:/opt/ros/foxy/opt/yaml_cpp_vendor/lib:/opt/ros/foxy/lib/x86_64-linux-gnu:/opt/ros/foxy/lib:/home/grant/ros2_foxy/ros2-linux/opt/yaml_cpp_vendor/lib:/home/grant/ros2_foxy/ros2-linux/opt/rviz_ogre_vendor/lib:/opt/rti.com/rti_connext_dds-5.3.1/lib/x64Linux3gcc5.4.0:/home/grant/ros2_foxy/ros2-linux/lib:/usr/lib/x86_64-linux-gnu/gazebo-11/plugins:/usr/lib/x86_64-linux-gnu/gazebo-11/plugins:/usr/lib/x86_64-linux-gnu/gazebo-11/plugins:/usr/lib/x86_64-linux-gnu/gazebo-11/plugins:/usr/lib/x86_64-linux-gnu/gazebo-11/plugins:/usr/lib/x86_64-linux-gnu/gazebo-11/plugins /usr/bin/cmake --build /home/grant/ros2_ws/build/mavros_extras -- -j8 -l8
[0.418s] Invoking command in '/home/grant/ros2_ws/build/mavros_extras': CMAKE_PREFIX_PATH=/home/grant/ros2_ws/install/mavros:/home/grant/ros2_ws/install/libmavconn:/home/grant/ros2_ws/install/mavros_msgs:/home/grant/ros2_ws/install/mavlink:/home/grant/ros2_ws/install/mavros_extras:/opt/ros/foxy:/home/grant/vrx_ws/devel:/opt/ros/noetic:/home/grant/ros2_foxy/ros2-linux CONDA_PROMPT_MODIFIER=(base) LD_LIBRARY_PATH=/home/grant/ros2_ws/install/mavros/lib:/home/grant/ros2_ws/install/libmavconn/lib:/home/grant/ros2_ws/install/mavros_msgs/lib:/home/grant/ros2_ws/install/mavros_extras/lib:/home/grant/vrx_ws/devel/lib:/opt/ros/noetic/lib:/usr/lib/x86_64-linux-gnu/gazebo-11/plugins:/opt/ros/foxy/opt/yaml_cpp_vendor/lib:/opt/ros/foxy/lib/x86_64-linux-gnu:/opt/ros/foxy/lib:/home/grant/ros2_foxy/ros2-linux/opt/yaml_cpp_vendor/lib:/home/grant/ros2_foxy/ros2-linux/opt/rviz_ogre_vendor/lib:/opt/rti.com/rti_connext_dds-5.3.1/lib/x64Linux3gcc5.4.0:/home/grant/ros2_foxy/ros2-linux/lib:/usr/lib/x86_64-linux-gnu/gazebo-11/plugins:/usr/lib/x86_64-linux-gnu/gazebo-11/plugins:/usr/lib/x86_64-linux-gnu/gazebo-11/plugins:/usr/lib/x86_64-linux-gnu/gazebo-11/plugins:/usr/lib/x86_64-linux-gnu/gazebo-11/plugins:/usr/lib/x86_64-linux-gnu/gazebo-11/plugins /usr/bin/cmake --install /home/grant/ros2_ws/build/mavros_extras
[0.425s] -- Install configuration: ""
[0.425s] -- Up-to-date: /home/grant/ros2_ws/install/mavros_extras/share/mavros_extras/mavros_plugins.xml
[0.425s] -- Up-to-date: /home/grant/ros2_ws/install/mavros_extras/lib/mavros_extras/servo_state_publisher
[0.425s] -- Up-to-date: /home/grant/ros2_ws/install/mavros_extras/lib/libmavros_extras.so
[0.425s] -- Up-to-date: /home/grant/ros2_ws/install/mavros_extras/lib/libmavros_extras_plugins.so
[0.426s] -- Up-to-date: /home/grant/ros2_ws/install/mavros_extras/include
[0.426s] -- Up-to-date: /home/grant/ros2_ws/install/mavros_extras/include/mavros_extras
[0.426s] -- Up-to-date: /home/grant/ros2_ws/install/mavros_extras/include/mavros_extras/servo_state_publisher.hpp
[0.426s] -- Up-to-date: /home/grant/ros2_ws/install/mavros_extras/share/mavros_extras/launch
[0.426s] -- Up-to-date: /home/grant/ros2_ws/install/mavros_extras/share/mavros_extras/launch/px4flow.launch
[0.426s] -- Up-to-date: /home/grant/ros2_ws/install/mavros_extras/share/mavros_extras/launch/px4flow_config.yaml
[0.426s] -- Up-to-date: /home/grant/ros2_ws/install/mavros_extras/share/mavros_extras/launch/px4flow_pluginlists.yaml
[0.426s] -- Up-to-date: /home/grant/ros2_ws/install/mavros_extras/share/mavros_extras/launch/servo_state_publisher.yaml
[0.427s] -- Up-to-date: /home/grant/ros2_ws/install/mavros_extras/share/mavros_extras/environment/library_path.sh
[0.427s] -- Up-to-date: /home/grant/ros2_ws/install/mavros_extras/share/mavros_extras/environment/library_path.dsv
[0.427s] -- Up-to-date: /home/grant/ros2_ws/install/mavros_extras/share/ament_index/resource_index/package_run_dependencies/mavros_extras
[0.427s] -- Up-to-date: /home/grant/ros2_ws/install/mavros_extras/share/ament_index/resource_index/parent_prefix_path/mavros_extras
[0.427s] -- Up-to-date: /home/grant/ros2_ws/install/mavros_extras/share/mavros_extras/environment/ament_prefix_path.sh
[0.427s] -- Up-to-date: /home/grant/ros2_ws/install/mavros_extras/share/mavros_extras/environment/ament_prefix_path.dsv
[0.427s] -- Up-to-date: /home/grant/ros2_ws/install/mavros_extras/share/mavros_extras/environment/path.sh
[0.427s] -- Up-to-date: /home/grant/ros2_ws/install/mavros_extras/share/mavros_extras/environment/path.dsv
[0.427s] -- Up-to-date: /home/grant/ros2_ws/install/mavros_extras/share/mavros_extras/local_setup.bash
[0.427s] -- Up-to-date: /home/grant/ros2_ws/install/mavros_extras/share/mavros_extras/local_setup.sh
[0.427s] -- Up-to-date: /home/grant/ros2_ws/install/mavros_extras/share/mavros_extras/local_setup.zsh
[0.427s] -- Up-to-date: /home/grant/ros2_ws/install/mavros_extras/share/mavros_extras/local_setup.dsv
[0.428s] -- Installing: /home/grant/ros2_ws/install/mavros_extras/share/mavros_extras/package.dsv
[0.428s] -- Up-to-date: /home/grant/ros2_ws/install/mavros_extras/share/ament_index/resource_index/packages/mavros_extras
[0.428s] -- Up-to-date: /home/grant/ros2_ws/install/mavros_extras/share/ament_index/resource_index/mavros__pluginlib__plugin/mavros_extras
[0.428s] -- Up-to-date: /home/grant/ros2_ws/install/mavros_extras/share/ament_index/resource_index/rclcpp_components/mavros_extras
[0.428s] -- Up-to-date: /home/grant/ros2_ws/install/mavros_extras/share/mavros_extras/cmake/ament_cmake_export_include_directories-extras.cmake
[0.428s] -- Up-to-date: /home/grant/ros2_ws/install/mavros_extras/share/mavros_extras/cmake/ament_cmake_export_libraries-extras.cmake
[0.428s] -- Up-to-date: /home/grant/ros2_ws/install/mavros_extras/share/mavros_extras/cmake/ament_cmake_export_dependencies-extras.cmake
[0.428s] -- Up-to-date: /home/grant/ros2_ws/install/mavros_extras/share/mavros_extras/cmake/mavros_extrasConfig.cmake
[0.428s] -- Up-to-date: /home/grant/ros2_ws/install/mavros_extras/share/mavros_extras/cmake/mavros_extrasConfig-version.cmake
[0.428s] -- Up-to-date: /home/grant/ros2_ws/install/mavros_extras/share/mavros_extras/package.xml
[0.432s] Invoked command in '/home/grant/ros2_ws/build/mavros_extras' returned '0': CMAKE_PREFIX_PATH=/home/grant/ros2_ws/install/mavros:/home/grant/ros2_ws/install/libmavconn:/home/grant/ros2_ws/install/mavros_msgs:/home/grant/ros2_ws/install/mavlink:/home/grant/ros2_ws/install/mavros_extras:/opt/ros/foxy:/home/grant/vrx_ws/devel:/opt/ros/noetic:/home/grant/ros2_foxy/ros2-linux CONDA_PROMPT_MODIFIER=(base) LD_LIBRARY_PATH=/home/grant/ros2_ws/install/mavros/lib:/home/grant/ros2_ws/install/libmavconn/lib:/home/grant/ros2_ws/install/mavros_msgs/lib:/home/grant/ros2_ws/install/mavros_extras/lib:/home/grant/vrx_ws/devel/lib:/opt/ros/noetic/lib:/usr/lib/x86_64-linux-gnu/gazebo-11/plugins:/opt/ros/foxy/opt/yaml_cpp_vendor/lib:/opt/ros/foxy/lib/x86_64-linux-gnu:/opt/ros/foxy/lib:/home/grant/ros2_foxy/ros2-linux/opt/yaml_cpp_vendor/lib:/home/grant/ros2_foxy/ros2-linux/opt/rviz_ogre_vendor/lib:/opt/rti.com/rti_connext_dds-5.3.1/lib/x64Linux3gcc5.4.0:/home/grant/ros2_foxy/ros2-linux/lib:/usr/lib/x86_64-linux-gnu/gazebo-11/plugins:/usr/lib/x86_64-linux-gnu/gazebo-11/plugins:/usr/lib/x86_64-linux-gnu/gazebo-11/plugins:/usr/lib/x86_64-linux-gnu/gazebo-11/plugins:/usr/lib/x86_64-linux-gnu/gazebo-11/plugins:/usr/lib/x86_64-linux-gnu/gazebo-11/plugins /usr/bin/cmake --install /home/grant/ros2_ws/build/mavros_extras
