-- Install configuration: ""
-- Installing: /home/grant/ros2_ws/install/wamv_gazebo/share/wamv_gazebo/models
-- Installing: /home/grant/ros2_ws/install/wamv_gazebo/share/wamv_gazebo/models/gps
-- Installing: /home/grant/ros2_ws/install/wamv_gazebo/share/wamv_gazebo/models/gps/mesh
-- Installing: /home/grant/ros2_ws/install/wamv_gazebo/share/wamv_gazebo/models/gps/mesh/gps.png
-- Installing: /home/grant/ros2_ws/install/wamv_gazebo/share/wamv_gazebo/models/gps/mesh/gps.dae
-- Installing: /home/grant/ros2_ws/install/wamv_gazebo/share/wamv_gazebo/models/gps/model.config
-- Installing: /home/grant/ros2_ws/install/wamv_gazebo/share/wamv_gazebo/urdf
-- Installing: /home/grant/ros2_ws/install/wamv_gazebo/share/wamv_gazebo/urdf/sensors
-- Installing: /home/grant/ros2_ws/install/wamv_gazebo/share/wamv_gazebo/urdf/sensors/wamv_p3d.xacro
-- Installing: /home/grant/ros2_ws/install/wamv_gazebo/share/wamv_gazebo/urdf/sensors/wamv_camera.xacro
-- Installing: /home/grant/ros2_ws/install/wamv_gazebo/share/wamv_gazebo/urdf/sensors/wamv_pinger.xacro
-- Installing: /home/grant/ros2_ws/install/wamv_gazebo/share/wamv_gazebo/urdf/sensors/wamv_gps.xacro
-- Installing: /home/grant/ros2_ws/install/wamv_gazebo/share/wamv_gazebo/urdf/sensors/wamv_imu.xacro
-- Installing: /home/grant/ros2_ws/install/wamv_gazebo/share/wamv_gazebo/urdf/sensors/wamv_planar_lidar.xacro
-- Installing: /home/grant/ros2_ws/install/wamv_gazebo/share/wamv_gazebo/urdf/sensors/wamv_3d_lidar.xacro
-- Installing: /home/grant/ros2_ws/install/wamv_gazebo/share/wamv_gazebo/urdf/sensors/lidar.xacro
-- Installing: /home/grant/ros2_ws/install/wamv_gazebo/share/wamv_gazebo/urdf/dynamics
-- Installing: /home/grant/ros2_ws/install/wamv_gazebo/share/wamv_gazebo/urdf/dynamics/wamv_gazebo_dynamics_plugin.xacro
-- Installing: /home/grant/ros2_ws/install/wamv_gazebo/share/wamv_gazebo/urdf/macros.xacro
-- Installing: /home/grant/ros2_ws/install/wamv_gazebo/share/wamv_gazebo/urdf/wamv_gazebo.xacro
-- Installing: /home/grant/ros2_ws/install/wamv_gazebo/share/wamv_gazebo/urdf/ball_shooter
-- Installing: /home/grant/ros2_ws/install/wamv_gazebo/share/wamv_gazebo/urdf/ball_shooter/ball_shooter.xacro
-- Installing: /home/grant/ros2_ws/install/wamv_gazebo/share/wamv_gazebo/urdf/wamv_gazebo.urdf.xacro
-- Installing: /home/grant/ros2_ws/install/wamv_gazebo/share/wamv_gazebo/urdf/thruster_layouts
-- Installing: /home/grant/ros2_ws/install/wamv_gazebo/share/wamv_gazebo/urdf/thruster_layouts/wamv_x_thrusters.xacro
-- Installing: /home/grant/ros2_ws/install/wamv_gazebo/share/wamv_gazebo/urdf/thruster_layouts/wamv_t_thrusters.xacro
-- Installing: /home/grant/ros2_ws/install/wamv_gazebo/share/wamv_gazebo/urdf/thruster_layouts/wamv_gazebo_thruster_config.xacro
-- Installing: /home/grant/ros2_ws/install/wamv_gazebo/share/wamv_gazebo/urdf/thruster_layouts/wamv_aft_thrusters.xacro
-- Installing: /home/grant/ros2_ws/install/wamv_gazebo/share/wamv_gazebo/config
-- Installing: /home/grant/ros2_ws/install/wamv_gazebo/share/wamv_gazebo/config/rviz_vrx.rviz
-- Installing: /home/grant/ros2_ws/install/wamv_gazebo/share/wamv_gazebo/launch
-- Installing: /home/grant/ros2_ws/install/wamv_gazebo/share/wamv_gazebo/launch/rviz_vrx.launch
-- Installing: /home/grant/ros2_ws/install/wamv_gazebo/share/wamv_gazebo/launch/localization_example.launch
-- Installing: /home/grant/ros2_ws/install/wamv_gazebo/share/wamv_gazebo/launch/rviz_example.launch
-- Installing: /home/grant/ros2_ws/install/wamv_gazebo/share/ament_index/resource_index/package_run_dependencies/wamv_gazebo
-- Installing: /home/grant/ros2_ws/install/wamv_gazebo/share/ament_index/resource_index/parent_prefix_path/wamv_gazebo
-- Installing: /home/grant/ros2_ws/install/wamv_gazebo/share/wamv_gazebo/environment/ament_prefix_path.sh
-- Installing: /home/grant/ros2_ws/install/wamv_gazebo/share/wamv_gazebo/environment/ament_prefix_path.dsv
-- Installing: /home/grant/ros2_ws/install/wamv_gazebo/share/wamv_gazebo/environment/path.sh
-- Installing: /home/grant/ros2_ws/install/wamv_gazebo/share/wamv_gazebo/environment/path.dsv
-- Installing: /home/grant/ros2_ws/install/wamv_gazebo/share/wamv_gazebo/local_setup.bash
-- Installing: /home/grant/ros2_ws/install/wamv_gazebo/share/wamv_gazebo/local_setup.sh
-- Installing: /home/grant/ros2_ws/install/wamv_gazebo/share/wamv_gazebo/local_setup.zsh
-- Installing: /home/grant/ros2_ws/install/wamv_gazebo/share/wamv_gazebo/local_setup.dsv
-- Installing: /home/grant/ros2_ws/install/wamv_gazebo/share/wamv_gazebo/package.dsv
-- Installing: /home/grant/ros2_ws/install/wamv_gazebo/share/ament_index/resource_index/packages/wamv_gazebo
-- Installing: /home/grant/ros2_ws/install/wamv_gazebo/share/wamv_gazebo/cmake/wamv_gazeboConfig.cmake
-- Installing: /home/grant/ros2_ws/install/wamv_gazebo/share/wamv_gazebo/cmake/wamv_gazeboConfig-version.cmake
-- Installing: /home/grant/ros2_ws/install/wamv_gazebo/share/wamv_gazebo/package.xml
