[0.042s] Invoking command in '/home/grant/ros2_ws/build/wamv_gazebo': CMAKE_PREFIX_PATH=/home/grant/ros2_ws/install/usv_gazebo_plugins:/home/grant/ros2_ws/install/wave_gazebo_plugins:/home/grant/ros2_ws/install/wamv_description:/home/grant/ros2_ws/install/usv_msgs:/home/grant/ros2_ws/install/robotx_2022:/home/grant/ros2_ws/install/vrx_gazebo:/home/grant/ros2_ws/install/wave_gazebo:/home/grant/ros2_ws/install/wamv_gazebo:/home/grant/ros2_ws/install/mavros_extras:/home/grant/ros2_ws/install/mavros:/home/grant/ros2_ws/install/mavros_msgs:/home/grant/ros2_ws/install/libmavconn:/home/grant/ros2_ws/install/mavlink:/opt/ros/foxy:/home/grant/vrx_ws/devel:/home/grant/ros2_foxy/ros2-linux CONDA_PROMPT_MODIFIER=(base) LD_LIBRARY_PATH=/home/grant/ros2_ws/install/usv_gazebo_plugins/lib:/home/grant/ros2_ws/install/wave_gazebo_plugins/lib:/home/grant/ros2_ws/install/usv_msgs/lib:/home/grant/ros2_ws/install/vrx_gazebo/lib:/home/grant/ros2_ws/install/mavros_extras/lib:/home/grant/ros2_ws/install/mavros/lib:/home/grant/ros2_ws/install/mavros_msgs/lib:/home/grant/ros2_ws/install/libmavconn/lib:/home/grant/vrx_ws/devel/lib:/usr/lib/x86_64-linux-gnu/gazebo-11/plugins:/opt/ros/foxy/opt/yaml_cpp_vendor/lib:/opt/ros/foxy/opt/rviz_ogre_vendor/lib:/opt/ros/foxy/lib/x86_64-linux-gnu:/opt/ros/foxy/lib:/home/grant/ros2_foxy/ros2-linux/opt/yaml_cpp_vendor/lib:/home/grant/ros2_foxy/ros2-linux/opt/rviz_ogre_vendor/lib:/opt/rti.com/rti_connext_dds-5.3.1/lib/x64Linux3gcc5.4.0:/home/grant/ros2_foxy/ros2-linux/lib:/usr/lib/x86_64-linux-gnu/gazebo-11/plugins PYTHONPATH=/home/grant/ros2_ws/install/usv_msgs/lib/python3.8/site-packages:/home/grant/ros2_ws/install/vrx_gazebo/lib/python3.8/site-packages:/home/grant/ros2_ws/install/mavros/lib/python3.8/site-packages:/home/grant/ros2_ws/install/mavros_msgs/lib/python3.8/site-packages:/home/grant/vrx_ws/devel/lib/python3/dist-packages:/opt/ros/foxy/lib/python3.8/site-packages:/home/grant/ros2_foxy/ros2-linux/lib/python3.8/site-packages /usr/bin/cmake --build /home/grant/ros2_ws/build/wamv_gazebo -- -j8 -l8
[0.089s] Invoked command in '/home/grant/ros2_ws/build/wamv_gazebo' returned '0': CMAKE_PREFIX_PATH=/home/grant/ros2_ws/install/usv_gazebo_plugins:/home/grant/ros2_ws/install/wave_gazebo_plugins:/home/grant/ros2_ws/install/wamv_description:/home/grant/ros2_ws/install/usv_msgs:/home/grant/ros2_ws/install/robotx_2022:/home/grant/ros2_ws/install/vrx_gazebo:/home/grant/ros2_ws/install/wave_gazebo:/home/grant/ros2_ws/install/wamv_gazebo:/home/grant/ros2_ws/install/mavros_extras:/home/grant/ros2_ws/install/mavros:/home/grant/ros2_ws/install/mavros_msgs:/home/grant/ros2_ws/install/libmavconn:/home/grant/ros2_ws/install/mavlink:/opt/ros/foxy:/home/grant/vrx_ws/devel:/home/grant/ros2_foxy/ros2-linux CONDA_PROMPT_MODIFIER=(base) LD_LIBRARY_PATH=/home/grant/ros2_ws/install/usv_gazebo_plugins/lib:/home/grant/ros2_ws/install/wave_gazebo_plugins/lib:/home/grant/ros2_ws/install/usv_msgs/lib:/home/grant/ros2_ws/install/vrx_gazebo/lib:/home/grant/ros2_ws/install/mavros_extras/lib:/home/grant/ros2_ws/install/mavros/lib:/home/grant/ros2_ws/install/mavros_msgs/lib:/home/grant/ros2_ws/install/libmavconn/lib:/home/grant/vrx_ws/devel/lib:/usr/lib/x86_64-linux-gnu/gazebo-11/plugins:/opt/ros/foxy/opt/yaml_cpp_vendor/lib:/opt/ros/foxy/opt/rviz_ogre_vendor/lib:/opt/ros/foxy/lib/x86_64-linux-gnu:/opt/ros/foxy/lib:/home/grant/ros2_foxy/ros2-linux/opt/yaml_cpp_vendor/lib:/home/grant/ros2_foxy/ros2-linux/opt/rviz_ogre_vendor/lib:/opt/rti.com/rti_connext_dds-5.3.1/lib/x64Linux3gcc5.4.0:/home/grant/ros2_foxy/ros2-linux/lib:/usr/lib/x86_64-linux-gnu/gazebo-11/plugins PYTHONPATH=/home/grant/ros2_ws/install/usv_msgs/lib/python3.8/site-packages:/home/grant/ros2_ws/install/vrx_gazebo/lib/python3.8/site-packages:/home/grant/ros2_ws/install/mavros/lib/python3.8/site-packages:/home/grant/ros2_ws/install/mavros_msgs/lib/python3.8/site-packages:/home/grant/vrx_ws/devel/lib/python3/dist-packages:/opt/ros/foxy/lib/python3.8/site-packages:/home/grant/ros2_foxy/ros2-linux/lib/python3.8/site-packages /usr/bin/cmake --build /home/grant/ros2_ws/build/wamv_gazebo -- -j8 -l8
[0.120s] Invoking command in '/home/grant/ros2_ws/build/wamv_gazebo': CMAKE_PREFIX_PATH=/home/grant/ros2_ws/install/usv_gazebo_plugins:/home/grant/ros2_ws/install/wave_gazebo_plugins:/home/grant/ros2_ws/install/wamv_description:/home/grant/ros2_ws/install/usv_msgs:/home/grant/ros2_ws/install/robotx_2022:/home/grant/ros2_ws/install/vrx_gazebo:/home/grant/ros2_ws/install/wave_gazebo:/home/grant/ros2_ws/install/wamv_gazebo:/home/grant/ros2_ws/install/mavros_extras:/home/grant/ros2_ws/install/mavros:/home/grant/ros2_ws/install/mavros_msgs:/home/grant/ros2_ws/install/libmavconn:/home/grant/ros2_ws/install/mavlink:/opt/ros/foxy:/home/grant/vrx_ws/devel:/home/grant/ros2_foxy/ros2-linux CONDA_PROMPT_MODIFIER=(base) LD_LIBRARY_PATH=/home/grant/ros2_ws/install/usv_gazebo_plugins/lib:/home/grant/ros2_ws/install/wave_gazebo_plugins/lib:/home/grant/ros2_ws/install/usv_msgs/lib:/home/grant/ros2_ws/install/vrx_gazebo/lib:/home/grant/ros2_ws/install/mavros_extras/lib:/home/grant/ros2_ws/install/mavros/lib:/home/grant/ros2_ws/install/mavros_msgs/lib:/home/grant/ros2_ws/install/libmavconn/lib:/home/grant/vrx_ws/devel/lib:/usr/lib/x86_64-linux-gnu/gazebo-11/plugins:/opt/ros/foxy/opt/yaml_cpp_vendor/lib:/opt/ros/foxy/opt/rviz_ogre_vendor/lib:/opt/ros/foxy/lib/x86_64-linux-gnu:/opt/ros/foxy/lib:/home/grant/ros2_foxy/ros2-linux/opt/yaml_cpp_vendor/lib:/home/grant/ros2_foxy/ros2-linux/opt/rviz_ogre_vendor/lib:/opt/rti.com/rti_connext_dds-5.3.1/lib/x64Linux3gcc5.4.0:/home/grant/ros2_foxy/ros2-linux/lib:/usr/lib/x86_64-linux-gnu/gazebo-11/plugins PYTHONPATH=/home/grant/ros2_ws/install/usv_msgs/lib/python3.8/site-packages:/home/grant/ros2_ws/install/vrx_gazebo/lib/python3.8/site-packages:/home/grant/ros2_ws/install/mavros/lib/python3.8/site-packages:/home/grant/ros2_ws/install/mavros_msgs/lib/python3.8/site-packages:/home/grant/vrx_ws/devel/lib/python3/dist-packages:/opt/ros/foxy/lib/python3.8/site-packages:/home/grant/ros2_foxy/ros2-linux/lib/python3.8/site-packages /usr/bin/cmake --install /home/grant/ros2_ws/build/wamv_gazebo
[0.129s] -- Install configuration: ""
[0.129s] -- Installing: /home/grant/ros2_ws/install/wamv_gazebo/share/wamv_gazebo/models
[0.129s] -- Installing: /home/grant/ros2_ws/install/wamv_gazebo/share/wamv_gazebo/models/gps
[0.129s] -- Installing: /home/grant/ros2_ws/install/wamv_gazebo/share/wamv_gazebo/models/gps/mesh
[0.129s] -- Installing: /home/grant/ros2_ws/install/wamv_gazebo/share/wamv_gazebo/models/gps/mesh/gps.png
[0.138s] -- Installing: /home/grant/ros2_ws/install/wamv_gazebo/share/wamv_gazebo/models/gps/mesh/gps.dae
[0.140s] -- Installing: /home/grant/ros2_ws/install/wamv_gazebo/share/wamv_gazebo/models/gps/model.config
[0.140s] -- Installing: /home/grant/ros2_ws/install/wamv_gazebo/share/wamv_gazebo/urdf
[0.140s] -- Installing: /home/grant/ros2_ws/install/wamv_gazebo/share/wamv_gazebo/urdf/sensors
[0.140s] -- Installing: /home/grant/ros2_ws/install/wamv_gazebo/share/wamv_gazebo/urdf/sensors/wamv_p3d.xacro
[0.140s] -- Installing: /home/grant/ros2_ws/install/wamv_gazebo/share/wamv_gazebo/urdf/sensors/wamv_camera.xacro
[0.141s] -- Installing: /home/grant/ros2_ws/install/wamv_gazebo/share/wamv_gazebo/urdf/sensors/wamv_pinger.xacro
[0.141s] -- Installing: /home/grant/ros2_ws/install/wamv_gazebo/share/wamv_gazebo/urdf/sensors/wamv_gps.xacro
[0.141s] -- Installing: /home/grant/ros2_ws/install/wamv_gazebo/share/wamv_gazebo/urdf/sensors/wamv_imu.xacro
[0.141s] -- Installing: /home/grant/ros2_ws/install/wamv_gazebo/share/wamv_gazebo/urdf/sensors/wamv_planar_lidar.xacro
[0.141s] -- Installing: /home/grant/ros2_ws/install/wamv_gazebo/share/wamv_gazebo/urdf/sensors/wamv_3d_lidar.xacro
[0.141s] -- Installing: /home/grant/ros2_ws/install/wamv_gazebo/share/wamv_gazebo/urdf/sensors/lidar.xacro
[0.141s] -- Installing: /home/grant/ros2_ws/install/wamv_gazebo/share/wamv_gazebo/urdf/dynamics
[0.141s] -- Installing: /home/grant/ros2_ws/install/wamv_gazebo/share/wamv_gazebo/urdf/dynamics/wamv_gazebo_dynamics_plugin.xacro
[0.142s] -- Installing: /home/grant/ros2_ws/install/wamv_gazebo/share/wamv_gazebo/urdf/macros.xacro
[0.142s] -- Installing: /home/grant/ros2_ws/install/wamv_gazebo/share/wamv_gazebo/urdf/wamv_gazebo.xacro
[0.142s] -- Installing: /home/grant/ros2_ws/install/wamv_gazebo/share/wamv_gazebo/urdf/ball_shooter
[0.142s] -- Installing: /home/grant/ros2_ws/install/wamv_gazebo/share/wamv_gazebo/urdf/ball_shooter/ball_shooter.xacro
[0.142s] -- Installing: /home/grant/ros2_ws/install/wamv_gazebo/share/wamv_gazebo/urdf/wamv_gazebo.urdf.xacro
[0.142s] -- Installing: /home/grant/ros2_ws/install/wamv_gazebo/share/wamv_gazebo/urdf/thruster_layouts
[0.142s] -- Installing: /home/grant/ros2_ws/install/wamv_gazebo/share/wamv_gazebo/urdf/thruster_layouts/wamv_x_thrusters.xacro
[0.142s] -- Installing: /home/grant/ros2_ws/install/wamv_gazebo/share/wamv_gazebo/urdf/thruster_layouts/wamv_t_thrusters.xacro
[0.142s] -- Installing: /home/grant/ros2_ws/install/wamv_gazebo/share/wamv_gazebo/urdf/thruster_layouts/wamv_gazebo_thruster_config.xacro
[0.142s] -- Installing: /home/grant/ros2_ws/install/wamv_gazebo/share/wamv_gazebo/urdf/thruster_layouts/wamv_aft_thrusters.xacro
[0.142s] -- Installing: /home/grant/ros2_ws/install/wamv_gazebo/share/wamv_gazebo/config
[0.142s] -- Installing: /home/grant/ros2_ws/install/wamv_gazebo/share/wamv_gazebo/config/rviz_vrx.rviz
[0.143s] -- Installing: /home/grant/ros2_ws/install/wamv_gazebo/share/wamv_gazebo/launch
[0.143s] -- Installing: /home/grant/ros2_ws/install/wamv_gazebo/share/wamv_gazebo/launch/rviz_vrx.launch
[0.143s] -- Installing: /home/grant/ros2_ws/install/wamv_gazebo/share/wamv_gazebo/launch/localization_example.launch
[0.143s] -- Installing: /home/grant/ros2_ws/install/wamv_gazebo/share/wamv_gazebo/launch/rviz_example.launch
[0.144s] -- Installing: /home/grant/ros2_ws/install/wamv_gazebo/share/ament_index/resource_index/package_run_dependencies/wamv_gazebo
[0.145s] -- Installing: /home/grant/ros2_ws/install/wamv_gazebo/share/ament_index/resource_index/parent_prefix_path/wamv_gazebo
[0.145s] -- Installing: /home/grant/ros2_ws/install/wamv_gazebo/share/wamv_gazebo/environment/ament_prefix_path.sh
[0.145s] -- Installing: /home/grant/ros2_ws/install/wamv_gazebo/share/wamv_gazebo/environment/ament_prefix_path.dsv
[0.145s] -- Installing: /home/grant/ros2_ws/install/wamv_gazebo/share/wamv_gazebo/environment/path.sh
[0.145s] -- Installing: /home/grant/ros2_ws/install/wamv_gazebo/share/wamv_gazebo/environment/path.dsv
[0.145s] -- Installing: /home/grant/ros2_ws/install/wamv_gazebo/share/wamv_gazebo/local_setup.bash
[0.145s] -- Installing: /home/grant/ros2_ws/install/wamv_gazebo/share/wamv_gazebo/local_setup.sh
[0.146s] -- Installing: /home/grant/ros2_ws/install/wamv_gazebo/share/wamv_gazebo/local_setup.zsh
[0.146s] -- Installing: /home/grant/ros2_ws/install/wamv_gazebo/share/wamv_gazebo/local_setup.dsv
[0.146s] -- Installing: /home/grant/ros2_ws/install/wamv_gazebo/share/wamv_gazebo/package.dsv
[0.146s] -- Installing: /home/grant/ros2_ws/install/wamv_gazebo/share/ament_index/resource_index/packages/wamv_gazebo
[0.146s] -- Installing: /home/grant/ros2_ws/install/wamv_gazebo/share/wamv_gazebo/cmake/wamv_gazeboConfig.cmake
[0.146s] -- Installing: /home/grant/ros2_ws/install/wamv_gazebo/share/wamv_gazebo/cmake/wamv_gazeboConfig-version.cmake
[0.146s] -- Installing: /home/grant/ros2_ws/install/wamv_gazebo/share/wamv_gazebo/package.xml
[0.149s] Invoked command in '/home/grant/ros2_ws/build/wamv_gazebo' returned '0': CMAKE_PREFIX_PATH=/home/grant/ros2_ws/install/usv_gazebo_plugins:/home/grant/ros2_ws/install/wave_gazebo_plugins:/home/grant/ros2_ws/install/wamv_description:/home/grant/ros2_ws/install/usv_msgs:/home/grant/ros2_ws/install/robotx_2022:/home/grant/ros2_ws/install/vrx_gazebo:/home/grant/ros2_ws/install/wave_gazebo:/home/grant/ros2_ws/install/wamv_gazebo:/home/grant/ros2_ws/install/mavros_extras:/home/grant/ros2_ws/install/mavros:/home/grant/ros2_ws/install/mavros_msgs:/home/grant/ros2_ws/install/libmavconn:/home/grant/ros2_ws/install/mavlink:/opt/ros/foxy:/home/grant/vrx_ws/devel:/home/grant/ros2_foxy/ros2-linux CONDA_PROMPT_MODIFIER=(base) LD_LIBRARY_PATH=/home/grant/ros2_ws/install/usv_gazebo_plugins/lib:/home/grant/ros2_ws/install/wave_gazebo_plugins/lib:/home/grant/ros2_ws/install/usv_msgs/lib:/home/grant/ros2_ws/install/vrx_gazebo/lib:/home/grant/ros2_ws/install/mavros_extras/lib:/home/grant/ros2_ws/install/mavros/lib:/home/grant/ros2_ws/install/mavros_msgs/lib:/home/grant/ros2_ws/install/libmavconn/lib:/home/grant/vrx_ws/devel/lib:/usr/lib/x86_64-linux-gnu/gazebo-11/plugins:/opt/ros/foxy/opt/yaml_cpp_vendor/lib:/opt/ros/foxy/opt/rviz_ogre_vendor/lib:/opt/ros/foxy/lib/x86_64-linux-gnu:/opt/ros/foxy/lib:/home/grant/ros2_foxy/ros2-linux/opt/yaml_cpp_vendor/lib:/home/grant/ros2_foxy/ros2-linux/opt/rviz_ogre_vendor/lib:/opt/rti.com/rti_connext_dds-5.3.1/lib/x64Linux3gcc5.4.0:/home/grant/ros2_foxy/ros2-linux/lib:/usr/lib/x86_64-linux-gnu/gazebo-11/plugins PYTHONPATH=/home/grant/ros2_ws/install/usv_msgs/lib/python3.8/site-packages:/home/grant/ros2_ws/install/vrx_gazebo/lib/python3.8/site-packages:/home/grant/ros2_ws/install/mavros/lib/python3.8/site-packages:/home/grant/ros2_ws/install/mavros_msgs/lib/python3.8/site-packages:/home/grant/vrx_ws/devel/lib/python3/dist-packages:/opt/ros/foxy/lib/python3.8/site-packages:/home/grant/ros2_foxy/ros2-linux/lib/python3.8/site-packages /usr/bin/cmake --install /home/grant/ros2_ws/build/wamv_gazebo
