[2.075s] DEBUG:colcon:Command line arguments: ['/usr/bin/colcon', 'build', '--continue-on-error']
[2.075s] DEBUG:colcon:Parsed command line arguments: Namespace(allow_overriding=[], ament_cmake_args=None, base_paths=['.'], build_base='build', catkin_cmake_args=None, catkin_skip_building_tests=False, cmake_args=None, cmake_clean_cache=False, cmake_clean_first=False, cmake_force_configure=False, cmake_target=None, cmake_target_skip_unavailable=False, continue_on_error=True, event_handlers=None, executor='parallel', ignore_user_meta=False, install_base='install', log_base=None, log_level=None, main=<bound method BuildVerb.main of <colcon_core.verb.build.BuildVerb object at 0x7f8daacd6040>>, merge_install=False, metas=['./colcon.meta'], packages_above=None, packages_above_and_dependencies=None, packages_above_depth=None, packages_end=None, packages_ignore=None, packages_ignore_regex=None, packages_select=None, packages_select_build_failed=False, packages_select_by_dep=None, packages_select_regex=None, packages_select_test_failures=False, packages_skip=None, packages_skip_build_finished=False, packages_skip_by_dep=None, packages_skip_regex=None, packages_skip_test_passed=False, packages_skip_up_to=None, packages_start=None, packages_up_to=None, packages_up_to_regex=None, parallel_workers=8, paths=None, symlink_install=False, test_result_base=None, verb_extension=<colcon_core.verb.build.BuildVerb object at 0x7f8daacd6040>, verb_name='build', verb_parser=<colcon_defaults.argument_parser.defaults.DefaultArgumentsDecorator object at 0x7f8daac5c4f0>)
[2.163s] Level 1:colcon.colcon_core.package_discovery:discover_packages(colcon_meta) check parameters
[2.163s] Level 1:colcon.colcon_core.package_discovery:discover_packages(recursive) check parameters
[2.163s] Level 1:colcon.colcon_core.package_discovery:discover_packages(ignore) check parameters
[2.163s] Level 1:colcon.colcon_core.package_discovery:discover_packages(path) check parameters
[2.163s] Level 1:colcon.colcon_core.package_discovery:discover_packages(colcon_meta) discover
[2.163s] Level 1:colcon.colcon_core.package_discovery:discover_packages(recursive) discover
[2.163s] INFO:colcon.colcon_core.package_discovery:Crawling recursively for packages in '/home/grant/ros2_ws_2'
[2.163s] Level 1:colcon.colcon_core.package_identification:_identify(.) by extensions ['ignore', 'ignore_ament_install']
[2.163s] Level 1:colcon.colcon_core.package_identification:_identify(.) by extension 'ignore'
[2.163s] Level 1:colcon.colcon_core.package_identification:_identify(.) by extension 'ignore_ament_install'
[2.163s] Level 1:colcon.colcon_core.package_identification:_identify(.) by extensions ['colcon_pkg']
[2.163s] Level 1:colcon.colcon_core.package_identification:_identify(.) by extension 'colcon_pkg'
[2.163s] Level 1:colcon.colcon_core.package_identification:_identify(.) by extensions ['colcon_meta']
[2.163s] Level 1:colcon.colcon_core.package_identification:_identify(.) by extension 'colcon_meta'
[2.163s] Level 1:colcon.colcon_core.package_identification:_identify(.) by extensions ['ros']
[2.163s] Level 1:colcon.colcon_core.package_identification:_identify(.) by extension 'ros'
[2.173s] Level 1:colcon.colcon_core.package_identification:_identify(.) by extensions ['cmake', 'python']
[2.173s] Level 1:colcon.colcon_core.package_identification:_identify(.) by extension 'cmake'
[2.173s] Level 1:colcon.colcon_core.package_identification:_identify(.) by extension 'python'
[2.173s] Level 1:colcon.colcon_core.package_identification:_identify(.) by extensions ['python_setup_py']
[2.173s] Level 1:colcon.colcon_core.package_identification:_identify(.) by extension 'python_setup_py'
[2.173s] Level 1:colcon.colcon_core.package_identification:_identify(build) by extensions ['ignore', 'ignore_ament_install']
[2.173s] Level 1:colcon.colcon_core.package_identification:_identify(build) by extension 'ignore'
[2.173s] Level 1:colcon.colcon_core.package_identification:_identify(build) ignored
[2.173s] Level 1:colcon.colcon_core.package_identification:_identify(install) by extensions ['ignore', 'ignore_ament_install']
[2.173s] Level 1:colcon.colcon_core.package_identification:_identify(install) by extension 'ignore'
[2.173s] Level 1:colcon.colcon_core.package_identification:_identify(install) ignored
[2.174s] Level 1:colcon.colcon_core.package_identification:_identify(log) by extensions ['ignore', 'ignore_ament_install']
[2.174s] Level 1:colcon.colcon_core.package_identification:_identify(log) by extension 'ignore'
[2.174s] Level 1:colcon.colcon_core.package_identification:_identify(log) ignored
[2.174s] Level 1:colcon.colcon_core.package_identification:_identify(src) by extensions ['ignore', 'ignore_ament_install']
[2.174s] Level 1:colcon.colcon_core.package_identification:_identify(src) by extension 'ignore'
[2.174s] Level 1:colcon.colcon_core.package_identification:_identify(src) by extension 'ignore_ament_install'
[2.174s] Level 1:colcon.colcon_core.package_identification:_identify(src) by extensions ['colcon_pkg']
[2.174s] Level 1:colcon.colcon_core.package_identification:_identify(src) by extension 'colcon_pkg'
[2.174s] Level 1:colcon.colcon_core.package_identification:_identify(src) by extensions ['colcon_meta']
[2.174s] Level 1:colcon.colcon_core.package_identification:_identify(src) by extension 'colcon_meta'
[2.174s] Level 1:colcon.colcon_core.package_identification:_identify(src) by extensions ['ros']
[2.174s] Level 1:colcon.colcon_core.package_identification:_identify(src) by extension 'ros'
[2.175s] Level 1:colcon.colcon_core.package_identification:_identify(src) by extensions ['cmake', 'python']
[2.175s] Level 1:colcon.colcon_core.package_identification:_identify(src) by extension 'cmake'
[2.175s] Level 1:colcon.colcon_core.package_identification:_identify(src) by extension 'python'
[2.175s] Level 1:colcon.colcon_core.package_identification:_identify(src) by extensions ['python_setup_py']
[2.175s] Level 1:colcon.colcon_core.package_identification:_identify(src) by extension 'python_setup_py'
[2.175s] Level 1:colcon.colcon_core.package_identification:_identify(src/VRX_Foxy) by extensions ['ignore', 'ignore_ament_install']
[2.175s] Level 1:colcon.colcon_core.package_identification:_identify(src/VRX_Foxy) by extension 'ignore'
[2.175s] Level 1:colcon.colcon_core.package_identification:_identify(src/VRX_Foxy) by extension 'ignore_ament_install'
[2.175s] Level 1:colcon.colcon_core.package_identification:_identify(src/VRX_Foxy) by extensions ['colcon_pkg']
[2.175s] Level 1:colcon.colcon_core.package_identification:_identify(src/VRX_Foxy) by extension 'colcon_pkg'
[2.175s] Level 1:colcon.colcon_core.package_identification:_identify(src/VRX_Foxy) by extensions ['colcon_meta']
[2.175s] Level 1:colcon.colcon_core.package_identification:_identify(src/VRX_Foxy) by extension 'colcon_meta'
[2.175s] Level 1:colcon.colcon_core.package_identification:_identify(src/VRX_Foxy) by extensions ['ros']
[2.175s] Level 1:colcon.colcon_core.package_identification:_identify(src/VRX_Foxy) by extension 'ros'
[2.175s] Level 1:colcon.colcon_core.package_identification:_identify(src/VRX_Foxy) by extensions ['cmake', 'python']
[2.175s] Level 1:colcon.colcon_core.package_identification:_identify(src/VRX_Foxy) by extension 'cmake'
[2.175s] Level 1:colcon.colcon_core.package_identification:_identify(src/VRX_Foxy) by extension 'python'
[2.175s] Level 1:colcon.colcon_core.package_identification:_identify(src/VRX_Foxy) by extensions ['python_setup_py']
[2.175s] Level 1:colcon.colcon_core.package_identification:_identify(src/VRX_Foxy) by extension 'python_setup_py'
[2.175s] Level 1:colcon.colcon_core.package_identification:_identify(src/VRX_Foxy/images) by extensions ['ignore', 'ignore_ament_install']
[2.175s] Level 1:colcon.colcon_core.package_identification:_identify(src/VRX_Foxy/images) by extension 'ignore'
[2.176s] Level 1:colcon.colcon_core.package_identification:_identify(src/VRX_Foxy/images) by extension 'ignore_ament_install'
[2.176s] Level 1:colcon.colcon_core.package_identification:_identify(src/VRX_Foxy/images) by extensions ['colcon_pkg']
[2.176s] Level 1:colcon.colcon_core.package_identification:_identify(src/VRX_Foxy/images) by extension 'colcon_pkg'
[2.176s] Level 1:colcon.colcon_core.package_identification:_identify(src/VRX_Foxy/images) by extensions ['colcon_meta']
[2.176s] Level 1:colcon.colcon_core.package_identification:_identify(src/VRX_Foxy/images) by extension 'colcon_meta'
[2.176s] Level 1:colcon.colcon_core.package_identification:_identify(src/VRX_Foxy/images) by extensions ['ros']
[2.176s] Level 1:colcon.colcon_core.package_identification:_identify(src/VRX_Foxy/images) by extension 'ros'
[2.176s] Level 1:colcon.colcon_core.package_identification:_identify(src/VRX_Foxy/images) by extensions ['cmake', 'python']
[2.176s] Level 1:colcon.colcon_core.package_identification:_identify(src/VRX_Foxy/images) by extension 'cmake'
[2.176s] Level 1:colcon.colcon_core.package_identification:_identify(src/VRX_Foxy/images) by extension 'python'
[2.176s] Level 1:colcon.colcon_core.package_identification:_identify(src/VRX_Foxy/images) by extensions ['python_setup_py']
[2.176s] Level 1:colcon.colcon_core.package_identification:_identify(src/VRX_Foxy/images) by extension 'python_setup_py'
[2.176s] Level 1:colcon.colcon_core.package_identification:_identify(src/VRX_Foxy/robotX_2022) by extensions ['ignore', 'ignore_ament_install']
[2.176s] Level 1:colcon.colcon_core.package_identification:_identify(src/VRX_Foxy/robotX_2022) by extension 'ignore'
[2.176s] Level 1:colcon.colcon_core.package_identification:_identify(src/VRX_Foxy/robotX_2022) by extension 'ignore_ament_install'
[2.176s] Level 1:colcon.colcon_core.package_identification:_identify(src/VRX_Foxy/robotX_2022) by extensions ['colcon_pkg']
[2.176s] Level 1:colcon.colcon_core.package_identification:_identify(src/VRX_Foxy/robotX_2022) by extension 'colcon_pkg'
[2.176s] Level 1:colcon.colcon_core.package_identification:_identify(src/VRX_Foxy/robotX_2022) by extensions ['colcon_meta']
[2.176s] Level 1:colcon.colcon_core.package_identification:_identify(src/VRX_Foxy/robotX_2022) by extension 'colcon_meta'
[2.176s] Level 1:colcon.colcon_core.package_identification:_identify(src/VRX_Foxy/robotX_2022) by extensions ['ros']
[2.176s] Level 1:colcon.colcon_core.package_identification:_identify(src/VRX_Foxy/robotX_2022) by extension 'ros'
[2.179s] DEBUG:colcon.colcon_core.package_identification:Package 'src/VRX_Foxy/robotX_2022' with type 'ros.ament_cmake' and name 'robotx_2022'
[2.179s] Level 1:colcon.colcon_core.package_identification:_identify(src/VRX_Foxy/ros2_robotx_old) by extensions ['ignore', 'ignore_ament_install']
[2.179s] Level 1:colcon.colcon_core.package_identification:_identify(src/VRX_Foxy/ros2_robotx_old) by extension 'ignore'
[2.179s] Level 1:colcon.colcon_core.package_identification:_identify(src/VRX_Foxy/ros2_robotx_old) by extension 'ignore_ament_install'
[2.179s] Level 1:colcon.colcon_core.package_identification:_identify(src/VRX_Foxy/ros2_robotx_old) by extensions ['colcon_pkg']
[2.180s] Level 1:colcon.colcon_core.package_identification:_identify(src/VRX_Foxy/ros2_robotx_old) by extension 'colcon_pkg'
[2.180s] Level 1:colcon.colcon_core.package_identification:_identify(src/VRX_Foxy/ros2_robotx_old) by extensions ['colcon_meta']
[2.180s] Level 1:colcon.colcon_core.package_identification:_identify(src/VRX_Foxy/ros2_robotx_old) by extension 'colcon_meta'
[2.180s] Level 1:colcon.colcon_core.package_identification:_identify(src/VRX_Foxy/ros2_robotx_old) by extensions ['ros']
[2.180s] Level 1:colcon.colcon_core.package_identification:_identify(src/VRX_Foxy/ros2_robotx_old) by extension 'ros'
[2.180s] Level 1:colcon.colcon_core.package_identification:_identify(src/VRX_Foxy/ros2_robotx_old) by extensions ['cmake', 'python']
[2.180s] Level 1:colcon.colcon_core.package_identification:_identify(src/VRX_Foxy/ros2_robotx_old) by extension 'cmake'
[2.180s] Level 1:colcon.colcon_core.package_identification:_identify(src/VRX_Foxy/ros2_robotx_old) by extension 'python'
[2.180s] Level 1:colcon.colcon_core.package_identification:_identify(src/VRX_Foxy/ros2_robotx_old) by extensions ['python_setup_py']
[2.180s] Level 1:colcon.colcon_core.package_identification:_identify(src/VRX_Foxy/ros2_robotx_old) by extension 'python_setup_py'
[2.180s] Level 1:colcon.colcon_core.package_identification:_identify(src/VRX_Foxy/ros2_robotx_old/launch) by extensions ['ignore', 'ignore_ament_install']
[2.180s] Level 1:colcon.colcon_core.package_identification:_identify(src/VRX_Foxy/ros2_robotx_old/launch) by extension 'ignore'
[2.180s] Level 1:colcon.colcon_core.package_identification:_identify(src/VRX_Foxy/ros2_robotx_old/launch) by extension 'ignore_ament_install'
[2.180s] Level 1:colcon.colcon_core.package_identification:_identify(src/VRX_Foxy/ros2_robotx_old/launch) by extensions ['colcon_pkg']
[2.180s] Level 1:colcon.colcon_core.package_identification:_identify(src/VRX_Foxy/ros2_robotx_old/launch) by extension 'colcon_pkg'
[2.180s] Level 1:colcon.colcon_core.package_identification:_identify(src/VRX_Foxy/ros2_robotx_old/launch) by extensions ['colcon_meta']
[2.180s] Level 1:colcon.colcon_core.package_identification:_identify(src/VRX_Foxy/ros2_robotx_old/launch) by extension 'colcon_meta'
[2.180s] Level 1:colcon.colcon_core.package_identification:_identify(src/VRX_Foxy/ros2_robotx_old/launch) by extensions ['ros']
[2.180s] Level 1:colcon.colcon_core.package_identification:_identify(src/VRX_Foxy/ros2_robotx_old/launch) by extension 'ros'
[2.180s] Level 1:colcon.colcon_core.package_identification:_identify(src/VRX_Foxy/ros2_robotx_old/launch) by extensions ['cmake', 'python']
[2.180s] Level 1:colcon.colcon_core.package_identification:_identify(src/VRX_Foxy/ros2_robotx_old/launch) by extension 'cmake'
[2.180s] Level 1:colcon.colcon_core.package_identification:_identify(src/VRX_Foxy/ros2_robotx_old/launch) by extension 'python'
[2.180s] Level 1:colcon.colcon_core.package_identification:_identify(src/VRX_Foxy/ros2_robotx_old/launch) by extensions ['python_setup_py']
[2.180s] Level 1:colcon.colcon_core.package_identification:_identify(src/VRX_Foxy/ros2_robotx_old/launch) by extension 'python_setup_py'
[2.181s] Level 1:colcon.colcon_core.package_identification:_identify(src/VRX_Foxy/ros2_robotx_old/ros2_robotx) by extensions ['ignore', 'ignore_ament_install']
[2.181s] Level 1:colcon.colcon_core.package_identification:_identify(src/VRX_Foxy/ros2_robotx_old/ros2_robotx) by extension 'ignore'
[2.181s] Level 1:colcon.colcon_core.package_identification:_identify(src/VRX_Foxy/ros2_robotx_old/ros2_robotx) by extension 'ignore_ament_install'
[2.181s] Level 1:colcon.colcon_core.package_identification:_identify(src/VRX_Foxy/ros2_robotx_old/ros2_robotx) by extensions ['colcon_pkg']
[2.181s] Level 1:colcon.colcon_core.package_identification:_identify(src/VRX_Foxy/ros2_robotx_old/ros2_robotx) by extension 'colcon_pkg'
[2.181s] Level 1:colcon.colcon_core.package_identification:_identify(src/VRX_Foxy/ros2_robotx_old/ros2_robotx) by extensions ['colcon_meta']
[2.181s] Level 1:colcon.colcon_core.package_identification:_identify(src/VRX_Foxy/ros2_robotx_old/ros2_robotx) by extension 'colcon_meta'
[2.181s] Level 1:colcon.colcon_core.package_identification:_identify(src/VRX_Foxy/ros2_robotx_old/ros2_robotx) by extensions ['ros']
[2.181s] Level 1:colcon.colcon_core.package_identification:_identify(src/VRX_Foxy/ros2_robotx_old/ros2_robotx) by extension 'ros'
[2.181s] Level 1:colcon.colcon_core.package_identification:_identify(src/VRX_Foxy/ros2_robotx_old/ros2_robotx) by extensions ['cmake', 'python']
[2.181s] Level 1:colcon.colcon_core.package_identification:_identify(src/VRX_Foxy/ros2_robotx_old/ros2_robotx) by extension 'cmake'
[2.181s] Level 1:colcon.colcon_core.package_identification:_identify(src/VRX_Foxy/ros2_robotx_old/ros2_robotx) by extension 'python'
[2.181s] Level 1:colcon.colcon_core.package_identification:_identify(src/VRX_Foxy/ros2_robotx_old/ros2_robotx) by extensions ['python_setup_py']
[2.181s] Level 1:colcon.colcon_core.package_identification:_identify(src/VRX_Foxy/ros2_robotx_old/ros2_robotx) by extension 'python_setup_py'
[2.181s] Level 1:colcon.colcon_core.package_identification:_identify(src/VRX_Foxy/tools) by extensions ['ignore', 'ignore_ament_install']
[2.181s] Level 1:colcon.colcon_core.package_identification:_identify(src/VRX_Foxy/tools) by extension 'ignore'
[2.181s] Level 1:colcon.colcon_core.package_identification:_identify(src/VRX_Foxy/tools) by extension 'ignore_ament_install'
[2.181s] Level 1:colcon.colcon_core.package_identification:_identify(src/VRX_Foxy/tools) by extensions ['colcon_pkg']
[2.181s] Level 1:colcon.colcon_core.package_identification:_identify(src/VRX_Foxy/tools) by extension 'colcon_pkg'
[2.181s] Level 1:colcon.colcon_core.package_identification:_identify(src/VRX_Foxy/tools) by extensions ['colcon_meta']
[2.182s] Level 1:colcon.colcon_core.package_identification:_identify(src/VRX_Foxy/tools) by extension 'colcon_meta'
[2.182s] Level 1:colcon.colcon_core.package_identification:_identify(src/VRX_Foxy/tools) by extensions ['ros']
[2.182s] Level 1:colcon.colcon_core.package_identification:_identify(src/VRX_Foxy/tools) by extension 'ros'
[2.182s] Level 1:colcon.colcon_core.package_identification:_identify(src/VRX_Foxy/tools) by extensions ['cmake', 'python']
[2.182s] Level 1:colcon.colcon_core.package_identification:_identify(src/VRX_Foxy/tools) by extension 'cmake'
[2.182s] Level 1:colcon.colcon_core.package_identification:_identify(src/VRX_Foxy/tools) by extension 'python'
[2.182s] Level 1:colcon.colcon_core.package_identification:_identify(src/VRX_Foxy/tools) by extensions ['python_setup_py']
[2.182s] Level 1:colcon.colcon_core.package_identification:_identify(src/VRX_Foxy/tools) by extension 'python_setup_py'
[2.182s] Level 1:colcon.colcon_core.package_identification:_identify(src/VRX_Foxy/usv_gazebo_plugins) by extensions ['ignore', 'ignore_ament_install']
[2.182s] Level 1:colcon.colcon_core.package_identification:_identify(src/VRX_Foxy/usv_gazebo_plugins) by extension 'ignore'
[2.182s] Level 1:colcon.colcon_core.package_identification:_identify(src/VRX_Foxy/usv_gazebo_plugins) by extension 'ignore_ament_install'
[2.182s] Level 1:colcon.colcon_core.package_identification:_identify(src/VRX_Foxy/usv_gazebo_plugins) by extensions ['colcon_pkg']
[2.182s] Level 1:colcon.colcon_core.package_identification:_identify(src/VRX_Foxy/usv_gazebo_plugins) by extension 'colcon_pkg'
[2.182s] Level 1:colcon.colcon_core.package_identification:_identify(src/VRX_Foxy/usv_gazebo_plugins) by extensions ['colcon_meta']
[2.182s] Level 1:colcon.colcon_core.package_identification:_identify(src/VRX_Foxy/usv_gazebo_plugins) by extension 'colcon_meta'
[2.182s] Level 1:colcon.colcon_core.package_identification:_identify(src/VRX_Foxy/usv_gazebo_plugins) by extensions ['ros']
[2.182s] Level 1:colcon.colcon_core.package_identification:_identify(src/VRX_Foxy/usv_gazebo_plugins) by extension 'ros'
[2.183s] DEBUG:colcon.colcon_core.package_identification:Package 'src/VRX_Foxy/usv_gazebo_plugins' with type 'ros.ament_cmake' and name 'usv_gazebo_plugins'
[2.183s] Level 1:colcon.colcon_core.package_identification:_identify(src/VRX_Foxy/usv_msgs) by extensions ['ignore', 'ignore_ament_install']
[2.183s] Level 1:colcon.colcon_core.package_identification:_identify(src/VRX_Foxy/usv_msgs) by extension 'ignore'
[2.183s] Level 1:colcon.colcon_core.package_identification:_identify(src/VRX_Foxy/usv_msgs) by extension 'ignore_ament_install'
[2.183s] Level 1:colcon.colcon_core.package_identification:_identify(src/VRX_Foxy/usv_msgs) by extensions ['colcon_pkg']
[2.183s] Level 1:colcon.colcon_core.package_identification:_identify(src/VRX_Foxy/usv_msgs) by extension 'colcon_pkg'
[2.183s] Level 1:colcon.colcon_core.package_identification:_identify(src/VRX_Foxy/usv_msgs) by extensions ['colcon_meta']
[2.183s] Level 1:colcon.colcon_core.package_identification:_identify(src/VRX_Foxy/usv_msgs) by extension 'colcon_meta'
[2.183s] Level 1:colcon.colcon_core.package_identification:_identify(src/VRX_Foxy/usv_msgs) by extensions ['ros']
[2.184s] Level 1:colcon.colcon_core.package_identification:_identify(src/VRX_Foxy/usv_msgs) by extension 'ros'
[2.184s] DEBUG:colcon.colcon_core.package_identification:Package 'src/VRX_Foxy/usv_msgs' with type 'ros.ament_cmake' and name 'usv_msgs'
[2.184s] Level 1:colcon.colcon_core.package_identification:_identify(src/VRX_Foxy/vrx_gazebo) by extensions ['ignore', 'ignore_ament_install']
[2.184s] Level 1:colcon.colcon_core.package_identification:_identify(src/VRX_Foxy/vrx_gazebo) by extension 'ignore'
[2.184s] Level 1:colcon.colcon_core.package_identification:_identify(src/VRX_Foxy/vrx_gazebo) by extension 'ignore_ament_install'
[2.184s] Level 1:colcon.colcon_core.package_identification:_identify(src/VRX_Foxy/vrx_gazebo) by extensions ['colcon_pkg']
[2.184s] Level 1:colcon.colcon_core.package_identification:_identify(src/VRX_Foxy/vrx_gazebo) by extension 'colcon_pkg'
[2.184s] Level 1:colcon.colcon_core.package_identification:_identify(src/VRX_Foxy/vrx_gazebo) by extensions ['colcon_meta']
[2.184s] Level 1:colcon.colcon_core.package_identification:_identify(src/VRX_Foxy/vrx_gazebo) by extension 'colcon_meta'
[2.184s] Level 1:colcon.colcon_core.package_identification:_identify(src/VRX_Foxy/vrx_gazebo) by extensions ['ros']
[2.184s] Level 1:colcon.colcon_core.package_identification:_identify(src/VRX_Foxy/vrx_gazebo) by extension 'ros'
[2.185s] DEBUG:colcon.colcon_core.package_identification:Package 'src/VRX_Foxy/vrx_gazebo' with type 'ros.ament_cmake' and name 'vrx_gazebo'
[2.186s] Level 1:colcon.colcon_core.package_identification:_identify(src/VRX_Foxy/wamv_description) by extensions ['ignore', 'ignore_ament_install']
[2.186s] Level 1:colcon.colcon_core.package_identification:_identify(src/VRX_Foxy/wamv_description) by extension 'ignore'
[2.186s] Level 1:colcon.colcon_core.package_identification:_identify(src/VRX_Foxy/wamv_description) by extension 'ignore_ament_install'
[2.186s] Level 1:colcon.colcon_core.package_identification:_identify(src/VRX_Foxy/wamv_description) by extensions ['colcon_pkg']
[2.186s] Level 1:colcon.colcon_core.package_identification:_identify(src/VRX_Foxy/wamv_description) by extension 'colcon_pkg'
[2.186s] Level 1:colcon.colcon_core.package_identification:_identify(src/VRX_Foxy/wamv_description) by extensions ['colcon_meta']
[2.186s] Level 1:colcon.colcon_core.package_identification:_identify(src/VRX_Foxy/wamv_description) by extension 'colcon_meta'
[2.186s] Level 1:colcon.colcon_core.package_identification:_identify(src/VRX_Foxy/wamv_description) by extensions ['ros']
[2.186s] Level 1:colcon.colcon_core.package_identification:_identify(src/VRX_Foxy/wamv_description) by extension 'ros'
[2.186s] DEBUG:colcon.colcon_core.package_identification:Package 'src/VRX_Foxy/wamv_description' with type 'ros.ament_cmake' and name 'wamv_description'
[2.186s] Level 1:colcon.colcon_core.package_identification:_identify(src/VRX_Foxy/wamv_gazebo) by extensions ['ignore', 'ignore_ament_install']
[2.187s] Level 1:colcon.colcon_core.package_identification:_identify(src/VRX_Foxy/wamv_gazebo) by extension 'ignore'
[2.187s] Level 1:colcon.colcon_core.package_identification:_identify(src/VRX_Foxy/wamv_gazebo) by extension 'ignore_ament_install'
[2.187s] Level 1:colcon.colcon_core.package_identification:_identify(src/VRX_Foxy/wamv_gazebo) by extensions ['colcon_pkg']
[2.187s] Level 1:colcon.colcon_core.package_identification:_identify(src/VRX_Foxy/wamv_gazebo) by extension 'colcon_pkg'
[2.187s] Level 1:colcon.colcon_core.package_identification:_identify(src/VRX_Foxy/wamv_gazebo) by extensions ['colcon_meta']
[2.187s] Level 1:colcon.colcon_core.package_identification:_identify(src/VRX_Foxy/wamv_gazebo) by extension 'colcon_meta'
[2.187s] Level 1:colcon.colcon_core.package_identification:_identify(src/VRX_Foxy/wamv_gazebo) by extensions ['ros']
[2.187s] Level 1:colcon.colcon_core.package_identification:_identify(src/VRX_Foxy/wamv_gazebo) by extension 'ros'
[2.188s] DEBUG:colcon.colcon_core.package_identification:Package 'src/VRX_Foxy/wamv_gazebo' with type 'ros.ament_cmake' and name 'wamv_gazebo'
[2.188s] Level 1:colcon.colcon_core.package_identification:_identify(src/VRX_Foxy/wave_gazebo) by extensions ['ignore', 'ignore_ament_install']
[2.188s] Level 1:colcon.colcon_core.package_identification:_identify(src/VRX_Foxy/wave_gazebo) by extension 'ignore'
[2.188s] Level 1:colcon.colcon_core.package_identification:_identify(src/VRX_Foxy/wave_gazebo) by extension 'ignore_ament_install'
[2.188s] Level 1:colcon.colcon_core.package_identification:_identify(src/VRX_Foxy/wave_gazebo) by extensions ['colcon_pkg']
[2.188s] Level 1:colcon.colcon_core.package_identification:_identify(src/VRX_Foxy/wave_gazebo) by extension 'colcon_pkg'
[2.188s] Level 1:colcon.colcon_core.package_identification:_identify(src/VRX_Foxy/wave_gazebo) by extensions ['colcon_meta']
[2.188s] Level 1:colcon.colcon_core.package_identification:_identify(src/VRX_Foxy/wave_gazebo) by extension 'colcon_meta'
[2.188s] Level 1:colcon.colcon_core.package_identification:_identify(src/VRX_Foxy/wave_gazebo) by extensions ['ros']
[2.188s] Level 1:colcon.colcon_core.package_identification:_identify(src/VRX_Foxy/wave_gazebo) by extension 'ros'
[2.188s] DEBUG:colcon.colcon_core.package_identification:Package 'src/VRX_Foxy/wave_gazebo' with type 'ros.ament_cmake' and name 'wave_gazebo'
[2.189s] Level 1:colcon.colcon_core.package_identification:_identify(src/VRX_Foxy/wave_gazebo_plugins) by extensions ['ignore', 'ignore_ament_install']
[2.189s] Level 1:colcon.colcon_core.package_identification:_identify(src/VRX_Foxy/wave_gazebo_plugins) by extension 'ignore'
[2.189s] Level 1:colcon.colcon_core.package_identification:_identify(src/VRX_Foxy/wave_gazebo_plugins) by extension 'ignore_ament_install'
[2.189s] Level 1:colcon.colcon_core.package_identification:_identify(src/VRX_Foxy/wave_gazebo_plugins) by extensions ['colcon_pkg']
[2.189s] Level 1:colcon.colcon_core.package_identification:_identify(src/VRX_Foxy/wave_gazebo_plugins) by extension 'colcon_pkg'
[2.189s] Level 1:colcon.colcon_core.package_identification:_identify(src/VRX_Foxy/wave_gazebo_plugins) by extensions ['colcon_meta']
[2.189s] Level 1:colcon.colcon_core.package_identification:_identify(src/VRX_Foxy/wave_gazebo_plugins) by extension 'colcon_meta'
[2.189s] Level 1:colcon.colcon_core.package_identification:_identify(src/VRX_Foxy/wave_gazebo_plugins) by extensions ['ros']
[2.189s] Level 1:colcon.colcon_core.package_identification:_identify(src/VRX_Foxy/wave_gazebo_plugins) by extension 'ros'
[2.189s] DEBUG:colcon.colcon_core.package_identification:Package 'src/VRX_Foxy/wave_gazebo_plugins' with type 'ros.ament_cmake' and name 'wave_gazebo_plugins'
[2.189s] Level 1:colcon.colcon_core.package_identification:_identify(src/mavlink) by extensions ['ignore', 'ignore_ament_install']
[2.189s] Level 1:colcon.colcon_core.package_identification:_identify(src/mavlink) by extension 'ignore'
[2.189s] Level 1:colcon.colcon_core.package_identification:_identify(src/mavlink) by extension 'ignore_ament_install'
[2.189s] Level 1:colcon.colcon_core.package_identification:_identify(src/mavlink) by extensions ['colcon_pkg']
[2.189s] Level 1:colcon.colcon_core.package_identification:_identify(src/mavlink) by extension 'colcon_pkg'
[2.190s] Level 1:colcon.colcon_core.package_identification:_identify(src/mavlink) by extensions ['colcon_meta']
[2.190s] Level 1:colcon.colcon_core.package_identification:_identify(src/mavlink) by extension 'colcon_meta'
[2.190s] Level 1:colcon.colcon_core.package_identification:_identify(src/mavlink) by extensions ['ros']
[2.190s] Level 1:colcon.colcon_core.package_identification:_identify(src/mavlink) by extension 'ros'
[2.190s] Level 1:colcon.colcon_core.package_identification:_identify(src/mavlink) by extensions ['cmake', 'python']
[2.190s] Level 1:colcon.colcon_core.package_identification:_identify(src/mavlink) by extension 'cmake'
[2.190s] Level 1:colcon.colcon_core.package_identification:_identify(src/mavlink) by extension 'python'
[2.190s] Level 1:colcon.colcon_core.package_identification:_identify(src/mavlink) by extensions ['python_setup_py']
[2.190s] Level 1:colcon.colcon_core.package_identification:_identify(src/mavlink) by extension 'python_setup_py'
[2.190s] Level 1:colcon.colcon_core.package_identification:_identify(src/mavros) by extensions ['ignore', 'ignore_ament_install']
[2.190s] Level 1:colcon.colcon_core.package_identification:_identify(src/mavros) by extension 'ignore'
[2.190s] Level 1:colcon.colcon_core.package_identification:_identify(src/mavros) by extension 'ignore_ament_install'
[2.190s] Level 1:colcon.colcon_core.package_identification:_identify(src/mavros) by extensions ['colcon_pkg']
[2.190s] Level 1:colcon.colcon_core.package_identification:_identify(src/mavros) by extension 'colcon_pkg'
[2.190s] Level 1:colcon.colcon_core.package_identification:_identify(src/mavros) by extensions ['colcon_meta']
[2.190s] Level 1:colcon.colcon_core.package_identification:_identify(src/mavros) by extension 'colcon_meta'
[2.190s] Level 1:colcon.colcon_core.package_identification:_identify(src/mavros) by extensions ['ros']
[2.190s] Level 1:colcon.colcon_core.package_identification:_identify(src/mavros) by extension 'ros'
[2.190s] Level 1:colcon.colcon_core.package_identification:_identify(src/mavros) by extensions ['cmake', 'python']
[2.190s] Level 1:colcon.colcon_core.package_identification:_identify(src/mavros) by extension 'cmake'
[2.190s] Level 1:colcon.colcon_core.package_identification:_identify(src/mavros) by extension 'python'
[2.191s] Level 1:colcon.colcon_core.package_identification:_identify(src/mavros) by extensions ['python_setup_py']
[2.191s] Level 1:colcon.colcon_core.package_identification:_identify(src/mavros) by extension 'python_setup_py'
[2.191s] Level 1:colcon.colcon_core.package_identification:_identify(src/ros2_robotx) by extensions ['ignore', 'ignore_ament_install']
[2.191s] Level 1:colcon.colcon_core.package_identification:_identify(src/ros2_robotx) by extension 'ignore'
[2.191s] Level 1:colcon.colcon_core.package_identification:_identify(src/ros2_robotx) by extension 'ignore_ament_install'
[2.191s] Level 1:colcon.colcon_core.package_identification:_identify(src/ros2_robotx) by extensions ['colcon_pkg']
[2.191s] Level 1:colcon.colcon_core.package_identification:_identify(src/ros2_robotx) by extension 'colcon_pkg'
[2.191s] Level 1:colcon.colcon_core.package_identification:_identify(src/ros2_robotx) by extensions ['colcon_meta']
[2.191s] Level 1:colcon.colcon_core.package_identification:_identify(src/ros2_robotx) by extension 'colcon_meta'
[2.191s] Level 1:colcon.colcon_core.package_identification:_identify(src/ros2_robotx) by extensions ['ros']
[2.191s] Level 1:colcon.colcon_core.package_identification:_identify(src/ros2_robotx) by extension 'ros'
[2.191s] DEBUG:colcon.colcon_core.package_identification:Package 'src/ros2_robotx' with type 'ros.ament_python' and name 'ros2_robotx'
[2.191s] Level 1:colcon.colcon_core.package_identification:_identify(terrain) by extensions ['ignore', 'ignore_ament_install']
[2.191s] Level 1:colcon.colcon_core.package_identification:_identify(terrain) by extension 'ignore'
[2.192s] Level 1:colcon.colcon_core.package_identification:_identify(terrain) by extension 'ignore_ament_install'
[2.192s] Level 1:colcon.colcon_core.package_identification:_identify(terrain) by extensions ['colcon_pkg']
[2.192s] Level 1:colcon.colcon_core.package_identification:_identify(terrain) by extension 'colcon_pkg'
[2.192s] Level 1:colcon.colcon_core.package_identification:_identify(terrain) by extensions ['colcon_meta']
[2.192s] Level 1:colcon.colcon_core.package_identification:_identify(terrain) by extension 'colcon_meta'
[2.192s] Level 1:colcon.colcon_core.package_identification:_identify(terrain) by extensions ['ros']
[2.192s] Level 1:colcon.colcon_core.package_identification:_identify(terrain) by extension 'ros'
[2.192s] Level 1:colcon.colcon_core.package_identification:_identify(terrain) by extensions ['cmake', 'python']
[2.192s] Level 1:colcon.colcon_core.package_identification:_identify(terrain) by extension 'cmake'
[2.192s] Level 1:colcon.colcon_core.package_identification:_identify(terrain) by extension 'python'
[2.192s] Level 1:colcon.colcon_core.package_identification:_identify(terrain) by extensions ['python_setup_py']
[2.192s] Level 1:colcon.colcon_core.package_identification:_identify(terrain) by extension 'python_setup_py'
[2.192s] Level 1:colcon.colcon_core.package_discovery:discover_packages(recursive) using defaults
[2.192s] Level 1:colcon.colcon_core.package_discovery:discover_packages(ignore) discover
[2.192s] Level 1:colcon.colcon_core.package_discovery:discover_packages(ignore) using defaults
[2.192s] Level 1:colcon.colcon_core.package_discovery:discover_packages(path) discover
[2.192s] Level 1:colcon.colcon_core.package_discovery:discover_packages(path) using defaults
[2.389s] Level 1:colcon.colcon_core.package_discovery:discover_packages(prefix_path) check parameters
[2.389s] Level 1:colcon.colcon_core.package_discovery:discover_packages(prefix_path) discover
[2.465s] DEBUG:colcon.colcon_installed_package_information.package_discovery:Found 311 installed packages in /home/grant/ros2_foxy/ros2-linux
[2.502s] DEBUG:colcon.colcon_installed_package_information.package_discovery:Found 270 installed packages in /opt/ros/foxy
[2.508s] Level 1:colcon.colcon_core.package_discovery:discover_packages(prefix_path) using defaults
[2.670s] Level 5:colcon.colcon_core.verb:set package 'ros2_robotx' build argument 'cmake_args' from command line to 'None'
[2.670s] Level 5:colcon.colcon_core.verb:set package 'ros2_robotx' build argument 'cmake_target' from command line to 'None'
[2.670s] Level 5:colcon.colcon_core.verb:set package 'ros2_robotx' build argument 'cmake_target_skip_unavailable' from command line to 'False'
[2.670s] Level 5:colcon.colcon_core.verb:set package 'ros2_robotx' build argument 'cmake_clean_cache' from command line to 'False'
[2.670s] Level 5:colcon.colcon_core.verb:set package 'ros2_robotx' build argument 'cmake_clean_first' from command line to 'False'
[2.670s] Level 5:colcon.colcon_core.verb:set package 'ros2_robotx' build argument 'cmake_force_configure' from command line to 'False'
[2.670s] Level 5:colcon.colcon_core.verb:set package 'ros2_robotx' build argument 'ament_cmake_args' from command line to 'None'
[2.670s] Level 5:colcon.colcon_core.verb:set package 'ros2_robotx' build argument 'catkin_cmake_args' from command line to 'None'
[2.670s] Level 5:colcon.colcon_core.verb:set package 'ros2_robotx' build argument 'catkin_skip_building_tests' from command line to 'False'
[2.670s] DEBUG:colcon.colcon_core.verb:Building package 'ros2_robotx' with the following arguments: {'ament_cmake_args': None, 'build_base': '/home/grant/ros2_ws_2/build/ros2_robotx', 'catkin_cmake_args': None, 'catkin_skip_building_tests': False, 'cmake_args': None, 'cmake_clean_cache': False, 'cmake_clean_first': False, 'cmake_force_configure': False, 'cmake_target': None, 'cmake_target_skip_unavailable': False, 'install_base': '/home/grant/ros2_ws_2/install/ros2_robotx', 'merge_install': False, 'path': '/home/grant/ros2_ws_2/src/ros2_robotx', 'symlink_install': False, 'test_result_base': None}
[2.705s] Level 5:colcon.colcon_core.verb:set package 'usv_msgs' build argument 'cmake_args' from command line to 'None'
[2.705s] Level 5:colcon.colcon_core.verb:set package 'usv_msgs' build argument 'cmake_target' from command line to 'None'
[2.705s] Level 5:colcon.colcon_core.verb:set package 'usv_msgs' build argument 'cmake_target_skip_unavailable' from command line to 'False'
[2.705s] Level 5:colcon.colcon_core.verb:set package 'usv_msgs' build argument 'cmake_clean_cache' from command line to 'False'
[2.705s] Level 5:colcon.colcon_core.verb:set package 'usv_msgs' build argument 'cmake_clean_first' from command line to 'False'
[2.705s] Level 5:colcon.colcon_core.verb:set package 'usv_msgs' build argument 'cmake_force_configure' from command line to 'False'
[2.705s] Level 5:colcon.colcon_core.verb:set package 'usv_msgs' build argument 'ament_cmake_args' from command line to 'None'
[2.705s] Level 5:colcon.colcon_core.verb:set package 'usv_msgs' build argument 'catkin_cmake_args' from command line to 'None'
[2.705s] Level 5:colcon.colcon_core.verb:set package 'usv_msgs' build argument 'catkin_skip_building_tests' from command line to 'False'
[2.705s] DEBUG:colcon.colcon_core.verb:Building package 'usv_msgs' with the following arguments: {'ament_cmake_args': None, 'build_base': '/home/grant/ros2_ws_2/build/usv_msgs', 'catkin_cmake_args': None, 'catkin_skip_building_tests': False, 'cmake_args': None, 'cmake_clean_cache': False, 'cmake_clean_first': False, 'cmake_force_configure': False, 'cmake_target': None, 'cmake_target_skip_unavailable': False, 'install_base': '/home/grant/ros2_ws_2/install/usv_msgs', 'merge_install': False, 'path': '/home/grant/ros2_ws_2/src/VRX_Foxy/usv_msgs', 'symlink_install': False, 'test_result_base': None}
[2.740s] Level 5:colcon.colcon_core.verb:set package 'wamv_description' build argument 'cmake_args' from command line to 'None'
[2.740s] Level 5:colcon.colcon_core.verb:set package 'wamv_description' build argument 'cmake_target' from command line to 'None'
[2.740s] Level 5:colcon.colcon_core.verb:set package 'wamv_description' build argument 'cmake_target_skip_unavailable' from command line to 'False'
[2.740s] Level 5:colcon.colcon_core.verb:set package 'wamv_description' build argument 'cmake_clean_cache' from command line to 'False'
[2.740s] Level 5:colcon.colcon_core.verb:set package 'wamv_description' build argument 'cmake_clean_first' from command line to 'False'
[2.740s] Level 5:colcon.colcon_core.verb:set package 'wamv_description' build argument 'cmake_force_configure' from command line to 'False'
[2.740s] Level 5:colcon.colcon_core.verb:set package 'wamv_description' build argument 'ament_cmake_args' from command line to 'None'
[2.740s] Level 5:colcon.colcon_core.verb:set package 'wamv_description' build argument 'catkin_cmake_args' from command line to 'None'
[2.740s] Level 5:colcon.colcon_core.verb:set package 'wamv_description' build argument 'catkin_skip_building_tests' from command line to 'False'
[2.740s] DEBUG:colcon.colcon_core.verb:Building package 'wamv_description' with the following arguments: {'ament_cmake_args': None, 'build_base': '/home/grant/ros2_ws_2/build/wamv_description', 'catkin_cmake_args': None, 'catkin_skip_building_tests': False, 'cmake_args': None, 'cmake_clean_cache': False, 'cmake_clean_first': False, 'cmake_force_configure': False, 'cmake_target': None, 'cmake_target_skip_unavailable': False, 'install_base': '/home/grant/ros2_ws_2/install/wamv_description', 'merge_install': False, 'path': '/home/grant/ros2_ws_2/src/VRX_Foxy/wamv_description', 'symlink_install': False, 'test_result_base': None}
[2.775s] Level 5:colcon.colcon_core.verb:set package 'wave_gazebo_plugins' build argument 'cmake_args' from command line to 'None'
[2.775s] Level 5:colcon.colcon_core.verb:set package 'wave_gazebo_plugins' build argument 'cmake_target' from command line to 'None'
[2.775s] Level 5:colcon.colcon_core.verb:set package 'wave_gazebo_plugins' build argument 'cmake_target_skip_unavailable' from command line to 'False'
[2.775s] Level 5:colcon.colcon_core.verb:set package 'wave_gazebo_plugins' build argument 'cmake_clean_cache' from command line to 'False'
[2.775s] Level 5:colcon.colcon_core.verb:set package 'wave_gazebo_plugins' build argument 'cmake_clean_first' from command line to 'False'
[2.775s] Level 5:colcon.colcon_core.verb:set package 'wave_gazebo_plugins' build argument 'cmake_force_configure' from command line to 'False'
[2.775s] Level 5:colcon.colcon_core.verb:set package 'wave_gazebo_plugins' build argument 'ament_cmake_args' from command line to 'None'
[2.775s] Level 5:colcon.colcon_core.verb:set package 'wave_gazebo_plugins' build argument 'catkin_cmake_args' from command line to 'None'
[2.775s] Level 5:colcon.colcon_core.verb:set package 'wave_gazebo_plugins' build argument 'catkin_skip_building_tests' from command line to 'False'
[2.775s] DEBUG:colcon.colcon_core.verb:Building package 'wave_gazebo_plugins' with the following arguments: {'ament_cmake_args': None, 'build_base': '/home/grant/ros2_ws_2/build/wave_gazebo_plugins', 'catkin_cmake_args': None, 'catkin_skip_building_tests': False, 'cmake_args': None, 'cmake_clean_cache': False, 'cmake_clean_first': False, 'cmake_force_configure': False, 'cmake_target': None, 'cmake_target_skip_unavailable': False, 'install_base': '/home/grant/ros2_ws_2/install/wave_gazebo_plugins', 'merge_install': False, 'path': '/home/grant/ros2_ws_2/src/VRX_Foxy/wave_gazebo_plugins', 'symlink_install': False, 'test_result_base': None}
[2.810s] Level 5:colcon.colcon_core.verb:set package 'usv_gazebo_plugins' build argument 'cmake_args' from command line to 'None'
[2.810s] Level 5:colcon.colcon_core.verb:set package 'usv_gazebo_plugins' build argument 'cmake_target' from command line to 'None'
[2.810s] Level 5:colcon.colcon_core.verb:set package 'usv_gazebo_plugins' build argument 'cmake_target_skip_unavailable' from command line to 'False'
[2.810s] Level 5:colcon.colcon_core.verb:set package 'usv_gazebo_plugins' build argument 'cmake_clean_cache' from command line to 'False'
[2.810s] Level 5:colcon.colcon_core.verb:set package 'usv_gazebo_plugins' build argument 'cmake_clean_first' from command line to 'False'
[2.810s] Level 5:colcon.colcon_core.verb:set package 'usv_gazebo_plugins' build argument 'cmake_force_configure' from command line to 'False'
[2.810s] Level 5:colcon.colcon_core.verb:set package 'usv_gazebo_plugins' build argument 'ament_cmake_args' from command line to 'None'
[2.810s] Level 5:colcon.colcon_core.verb:set package 'usv_gazebo_plugins' build argument 'catkin_cmake_args' from command line to 'None'
[2.810s] Level 5:colcon.colcon_core.verb:set package 'usv_gazebo_plugins' build argument 'catkin_skip_building_tests' from command line to 'False'
[2.810s] DEBUG:colcon.colcon_core.verb:Building package 'usv_gazebo_plugins' with the following arguments: {'ament_cmake_args': None, 'build_base': '/home/grant/ros2_ws_2/build/usv_gazebo_plugins', 'catkin_cmake_args': None, 'catkin_skip_building_tests': False, 'cmake_args': None, 'cmake_clean_cache': False, 'cmake_clean_first': False, 'cmake_force_configure': False, 'cmake_target': None, 'cmake_target_skip_unavailable': False, 'install_base': '/home/grant/ros2_ws_2/install/usv_gazebo_plugins', 'merge_install': False, 'path': '/home/grant/ros2_ws_2/src/VRX_Foxy/usv_gazebo_plugins', 'symlink_install': False, 'test_result_base': None}
[2.845s] Level 5:colcon.colcon_core.verb:set package 'wave_gazebo' build argument 'cmake_args' from command line to 'None'
[2.845s] Level 5:colcon.colcon_core.verb:set package 'wave_gazebo' build argument 'cmake_target' from command line to 'None'
[2.845s] Level 5:colcon.colcon_core.verb:set package 'wave_gazebo' build argument 'cmake_target_skip_unavailable' from command line to 'False'
[2.845s] Level 5:colcon.colcon_core.verb:set package 'wave_gazebo' build argument 'cmake_clean_cache' from command line to 'False'
[2.845s] Level 5:colcon.colcon_core.verb:set package 'wave_gazebo' build argument 'cmake_clean_first' from command line to 'False'
[2.845s] Level 5:colcon.colcon_core.verb:set package 'wave_gazebo' build argument 'cmake_force_configure' from command line to 'False'
[2.845s] Level 5:colcon.colcon_core.verb:set package 'wave_gazebo' build argument 'ament_cmake_args' from command line to 'None'
[2.845s] Level 5:colcon.colcon_core.verb:set package 'wave_gazebo' build argument 'catkin_cmake_args' from command line to 'None'
[2.845s] Level 5:colcon.colcon_core.verb:set package 'wave_gazebo' build argument 'catkin_skip_building_tests' from command line to 'False'
[2.845s] DEBUG:colcon.colcon_core.verb:Building package 'wave_gazebo' with the following arguments: {'ament_cmake_args': None, 'build_base': '/home/grant/ros2_ws_2/build/wave_gazebo', 'catkin_cmake_args': None, 'catkin_skip_building_tests': False, 'cmake_args': None, 'cmake_clean_cache': False, 'cmake_clean_first': False, 'cmake_force_configure': False, 'cmake_target': None, 'cmake_target_skip_unavailable': False, 'install_base': '/home/grant/ros2_ws_2/install/wave_gazebo', 'merge_install': False, 'path': '/home/grant/ros2_ws_2/src/VRX_Foxy/wave_gazebo', 'symlink_install': False, 'test_result_base': None}
[2.880s] Level 5:colcon.colcon_core.verb:set package 'wamv_gazebo' build argument 'cmake_args' from command line to 'None'
[2.880s] Level 5:colcon.colcon_core.verb:set package 'wamv_gazebo' build argument 'cmake_target' from command line to 'None'
[2.880s] Level 5:colcon.colcon_core.verb:set package 'wamv_gazebo' build argument 'cmake_target_skip_unavailable' from command line to 'False'
[2.880s] Level 5:colcon.colcon_core.verb:set package 'wamv_gazebo' build argument 'cmake_clean_cache' from command line to 'False'
[2.880s] Level 5:colcon.colcon_core.verb:set package 'wamv_gazebo' build argument 'cmake_clean_first' from command line to 'False'
[2.880s] Level 5:colcon.colcon_core.verb:set package 'wamv_gazebo' build argument 'cmake_force_configure' from command line to 'False'
[2.880s] Level 5:colcon.colcon_core.verb:set package 'wamv_gazebo' build argument 'ament_cmake_args' from command line to 'None'
[2.880s] Level 5:colcon.colcon_core.verb:set package 'wamv_gazebo' build argument 'catkin_cmake_args' from command line to 'None'
[2.880s] Level 5:colcon.colcon_core.verb:set package 'wamv_gazebo' build argument 'catkin_skip_building_tests' from command line to 'False'
[2.880s] DEBUG:colcon.colcon_core.verb:Building package 'wamv_gazebo' with the following arguments: {'ament_cmake_args': None, 'build_base': '/home/grant/ros2_ws_2/build/wamv_gazebo', 'catkin_cmake_args': None, 'catkin_skip_building_tests': False, 'cmake_args': None, 'cmake_clean_cache': False, 'cmake_clean_first': False, 'cmake_force_configure': False, 'cmake_target': None, 'cmake_target_skip_unavailable': False, 'install_base': '/home/grant/ros2_ws_2/install/wamv_gazebo', 'merge_install': False, 'path': '/home/grant/ros2_ws_2/src/VRX_Foxy/wamv_gazebo', 'symlink_install': False, 'test_result_base': None}
[2.915s] Level 5:colcon.colcon_core.verb:set package 'vrx_gazebo' build argument 'cmake_args' from command line to 'None'
[2.915s] Level 5:colcon.colcon_core.verb:set package 'vrx_gazebo' build argument 'cmake_target' from command line to 'None'
[2.915s] Level 5:colcon.colcon_core.verb:set package 'vrx_gazebo' build argument 'cmake_target_skip_unavailable' from command line to 'False'
[2.915s] Level 5:colcon.colcon_core.verb:set package 'vrx_gazebo' build argument 'cmake_clean_cache' from command line to 'False'
[2.915s] Level 5:colcon.colcon_core.verb:set package 'vrx_gazebo' build argument 'cmake_clean_first' from command line to 'False'
[2.915s] Level 5:colcon.colcon_core.verb:set package 'vrx_gazebo' build argument 'cmake_force_configure' from command line to 'False'
[2.915s] Level 5:colcon.colcon_core.verb:set package 'vrx_gazebo' build argument 'ament_cmake_args' from command line to 'None'
[2.915s] Level 5:colcon.colcon_core.verb:set package 'vrx_gazebo' build argument 'catkin_cmake_args' from command line to 'None'
[2.915s] Level 5:colcon.colcon_core.verb:set package 'vrx_gazebo' build argument 'catkin_skip_building_tests' from command line to 'False'
[2.915s] DEBUG:colcon.colcon_core.verb:Building package 'vrx_gazebo' with the following arguments: {'ament_cmake_args': None, 'build_base': '/home/grant/ros2_ws_2/build/vrx_gazebo', 'catkin_cmake_args': None, 'catkin_skip_building_tests': False, 'cmake_args': None, 'cmake_clean_cache': False, 'cmake_clean_first': False, 'cmake_force_configure': False, 'cmake_target': None, 'cmake_target_skip_unavailable': False, 'install_base': '/home/grant/ros2_ws_2/install/vrx_gazebo', 'merge_install': False, 'path': '/home/grant/ros2_ws_2/src/VRX_Foxy/vrx_gazebo', 'symlink_install': False, 'test_result_base': None}
[2.950s] Level 5:colcon.colcon_core.verb:set package 'robotx_2022' build argument 'cmake_args' from command line to 'None'
[2.950s] Level 5:colcon.colcon_core.verb:set package 'robotx_2022' build argument 'cmake_target' from command line to 'None'
[2.950s] Level 5:colcon.colcon_core.verb:set package 'robotx_2022' build argument 'cmake_target_skip_unavailable' from command line to 'False'
[2.950s] Level 5:colcon.colcon_core.verb:set package 'robotx_2022' build argument 'cmake_clean_cache' from command line to 'False'
[2.950s] Level 5:colcon.colcon_core.verb:set package 'robotx_2022' build argument 'cmake_clean_first' from command line to 'False'
[2.950s] Level 5:colcon.colcon_core.verb:set package 'robotx_2022' build argument 'cmake_force_configure' from command line to 'False'
[2.950s] Level 5:colcon.colcon_core.verb:set package 'robotx_2022' build argument 'ament_cmake_args' from command line to 'None'
[2.950s] Level 5:colcon.colcon_core.verb:set package 'robotx_2022' build argument 'catkin_cmake_args' from command line to 'None'
[2.950s] Level 5:colcon.colcon_core.verb:set package 'robotx_2022' build argument 'catkin_skip_building_tests' from command line to 'False'
[2.950s] DEBUG:colcon.colcon_core.verb:Building package 'robotx_2022' with the following arguments: {'ament_cmake_args': None, 'build_base': '/home/grant/ros2_ws_2/build/robotx_2022', 'catkin_cmake_args': None, 'catkin_skip_building_tests': False, 'cmake_args': None, 'cmake_clean_cache': False, 'cmake_clean_first': False, 'cmake_force_configure': False, 'cmake_target': None, 'cmake_target_skip_unavailable': False, 'install_base': '/home/grant/ros2_ws_2/install/robotx_2022', 'merge_install': False, 'path': '/home/grant/ros2_ws_2/src/VRX_Foxy/robotX_2022', 'symlink_install': False, 'test_result_base': None}
[2.985s] INFO:colcon.colcon_core.executor:Executing jobs using 'parallel' executor
[3.021s] DEBUG:colcon.colcon_parallel_executor.executor.parallel:run_until_complete
[3.021s] INFO:colcon.colcon_ros.task.ament_cmake.build:Building ROS package in '/home/grant/ros2_ws_2/src/VRX_Foxy/wave_gazebo_plugins' with build type 'ament_cmake'
[3.021s] INFO:colcon.colcon_cmake.task.cmake.build:Building CMake package in '/home/grant/ros2_ws_2/src/VRX_Foxy/wave_gazebo_plugins'
[3.067s] INFO:colcon.colcon_core.plugin_system:Skipping extension 'colcon_core.shell.bat': Not used on non-Windows systems
[3.067s] INFO:colcon.colcon_core.shell:Skip shell extension 'powershell' for command environment: Not usable outside of PowerShell
[3.067s] DEBUG:colcon.colcon_core.shell:Skip shell extension 'dsv' for command environment
[3.192s] INFO:colcon.colcon_ros.task.ament_cmake.build:Building ROS package in '/home/grant/ros2_ws_2/src/VRX_Foxy/usv_msgs' with build type 'ament_cmake'
[3.192s] INFO:colcon.colcon_cmake.task.cmake.build:Building CMake package in '/home/grant/ros2_ws_2/src/VRX_Foxy/usv_msgs'
[3.236s] INFO:colcon.colcon_core.shell:Skip shell extension 'powershell' for command environment: Not usable outside of PowerShell
[3.236s] DEBUG:colcon.colcon_core.shell:Skip shell extension 'dsv' for command environment
[3.362s] INFO:colcon.colcon_ros.task.ament_cmake.build:Building ROS package in '/home/grant/ros2_ws_2/src/VRX_Foxy/wamv_description' with build type 'ament_cmake'
[3.363s] INFO:colcon.colcon_cmake.task.cmake.build:Building CMake package in '/home/grant/ros2_ws_2/src/VRX_Foxy/wamv_description'
[3.401s] INFO:colcon.colcon_core.shell:Skip shell extension 'powershell' for command environment: Not usable outside of PowerShell
[3.401s] DEBUG:colcon.colcon_core.shell:Skip shell extension 'dsv' for command environment
[3.527s] INFO:colcon.colcon_ros.task.ament_python.build:Building ROS package in '/home/grant/ros2_ws_2/src/ros2_robotx' with build type 'ament_python'
[3.527s] Level 1:colcon.colcon_core.shell:create_environment_hook('ros2_robotx', 'ament_prefix_path')
[3.566s] INFO:colcon.colcon_core.shell:Creating environment hook '/home/grant/ros2_ws_2/install/ros2_robotx/share/ros2_robotx/hook/ament_prefix_path.ps1'
[3.567s] INFO:colcon.colcon_core.shell:Creating environment descriptor '/home/grant/ros2_ws_2/install/ros2_robotx/share/ros2_robotx/hook/ament_prefix_path.dsv'
[3.568s] INFO:colcon.colcon_core.shell:Creating environment hook '/home/grant/ros2_ws_2/install/ros2_robotx/share/ros2_robotx/hook/ament_prefix_path.sh'
[3.607s] INFO:colcon.colcon_core.shell:Skip shell extension 'powershell' for command environment: Not usable outside of PowerShell
[3.607s] DEBUG:colcon.colcon_core.shell:Skip shell extension 'dsv' for command environment
[3.741s] DEBUG:colcon.colcon_core.event_handler.log_command:Invoking command in '/home/grant/ros2_ws_2/build/wave_gazebo_plugins': CMAKE_PREFIX_PATH=${CMAKE_PREFIX_PATH}:/opt/ros/foxy CONDA_PROMPT_MODIFIER=(base) /usr/bin/cmake --build /home/grant/ros2_ws_2/build/wave_gazebo_plugins -- -j8 -l8
[3.751s] DEBUG:colcon.colcon_core.event_handler.log_command:Invoking command in '/home/grant/ros2_ws_2/build/usv_msgs': CMAKE_PREFIX_PATH=${CMAKE_PREFIX_PATH}:/opt/ros/foxy CONDA_PROMPT_MODIFIER=(base) /usr/bin/cmake --build /home/grant/ros2_ws_2/build/usv_msgs -- -j8 -l8
[3.755s] DEBUG:colcon.colcon_core.event_handler.log_command:Invoking command in '/home/grant/ros2_ws_2/build/wamv_description': CMAKE_PREFIX_PATH=${CMAKE_PREFIX_PATH}:/opt/ros/foxy CONDA_PROMPT_MODIFIER=(base) /usr/bin/cmake --build /home/grant/ros2_ws_2/build/wamv_description -- -j8 -l8
[3.939s] INFO:colcon.colcon_core.task.python.build:Building Python package in '/home/grant/ros2_ws_2/src/ros2_robotx'
[3.977s] INFO:colcon.colcon_core.shell:Skip shell extension 'powershell' for command environment: Not usable outside of PowerShell
[3.977s] DEBUG:colcon.colcon_core.shell:Skip shell extension 'dsv' for command environment
[4.103s] DEBUG:colcon.colcon_core.event_handler.log_command:Invoked command in '/home/grant/ros2_ws_2/build/usv_msgs' returned '2': CMAKE_PREFIX_PATH=${CMAKE_PREFIX_PATH}:/opt/ros/foxy CONDA_PROMPT_MODIFIER=(base) /usr/bin/cmake --build /home/grant/ros2_ws_2/build/usv_msgs -- -j8 -l8
[4.104s] DEBUG:colcon.colcon_core.event_handler.log_command:Invoked command in '/home/grant/ros2_ws_2/build/wamv_description' returned '2': CMAKE_PREFIX_PATH=${CMAKE_PREFIX_PATH}:/opt/ros/foxy CONDA_PROMPT_MODIFIER=(base) /usr/bin/cmake --build /home/grant/ros2_ws_2/build/wamv_description -- -j8 -l8
[4.108s] DEBUG:colcon.colcon_core.event_handler.log_command:Invoked command in '/home/grant/ros2_ws_2/build/wave_gazebo_plugins' returned '2': CMAKE_PREFIX_PATH=${CMAKE_PREFIX_PATH}:/opt/ros/foxy CONDA_PROMPT_MODIFIER=(base) /usr/bin/cmake --build /home/grant/ros2_ws_2/build/wave_gazebo_plugins -- -j8 -l8
[4.189s] Level 1:colcon.colcon_core.environment:create_environment_scripts_only(wamv_description)
[4.239s] Level 1:colcon.colcon_core.environment:checking '/home/grant/ros2_ws_2/install/wamv_description' for CMake module files
[4.240s] Level 1:colcon.colcon_core.environment:checking '/home/grant/ros2_ws_2/install/wamv_description' for CMake config files
[4.240s] Level 1:colcon.colcon_core.shell:create_environment_hook('wamv_description', 'cmake_prefix_path')
[4.280s] INFO:colcon.colcon_core.shell:Creating environment hook '/home/grant/ros2_ws_2/install/wamv_description/share/wamv_description/hook/cmake_prefix_path.ps1'
[4.280s] INFO:colcon.colcon_core.shell:Creating environment descriptor '/home/grant/ros2_ws_2/install/wamv_description/share/wamv_description/hook/cmake_prefix_path.dsv'
[4.280s] INFO:colcon.colcon_core.shell:Creating environment hook '/home/grant/ros2_ws_2/install/wamv_description/share/wamv_description/hook/cmake_prefix_path.sh'
[4.281s] Level 1:colcon.colcon_core.environment:checking '/home/grant/ros2_ws_2/install/wamv_description/bin'
[4.281s] Level 1:colcon.colcon_core.environment:checking '/home/grant/ros2_ws_2/install/wamv_description/lib/pkgconfig/wamv_description.pc'
[4.281s] Level 1:colcon.colcon_core.environment:checking '/home/grant/ros2_ws_2/install/wamv_description/lib/python3.8/site-packages'
[4.282s] Level 1:colcon.colcon_core.environment:checking '/home/grant/ros2_ws_2/install/wamv_description/bin'
[4.318s] INFO:colcon.colcon_core.shell:Creating package script '/home/grant/ros2_ws_2/install/wamv_description/share/wamv_description/package.ps1'
[4.319s] INFO:colcon.colcon_core.shell:Creating package descriptor '/home/grant/ros2_ws_2/install/wamv_description/share/wamv_description/package.dsv'
[4.319s] INFO:colcon.colcon_core.shell:Creating package script '/home/grant/ros2_ws_2/install/wamv_description/share/wamv_description/package.sh'
[4.320s] INFO:colcon.colcon_core.shell:Creating package script '/home/grant/ros2_ws_2/install/wamv_description/share/wamv_description/package.bash'
[4.320s] INFO:colcon.colcon_core.shell:Creating package script '/home/grant/ros2_ws_2/install/wamv_description/share/wamv_description/package.zsh'
[4.321s] Level 1:colcon.colcon_core.environment:create_file_with_runtime_dependencies(/home/grant/ros2_ws_2/install/wamv_description/share/colcon-core/packages/wamv_description)
[4.362s] Level 1:colcon.colcon_core.environment:create_environment_scripts_only(wave_gazebo_plugins)
[4.399s] Level 1:colcon.colcon_core.environment:checking '/home/grant/ros2_ws_2/install/wave_gazebo_plugins' for CMake module files
[4.400s] Level 1:colcon.colcon_core.environment:checking '/home/grant/ros2_ws_2/install/wave_gazebo_plugins' for CMake config files
[4.400s] Level 1:colcon.colcon_core.shell:create_environment_hook('wave_gazebo_plugins', 'cmake_prefix_path')
[4.442s] INFO:colcon.colcon_core.shell:Creating environment hook '/home/grant/ros2_ws_2/install/wave_gazebo_plugins/share/wave_gazebo_plugins/hook/cmake_prefix_path.ps1'
[4.443s] INFO:colcon.colcon_core.shell:Creating environment descriptor '/home/grant/ros2_ws_2/install/wave_gazebo_plugins/share/wave_gazebo_plugins/hook/cmake_prefix_path.dsv'
[4.443s] INFO:colcon.colcon_core.shell:Creating environment hook '/home/grant/ros2_ws_2/install/wave_gazebo_plugins/share/wave_gazebo_plugins/hook/cmake_prefix_path.sh'
[4.444s] Level 1:colcon.colcon_core.environment:checking '/home/grant/ros2_ws_2/install/wave_gazebo_plugins/lib'
[4.444s] Level 1:colcon.colcon_core.shell:create_environment_hook('wave_gazebo_plugins', 'ld_library_path_lib')
[4.481s] INFO:colcon.colcon_core.shell:Creating environment hook '/home/grant/ros2_ws_2/install/wave_gazebo_plugins/share/wave_gazebo_plugins/hook/ld_library_path_lib.ps1'
[4.482s] INFO:colcon.colcon_core.shell:Creating environment descriptor '/home/grant/ros2_ws_2/install/wave_gazebo_plugins/share/wave_gazebo_plugins/hook/ld_library_path_lib.dsv'
[4.482s] INFO:colcon.colcon_core.shell:Creating environment hook '/home/grant/ros2_ws_2/install/wave_gazebo_plugins/share/wave_gazebo_plugins/hook/ld_library_path_lib.sh'
[4.482s] Level 1:colcon.colcon_core.environment:checking '/home/grant/ros2_ws_2/install/wave_gazebo_plugins/bin'
[4.482s] Level 1:colcon.colcon_core.environment:checking '/home/grant/ros2_ws_2/install/wave_gazebo_plugins/lib/pkgconfig/wave_gazebo_plugins.pc'
[4.482s] Level 1:colcon.colcon_core.environment:checking '/home/grant/ros2_ws_2/install/wave_gazebo_plugins/lib/python3.8/site-packages'
[4.483s] Level 1:colcon.colcon_core.environment:checking '/home/grant/ros2_ws_2/install/wave_gazebo_plugins/bin'
[4.520s] INFO:colcon.colcon_core.shell:Creating package script '/home/grant/ros2_ws_2/install/wave_gazebo_plugins/share/wave_gazebo_plugins/package.ps1'
[4.520s] INFO:colcon.colcon_core.shell:Creating package descriptor '/home/grant/ros2_ws_2/install/wave_gazebo_plugins/share/wave_gazebo_plugins/package.dsv'
[4.521s] INFO:colcon.colcon_core.shell:Creating package script '/home/grant/ros2_ws_2/install/wave_gazebo_plugins/share/wave_gazebo_plugins/package.sh'
[4.521s] INFO:colcon.colcon_core.shell:Creating package script '/home/grant/ros2_ws_2/install/wave_gazebo_plugins/share/wave_gazebo_plugins/package.bash'
[4.522s] INFO:colcon.colcon_core.shell:Creating package script '/home/grant/ros2_ws_2/install/wave_gazebo_plugins/share/wave_gazebo_plugins/package.zsh'
[4.522s] Level 1:colcon.colcon_core.environment:create_file_with_runtime_dependencies(/home/grant/ros2_ws_2/install/wave_gazebo_plugins/share/colcon-core/packages/wave_gazebo_plugins)
[4.566s] Level 1:colcon.colcon_core.environment:create_environment_scripts_only(usv_msgs)
[4.603s] Level 1:colcon.colcon_core.environment:checking '/home/grant/ros2_ws_2/install/usv_msgs' for CMake module files
[4.604s] Level 1:colcon.colcon_core.environment:checking '/home/grant/ros2_ws_2/install/usv_msgs' for CMake config files
[4.605s] Level 1:colcon.colcon_core.shell:create_environment_hook('usv_msgs', 'cmake_prefix_path')
[4.641s] INFO:colcon.colcon_core.shell:Creating environment hook '/home/grant/ros2_ws_2/install/usv_msgs/share/usv_msgs/hook/cmake_prefix_path.ps1'
[4.642s] INFO:colcon.colcon_core.shell:Creating environment descriptor '/home/grant/ros2_ws_2/install/usv_msgs/share/usv_msgs/hook/cmake_prefix_path.dsv'
[4.642s] INFO:colcon.colcon_core.shell:Creating environment hook '/home/grant/ros2_ws_2/install/usv_msgs/share/usv_msgs/hook/cmake_prefix_path.sh'
[4.643s] Level 1:colcon.colcon_core.environment:checking '/home/grant/ros2_ws_2/install/usv_msgs/lib'
[4.643s] Level 1:colcon.colcon_core.shell:create_environment_hook('usv_msgs', 'ld_library_path_lib')
[4.683s] INFO:colcon.colcon_core.shell:Creating environment hook '/home/grant/ros2_ws_2/install/usv_msgs/share/usv_msgs/hook/ld_library_path_lib.ps1'
[4.683s] INFO:colcon.colcon_core.shell:Creating environment descriptor '/home/grant/ros2_ws_2/install/usv_msgs/share/usv_msgs/hook/ld_library_path_lib.dsv'
[4.684s] INFO:colcon.colcon_core.shell:Creating environment hook '/home/grant/ros2_ws_2/install/usv_msgs/share/usv_msgs/hook/ld_library_path_lib.sh'
[4.684s] Level 1:colcon.colcon_core.environment:checking '/home/grant/ros2_ws_2/install/usv_msgs/bin'
[4.684s] Level 1:colcon.colcon_core.environment:checking '/home/grant/ros2_ws_2/install/usv_msgs/lib/pkgconfig/usv_msgs.pc'
[4.684s] Level 1:colcon.colcon_core.environment:checking '/home/grant/ros2_ws_2/install/usv_msgs/lib/python3.8/site-packages'
[4.684s] Level 1:colcon.colcon_core.shell:create_environment_hook('usv_msgs', 'pythonpath')
[4.720s] INFO:colcon.colcon_core.shell:Creating environment hook '/home/grant/ros2_ws_2/install/usv_msgs/share/usv_msgs/hook/pythonpath.ps1'
[4.720s] INFO:colcon.colcon_core.shell:Creating environment descriptor '/home/grant/ros2_ws_2/install/usv_msgs/share/usv_msgs/hook/pythonpath.dsv'
[4.721s] INFO:colcon.colcon_core.shell:Creating environment hook '/home/grant/ros2_ws_2/install/usv_msgs/share/usv_msgs/hook/pythonpath.sh'
[4.721s] Level 1:colcon.colcon_core.environment:checking '/home/grant/ros2_ws_2/install/usv_msgs/bin'
[4.757s] INFO:colcon.colcon_core.shell:Creating package script '/home/grant/ros2_ws_2/install/usv_msgs/share/usv_msgs/package.ps1'
[4.758s] INFO:colcon.colcon_core.shell:Creating package descriptor '/home/grant/ros2_ws_2/install/usv_msgs/share/usv_msgs/package.dsv'
[4.758s] INFO:colcon.colcon_core.shell:Creating package script '/home/grant/ros2_ws_2/install/usv_msgs/share/usv_msgs/package.sh'
[4.758s] INFO:colcon.colcon_core.shell:Creating package script '/home/grant/ros2_ws_2/install/usv_msgs/share/usv_msgs/package.bash'
[4.759s] INFO:colcon.colcon_core.shell:Creating package script '/home/grant/ros2_ws_2/install/usv_msgs/share/usv_msgs/package.zsh'
[4.759s] Level 1:colcon.colcon_core.environment:create_file_with_runtime_dependencies(/home/grant/ros2_ws_2/install/usv_msgs/share/colcon-core/packages/usv_msgs)
[4.765s] DEBUG:colcon.colcon_core.event_handler.log_command:Invoking command in '/home/grant/ros2_ws_2/src/ros2_robotx': CONDA_PROMPT_MODIFIER=(base) PYTHONPATH=/home/grant/ros2_ws_2/build/ros2_robotx/prefix_override:/home/grant/ros2_ws_2/install/ros2_robotx/lib/python3.8/site-packages:${PYTHONPATH} /usr/bin/python3 setup.py egg_info --egg-base ../../build/ros2_robotx build --build-base /home/grant/ros2_ws_2/build/ros2_robotx/build install --record /home/grant/ros2_ws_2/build/ros2_robotx/install.log --install-scripts $base/lib/ros2_robotx --single-version-externally-managed
[5.007s] DEBUG:colcon.colcon_core.event_handler.log_command:Invoked command in '/home/grant/ros2_ws_2/src/ros2_robotx' returned '0': CONDA_PROMPT_MODIFIER=(base) PYTHONPATH=/home/grant/ros2_ws_2/build/ros2_robotx/prefix_override:/home/grant/ros2_ws_2/install/ros2_robotx/lib/python3.8/site-packages:${PYTHONPATH} /usr/bin/python3 setup.py egg_info --egg-base ../../build/ros2_robotx build --build-base /home/grant/ros2_ws_2/build/ros2_robotx/build install --record /home/grant/ros2_ws_2/build/ros2_robotx/install.log --install-scripts $base/lib/ros2_robotx --single-version-externally-managed
[5.049s] Level 1:colcon.colcon_core.environment:checking '/home/grant/ros2_ws_2/install/ros2_robotx' for CMake module files
[5.049s] Level 1:colcon.colcon_core.environment:checking '/home/grant/ros2_ws_2/install/ros2_robotx' for CMake config files
[5.050s] Level 1:colcon.colcon_core.environment:checking '/home/grant/ros2_ws_2/install/ros2_robotx/lib'
[5.050s] Level 1:colcon.colcon_core.environment:checking '/home/grant/ros2_ws_2/install/ros2_robotx/bin'
[5.050s] Level 1:colcon.colcon_core.environment:checking '/home/grant/ros2_ws_2/install/ros2_robotx/lib/pkgconfig/ros2_robotx.pc'
[5.050s] Level 1:colcon.colcon_core.environment:checking '/home/grant/ros2_ws_2/install/ros2_robotx/lib/python3.8/site-packages'
[5.050s] Level 1:colcon.colcon_core.shell:create_environment_hook('ros2_robotx', 'pythonpath')
[5.089s] INFO:colcon.colcon_core.shell:Creating environment hook '/home/grant/ros2_ws_2/install/ros2_robotx/share/ros2_robotx/hook/pythonpath.ps1'
[5.089s] INFO:colcon.colcon_core.shell:Creating environment descriptor '/home/grant/ros2_ws_2/install/ros2_robotx/share/ros2_robotx/hook/pythonpath.dsv'
[5.089s] INFO:colcon.colcon_core.shell:Creating environment hook '/home/grant/ros2_ws_2/install/ros2_robotx/share/ros2_robotx/hook/pythonpath.sh'
[5.090s] Level 1:colcon.colcon_core.environment:checking '/home/grant/ros2_ws_2/install/ros2_robotx/bin'
[5.090s] Level 1:colcon.colcon_core.environment:create_environment_scripts_only(ros2_robotx)
[5.131s] INFO:colcon.colcon_core.shell:Creating package script '/home/grant/ros2_ws_2/install/ros2_robotx/share/ros2_robotx/package.ps1'
[5.131s] INFO:colcon.colcon_core.shell:Creating package descriptor '/home/grant/ros2_ws_2/install/ros2_robotx/share/ros2_robotx/package.dsv'
[5.132s] INFO:colcon.colcon_core.shell:Creating package script '/home/grant/ros2_ws_2/install/ros2_robotx/share/ros2_robotx/package.sh'
[5.132s] INFO:colcon.colcon_core.shell:Creating package script '/home/grant/ros2_ws_2/install/ros2_robotx/share/ros2_robotx/package.bash'
[5.133s] INFO:colcon.colcon_core.shell:Creating package script '/home/grant/ros2_ws_2/install/ros2_robotx/share/ros2_robotx/package.zsh'
[5.133s] Level 1:colcon.colcon_core.environment:create_file_with_runtime_dependencies(/home/grant/ros2_ws_2/install/ros2_robotx/share/colcon-core/packages/ros2_robotx)
[5.146s] DEBUG:colcon.colcon_parallel_executor.executor.parallel:closing loop
[5.146s] DEBUG:colcon.colcon_parallel_executor.executor.parallel:loop closed
[5.146s] DEBUG:colcon.colcon_parallel_executor.executor.parallel:run_until_complete finished with '2'
[5.146s] DEBUG:colcon.colcon_core.event_reactor:joining thread
[5.192s] INFO:colcon.colcon_core.plugin_system:Skipping extension 'colcon_notification.desktop_notification.terminal_notifier': Not used on non-Darwin systems
[5.192s] INFO:colcon.colcon_core.plugin_system:Skipping extension 'colcon_notification.desktop_notification.win32': Not used on non-Windows systems
[5.192s] INFO:colcon.colcon_notification.desktop_notification:Sending desktop notification using 'notify2'
[5.207s] DEBUG:colcon.colcon_core.event_reactor:joined thread
[5.252s] INFO:colcon.colcon_core.shell:Creating prefix script '/home/grant/ros2_ws_2/install/local_setup.ps1'
[5.253s] INFO:colcon.colcon_core.shell:Creating prefix util module '/home/grant/ros2_ws_2/install/_local_setup_util_ps1.py'
[5.254s] INFO:colcon.colcon_core.shell:Creating prefix chain script '/home/grant/ros2_ws_2/install/setup.ps1'
[5.290s] INFO:colcon.colcon_core.shell:Creating prefix script '/home/grant/ros2_ws_2/install/local_setup.sh'
[5.291s] INFO:colcon.colcon_core.shell:Creating prefix util module '/home/grant/ros2_ws_2/install/_local_setup_util_sh.py'
[5.291s] INFO:colcon.colcon_core.shell:Creating prefix chain script '/home/grant/ros2_ws_2/install/setup.sh'
[5.328s] INFO:colcon.colcon_core.shell:Creating prefix script '/home/grant/ros2_ws_2/install/local_setup.bash'
[5.329s] INFO:colcon.colcon_core.shell:Creating prefix chain script '/home/grant/ros2_ws_2/install/setup.bash'
[5.365s] INFO:colcon.colcon_core.shell:Creating prefix script '/home/grant/ros2_ws_2/install/local_setup.zsh'
[5.365s] INFO:colcon.colcon_core.shell:Creating prefix chain script '/home/grant/ros2_ws_2/install/setup.zsh'
