running egg_info
writing ../../build/ros2_robotx/ros2_robotx.egg-info/PKG-INFO
writing dependency_links to ../../build/ros2_robotx/ros2_robotx.egg-info/dependency_links.txt
writing entry points to ../../build/ros2_robotx/ros2_robotx.egg-info/entry_points.txt
writing requirements to ../../build/ros2_robotx/ros2_robotx.egg-info/requires.txt
writing top-level names to ../../build/ros2_robotx/ros2_robotx.egg-info/top_level.txt
reading manifest file '../../build/ros2_robotx/ros2_robotx.egg-info/SOURCES.txt'
writing manifest file '../../build/ros2_robotx/ros2_robotx.egg-info/SOURCES.txt'
running build
running build_py
copying ros2_robotx/dk_functs_dict.py -> /home/grant/ros2_ws/build/ros2_robotx/build/lib/ros2_robotx
copying ros2_robotx/wamv_sim.py -> /home/grant/ros2_ws/build/ros2_robotx/build/lib/ros2_robotx
copying ros2_robotx/drone_control.py -> /home/grant/ros2_ws/build/ros2_robotx/build/lib/ros2_robotx
running install
running install_lib
copying /home/grant/ros2_ws/build/ros2_robotx/build/lib/ros2_robotx/dk_functs_dict.py -> /home/grant/ros2_ws/install/ros2_robotx/lib/python3.8/site-packages/ros2_robotx
copying /home/grant/ros2_ws/build/ros2_robotx/build/lib/ros2_robotx/wamv_sim.py -> /home/grant/ros2_ws/install/ros2_robotx/lib/python3.8/site-packages/ros2_robotx
copying /home/grant/ros2_ws/build/ros2_robotx/build/lib/ros2_robotx/drone_control.py -> /home/grant/ros2_ws/install/ros2_robotx/lib/python3.8/site-packages/ros2_robotx
byte-compiling /home/grant/ros2_ws/install/ros2_robotx/lib/python3.8/site-packages/ros2_robotx/dk_functs_dict.py to dk_functs_dict.cpython-38.pyc
byte-compiling /home/grant/ros2_ws/install/ros2_robotx/lib/python3.8/site-packages/ros2_robotx/wamv_sim.py to wamv_sim.cpython-38.pyc
byte-compiling /home/grant/ros2_ws/install/ros2_robotx/lib/python3.8/site-packages/ros2_robotx/drone_control.py to drone_control.cpython-38.pyc
running install_data
copying ros2_robotx/dk_functs_dict.py -> /home/grant/ros2_ws/install/ros2_robotx/lib/ros2_robotx
running install_egg_info
removing '/home/grant/ros2_ws/install/ros2_robotx/lib/python3.8/site-packages/ros2_robotx-0.0.0-py3.8.egg-info' (and everything under it)
Copying ../../build/ros2_robotx/ros2_robotx.egg-info to /home/grant/ros2_ws/install/ros2_robotx/lib/python3.8/site-packages/ros2_robotx-0.0.0-py3.8.egg-info
running install_scripts
Installing drone_control script to /home/grant/ros2_ws/install/ros2_robotx/lib/ros2_robotx
Installing teleop_key script to /home/grant/ros2_ws/install/ros2_robotx/lib/ros2_robotx
Installing wamv_sim script to /home/grant/ros2_ws/install/ros2_robotx/lib/ros2_robotx
writing list of installed files to '/home/grant/ros2_ws/build/ros2_robotx/install.log'
