[35m[1mScanning dependencies of target Hydrodynamics[0m
[35m[1mScanning dependencies of target gtest[0m
[35m[1mScanning dependencies of target gtest_main[0m
[  5%] [32mBuilding CXX object gtest/CMakeFiles/gtest_main.dir/src/gtest_main.cc.o[0m
[ 10%] [32mBuilding CXX object gtest/CMakeFiles/gtest.dir/src/gtest-all.cc.o[0m
[ 15%] [32mBuilding CXX object CMakeFiles/Hydrodynamics.dir/src/Gazebo.cc.o[0m
[ 20%] [32mBuilding CXX object CMakeFiles/Hydrodynamics.dir/src/Geometry.cc.o[0m
[ 25%] [32mBuilding CXX object CMakeFiles/Hydrodynamics.dir/src/PhysicalConstants.cc.o[0m
[ 30%] [32mBuilding CXX object CMakeFiles/Hydrodynamics.dir/src/Physics.cc.o[0m
[ 35%] [32mBuilding CXX object CMakeFiles/Hydrodynamics.dir/src/Utilities.cc.o[0m
[ 40%] [32mBuilding CXX object CMakeFiles/Hydrodynamics.dir/src/Wavefield.cc.o[0m
[ 45%] [32mBuilding CXX object CMakeFiles/Hydrodynamics.dir/src/WavefieldEntity.cc.o[0m
[ 50%] [32m[1mLinking CXX static library libgtest_main.a[0m
[ 50%] Built target gtest_main
[ 55%] [32m[1mLinking CXX static library libgtest.a[0m
[ 55%] Built target gtest
[ 60%] [32m[1mLinking CXX shared library libHydrodynamics.so[0m
[ 60%] Built target Hydrodynamics
[35m[1mScanning dependencies of target WavefieldVisualPlugin[0m
[35m[1mScanning dependencies of target WavefieldModelPlugin[0m
[35m[1mScanning dependencies of target UNIT_Wavefield_TEST[0m
[ 65%] [32mBuilding CXX object CMakeFiles/UNIT_Wavefield_TEST.dir/src/Wavefield_TEST.cc.o[0m
[ 70%] [32mBuilding CXX object CMakeFiles/WavefieldModelPlugin.dir/src/WavefieldModelPlugin.cc.o[0m
[ 75%] [32mBuilding CXX object CMakeFiles/WavefieldVisualPlugin.dir/src/WavefieldVisualPlugin.cc.o[0m
[ 80%] [32m[1mLinking CXX shared library libWavefieldModelPlugin.so[0m
[ 80%] Built target WavefieldModelPlugin
[35m[1mScanning dependencies of target wavegauge_plugin[0m
[ 85%] [32m[1mLinking CXX executable UNIT_Wavefield_TEST[0m
[ 90%] [32mBuilding CXX object CMakeFiles/wavegauge_plugin.dir/src/wavegauge_plugin.cc.o[0m
[ 90%] Built target UNIT_Wavefield_TEST
[ 95%] [32m[1mLinking CXX shared library libWavefieldVisualPlugin.so[0m
[ 95%] Built target WavefieldVisualPlugin
[100%] [32m[1mLinking CXX shared library libwavegauge_plugin.so[0m
[100%] Built target wavegauge_plugin
-- Install configuration: ""
-- Installing: /home/grant/ros2_ws/install/wave_gazebo_plugins/lib/libHydrodynamics.so
-- Set runtime path of "/home/grant/ros2_ws/install/wave_gazebo_plugins/lib/libHydrodynamics.so" to ""
-- Installing: /home/grant/ros2_ws/install/wave_gazebo_plugins/lib/libWavefieldModelPlugin.so
-- Set runtime path of "/home/grant/ros2_ws/install/wave_gazebo_plugins/lib/libWavefieldModelPlugin.so" to ""
-- Installing: /home/grant/ros2_ws/install/wave_gazebo_plugins/lib/libWavefieldVisualPlugin.so
-- Set runtime path of "/home/grant/ros2_ws/install/wave_gazebo_plugins/lib/libWavefieldVisualPlugin.so" to ""
-- Installing: /home/grant/ros2_ws/install/wave_gazebo_plugins/lib/libwavegauge_plugin.so
-- Set runtime path of "/home/grant/ros2_ws/install/wave_gazebo_plugins/lib/libwavegauge_plugin.so" to ""
-- Installing: /home/grant/ros2_ws/install/wave_gazebo_plugins/include
-- Installing: /home/grant/ros2_ws/install/wave_gazebo_plugins/include/WavefieldModelPlugin.hh
-- Installing: /home/grant/ros2_ws/install/wave_gazebo_plugins/include/Geometry.hh
-- Installing: /home/grant/ros2_ws/install/wave_gazebo_plugins/include/Physics.hh
-- Installing: /home/grant/ros2_ws/install/wave_gazebo_plugins/include/wavegauge_plugin.hh
-- Installing: /home/grant/ros2_ws/install/wave_gazebo_plugins/include/WavefieldVisualPlugin.hh
-- Installing: /home/grant/ros2_ws/install/wave_gazebo_plugins/include/Utilities.hh
-- Installing: /home/grant/ros2_ws/install/wave_gazebo_plugins/include/Gazebo.hh
-- Installing: /home/grant/ros2_ws/install/wave_gazebo_plugins/include/PhysicalConstants.hh
-- Installing: /home/grant/ros2_ws/install/wave_gazebo_plugins/include/Wavefield.hh
-- Installing: /home/grant/ros2_ws/install/wave_gazebo_plugins/include/WavefieldEntity.hh
-- Up-to-date: /home/grant/ros2_ws/install/wave_gazebo_plugins/include
-- Installing: /home/grant/ros2_ws/install/wave_gazebo_plugins/include/wave_gazebo_plugins
-- Up-to-date: /home/grant/ros2_ws/install/wave_gazebo_plugins/include
-- Installing: /home/grant/ros2_ws/install/wave_gazebo_plugins/include/ament_cmake_package_templates
-- Installing: /home/grant/ros2_ws/install/wave_gazebo_plugins/include/ament_cmake_environment_hooks
-- Installing: /home/grant/ros2_ws/install/wave_gazebo_plugins/include/ament_cmake_core
-- Installing: /home/grant/ros2_ws/install/wave_gazebo_plugins/include/ament_cmake_core/stamps
-- Installing: /home/grant/ros2_ws/install/wave_gazebo_plugins/include/ament_cmake_uninstall_target
-- Installing: /home/grant/ros2_ws/install/wave_gazebo_plugins/include/connext_cmake_module
-- Installing: /home/grant/ros2_ws/install/wave_gazebo_plugins/include/connext_cmake_module/check_abi
-- Installing: /home/grant/ros2_ws/install/wave_gazebo_plugins/include/connext_cmake_module/check_abi/build
-- Installing: /home/grant/ros2_ws/install/wave_gazebo_plugins/include/connext_cmake_module/check_abi/build/CMakeFiles
-- Installing: /home/grant/ros2_ws/install/wave_gazebo_plugins/include/connext_cmake_module/check_abi/build/CMakeFiles/Progress
-- Installing: /home/grant/ros2_ws/install/wave_gazebo_plugins/include/connext_cmake_module/check_abi/build/CMakeFiles/exe.dir
-- Installing: /home/grant/ros2_ws/install/wave_gazebo_plugins/include/ament_cmake_export_libraries
-- Installing: /home/grant/ros2_ws/install/wave_gazebo_plugins/include/gtest
-- Installing: /home/grant/ros2_ws/install/wave_gazebo_plugins/include/gtest/CMakeFiles
-- Installing: /home/grant/ros2_ws/install/wave_gazebo_plugins/include/gtest/CMakeFiles/gtest_main.dir
-- Installing: /home/grant/ros2_ws/install/wave_gazebo_plugins/include/gtest/CMakeFiles/gtest_main.dir/src
-- Installing: /home/grant/ros2_ws/install/wave_gazebo_plugins/include/gtest/CMakeFiles/gtest.dir
-- Installing: /home/grant/ros2_ws/install/wave_gazebo_plugins/include/gtest/CMakeFiles/gtest.dir/src
-- Installing: /home/grant/ros2_ws/install/wave_gazebo_plugins/include/ament_cmake_index
-- Installing: /home/grant/ros2_ws/install/wave_gazebo_plugins/include/ament_cmake_index/share
-- Installing: /home/grant/ros2_ws/install/wave_gazebo_plugins/include/ament_cmake_index/share/ament_index
-- Installing: /home/grant/ros2_ws/install/wave_gazebo_plugins/include/ament_cmake_index/share/ament_index/resource_index
-- Installing: /home/grant/ros2_ws/install/wave_gazebo_plugins/include/ament_cmake_index/share/ament_index/resource_index/packages
-- Installing: /home/grant/ros2_ws/install/wave_gazebo_plugins/include/ament_cmake_index/share/ament_index/resource_index/package_run_dependencies
-- Installing: /home/grant/ros2_ws/install/wave_gazebo_plugins/include/ament_cmake_index/share/ament_index/resource_index/parent_prefix_path
-- Installing: /home/grant/ros2_ws/install/wave_gazebo_plugins/include/CMakeFiles
-- Installing: /home/grant/ros2_ws/install/wave_gazebo_plugins/include/CMakeFiles/wave_gazebo_plugins_uninstall.dir
-- Installing: /home/grant/ros2_ws/install/wave_gazebo_plugins/include/CMakeFiles/UNIT_Wavefield_TEST.dir
-- Installing: /home/grant/ros2_ws/install/wave_gazebo_plugins/include/CMakeFiles/UNIT_Wavefield_TEST.dir/src
-- Installing: /home/grant/ros2_ws/install/wave_gazebo_plugins/include/CMakeFiles/3.16.3
-- Installing: /home/grant/ros2_ws/install/wave_gazebo_plugins/include/CMakeFiles/3.16.3/CompilerIdC
-- Installing: /home/grant/ros2_ws/install/wave_gazebo_plugins/include/CMakeFiles/3.16.3/CompilerIdC/tmp
-- Installing: /home/grant/ros2_ws/install/wave_gazebo_plugins/include/CMakeFiles/3.16.3/CompilerIdCXX
-- Installing: /home/grant/ros2_ws/install/wave_gazebo_plugins/include/CMakeFiles/3.16.3/CompilerIdCXX/tmp
-- Installing: /home/grant/ros2_ws/install/wave_gazebo_plugins/include/CMakeFiles/uninstall.dir
-- Installing: /home/grant/ros2_ws/install/wave_gazebo_plugins/include/CMakeFiles/CMakeTmp
-- Installing: /home/grant/ros2_ws/install/wave_gazebo_plugins/include/CMakeFiles/WavefieldVisualPlugin.dir
-- Installing: /home/grant/ros2_ws/install/wave_gazebo_plugins/include/CMakeFiles/WavefieldVisualPlugin.dir/src
-- Installing: /home/grant/ros2_ws/install/wave_gazebo_plugins/include/CMakeFiles/wavegauge_plugin.dir
-- Installing: /home/grant/ros2_ws/install/wave_gazebo_plugins/include/CMakeFiles/wavegauge_plugin.dir/src
-- Installing: /home/grant/ros2_ws/install/wave_gazebo_plugins/include/CMakeFiles/Hydrodynamics.dir
-- Installing: /home/grant/ros2_ws/install/wave_gazebo_plugins/include/CMakeFiles/Hydrodynamics.dir/src
-- Installing: /home/grant/ros2_ws/install/wave_gazebo_plugins/include/CMakeFiles/WavefieldModelPlugin.dir
-- Installing: /home/grant/ros2_ws/install/wave_gazebo_plugins/include/CMakeFiles/WavefieldModelPlugin.dir/src
-- Installing: /home/grant/ros2_ws/install/wave_gazebo_plugins/include/ament_cmake_export_include_directories
-- Installing: /home/grant/ros2_ws/install/wave_gazebo_plugins/share/wave_gazebo_plugins/environment/library_path.sh
-- Installing: /home/grant/ros2_ws/install/wave_gazebo_plugins/share/wave_gazebo_plugins/environment/library_path.dsv
-- Installing: /home/grant/ros2_ws/install/wave_gazebo_plugins/share/ament_index/resource_index/package_run_dependencies/wave_gazebo_plugins
-- Installing: /home/grant/ros2_ws/install/wave_gazebo_plugins/share/ament_index/resource_index/parent_prefix_path/wave_gazebo_plugins
-- Installing: /home/grant/ros2_ws/install/wave_gazebo_plugins/share/wave_gazebo_plugins/environment/ament_prefix_path.sh
-- Installing: /home/grant/ros2_ws/install/wave_gazebo_plugins/share/wave_gazebo_plugins/environment/ament_prefix_path.dsv
-- Installing: /home/grant/ros2_ws/install/wave_gazebo_plugins/share/wave_gazebo_plugins/environment/path.sh
-- Installing: /home/grant/ros2_ws/install/wave_gazebo_plugins/share/wave_gazebo_plugins/environment/path.dsv
-- Installing: /home/grant/ros2_ws/install/wave_gazebo_plugins/share/wave_gazebo_plugins/local_setup.bash
-- Installing: /home/grant/ros2_ws/install/wave_gazebo_plugins/share/wave_gazebo_plugins/local_setup.sh
-- Installing: /home/grant/ros2_ws/install/wave_gazebo_plugins/share/wave_gazebo_plugins/local_setup.zsh
-- Installing: /home/grant/ros2_ws/install/wave_gazebo_plugins/share/wave_gazebo_plugins/local_setup.dsv
-- Installing: /home/grant/ros2_ws/install/wave_gazebo_plugins/share/wave_gazebo_plugins/package.dsv
-- Installing: /home/grant/ros2_ws/install/wave_gazebo_plugins/share/ament_index/resource_index/packages/wave_gazebo_plugins
-- Installing: /home/grant/ros2_ws/install/wave_gazebo_plugins/share/wave_gazebo_plugins/cmake/ament_cmake_export_include_directories-extras.cmake
-- Installing: /home/grant/ros2_ws/install/wave_gazebo_plugins/share/wave_gazebo_plugins/cmake/ament_cmake_export_libraries-extras.cmake
-- Installing: /home/grant/ros2_ws/install/wave_gazebo_plugins/share/wave_gazebo_plugins/cmake/wave_gazebo_pluginsConfig.cmake
-- Installing: /home/grant/ros2_ws/install/wave_gazebo_plugins/share/wave_gazebo_plugins/cmake/wave_gazebo_pluginsConfig-version.cmake
-- Installing: /home/grant/ros2_ws/install/wave_gazebo_plugins/share/wave_gazebo_plugins/package.xml
