[0.100s] Invoking command in '/home/grant/ros2_ws/build/wave_gazebo_plugins': CMAKE_PREFIX_PATH=/home/grant/ros2_ws/install/mavros_extras:/home/grant/ros2_ws/install/mavros:/home/grant/ros2_ws/install/mavros_msgs:/home/grant/ros2_ws/install/libmavconn:/home/grant/ros2_ws/install/mavlink:/opt/ros/foxy:/home/grant/vrx_ws/devel:/opt/ros/noetic:/home/grant/ros2_foxy/ros2-linux CONDA_PROMPT_MODIFIER=(base) /usr/bin/cmake --build /home/grant/ros2_ws/build/wave_gazebo_plugins -- -j8 -l8
[0.167s] [35m[1mScanning dependencies of target Hydrodynamics[0m
[0.172s] [35m[1mScanning dependencies of target gtest[0m
[0.178s] [35m[1mScanning dependencies of target gtest_main[0m
[0.208s] [  5%] [32mBuilding CXX object gtest/CMakeFiles/gtest_main.dir/src/gtest_main.cc.o[0m
[0.208s] [ 10%] [32mBuilding CXX object gtest/CMakeFiles/gtest.dir/src/gtest-all.cc.o[0m
[0.375s] [ 15%] [32mBuilding CXX object CMakeFiles/Hydrodynamics.dir/src/Gazebo.cc.o[0m
[0.400s] [ 20%] [32mBuilding CXX object CMakeFiles/Hydrodynamics.dir/src/Geometry.cc.o[0m
[0.427s] [ 25%] [32mBuilding CXX object CMakeFiles/Hydrodynamics.dir/src/PhysicalConstants.cc.o[0m
[0.429s] [ 30%] [32mBuilding CXX object CMakeFiles/Hydrodynamics.dir/src/Physics.cc.o[0m
[0.430s] [ 35%] [32mBuilding CXX object CMakeFiles/Hydrodynamics.dir/src/Utilities.cc.o[0m
[0.441s] [ 40%] [32mBuilding CXX object CMakeFiles/Hydrodynamics.dir/src/Wavefield.cc.o[0m
[0.587s] [ 45%] [32mBuilding CXX object CMakeFiles/Hydrodynamics.dir/src/WavefieldEntity.cc.o[0m
[1.072s] [ 50%] [32m[1mLinking CXX static library libgtest_main.a[0m
[1.221s] [ 50%] Built target gtest_main
[4.021s] [ 55%] [32m[1mLinking CXX static library libgtest.a[0m
[4.079s] [ 55%] Built target gtest
[8.223s] [01m[K/home/grant/ros2_ws/src/VRX_Foxy/wave_gazebo_plugins/src/Wavefield.cc:[m[K In constructor ‘[01m[Kasv::WaveParametersPrivate::WaveParametersPrivate()[m[K’:
[8.223s] [01m[K/home/grant/ros2_ws/src/VRX_Foxy/wave_gazebo_plugins/src/Wavefield.cc:116:20:[m[K [01;35m[Kwarning: [m[K‘[01m[Kasv::WaveParametersPrivate::wavenumber[m[K’ will be initialized after [[01;35m[K-Wreorder[m[K]
[8.224s]   116 |     public: double [01;35m[Kwavenumber[m[K;
[8.224s]       |                    [01;35m[K^~~~~~~~~~[m[K
[8.224s] [01m[K/home/grant/ros2_ws/src/VRX_Foxy/wave_gazebo_plugins/src/Wavefield.cc:104:20:[m[K [01;35m[Kwarning: [m[K  ‘[01m[Kdouble asv::WaveParametersPrivate::tau[m[K’ [[01;35m[K-Wreorder[m[K]
[8.224s]   104 |     public: double [01;35m[Ktau[m[K;
[8.224s]       |                    [01;35m[K^~~[m[K
[8.224s] [01m[K/home/grant/ros2_ws/src/VRX_Foxy/wave_gazebo_plugins/src/Wavefield.cc:58:13:[m[K [01;35m[Kwarning: [m[K  when initialized here [[01;35m[K-Wreorder[m[K]
[8.224s]    58 |     public: [01;35m[KWaveParametersPrivate[m[K():
[8.224s]       |             [01;35m[K^~~~~~~~~~~~~~~~~~~~~[m[K
[8.279s] /home/grant/ros2_ws/src/VRX_Foxy/wave_gazebo_plugins/src/Wavefield.cc: In instantiation of ‘[01m[Kasv::WavefieldSampler::ComputeDepthDirectly(const asv::WaveParameters&, const Vector3d&, double, double)::<lambda(auto:24, auto:25, auto:26, auto:27&, auto:28&, auto:29&)> [with auto:24 = Eigen::Matrix<double, 2, 1>; auto:25 = Eigen::Matrix<double, 2, 1>; auto:26 = double; auto:27 = asv::WavefieldSampler::ComputeDepthDirectly(const asv::WaveParameters&, const Vector3d&, double, double)::WaveParams; auto:28 = Eigen::Matrix<double, 2, 1>; auto:29 = Eigen::Matrix<double, 2, 2>][m[K’:
[8.279s] [01m[K/home/grant/ros2_ws/src/VRX_Foxy/wave_gazebo_plugins/src/Wavefield.cc:621:20:[m[K   required from ‘[01m[Kasv::WavefieldSampler::ComputeDepthDirectly(const asv::WaveParameters&, const Vector3d&, double, double)::<lambda(auto:30&, auto:31, auto:32, auto:33, auto:34&, auto:35, auto:36)> [with auto:30 = asv::WavefieldSampler::ComputeDepthDirectly(const asv::WaveParameters&, const Vector3d&, double, double)::<lambda(auto:24, auto:25, auto:26, auto:27&, auto:28&, auto:29&)>; auto:31 = Eigen::Matrix<double, 2, 1>; auto:32 = Eigen::Matrix<double, 2, 1>; auto:33 = double; auto:34 = asv::WavefieldSampler::ComputeDepthDirectly(const asv::WaveParameters&, const Vector3d&, double, double)::WaveParams; auto:35 = double; auto:36 = double][m[K’
[8.280s] [01m[K/home/grant/ros2_ws/src/VRX_Foxy/wave_gazebo_plugins/src/Wavefield.cc:646:67:[m[K   required from here
[8.280s] [01m[K/home/grant/ros2_ws/src/VRX_Foxy/wave_gazebo_plugins/src/Wavefield.cc:578:28:[m[K [01;35m[Kwarning: [m[Kcomparison of integer expressions of different signedness: ‘[01m[Kint[m[K’ and ‘[01m[Kconst size_t[m[K’ {aka ‘[01m[Kconst long unsigned int[m[K’} [[01;35m[K-Wsign-compare[m[K]
[8.280s]   578 |       for (auto&& i = 0; [01;35m[Ki < n[m[K; ++i) // NOLINT
[8.280s]       |                          [01;35m[K~~^~~[m[K
[13.113s] In file included from [01m[K/home/grant/ros2_ws/src/VRX_Foxy/wave_gazebo_plugins/src/Gazebo.cc:27[m[K:
[13.113s] [01m[K/home/grant/ros2_ws/src/VRX_Foxy/wave_gazebo_plugins/include/wave_gazebo_plugins/Gazebo.hh:47:4:[m[K [01;35m[Kwarning: [m[Kextra ‘[01m[K;[m[K’ [[01;35m[K-Wpedantic[m[K]
[13.113s]    47 |   }[01;35m[K;[m[K
[13.113s]       |    [01;35m[K^[m[K
[15.908s] [ 60%] [32m[1mLinking CXX shared library libHydrodynamics.so[0m
[16.357s] [ 60%] Built target Hydrodynamics
[16.365s] [35m[1mScanning dependencies of target WavefieldVisualPlugin[0m
[16.365s] [35m[1mScanning dependencies of target WavefieldModelPlugin[0m
[16.365s] [35m[1mScanning dependencies of target UNIT_Wavefield_TEST[0m
[16.463s] [ 65%] [32mBuilding CXX object CMakeFiles/UNIT_Wavefield_TEST.dir/src/Wavefield_TEST.cc.o[0m
[16.465s] [ 70%] [32mBuilding CXX object CMakeFiles/WavefieldModelPlugin.dir/src/WavefieldModelPlugin.cc.o[0m
[16.466s] [ 75%] [32mBuilding CXX object CMakeFiles/WavefieldVisualPlugin.dir/src/WavefieldVisualPlugin.cc.o[0m
[17.812s] [01m[K/home/grant/ros2_ws/src/VRX_Foxy/wave_gazebo_plugins/src/WavefieldModelPlugin.cc:199:5:[m[K [01;35m[Kwarning: [m[Kmulti-line comment [[01;35m[K-Wcomment[m[K]
[17.812s]   199 |     [01;35m[K/[m[K/ GZ_ASSERT(wavefieldEntity->GetWavefield() != nullptr, \
[17.812s]       |     [01;35m[K^[m[K
[23.001s] [01m[K/home/grant/ros2_ws/src/VRX_Foxy/wave_gazebo_plugins/src/Wavefield_TEST.cc:[m[K In member function ‘[01m[Kvirtual void Wavefield_WaveSolver2D_Test::TestBody()[m[K’:
[23.001s] [01m[K/home/grant/ros2_ws/src/VRX_Foxy/wave_gazebo_plugins/src/Wavefield_TEST.cc:236:8:[m[K [01;35m[Kwarning: [m[Kvariable ‘[01m[KJ[m[K’ set but not used [[01;35m[K-Wunused-but-set-variable[m[K]
[23.001s]   236 |   auto [01;35m[KJ[m[K = wave_df(x0, p, t, wp);
[23.001s]       |        [01;35m[K^[m[K
[23.006s] /home/grant/ros2_ws/src/VRX_Foxy/wave_gazebo_plugins/src/Wavefield_TEST.cc: In instantiation of ‘[01m[KWavefield_NWaveSolver2D_Test::TestBody()::<lambda(auto:65, auto:66, auto:67&)> [with auto:65 = Eigen::Matrix<double, 2, 1>; auto:66 = double; auto:67 = Wavefield_NWaveSolver2D_Test::TestBody()::WaveParams][m[K’:
[23.006s] [01m[K/home/grant/ros2_ws/src/VRX_Foxy/wave_gazebo_plugins/src/Wavefield_TEST.cc:379:27:[m[K   required from here
[23.006s] [01m[K/home/grant/ros2_ws/src/VRX_Foxy/wave_gazebo_plugins/src/Wavefield_TEST.cc:286:26:[m[K [01;35m[Kwarning: [m[Kcomparison of integer expressions of different signedness: ‘[01m[Kint[m[K’ and ‘[01m[Kconst size_t[m[K’ {aka ‘[01m[Kconst long unsigned int[m[K’} [[01;35m[K-Wsign-compare[m[K]
[23.006s]   286 |     for (auto&& i = 0; [01;35m[Ki < n[m[K; ++i) // NOLINT
[23.006s]       |                        [01;35m[K~~^~~[m[K
[23.007s] /home/grant/ros2_ws/src/VRX_Foxy/wave_gazebo_plugins/src/Wavefield_TEST.cc: In instantiation of ‘[01m[KWavefield_NWaveSolver2D_Test::TestBody()::<lambda(auto:68, auto:69, auto:70, auto:71&)> [with auto:68 = Eigen::Matrix<double, 2, 1>; auto:69 = Eigen::Matrix<double, 2, 1>; auto:70 = double; auto:71 = Wavefield_NWaveSolver2D_Test::TestBody()::WaveParams][m[K’:
[23.007s] [01m[K/home/grant/ros2_ws/src/VRX_Foxy/wave_gazebo_plugins/src/Wavefield_TEST.cc:381:32:[m[K   required from here
[23.007s] [01m[K/home/grant/ros2_ws/src/VRX_Foxy/wave_gazebo_plugins/src/Wavefield_TEST.cc:306:26:[m[K [01;35m[Kwarning: [m[Kcomparison of integer expressions of different signedness: ‘[01m[Kint[m[K’ and ‘[01m[Kconst size_t[m[K’ {aka ‘[01m[Kconst long unsigned int[m[K’} [[01;35m[K-Wsign-compare[m[K]
[23.007s]   306 |     for (auto&& i = 0; [01;35m[Ki < n[m[K; ++i) // NOLINT
[23.007s]       |                        [01;35m[K~~^~~[m[K
[23.007s] /home/grant/ros2_ws/src/VRX_Foxy/wave_gazebo_plugins/src/Wavefield_TEST.cc: In instantiation of ‘[01m[KWavefield_NWaveSolver2D_Test::TestBody()::<lambda(auto:72, auto:73, auto:74, auto:75&)> [with auto:72 = Eigen::Matrix<double, 2, 1>; auto:73 = Eigen::Matrix<double, 2, 1>; auto:74 = double; auto:75 = Wavefield_NWaveSolver2D_Test::TestBody()::WaveParams][m[K’:
[23.007s] [01m[K/home/grant/ros2_ws/src/VRX_Foxy/wave_gazebo_plugins/src/Wavefield_TEST.cc:382:32:[m[K   required from here
[23.007s] [01m[K/home/grant/ros2_ws/src/VRX_Foxy/wave_gazebo_plugins/src/Wavefield_TEST.cc:328:26:[m[K [01;35m[Kwarning: [m[Kcomparison of integer expressions of different signedness: ‘[01m[Kint[m[K’ and ‘[01m[Kconst size_t[m[K’ {aka ‘[01m[Kconst long unsigned int[m[K’} [[01;35m[K-Wsign-compare[m[K]
[23.008s]   328 |     for (auto&& i = 0; [01;35m[Ki < n[m[K; ++i) // NOLINT
[23.008s]       |                        [01;35m[K~~^~~[m[K
[23.009s] [01m[K/home/grant/ros2_ws/src/VRX_Foxy/wave_gazebo_plugins/src/Wavefield_TEST.cc:[m[K In member function ‘[01m[Kvirtual void Wavefield_NWaveSolver2D_Test::TestBody()[m[K’:
[23.009s] [01m[K/home/grant/ros2_ws/src/VRX_Foxy/wave_gazebo_plugins/src/Wavefield_TEST.cc:382:8:[m[K [01;35m[Kwarning: [m[Kvariable ‘[01m[KJ[m[K’ set but not used [[01;35m[K-Wunused-but-set-variable[m[K]
[23.009s]   382 |   auto [01;35m[KJ[m[K = wave_df(x0, p, t, wp);
[23.009s]       |        [01;35m[K^[m[K
[23.013s] /home/grant/ros2_ws/src/VRX_Foxy/wave_gazebo_plugins/src/Wavefield_TEST.cc: In instantiation of ‘[01m[KWavefield_NWaveFdFSolver2D_Test::TestBody()::<lambda(auto:85, auto:86, auto:87&)> [with auto:85 = Eigen::Matrix<double, 2, 1>; auto:86 = double; auto:87 = Wavefield_NWaveFdFSolver2D_Test::TestBody()::WaveParams][m[K’:
[23.013s] [01m[K/home/grant/ros2_ws/src/VRX_Foxy/wave_gazebo_plugins/src/Wavefield_TEST.cc:509:27:[m[K   required from here
[23.013s] [01m[K/home/grant/ros2_ws/src/VRX_Foxy/wave_gazebo_plugins/src/Wavefield_TEST.cc:429:26:[m[K [01;35m[Kwarning: [m[Kcomparison of integer expressions of different signedness: ‘[01m[Kint[m[K’ and ‘[01m[Kconst size_t[m[K’ {aka ‘[01m[Kconst long unsigned int[m[K’} [[01;35m[K-Wsign-compare[m[K]
[23.013s]   429 |     for (auto&& i = 0; [01;35m[Ki < n[m[K; ++i) // NOLINT
[23.013s]       |                        [01;35m[K~~^~~[m[K
[23.014s] /home/grant/ros2_ws/src/VRX_Foxy/wave_gazebo_plugins/src/Wavefield_TEST.cc: In instantiation of ‘[01m[KWavefield_NWaveFdFSolver2D_Test::TestBody()::<lambda(auto:88, auto:89, auto:90, auto:91&, auto:92&, auto:93&)> [with auto:88 = Eigen::Matrix<double, 2, 1>; auto:89 = Eigen::Matrix<double, 2, 1>; auto:90 = double; auto:91 = Wavefield_NWaveFdFSolver2D_Test::TestBody()::WaveParams; auto:92 = Eigen::Matrix<double, 2, 1>; auto:93 = Eigen::Matrix<double, 2, 2>][m[K’:
[23.014s] [01m[K/home/grant/ros2_ws/src/VRX_Foxy/wave_gazebo_plugins/src/Wavefield_TEST.cc:513:30:[m[K   required from here
[23.014s] [01m[K/home/grant/ros2_ws/src/VRX_Foxy/wave_gazebo_plugins/src/Wavefield_TEST.cc:455:26:[m[K [01;35m[Kwarning: [m[Kcomparison of integer expressions of different signedness: ‘[01m[Kint[m[K’ and ‘[01m[Kconst size_t[m[K’ {aka ‘[01m[Kconst long unsigned int[m[K’} [[01;35m[K-Wsign-compare[m[K]
[23.014s]   455 |     for (auto&& i = 0; [01;35m[Ki < n[m[K; ++i) // NOLINT
[23.014s]       |                        [01;35m[K~~^~~[m[K
[25.445s] [ 80%] [32m[1mLinking CXX shared library libWavefieldModelPlugin.so[0m
[25.791s] [ 80%] Built target WavefieldModelPlugin
[25.800s] [35m[1mScanning dependencies of target wavegauge_plugin[0m
[25.824s] [ 85%] [32m[1mLinking CXX executable UNIT_Wavefield_TEST[0m
[25.901s] [ 90%] [32mBuilding CXX object CMakeFiles/wavegauge_plugin.dir/src/wavegauge_plugin.cc.o[0m
[26.439s] In file included from [01m[K/home/grant/ros2_ws/src/VRX_Foxy/wave_gazebo_plugins/src/WavefieldVisualPlugin.cc:43[m[K:
[26.439s] [01m[K/home/grant/ros2_ws/src/VRX_Foxy/wave_gazebo_plugins/include/wave_gazebo_plugins/Gazebo.hh:47:4:[m[K [01;35m[Kwarning: [m[Kextra ‘[01m[K;[m[K’ [[01;35m[K-Wpedantic[m[K]
[26.439s]    47 |   }[01;35m[K;[m[K
[26.439s]       |    [01;35m[K^[m[K
[26.945s] [ 90%] Built target UNIT_Wavefield_TEST
[29.875s] [ 95%] [32m[1mLinking CXX shared library libWavefieldVisualPlugin.so[0m
[30.271s] [ 95%] Built target WavefieldVisualPlugin
[34.847s] [100%] [32m[1mLinking CXX shared library libwavegauge_plugin.so[0m
[35.186s] [100%] Built target wavegauge_plugin
[35.195s] Invoked command in '/home/grant/ros2_ws/build/wave_gazebo_plugins' returned '0': CMAKE_PREFIX_PATH=/home/grant/ros2_ws/install/mavros_extras:/home/grant/ros2_ws/install/mavros:/home/grant/ros2_ws/install/mavros_msgs:/home/grant/ros2_ws/install/libmavconn:/home/grant/ros2_ws/install/mavlink:/opt/ros/foxy:/home/grant/vrx_ws/devel:/opt/ros/noetic:/home/grant/ros2_foxy/ros2-linux CONDA_PROMPT_MODIFIER=(base) /usr/bin/cmake --build /home/grant/ros2_ws/build/wave_gazebo_plugins -- -j8 -l8
[35.236s] Invoking command in '/home/grant/ros2_ws/build/wave_gazebo_plugins': CMAKE_PREFIX_PATH=/home/grant/ros2_ws/install/mavros_extras:/home/grant/ros2_ws/install/mavros:/home/grant/ros2_ws/install/mavros_msgs:/home/grant/ros2_ws/install/libmavconn:/home/grant/ros2_ws/install/mavlink:/opt/ros/foxy:/home/grant/vrx_ws/devel:/opt/ros/noetic:/home/grant/ros2_foxy/ros2-linux CONDA_PROMPT_MODIFIER=(base) /usr/bin/cmake --install /home/grant/ros2_ws/build/wave_gazebo_plugins
[35.242s] -- Install configuration: ""
[35.242s] -- Installing: /home/grant/ros2_ws/install/wave_gazebo_plugins/lib/libHydrodynamics.so
[35.244s] -- Set runtime path of "/home/grant/ros2_ws/install/wave_gazebo_plugins/lib/libHydrodynamics.so" to ""
[35.244s] -- Installing: /home/grant/ros2_ws/install/wave_gazebo_plugins/lib/libWavefieldModelPlugin.so
[35.245s] -- Set runtime path of "/home/grant/ros2_ws/install/wave_gazebo_plugins/lib/libWavefieldModelPlugin.so" to ""
[35.245s] -- Installing: /home/grant/ros2_ws/install/wave_gazebo_plugins/lib/libWavefieldVisualPlugin.so
[35.246s] -- Set runtime path of "/home/grant/ros2_ws/install/wave_gazebo_plugins/lib/libWavefieldVisualPlugin.so" to ""
[35.246s] -- Installing: /home/grant/ros2_ws/install/wave_gazebo_plugins/lib/libwavegauge_plugin.so
[35.248s] -- Set runtime path of "/home/grant/ros2_ws/install/wave_gazebo_plugins/lib/libwavegauge_plugin.so" to ""
[35.248s] -- Installing: /home/grant/ros2_ws/install/wave_gazebo_plugins/include
[35.248s] -- Installing: /home/grant/ros2_ws/install/wave_gazebo_plugins/include/WavefieldModelPlugin.hh
[35.248s] -- Installing: /home/grant/ros2_ws/install/wave_gazebo_plugins/include/Geometry.hh
[35.248s] -- Installing: /home/grant/ros2_ws/install/wave_gazebo_plugins/include/Physics.hh
[35.248s] -- Installing: /home/grant/ros2_ws/install/wave_gazebo_plugins/include/wavegauge_plugin.hh
[35.249s] -- Installing: /home/grant/ros2_ws/install/wave_gazebo_plugins/include/WavefieldVisualPlugin.hh
[35.249s] -- Installing: /home/grant/ros2_ws/install/wave_gazebo_plugins/include/Utilities.hh
[35.249s] -- Installing: /home/grant/ros2_ws/install/wave_gazebo_plugins/include/Gazebo.hh
[35.249s] -- Installing: /home/grant/ros2_ws/install/wave_gazebo_plugins/include/PhysicalConstants.hh
[35.249s] -- Installing: /home/grant/ros2_ws/install/wave_gazebo_plugins/include/Wavefield.hh
[35.249s] -- Installing: /home/grant/ros2_ws/install/wave_gazebo_plugins/include/WavefieldEntity.hh
[35.249s] -- Up-to-date: /home/grant/ros2_ws/install/wave_gazebo_plugins/include
[35.249s] -- Installing: /home/grant/ros2_ws/install/wave_gazebo_plugins/include/wave_gazebo_plugins
[35.249s] -- Up-to-date: /home/grant/ros2_ws/install/wave_gazebo_plugins/include
[35.250s] -- Installing: /home/grant/ros2_ws/install/wave_gazebo_plugins/include/ament_cmake_package_templates
[35.250s] -- Installing: /home/grant/ros2_ws/install/wave_gazebo_plugins/include/ament_cmake_environment_hooks
[35.250s] -- Installing: /home/grant/ros2_ws/install/wave_gazebo_plugins/include/ament_cmake_core
[35.250s] -- Installing: /home/grant/ros2_ws/install/wave_gazebo_plugins/include/ament_cmake_core/stamps
[35.250s] -- Installing: /home/grant/ros2_ws/install/wave_gazebo_plugins/include/ament_cmake_uninstall_target
[35.250s] -- Installing: /home/grant/ros2_ws/install/wave_gazebo_plugins/include/connext_cmake_module
[35.250s] -- Installing: /home/grant/ros2_ws/install/wave_gazebo_plugins/include/connext_cmake_module/check_abi
[35.250s] -- Installing: /home/grant/ros2_ws/install/wave_gazebo_plugins/include/connext_cmake_module/check_abi/build
[35.251s] -- Installing: /home/grant/ros2_ws/install/wave_gazebo_plugins/include/connext_cmake_module/check_abi/build/CMakeFiles
[35.251s] -- Installing: /home/grant/ros2_ws/install/wave_gazebo_plugins/include/connext_cmake_module/check_abi/build/CMakeFiles/Progress
[35.251s] -- Installing: /home/grant/ros2_ws/install/wave_gazebo_plugins/include/connext_cmake_module/check_abi/build/CMakeFiles/exe.dir
[35.251s] -- Installing: /home/grant/ros2_ws/install/wave_gazebo_plugins/include/ament_cmake_export_libraries
[35.251s] -- Installing: /home/grant/ros2_ws/install/wave_gazebo_plugins/include/gtest
[35.251s] -- Installing: /home/grant/ros2_ws/install/wave_gazebo_plugins/include/gtest/CMakeFiles
[35.251s] -- Installing: /home/grant/ros2_ws/install/wave_gazebo_plugins/include/gtest/CMakeFiles/gtest_main.dir
[35.251s] -- Installing: /home/grant/ros2_ws/install/wave_gazebo_plugins/include/gtest/CMakeFiles/gtest_main.dir/src
[35.251s] -- Installing: /home/grant/ros2_ws/install/wave_gazebo_plugins/include/gtest/CMakeFiles/gtest.dir
[35.251s] -- Installing: /home/grant/ros2_ws/install/wave_gazebo_plugins/include/gtest/CMakeFiles/gtest.dir/src
[35.252s] -- Installing: /home/grant/ros2_ws/install/wave_gazebo_plugins/include/ament_cmake_index
[35.252s] -- Installing: /home/grant/ros2_ws/install/wave_gazebo_plugins/include/ament_cmake_index/share
[35.252s] -- Installing: /home/grant/ros2_ws/install/wave_gazebo_plugins/include/ament_cmake_index/share/ament_index
[35.252s] -- Installing: /home/grant/ros2_ws/install/wave_gazebo_plugins/include/ament_cmake_index/share/ament_index/resource_index
[35.252s] -- Installing: /home/grant/ros2_ws/install/wave_gazebo_plugins/include/ament_cmake_index/share/ament_index/resource_index/packages
[35.252s] -- Installing: /home/grant/ros2_ws/install/wave_gazebo_plugins/include/ament_cmake_index/share/ament_index/resource_index/package_run_dependencies
[35.252s] -- Installing: /home/grant/ros2_ws/install/wave_gazebo_plugins/include/ament_cmake_index/share/ament_index/resource_index/parent_prefix_path
[35.252s] -- Installing: /home/grant/ros2_ws/install/wave_gazebo_plugins/include/CMakeFiles
[35.252s] -- Installing: /home/grant/ros2_ws/install/wave_gazebo_plugins/include/CMakeFiles/wave_gazebo_plugins_uninstall.dir
[35.253s] -- Installing: /home/grant/ros2_ws/install/wave_gazebo_plugins/include/CMakeFiles/UNIT_Wavefield_TEST.dir
[35.253s] -- Installing: /home/grant/ros2_ws/install/wave_gazebo_plugins/include/CMakeFiles/UNIT_Wavefield_TEST.dir/src
[35.253s] -- Installing: /home/grant/ros2_ws/install/wave_gazebo_plugins/include/CMakeFiles/3.16.3
[35.253s] -- Installing: /home/grant/ros2_ws/install/wave_gazebo_plugins/include/CMakeFiles/3.16.3/CompilerIdC
[35.253s] -- Installing: /home/grant/ros2_ws/install/wave_gazebo_plugins/include/CMakeFiles/3.16.3/CompilerIdC/tmp
[35.253s] -- Installing: /home/grant/ros2_ws/install/wave_gazebo_plugins/include/CMakeFiles/3.16.3/CompilerIdCXX
[35.253s] -- Installing: /home/grant/ros2_ws/install/wave_gazebo_plugins/include/CMakeFiles/3.16.3/CompilerIdCXX/tmp
[35.253s] -- Installing: /home/grant/ros2_ws/install/wave_gazebo_plugins/include/CMakeFiles/uninstall.dir
[35.253s] -- Installing: /home/grant/ros2_ws/install/wave_gazebo_plugins/include/CMakeFiles/CMakeTmp
[35.253s] -- Installing: /home/grant/ros2_ws/install/wave_gazebo_plugins/include/CMakeFiles/WavefieldVisualPlugin.dir
[35.254s] -- Installing: /home/grant/ros2_ws/install/wave_gazebo_plugins/include/CMakeFiles/WavefieldVisualPlugin.dir/src
[35.254s] -- Installing: /home/grant/ros2_ws/install/wave_gazebo_plugins/include/CMakeFiles/wavegauge_plugin.dir
[35.254s] -- Installing: /home/grant/ros2_ws/install/wave_gazebo_plugins/include/CMakeFiles/wavegauge_plugin.dir/src
[35.254s] -- Installing: /home/grant/ros2_ws/install/wave_gazebo_plugins/include/CMakeFiles/Hydrodynamics.dir
[35.254s] -- Installing: /home/grant/ros2_ws/install/wave_gazebo_plugins/include/CMakeFiles/Hydrodynamics.dir/src
[35.254s] -- Installing: /home/grant/ros2_ws/install/wave_gazebo_plugins/include/CMakeFiles/WavefieldModelPlugin.dir
[35.254s] -- Installing: /home/grant/ros2_ws/install/wave_gazebo_plugins/include/CMakeFiles/WavefieldModelPlugin.dir/src
[35.254s] -- Installing: /home/grant/ros2_ws/install/wave_gazebo_plugins/include/ament_cmake_export_include_directories
[35.254s] -- Installing: /home/grant/ros2_ws/install/wave_gazebo_plugins/share/wave_gazebo_plugins/environment/library_path.sh
[35.254s] -- Installing: /home/grant/ros2_ws/install/wave_gazebo_plugins/share/wave_gazebo_plugins/environment/library_path.dsv
[35.254s] -- Installing: /home/grant/ros2_ws/install/wave_gazebo_plugins/share/ament_index/resource_index/package_run_dependencies/wave_gazebo_plugins
[35.258s] -- Installing: /home/grant/ros2_ws/install/wave_gazebo_plugins/share/ament_index/resource_index/parent_prefix_path/wave_gazebo_plugins
[35.259s] -- Installing: /home/grant/ros2_ws/install/wave_gazebo_plugins/share/wave_gazebo_plugins/environment/ament_prefix_path.sh
[35.259s] -- Installing: /home/grant/ros2_ws/install/wave_gazebo_plugins/share/wave_gazebo_plugins/environment/ament_prefix_path.dsv
[35.259s] -- Installing: /home/grant/ros2_ws/install/wave_gazebo_plugins/share/wave_gazebo_plugins/environment/path.sh
[35.259s] -- Installing: /home/grant/ros2_ws/install/wave_gazebo_plugins/share/wave_gazebo_plugins/environment/path.dsv
[35.259s] -- Installing: /home/grant/ros2_ws/install/wave_gazebo_plugins/share/wave_gazebo_plugins/local_setup.bash
[35.259s] -- Installing: /home/grant/ros2_ws/install/wave_gazebo_plugins/share/wave_gazebo_plugins/local_setup.sh
[35.259s] -- Installing: /home/grant/ros2_ws/install/wave_gazebo_plugins/share/wave_gazebo_plugins/local_setup.zsh
[35.259s] -- Installing: /home/grant/ros2_ws/install/wave_gazebo_plugins/share/wave_gazebo_plugins/local_setup.dsv
[35.259s] -- Installing: /home/grant/ros2_ws/install/wave_gazebo_plugins/share/wave_gazebo_plugins/package.dsv
[35.259s] -- Installing: /home/grant/ros2_ws/install/wave_gazebo_plugins/share/ament_index/resource_index/packages/wave_gazebo_plugins
[35.259s] -- Installing: /home/grant/ros2_ws/install/wave_gazebo_plugins/share/wave_gazebo_plugins/cmake/ament_cmake_export_include_directories-extras.cmake
[35.259s] -- Installing: /home/grant/ros2_ws/install/wave_gazebo_plugins/share/wave_gazebo_plugins/cmake/ament_cmake_export_libraries-extras.cmake
[35.260s] -- Installing: /home/grant/ros2_ws/install/wave_gazebo_plugins/share/wave_gazebo_plugins/cmake/wave_gazebo_pluginsConfig.cmake
[35.260s] -- Installing: /home/grant/ros2_ws/install/wave_gazebo_plugins/share/wave_gazebo_plugins/cmake/wave_gazebo_pluginsConfig-version.cmake
[35.260s] -- Installing: /home/grant/ros2_ws/install/wave_gazebo_plugins/share/wave_gazebo_plugins/package.xml
[35.260s] Invoked command in '/home/grant/ros2_ws/build/wave_gazebo_plugins' returned '0': CMAKE_PREFIX_PATH=/home/grant/ros2_ws/install/mavros_extras:/home/grant/ros2_ws/install/mavros:/home/grant/ros2_ws/install/mavros_msgs:/home/grant/ros2_ws/install/libmavconn:/home/grant/ros2_ws/install/mavlink:/opt/ros/foxy:/home/grant/vrx_ws/devel:/opt/ros/noetic:/home/grant/ros2_foxy/ros2-linux CONDA_PROMPT_MODIFIER=(base) /usr/bin/cmake --install /home/grant/ros2_ws/build/wave_gazebo_plugins
