[0.090s] Invoking command in '/home/grant/ros2_ws/build/adept_gui': CONDA_PROMPT_MODIFIER=(base) /usr/bin/cmake /home/grant/ros2_ws/src/adept-vrx/adept_gui -DCATKIN_INSTALL_INTO_PREFIX_ROOT=0 -DCMAKE_INSTALL_PREFIX=/home/grant/ros2_ws/install/adept_gui
[0.224s] -- The C compiler identification is GNU 9.4.0
[0.330s] -- The CXX compiler identification is GNU 9.4.0
[0.340s] -- Check for working C compiler: /usr/bin/cc
[0.428s] -- Check for working C compiler: /usr/bin/cc -- works
[0.429s] -- Detecting C compiler ABI info
[0.502s] -- Detecting C compiler ABI info - done
[0.520s] -- Detecting C compile features
[0.521s] -- Detecting C compile features - done
[0.525s] -- Check for working CXX compiler: /usr/bin/c++
[0.608s] -- Check for working CXX compiler: /usr/bin/c++ -- works
[0.609s] -- Detecting CXX compiler ABI info
[0.696s] -- Detecting CXX compiler ABI info - done
[0.712s] -- Detecting CXX compile features
[0.713s] -- Detecting CXX compile features - done
[0.722s] CMake Error at CMakeLists.txt:10 (find_package):
[0.722s]   By not providing "Findcatkin.cmake" in CMAKE_MODULE_PATH this project has
[0.722s]   asked CMake to find a package configuration file provided by "catkin", but
[0.722s]   CMake did not find one.
[0.722s] 
[0.722s]   Could not find a package configuration file provided by "catkin" with any
[0.722s]   of the following names:
[0.723s] 
[0.723s]     catkinConfig.cmake
[0.723s]     catkin-config.cmake
[0.723s] 
[0.723s]   Add the installation prefix of "catkin" to CMAKE_PREFIX_PATH or set
[0.723s]   "catkin_DIR" to a directory containing one of the above files.  If "catkin"
[0.723s]   provides a separate development package or SDK, be sure it has been
[0.723s]   installed.
[0.723s] 
[0.724s] 
[0.724s] -- Configuring incomplete, errors occurred!
[0.724s] See also "/home/grant/ros2_ws/build/adept_gui/CMakeFiles/CMakeOutput.log".
[0.728s] Invoked command in '/home/grant/ros2_ws/build/adept_gui' returned '1': CONDA_PROMPT_MODIFIER=(base) /usr/bin/cmake /home/grant/ros2_ws/src/adept-vrx/adept_gui -DCATKIN_INSTALL_INTO_PREFIX_ROOT=0 -DCMAKE_INSTALL_PREFIX=/home/grant/ros2_ws/install/adept_gui
