[0.141s] Invoking command in '/home/grant/ros2_ws/build/usv_msgs': CONDA_PROMPT_MODIFIER=(base) /usr/bin/cmake /home/grant/ros2_ws/src/adept-vrx/usv_msgs -DCATKIN_INSTALL_INTO_PREFIX_ROOT=0 -DCMAKE_INSTALL_PREFIX=/home/grant/ros2_ws/install/usv_msgs
[0.288s] -- The C compiler identification is GNU 9.4.0
[0.434s] -- The CXX compiler identification is GNU 9.4.0
[0.442s] -- Check for working C compiler: /usr/bin/cc
[0.532s] -- Check for working C compiler: /usr/bin/cc -- works
[0.533s] -- Detecting C compiler ABI info
[0.627s] -- Detecting C compiler ABI info - done
[0.640s] -- Detecting C compile features
[0.641s] -- Detecting C compile features - done
[0.644s] -- Check for working CXX compiler: /usr/bin/c++
[0.755s] -- Check for working CXX compiler: /usr/bin/c++ -- works
[0.756s] -- Detecting CXX compiler ABI info
[0.972s] -- Detecting CXX compiler ABI info - done
[0.972s] -- Detecting CXX compile features
[0.972s] -- Detecting CXX compile features - done
[0.972s] CMake Error at CMakeLists.txt:4 (find_package):
[0.972s]   By not providing "Findcatkin.cmake" in CMAKE_MODULE_PATH this project has
[0.973s]   asked CMake to find a package configuration file provided by "catkin", but
[0.973s]   CMake did not find one.
[0.973s] 
[0.973s]   Could not find a package configuration file provided by "catkin" with any
[0.973s]   of the following names:
[0.973s] 
[0.973s]     catkinConfig.cmake
[0.973s]     catkin-config.cmake
[0.973s] 
[0.973s]   Add the installation prefix of "catkin" to CMAKE_PREFIX_PATH or set
[0.973s]   "catkin_DIR" to a directory containing one of the above files.  If "catkin"
[0.973s]   provides a separate development package or SDK, be sure it has been
[0.973s]   installed.
[0.973s] 
[0.973s] 
[0.974s] -- Configuring incomplete, errors occurred!
[0.974s] See also "/home/grant/ros2_ws/build/usv_msgs/CMakeFiles/CMakeOutput.log".
