[1.148s] Invoking command in '/home/grant/ros2_ws/src/ros2_robotx': CONDA_PROMPT_MODIFIER=(base) PYTHONPATH=/home/grant/ros2_ws/install/ros2_robotx/lib/python3.8/site-packages:${PYTHONPATH} /usr/bin/python3 setup.py egg_info --egg-base ../../build/ros2_robotx build --build-base /home/grant/ros2_ws/build/ros2_robotx/build install --prefix /home/grant/ros2_ws/install/ros2_robotx --record /home/grant/ros2_ws/build/ros2_robotx/install.log --single-version-externally-managed
[1.510s] running egg_info
[1.514s] writing ../../build/ros2_robotx/ros2_robotx.egg-info/PKG-INFO
[1.514s] writing dependency_links to ../../build/ros2_robotx/ros2_robotx.egg-info/dependency_links.txt
[1.514s] writing entry points to ../../build/ros2_robotx/ros2_robotx.egg-info/entry_points.txt
[1.514s] writing requirements to ../../build/ros2_robotx/ros2_robotx.egg-info/requires.txt
[1.514s] writing top-level names to ../../build/ros2_robotx/ros2_robotx.egg-info/top_level.txt
[1.587s] reading manifest file '../../build/ros2_robotx/ros2_robotx.egg-info/SOURCES.txt'
[1.589s] writing manifest file '../../build/ros2_robotx/ros2_robotx.egg-info/SOURCES.txt'
[1.590s] running build
[1.590s] running build_py
[1.591s] copying ros2_robotx/wamv_sim.py -> /home/grant/ros2_ws/build/ros2_robotx/build/lib/ros2_robotx
[1.591s] running install
[1.592s] running install_lib
[1.595s] copying /home/grant/ros2_ws/build/ros2_robotx/build/lib/ros2_robotx/wamv_sim.py -> /home/grant/ros2_ws/install/ros2_robotx/lib/python3.8/site-packages/ros2_robotx
[1.596s] byte-compiling /home/grant/ros2_ws/install/ros2_robotx/lib/python3.8/site-packages/ros2_robotx/wamv_sim.py to wamv_sim.cpython-38.pyc
[1.606s] running install_data
[1.606s] running install_egg_info
[1.606s] removing '/home/grant/ros2_ws/install/ros2_robotx/lib/python3.8/site-packages/ros2_robotx-0.0.0-py3.8.egg-info' (and everything under it)
[1.606s] Copying ../../build/ros2_robotx/ros2_robotx.egg-info to /home/grant/ros2_ws/install/ros2_robotx/lib/python3.8/site-packages/ros2_robotx-0.0.0-py3.8.egg-info
[1.606s] running install_scripts
[1.637s] Installing drone_control script to /home/grant/ros2_ws/install/ros2_robotx/lib/ros2_robotx
[1.638s] Installing teleop_key script to /home/grant/ros2_ws/install/ros2_robotx/lib/ros2_robotx
[1.638s] Installing wamv_sim script to /home/grant/ros2_ws/install/ros2_robotx/lib/ros2_robotx
[1.639s] writing list of installed files to '/home/grant/ros2_ws/build/ros2_robotx/install.log'
[1.759s] Invoked command in '/home/grant/ros2_ws/src/ros2_robotx' returned '0': CONDA_PROMPT_MODIFIER=(base) PYTHONPATH=/home/grant/ros2_ws/install/ros2_robotx/lib/python3.8/site-packages:${PYTHONPATH} /usr/bin/python3 setup.py egg_info --egg-base ../../build/ros2_robotx build --build-base /home/grant/ros2_ws/build/ros2_robotx/build install --prefix /home/grant/ros2_ws/install/ros2_robotx --record /home/grant/ros2_ws/build/ros2_robotx/install.log --single-version-externally-managed
