[0.022s] Invoking command in '/home/grant/ros2_ws/build/wave_gazebo_plugins': CMAKE_PREFIX_PATH=/home/grant/ros2_ws/install/mavros_extras:/home/grant/ros2_ws/install/mavros:/home/grant/ros2_ws/install/mavros_msgs:/home/grant/ros2_ws/install/libmavconn:/home/grant/ros2_ws/install/mavlink:/opt/ros/foxy:/home/grant/vrx_ws/devel:/opt/ros/noetic:/home/grant/ros2_foxy/ros2-linux CONDA_PROMPT_MODIFIER=(base) /usr/bin/cmake /home/grant/ros2_ws/src/adept-vrx/wave_gazebo_plugins -DCMAKE_INSTALL_PREFIX=/home/grant/ros2_ws/install/wave_gazebo_plugins
[0.074s] -- The C compiler identification is GNU 9.4.0
[0.126s] -- The CXX compiler identification is GNU 9.4.0
[0.130s] -- Check for working C compiler: /usr/bin/cc
[0.201s] -- Check for working C compiler: /usr/bin/cc -- works
[0.202s] -- Detecting C compiler ABI info
[0.259s] -- Detecting C compiler ABI info - done
[0.280s] -- Detecting C compile features
[0.281s] -- Detecting C compile features - done
[0.283s] -- Check for working CXX compiler: /usr/bin/c++
[0.350s] -- Check for working CXX compiler: /usr/bin/c++ -- works
[0.351s] -- Detecting CXX compiler ABI info
[0.415s] -- Detecting CXX compiler ABI info - done
[0.428s] -- Detecting CXX compile features
[0.429s] -- Detecting CXX compile features - done
[0.430s] -- Found ament_cmake: 0.9.11 (/opt/ros/foxy/share/ament_cmake/cmake)
[0.456s] -- Found PythonInterp: /home/grant/miniconda3/bin/python3 (found suitable version "3.8.13", minimum required is "3") 
[0.456s] -- Using PYTHON_EXECUTABLE: /home/grant/miniconda3/bin/python3
[0.716s] -- Found PkgConfig: /usr/bin/pkg-config (found version "0.29.1") 
[0.720s] -- Checking for module 'bullet>=2.82'
[0.730s] --   Found bullet, version 2.88
[0.821s] -- Found ccd: /usr/include (found suitable version "2.0", minimum required is "2.0") 
[0.862s] -- Found fcl: /usr/include (found suitable version "0.5.0", minimum required is "0.3.2") 
[0.902s] -- Found assimp: /usr/include (found version "5.0.0") 
[0.927s] -- Found DART: /usr/include (Required is at least version "6.6") found components: dart 
[1.175s] -- Found Boost: /usr/lib/x86_64-linux-gnu/cmake/Boost-1.71.0/BoostConfig.cmake (found suitable version "1.71.0", minimum required is "1.40.0") found components: thread system filesystem program_options regex iostreams date_time 
[1.197s] -- Found Protobuf: /usr/lib/x86_64-linux-gnu/libprotobuf.so;-lpthread (found version "3.6.1") 
[1.204s] -- Looking for ignition-math6 -- found version 6.13.0
[1.210s] -- Searching for dependencies of ignition-math6
[1.212s] -- Looking for OGRE...
[1.213s] -- OGRE_PREFIX_WATCH changed.
[1.217s] -- Checking for module 'OGRE'
[1.228s] --   Found OGRE, version 1.9.0
[1.256s] -- Found Ogre Ghadamon (1.9.0)
[1.267s] -- Found OGRE: optimized;/usr/lib/x86_64-linux-gnu/libOgreMain.so;debug;/usr/lib/x86_64-linux-gnu/libOgreMain.so
[1.278s] -- Looking for OGRE_Paging...
[1.287s] -- Found OGRE_Paging: optimized;/usr/lib/x86_64-linux-gnu/libOgrePaging.so;debug;/usr/lib/x86_64-linux-gnu/libOgrePaging.so
[1.287s] -- Looking for OGRE_Terrain...
[1.298s] -- Found OGRE_Terrain: optimized;/usr/lib/x86_64-linux-gnu/libOgreTerrain.so;debug;/usr/lib/x86_64-linux-gnu/libOgreTerrain.so
[1.298s] -- Looking for OGRE_Property...
[1.307s] -- Found OGRE_Property: optimized;/usr/lib/x86_64-linux-gnu/libOgreProperty.so;debug;/usr/lib/x86_64-linux-gnu/libOgreProperty.so
[1.307s] -- Looking for OGRE_RTShaderSystem...
[1.315s] -- Found OGRE_RTShaderSystem: optimized;/usr/lib/x86_64-linux-gnu/libOgreRTShaderSystem.so;debug;/usr/lib/x86_64-linux-gnu/libOgreRTShaderSystem.so
[1.315s] -- Looking for OGRE_Volume...
[1.323s] -- Found OGRE_Volume: optimized;/usr/lib/x86_64-linux-gnu/libOgreVolume.so;debug;/usr/lib/x86_64-linux-gnu/libOgreVolume.so
[1.323s] -- Looking for OGRE_Overlay...
[1.331s] -- Found OGRE_Overlay: optimized;/usr/lib/x86_64-linux-gnu/libOgreOverlay.so;debug;/usr/lib/x86_64-linux-gnu/libOgreOverlay.so
[1.508s] -- Looking for ignition-math6 -- found version 6.13.0
[1.511s] -- Looking for ignition-transport8 -- found version 8.3.0
[1.512s] -- Searching for dependencies of ignition-transport8
[1.526s] -- Found Protobuf: /usr/lib/x86_64-linux-gnu/libprotobuf.so;-lpthread (found suitable version "3.6.1", minimum required is "3") 
[1.534s] -- Checking for module 'uuid'
[1.545s] --   Found uuid, version 2.34.0
[1.573s] -- Found UUID: TRUE  
[1.576s] -- Looking for ignition-msgs5 -- found version 5.11.0
[1.577s] -- Searching for dependencies of ignition-msgs5
[1.592s] -- Looking for ignition-math6 -- found version 6.13.0
[1.596s] -- Checking for module 'tinyxml2'
[1.607s] --   Found tinyxml2, version 6.2.0
[1.635s] -- Looking for ignition-msgs5 -- found version 5.11.0
[1.638s] -- Looking for ignition-common3 -- found version 3.15.1
[1.639s] -- Searching for dependencies of ignition-common3
[1.639s] -- Looking for dlfcn.h - found
[1.640s] -- Looking for libdl - found
[1.642s] -- Found DL: TRUE  
[1.649s] -- Searching for <ignition-common3> component [graphics]
[1.652s] -- Looking for ignition-common3-graphics -- found version 3.15.1
[1.653s] -- Searching for dependencies of ignition-common3-graphics
[1.653s] -- Looking for ignition-math6 -- found version 6.13.0
[1.657s] -- Looking for ignition-fuel_tools4 -- found version 4.6.0
[1.657s] -- Searching for dependencies of ignition-fuel_tools4
[1.716s] -- Found CURL: /usr/lib/x86_64-linux-gnu/libcurl.so (found version "7.68.0")  
[1.724s] -- Checking for module 'jsoncpp'
[1.735s] --   Found jsoncpp, version 1.7.4
[1.762s] -- Found JSONCPP: TRUE  
[1.768s] -- Checking for module 'libzip'
[1.780s] --   Found libzip, version 1.5.1
[1.808s] -- Found ZIP: TRUE  
[1.808s] -- Looking for ignition-common3 -- found version 3.15.1
[1.812s] -- Looking for ignition-math6 -- found version 6.13.0
[1.812s] -- Looking for ignition-msgs5 -- found version 5.11.0
[1.900s] -- Configuring done
[1.935s] -- Generating done
[1.938s] -- Build files have been written to: /home/grant/ros2_ws/build/wave_gazebo_plugins
[1.944s] Invoked command in '/home/grant/ros2_ws/build/wave_gazebo_plugins' returned '0': CMAKE_PREFIX_PATH=/home/grant/ros2_ws/install/mavros_extras:/home/grant/ros2_ws/install/mavros:/home/grant/ros2_ws/install/mavros_msgs:/home/grant/ros2_ws/install/libmavconn:/home/grant/ros2_ws/install/mavlink:/opt/ros/foxy:/home/grant/vrx_ws/devel:/opt/ros/noetic:/home/grant/ros2_foxy/ros2-linux CONDA_PROMPT_MODIFIER=(base) /usr/bin/cmake /home/grant/ros2_ws/src/adept-vrx/wave_gazebo_plugins -DCMAKE_INSTALL_PREFIX=/home/grant/ros2_ws/install/wave_gazebo_plugins
[1.947s] Invoking command in '/home/grant/ros2_ws/build/wave_gazebo_plugins': CMAKE_PREFIX_PATH=/home/grant/ros2_ws/install/mavros_extras:/home/grant/ros2_ws/install/mavros:/home/grant/ros2_ws/install/mavros_msgs:/home/grant/ros2_ws/install/libmavconn:/home/grant/ros2_ws/install/mavlink:/opt/ros/foxy:/home/grant/vrx_ws/devel:/opt/ros/noetic:/home/grant/ros2_foxy/ros2-linux CONDA_PROMPT_MODIFIER=(base) /usr/bin/cmake --build /home/grant/ros2_ws/build/wave_gazebo_plugins -- -j8 -l8
[1.982s] [35m[1mScanning dependencies of target Hydrodynamics[0m
[2.135s] [ 21%] [32mBuilding CXX object CMakeFiles/Hydrodynamics.dir/src/PhysicalConstants.cc.o[0m
[2.135s] [ 21%] [32mBuilding CXX object CMakeFiles/Hydrodynamics.dir/src/Gazebo.cc.o[0m
[2.135s] [ 21%] [32mBuilding CXX object CMakeFiles/Hydrodynamics.dir/src/Geometry.cc.o[0m
[2.135s] [ 28%] [32mBuilding CXX object CMakeFiles/Hydrodynamics.dir/src/Physics.cc.o[0m
[2.136s] [ 35%] [32mBuilding CXX object CMakeFiles/Hydrodynamics.dir/src/Utilities.cc.o[0m
[2.136s] [ 42%] [32mBuilding CXX object CMakeFiles/Hydrodynamics.dir/src/Wavefield.cc.o[0m
[2.137s] [ 50%] [32mBuilding CXX object CMakeFiles/Hydrodynamics.dir/src/WavefieldEntity.cc.o[0m
[14.841s] [ 57%] [32m[1mLinking CXX shared library libHydrodynamics.so[0m
[15.299s] [ 57%] Built target Hydrodynamics
[15.307s] [35m[1mScanning dependencies of target WavefieldModelPlugin[0m
[15.307s] [35m[1mScanning dependencies of target WavefieldVisualPlugin[0m
[15.407s] [ 71%] [32mBuilding CXX object CMakeFiles/WavefieldModelPlugin.dir/src/WavefieldModelPlugin.cc.o[0m
[15.407s] [ 71%] [32mBuilding CXX object CMakeFiles/WavefieldVisualPlugin.dir/src/WavefieldVisualPlugin.cc.o[0m
[23.970s] [ 78%] [32m[1mLinking CXX shared library libWavefieldModelPlugin.so[0m
[24.302s] [ 78%] Built target WavefieldModelPlugin
[24.310s] [35m[1mScanning dependencies of target wavegauge_plugin[0m
[24.410s] [ 85%] [32mBuilding CXX object CMakeFiles/wavegauge_plugin.dir/src/wavegauge_plugin.cc.o[0m
[28.260s] [ 92%] [32m[1mLinking CXX shared library libWavefieldVisualPlugin.so[0m
[28.648s] [ 92%] Built target WavefieldVisualPlugin
[33.037s] [100%] [32m[1mLinking CXX shared library libwavegauge_plugin.so[0m
[33.365s] [100%] Built target wavegauge_plugin
[33.373s] Invoked command in '/home/grant/ros2_ws/build/wave_gazebo_plugins' returned '0': CMAKE_PREFIX_PATH=/home/grant/ros2_ws/install/mavros_extras:/home/grant/ros2_ws/install/mavros:/home/grant/ros2_ws/install/mavros_msgs:/home/grant/ros2_ws/install/libmavconn:/home/grant/ros2_ws/install/mavlink:/opt/ros/foxy:/home/grant/vrx_ws/devel:/opt/ros/noetic:/home/grant/ros2_foxy/ros2-linux CONDA_PROMPT_MODIFIER=(base) /usr/bin/cmake --build /home/grant/ros2_ws/build/wave_gazebo_plugins -- -j8 -l8
[33.417s] Invoking command in '/home/grant/ros2_ws/build/wave_gazebo_plugins': CMAKE_PREFIX_PATH=/home/grant/ros2_ws/install/mavros_extras:/home/grant/ros2_ws/install/mavros:/home/grant/ros2_ws/install/mavros_msgs:/home/grant/ros2_ws/install/libmavconn:/home/grant/ros2_ws/install/mavlink:/opt/ros/foxy:/home/grant/vrx_ws/devel:/opt/ros/noetic:/home/grant/ros2_foxy/ros2-linux CONDA_PROMPT_MODIFIER=(base) /usr/bin/cmake --install /home/grant/ros2_ws/build/wave_gazebo_plugins
[33.422s] -- Install configuration: ""
[33.423s] -- Installing: /home/grant/ros2_ws/install/wave_gazebo_plugins/lib/libHydrodynamics.so
[33.424s] -- Installing: /home/grant/ros2_ws/install/wave_gazebo_plugins/lib/libWavefieldModelPlugin.so
[33.425s] -- Set runtime path of "/home/grant/ros2_ws/install/wave_gazebo_plugins/lib/libWavefieldModelPlugin.so" to ""
[33.425s] -- Installing: /home/grant/ros2_ws/install/wave_gazebo_plugins/lib/libWavefieldVisualPlugin.so
[33.427s] -- Set runtime path of "/home/grant/ros2_ws/install/wave_gazebo_plugins/lib/libWavefieldVisualPlugin.so" to ""
[33.427s] -- Installing: /home/grant/ros2_ws/install/wave_gazebo_plugins/lib/libwavegauge_plugin.so
[33.428s] -- Set runtime path of "/home/grant/ros2_ws/install/wave_gazebo_plugins/lib/libwavegauge_plugin.so" to ""
[33.428s] -- Installing: /home/grant/ros2_ws/install/wave_gazebo_plugins/include
[33.429s] -- Installing: /home/grant/ros2_ws/install/wave_gazebo_plugins/include/WavefieldModelPlugin.hh
[33.429s] -- Installing: /home/grant/ros2_ws/install/wave_gazebo_plugins/include/Geometry.hh
[33.429s] -- Installing: /home/grant/ros2_ws/install/wave_gazebo_plugins/include/Physics.hh
[33.429s] -- Installing: /home/grant/ros2_ws/install/wave_gazebo_plugins/include/wavegauge_plugin.hh
[33.429s] -- Installing: /home/grant/ros2_ws/install/wave_gazebo_plugins/include/WavefieldVisualPlugin.hh
[33.429s] -- Installing: /home/grant/ros2_ws/install/wave_gazebo_plugins/include/Utilities.hh
[33.429s] -- Installing: /home/grant/ros2_ws/install/wave_gazebo_plugins/include/Gazebo.hh
[33.429s] -- Installing: /home/grant/ros2_ws/install/wave_gazebo_plugins/include/PhysicalConstants.hh
[33.430s] -- Installing: /home/grant/ros2_ws/install/wave_gazebo_plugins/include/Wavefield.hh
[33.430s] -- Installing: /home/grant/ros2_ws/install/wave_gazebo_plugins/include/WavefieldEntity.hh
[33.430s] -- Up-to-date: /home/grant/ros2_ws/install/wave_gazebo_plugins/include
[33.430s] -- Installing: /home/grant/ros2_ws/install/wave_gazebo_plugins/include/wave_gazebo_plugins
[33.430s] -- Up-to-date: /home/grant/ros2_ws/install/wave_gazebo_plugins/include
[33.430s] -- Installing: /home/grant/ros2_ws/install/wave_gazebo_plugins/include/ament_cmake_package_templates
[33.430s] -- Installing: /home/grant/ros2_ws/install/wave_gazebo_plugins/include/ament_cmake_environment_hooks
[33.430s] -- Installing: /home/grant/ros2_ws/install/wave_gazebo_plugins/include/ament_cmake_core
[33.431s] -- Installing: /home/grant/ros2_ws/install/wave_gazebo_plugins/include/ament_cmake_core/stamps
[33.431s] -- Installing: /home/grant/ros2_ws/install/wave_gazebo_plugins/include/ament_cmake_uninstall_target
[33.431s] -- Installing: /home/grant/ros2_ws/install/wave_gazebo_plugins/include/ament_cmake_index
[33.431s] -- Installing: /home/grant/ros2_ws/install/wave_gazebo_plugins/include/ament_cmake_index/share
[33.431s] -- Installing: /home/grant/ros2_ws/install/wave_gazebo_plugins/include/ament_cmake_index/share/ament_index
[33.431s] -- Installing: /home/grant/ros2_ws/install/wave_gazebo_plugins/include/ament_cmake_index/share/ament_index/resource_index
[33.431s] -- Installing: /home/grant/ros2_ws/install/wave_gazebo_plugins/include/ament_cmake_index/share/ament_index/resource_index/packages
[33.431s] -- Installing: /home/grant/ros2_ws/install/wave_gazebo_plugins/include/ament_cmake_index/share/ament_index/resource_index/package_run_dependencies
[33.431s] -- Installing: /home/grant/ros2_ws/install/wave_gazebo_plugins/include/ament_cmake_index/share/ament_index/resource_index/parent_prefix_path
[33.432s] -- Installing: /home/grant/ros2_ws/install/wave_gazebo_plugins/include/CMakeFiles
[33.432s] -- Installing: /home/grant/ros2_ws/install/wave_gazebo_plugins/include/CMakeFiles/wave_gazebo_plugins_uninstall.dir
[33.432s] -- Installing: /home/grant/ros2_ws/install/wave_gazebo_plugins/include/CMakeFiles/3.16.3
[33.432s] -- Installing: /home/grant/ros2_ws/install/wave_gazebo_plugins/include/CMakeFiles/3.16.3/CompilerIdC
[33.432s] -- Installing: /home/grant/ros2_ws/install/wave_gazebo_plugins/include/CMakeFiles/3.16.3/CompilerIdC/tmp
[33.432s] -- Installing: /home/grant/ros2_ws/install/wave_gazebo_plugins/include/CMakeFiles/3.16.3/CompilerIdCXX
[33.432s] -- Installing: /home/grant/ros2_ws/install/wave_gazebo_plugins/include/CMakeFiles/3.16.3/CompilerIdCXX/tmp
[33.432s] -- Installing: /home/grant/ros2_ws/install/wave_gazebo_plugins/include/CMakeFiles/uninstall.dir
[33.432s] -- Installing: /home/grant/ros2_ws/install/wave_gazebo_plugins/include/CMakeFiles/CMakeTmp
[33.432s] -- Installing: /home/grant/ros2_ws/install/wave_gazebo_plugins/include/CMakeFiles/WavefieldVisualPlugin.dir
[33.433s] -- Installing: /home/grant/ros2_ws/install/wave_gazebo_plugins/include/CMakeFiles/WavefieldVisualPlugin.dir/src
[33.433s] -- Installing: /home/grant/ros2_ws/install/wave_gazebo_plugins/include/CMakeFiles/wavegauge_plugin.dir
[33.433s] -- Installing: /home/grant/ros2_ws/install/wave_gazebo_plugins/include/CMakeFiles/wavegauge_plugin.dir/src
[33.433s] -- Installing: /home/grant/ros2_ws/install/wave_gazebo_plugins/include/CMakeFiles/Hydrodynamics.dir
[33.433s] -- Installing: /home/grant/ros2_ws/install/wave_gazebo_plugins/include/CMakeFiles/Hydrodynamics.dir/src
[33.433s] -- Installing: /home/grant/ros2_ws/install/wave_gazebo_plugins/include/CMakeFiles/WavefieldModelPlugin.dir
[33.433s] -- Installing: /home/grant/ros2_ws/install/wave_gazebo_plugins/include/CMakeFiles/WavefieldModelPlugin.dir/src
[33.433s] -- Installing: /home/grant/ros2_ws/install/wave_gazebo_plugins/include/ament_cmake_export_include_directories
[33.433s] -- Installing: /home/grant/ros2_ws/install/wave_gazebo_plugins/include/ament_cmake_export_dependencies
[33.433s] -- Installing: /home/grant/ros2_ws/install/wave_gazebo_plugins/share/ament_index/resource_index/package_run_dependencies/wave_gazebo_plugins
[33.433s] -- Installing: /home/grant/ros2_ws/install/wave_gazebo_plugins/share/ament_index/resource_index/parent_prefix_path/wave_gazebo_plugins
[33.433s] -- Installing: /home/grant/ros2_ws/install/wave_gazebo_plugins/share/wave_gazebo_plugins/environment/ament_prefix_path.sh
[33.434s] -- Installing: /home/grant/ros2_ws/install/wave_gazebo_plugins/share/wave_gazebo_plugins/environment/ament_prefix_path.dsv
[33.434s] -- Installing: /home/grant/ros2_ws/install/wave_gazebo_plugins/share/wave_gazebo_plugins/environment/path.sh
[33.434s] -- Installing: /home/grant/ros2_ws/install/wave_gazebo_plugins/share/wave_gazebo_plugins/environment/path.dsv
[33.434s] -- Installing: /home/grant/ros2_ws/install/wave_gazebo_plugins/share/wave_gazebo_plugins/local_setup.bash
[33.434s] -- Installing: /home/grant/ros2_ws/install/wave_gazebo_plugins/share/wave_gazebo_plugins/local_setup.sh
[33.434s] -- Installing: /home/grant/ros2_ws/install/wave_gazebo_plugins/share/wave_gazebo_plugins/local_setup.zsh
[33.435s] -- Installing: /home/grant/ros2_ws/install/wave_gazebo_plugins/share/wave_gazebo_plugins/local_setup.dsv
[33.435s] -- Installing: /home/grant/ros2_ws/install/wave_gazebo_plugins/share/wave_gazebo_plugins/package.dsv
[33.435s] -- Installing: /home/grant/ros2_ws/install/wave_gazebo_plugins/share/ament_index/resource_index/packages/wave_gazebo_plugins
[33.435s] -- Installing: /home/grant/ros2_ws/install/wave_gazebo_plugins/share/wave_gazebo_plugins/cmake/ament_cmake_export_dependencies-extras.cmake
[33.435s] -- Installing: /home/grant/ros2_ws/install/wave_gazebo_plugins/share/wave_gazebo_plugins/cmake/ament_cmake_export_include_directories-extras.cmake
[33.435s] -- Installing: /home/grant/ros2_ws/install/wave_gazebo_plugins/share/wave_gazebo_plugins/cmake/wave_gazebo_pluginsConfig.cmake
[33.435s] -- Installing: /home/grant/ros2_ws/install/wave_gazebo_plugins/share/wave_gazebo_plugins/cmake/wave_gazebo_pluginsConfig-version.cmake
[33.435s] -- Installing: /home/grant/ros2_ws/install/wave_gazebo_plugins/share/wave_gazebo_plugins/package.xml
[33.436s] Invoked command in '/home/grant/ros2_ws/build/wave_gazebo_plugins' returned '0': CMAKE_PREFIX_PATH=/home/grant/ros2_ws/install/mavros_extras:/home/grant/ros2_ws/install/mavros:/home/grant/ros2_ws/install/mavros_msgs:/home/grant/ros2_ws/install/libmavconn:/home/grant/ros2_ws/install/mavlink:/opt/ros/foxy:/home/grant/vrx_ws/devel:/opt/ros/noetic:/home/grant/ros2_foxy/ros2-linux CONDA_PROMPT_MODIFIER=(base) /usr/bin/cmake --install /home/grant/ros2_ws/build/wave_gazebo_plugins
