[0.037s] Invoking command in '/home/grant/ros2_ws/build/robotx_2022': CMAKE_PREFIX_PATH=/home/grant/ros2_ws/install/vrx_gazebo:/home/grant/ros2_ws/install/wamv_gazebo:/home/grant/ros2_ws/install/wave_gazebo:/home/grant/ros2_ws/install/usv_gazebo_plugins:/home/grant/ros2_ws/install/wave_gazebo_plugins:/home/grant/ros2_ws/install/wamv_description:/home/grant/ros2_ws/install/usv_msgs:/home/grant/ros2_ws/install/mavros_extras:/home/grant/ros2_ws/install/mavros:/home/grant/ros2_ws/install/mavros_msgs:/home/grant/ros2_ws/install/libmavconn:/home/grant/ros2_ws/install/mavlink:/opt/ros/foxy:/home/grant/vrx_ws/devel:/opt/ros/noetic:/home/grant/ros2_foxy/ros2-linux CONDA_PROMPT_MODIFIER=(base) LD_LIBRARY_PATH=/home/grant/ros2_ws/install/vrx_gazebo/lib:/home/grant/ros2_ws/install/usv_gazebo_plugins/lib:/home/grant/ros2_ws/install/wave_gazebo_plugins/lib:/home/grant/ros2_ws/install/usv_msgs/lib:/home/grant/ros2_ws/install/mavros_extras/lib:/home/grant/ros2_ws/install/mavros/lib:/home/grant/ros2_ws/install/mavros_msgs/lib:/home/grant/ros2_ws/install/libmavconn/lib:/home/grant/vrx_ws/devel/lib:/opt/ros/noetic/lib:/usr/lib/x86_64-linux-gnu/gazebo-11/plugins:/opt/ros/foxy/opt/yaml_cpp_vendor/lib:/opt/ros/foxy/lib/x86_64-linux-gnu:/opt/ros/foxy/lib:/home/grant/ros2_foxy/ros2-linux/opt/yaml_cpp_vendor/lib:/home/grant/ros2_foxy/ros2-linux/opt/rviz_ogre_vendor/lib:/opt/rti.com/rti_connext_dds-5.3.1/lib/x64Linux3gcc5.4.0:/home/grant/ros2_foxy/ros2-linux/lib:/usr/lib/x86_64-linux-gnu/gazebo-11/plugins:/usr/lib/x86_64-linux-gnu/gazebo-11/plugins:/usr/lib/x86_64-linux-gnu/gazebo-11/plugins:/usr/lib/x86_64-linux-gnu/gazebo-11/plugins:/usr/lib/x86_64-linux-gnu/gazebo-11/plugins:/usr/lib/x86_64-linux-gnu/gazebo-11/plugins:/usr/lib/x86_64-linux-gnu/gazebo-11/plugins:/usr/lib/x86_64-linux-gnu/gazebo-11/plugins:/usr/lib/x86_64-linux-gnu/gazebo-11/plugins:/usr/lib/x86_64-linux-gnu/gazebo-11/plugins /usr/bin/cmake /home/grant/ros2_ws/src/VRX_Foxy/robotX_2022 -DCMAKE_INSTALL_PREFIX=/home/grant/ros2_ws/install/robotx_2022
[0.091s] -- The C compiler identification is GNU 9.4.0
[0.141s] -- The CXX compiler identification is GNU 9.4.0
[0.146s] -- Check for working C compiler: /usr/bin/cc
[0.201s] -- Check for working C compiler: /usr/bin/cc -- works
[0.201s] -- Detecting C compiler ABI info
[0.265s] -- Detecting C compiler ABI info - done
[0.278s] -- Detecting C compile features
[0.278s] -- Detecting C compile features - done
[0.280s] -- Check for working CXX compiler: /usr/bin/c++
[0.345s] -- Check for working CXX compiler: /usr/bin/c++ -- works
[0.346s] -- Detecting CXX compiler ABI info
[0.410s] -- Detecting CXX compiler ABI info - done
[0.426s] -- Detecting CXX compile features
[0.426s] -- Detecting CXX compile features - done
[0.427s] -- Performing Test COMPILER_SUPPORTS_CXX14
[0.493s] -- Performing Test COMPILER_SUPPORTS_CXX14 - Success
[0.493s] -- Performing Test COMPILER_SUPPORTS_CXX0X
[0.558s] -- Performing Test COMPILER_SUPPORTS_CXX0X - Success
[0.559s] -- Found ament_cmake: 0.9.11 (/opt/ros/foxy/share/ament_cmake/cmake)
[0.585s] -- Found PythonInterp: /home/grant/miniconda3/bin/python3 (found suitable version "3.8.13", minimum required is "3") 
[0.585s] -- Using PYTHON_EXECUTABLE: /home/grant/miniconda3/bin/python3
[1.106s] -- Found Protobuf: /usr/lib/x86_64-linux-gnu/libprotobuf.so;-lpthread (found version "3.6.1") 
[1.113s] -- Found PkgConfig: /usr/bin/pkg-config (found version "0.29.1") 
[1.114s] -- Checking for module 'bullet>=2.82'
[1.125s] --   Found bullet, version 2.88
[1.219s] -- Found ccd: /usr/include (found suitable version "2.0", minimum required is "2.0") 
[1.263s] -- Found fcl: /usr/include (found suitable version "0.5.0", minimum required is "0.3.2") 
[1.305s] -- Found assimp: /usr/include (found version "5.0.0") 
[1.331s] -- Found DART: /usr/include (Required is at least version "6.6") found components: dart 
[1.360s] -- Found Boost: /usr/lib/x86_64-linux-gnu/cmake/Boost-1.71.0/BoostConfig.cmake (found suitable version "1.71.0", minimum required is "1.40.0") found components: thread system filesystem program_options regex iostreams date_time 
[1.376s] -- Looking for ignition-math6 -- found version 6.13.0
[1.384s] -- Searching for dependencies of ignition-math6
[1.385s] -- Looking for OGRE...
[1.386s] -- OGRE_PREFIX_WATCH changed.
[1.390s] -- Checking for module 'OGRE'
[1.402s] --   Found OGRE, version 1.9.0
[1.431s] -- Found Ogre Ghadamon (1.9.0)
[1.442s] -- Found OGRE: optimized;/usr/lib/x86_64-linux-gnu/libOgreMain.so;debug;/usr/lib/x86_64-linux-gnu/libOgreMain.so
[1.453s] -- Looking for OGRE_Paging...
[1.462s] -- Found OGRE_Paging: optimized;/usr/lib/x86_64-linux-gnu/libOgrePaging.so;debug;/usr/lib/x86_64-linux-gnu/libOgrePaging.so
[1.462s] -- Looking for OGRE_Terrain...
[1.471s] -- Found OGRE_Terrain: optimized;/usr/lib/x86_64-linux-gnu/libOgreTerrain.so;debug;/usr/lib/x86_64-linux-gnu/libOgreTerrain.so
[1.471s] -- Looking for OGRE_Property...
[1.480s] -- Found OGRE_Property: optimized;/usr/lib/x86_64-linux-gnu/libOgreProperty.so;debug;/usr/lib/x86_64-linux-gnu/libOgreProperty.so
[1.480s] -- Looking for OGRE_RTShaderSystem...
[1.488s] -- Found OGRE_RTShaderSystem: optimized;/usr/lib/x86_64-linux-gnu/libOgreRTShaderSystem.so;debug;/usr/lib/x86_64-linux-gnu/libOgreRTShaderSystem.so
[1.488s] -- Looking for OGRE_Volume...
[1.497s] -- Found OGRE_Volume: optimized;/usr/lib/x86_64-linux-gnu/libOgreVolume.so;debug;/usr/lib/x86_64-linux-gnu/libOgreVolume.so
[1.497s] -- Looking for OGRE_Overlay...
[1.506s] -- Found OGRE_Overlay: optimized;/usr/lib/x86_64-linux-gnu/libOgreOverlay.so;debug;/usr/lib/x86_64-linux-gnu/libOgreOverlay.so
[1.695s] -- Looking for ignition-math6 -- found version 6.13.0
[1.699s] -- Looking for ignition-transport8 -- found version 8.3.0
[1.699s] -- Searching for dependencies of ignition-transport8
[1.714s] -- Found Protobuf: /usr/lib/x86_64-linux-gnu/libprotobuf.so;-lpthread (found suitable version "3.6.1", minimum required is "3") 
[1.722s] -- Checking for module 'uuid'
[1.734s] --   Found uuid, version 2.34.0
[1.763s] -- Found UUID: TRUE  
[1.767s] -- Looking for ignition-msgs5 -- found version 5.11.0
[1.767s] -- Searching for dependencies of ignition-msgs5
[1.783s] -- Looking for ignition-math6 -- found version 6.13.0
[1.787s] -- Checking for module 'tinyxml2'
[1.799s] --   Found tinyxml2, version 6.2.0
[1.829s] -- Looking for ignition-msgs5 -- found version 5.11.0
[1.833s] -- Looking for ignition-common3 -- found version 3.15.1
[1.833s] -- Searching for dependencies of ignition-common3
[1.833s] -- Looking for dlfcn.h - found
[1.834s] -- Looking for libdl - found
[1.836s] -- Found DL: TRUE  
[1.843s] -- Searching for <ignition-common3> component [graphics]
[1.847s] -- Looking for ignition-common3-graphics -- found version 3.15.1
[1.847s] -- Searching for dependencies of ignition-common3-graphics
[1.847s] -- Looking for ignition-math6 -- found version 6.13.0
[1.852s] -- Looking for ignition-fuel_tools4 -- found version 4.6.0
[1.852s] -- Searching for dependencies of ignition-fuel_tools4
[1.912s] -- Found CURL: /usr/lib/x86_64-linux-gnu/libcurl.so (found version "7.68.0")  
[1.920s] -- Checking for module 'jsoncpp'
[1.931s] --   Found jsoncpp, version 1.7.4
[1.960s] -- Found JSONCPP: TRUE  
[1.966s] -- Checking for module 'libzip'
[1.978s] --   Found libzip, version 1.5.1
[2.006s] -- Found ZIP: TRUE  
[2.006s] -- Looking for ignition-common3 -- found version 3.15.1
[2.007s] -- Looking for ignition-math6 -- found version 6.13.0
[2.007s] -- Looking for ignition-msgs5 -- found version 5.11.0
[2.096s] -- Configuring done
[2.119s] -- Generating done
[2.121s] -- Build files have been written to: /home/grant/ros2_ws/build/robotx_2022
[2.128s] Invoked command in '/home/grant/ros2_ws/build/robotx_2022' returned '0': CMAKE_PREFIX_PATH=/home/grant/ros2_ws/install/vrx_gazebo:/home/grant/ros2_ws/install/wamv_gazebo:/home/grant/ros2_ws/install/wave_gazebo:/home/grant/ros2_ws/install/usv_gazebo_plugins:/home/grant/ros2_ws/install/wave_gazebo_plugins:/home/grant/ros2_ws/install/wamv_description:/home/grant/ros2_ws/install/usv_msgs:/home/grant/ros2_ws/install/mavros_extras:/home/grant/ros2_ws/install/mavros:/home/grant/ros2_ws/install/mavros_msgs:/home/grant/ros2_ws/install/libmavconn:/home/grant/ros2_ws/install/mavlink:/opt/ros/foxy:/home/grant/vrx_ws/devel:/opt/ros/noetic:/home/grant/ros2_foxy/ros2-linux CONDA_PROMPT_MODIFIER=(base) LD_LIBRARY_PATH=/home/grant/ros2_ws/install/vrx_gazebo/lib:/home/grant/ros2_ws/install/usv_gazebo_plugins/lib:/home/grant/ros2_ws/install/wave_gazebo_plugins/lib:/home/grant/ros2_ws/install/usv_msgs/lib:/home/grant/ros2_ws/install/mavros_extras/lib:/home/grant/ros2_ws/install/mavros/lib:/home/grant/ros2_ws/install/mavros_msgs/lib:/home/grant/ros2_ws/install/libmavconn/lib:/home/grant/vrx_ws/devel/lib:/opt/ros/noetic/lib:/usr/lib/x86_64-linux-gnu/gazebo-11/plugins:/opt/ros/foxy/opt/yaml_cpp_vendor/lib:/opt/ros/foxy/lib/x86_64-linux-gnu:/opt/ros/foxy/lib:/home/grant/ros2_foxy/ros2-linux/opt/yaml_cpp_vendor/lib:/home/grant/ros2_foxy/ros2-linux/opt/rviz_ogre_vendor/lib:/opt/rti.com/rti_connext_dds-5.3.1/lib/x64Linux3gcc5.4.0:/home/grant/ros2_foxy/ros2-linux/lib:/usr/lib/x86_64-linux-gnu/gazebo-11/plugins:/usr/lib/x86_64-linux-gnu/gazebo-11/plugins:/usr/lib/x86_64-linux-gnu/gazebo-11/plugins:/usr/lib/x86_64-linux-gnu/gazebo-11/plugins:/usr/lib/x86_64-linux-gnu/gazebo-11/plugins:/usr/lib/x86_64-linux-gnu/gazebo-11/plugins:/usr/lib/x86_64-linux-gnu/gazebo-11/plugins:/usr/lib/x86_64-linux-gnu/gazebo-11/plugins:/usr/lib/x86_64-linux-gnu/gazebo-11/plugins:/usr/lib/x86_64-linux-gnu/gazebo-11/plugins /usr/bin/cmake /home/grant/ros2_ws/src/VRX_Foxy/robotX_2022 -DCMAKE_INSTALL_PREFIX=/home/grant/ros2_ws/install/robotx_2022
[2.131s] Invoking command in '/home/grant/ros2_ws/build/robotx_2022': CMAKE_PREFIX_PATH=/home/grant/ros2_ws/install/vrx_gazebo:/home/grant/ros2_ws/install/wamv_gazebo:/home/grant/ros2_ws/install/wave_gazebo:/home/grant/ros2_ws/install/usv_gazebo_plugins:/home/grant/ros2_ws/install/wave_gazebo_plugins:/home/grant/ros2_ws/install/wamv_description:/home/grant/ros2_ws/install/usv_msgs:/home/grant/ros2_ws/install/mavros_extras:/home/grant/ros2_ws/install/mavros:/home/grant/ros2_ws/install/mavros_msgs:/home/grant/ros2_ws/install/libmavconn:/home/grant/ros2_ws/install/mavlink:/opt/ros/foxy:/home/grant/vrx_ws/devel:/opt/ros/noetic:/home/grant/ros2_foxy/ros2-linux CONDA_PROMPT_MODIFIER=(base) LD_LIBRARY_PATH=/home/grant/ros2_ws/install/vrx_gazebo/lib:/home/grant/ros2_ws/install/usv_gazebo_plugins/lib:/home/grant/ros2_ws/install/wave_gazebo_plugins/lib:/home/grant/ros2_ws/install/usv_msgs/lib:/home/grant/ros2_ws/install/mavros_extras/lib:/home/grant/ros2_ws/install/mavros/lib:/home/grant/ros2_ws/install/mavros_msgs/lib:/home/grant/ros2_ws/install/libmavconn/lib:/home/grant/vrx_ws/devel/lib:/opt/ros/noetic/lib:/usr/lib/x86_64-linux-gnu/gazebo-11/plugins:/opt/ros/foxy/opt/yaml_cpp_vendor/lib:/opt/ros/foxy/lib/x86_64-linux-gnu:/opt/ros/foxy/lib:/home/grant/ros2_foxy/ros2-linux/opt/yaml_cpp_vendor/lib:/home/grant/ros2_foxy/ros2-linux/opt/rviz_ogre_vendor/lib:/opt/rti.com/rti_connext_dds-5.3.1/lib/x64Linux3gcc5.4.0:/home/grant/ros2_foxy/ros2-linux/lib:/usr/lib/x86_64-linux-gnu/gazebo-11/plugins:/usr/lib/x86_64-linux-gnu/gazebo-11/plugins:/usr/lib/x86_64-linux-gnu/gazebo-11/plugins:/usr/lib/x86_64-linux-gnu/gazebo-11/plugins:/usr/lib/x86_64-linux-gnu/gazebo-11/plugins:/usr/lib/x86_64-linux-gnu/gazebo-11/plugins:/usr/lib/x86_64-linux-gnu/gazebo-11/plugins:/usr/lib/x86_64-linux-gnu/gazebo-11/plugins:/usr/lib/x86_64-linux-gnu/gazebo-11/plugins:/usr/lib/x86_64-linux-gnu/gazebo-11/plugins /usr/bin/cmake --build /home/grant/ros2_ws/build/robotx_2022 -- -j8 -l8
[2.164s] [35m[1mScanning dependencies of target ArduPilotPlugin[0m
[2.164s] [35m[1mScanning dependencies of target ArduCopterIRLockPlugin[0m
[2.260s] [ 25%] [32mBuilding CXX object CMakeFiles/ArduCopterIRLockPlugin.dir/src/ArduCopterIRLockPlugin.cc.o[0m
[2.271s] [ 50%] [32mBuilding CXX object CMakeFiles/ArduPilotPlugin.dir/src/ArduPilotPlugin.cc.o[0m
[9.802s] /home/grant/ros2_ws/src/VRX_Foxy/robotX_2022/src/ArduPilotPlugin.cc: In instantiation of ‘[01m[Kvoid __gnu_cxx::new_allocator<_Tp>::construct(_Up*, _Args&& ...) [with _Up = Control; _Args = {const Control&}; _Tp = Control][m[K’:
[9.802s] [01m[K/usr/include/c++/9/bits/alloc_traits.h:483:4:[m[K   required from ‘[01m[Kstatic void std::allocator_traits<std::allocator<_CharT> >::construct(std::allocator_traits<std::allocator<_CharT> >::allocator_type&, _Up*, _Args&& ...) [with _Up = Control; _Args = {const Control&}; _Tp = Control; std::allocator_traits<std::allocator<_CharT> >::allocator_type = std::allocator<Control>][m[K’
[9.802s] [01m[K/usr/include/c++/9/bits/stl_vector.h:1189:30:[m[K   required from ‘[01m[Kvoid std::vector<_Tp, _Alloc>::push_back(const value_type&) [with _Tp = Control; _Alloc = std::allocator<Control>; std::vector<_Tp, _Alloc>::value_type = Control][m[K’
[9.802s] [01m[K/home/grant/ros2_ws/src/VRX_Foxy/robotX_2022/src/ArduPilotPlugin.cc:625:46:[m[K   required from here
[9.802s] [01m[K/home/grant/ros2_ws/src/VRX_Foxy/robotX_2022/src/ArduPilotPlugin.cc:109:7:[m[K [01;35m[Kwarning: [m[Kimplicitly-declared ‘[01m[Kconstexpr gazebo::common::PID::PID(const gazebo::common::PID&)[m[K’ is deprecated [[01;35m[K-Wdeprecated-copy[m[K]
[9.802s]   109 | class [01;35m[KControl[m[K
[9.802s]       |       [01;35m[K^~~~~~~[m[K
[9.802s] In file included from [01m[K/usr/include/gazebo-11/gazebo/physics/JointController.hh:25[m[K,
[9.802s]                  from [01m[K/usr/include/gazebo-11/gazebo/physics/physics.hh:23[m[K,
[9.802s]                  from [01m[K/usr/include/gazebo-11/gazebo/sensors/WirelessTransmitter.hh:22[m[K,
[9.803s]                  from [01m[K/usr/include/gazebo-11/gazebo/sensors/sensors.hh:27[m[K,
[9.803s]                  from [01m[K/home/grant/ros2_ws/src/VRX_Foxy/robotX_2022/src/ArduPilotPlugin.cc:46[m[K:
[9.803s] [01m[K/usr/include/gazebo-11/gazebo/common/PID.hh:157:20:[m[K [01;36m[Knote: [m[Kbecause ‘[01m[Kgazebo::common::PID[m[K’ has user-provided ‘[01m[Kgazebo::common::PID& gazebo::common::PID::operator=(const gazebo::common::PID&)[m[K’
[9.803s]   157 |       public: PID &[01;36m[Koperator[m[K=(const PID &_p)
[9.803s]       |                    [01;36m[K^~~~~~~~[m[K
[9.803s] In file included from [01m[K/usr/include/x86_64-linux-gnu/c++/9/bits/c++allocator.h:33[m[K,
[9.803s]                  from [01m[K/usr/include/c++/9/bits/allocator.h:46[m[K,
[9.803s]                  from [01m[K/usr/include/c++/9/string:41[m[K,
[9.803s]                  from [01m[K/usr/include/c++/9/stdexcept:39[m[K,
[9.803s]                  from [01m[K/usr/include/c++/9/array:39[m[K,
[9.803s]                  from [01m[K/usr/include/c++/9/tuple:39[m[K,
[9.803s]                  from [01m[K/usr/include/c++/9/functional:54[m[K,
[9.803s]                  from [01m[K/home/grant/ros2_ws/src/VRX_Foxy/robotX_2022/src/ArduPilotPlugin.cc:17[m[K:
[9.804s] [01m[K/usr/include/c++/9/ext/new_allocator.h:146:4:[m[K [01;36m[Knote: [m[Ksynthesized method ‘[01m[KControl::Control(const Control&)[m[K’ first required here
[9.804s]   146 |  { [01;36m[K::new((void *)__p) _Up(std::forward<_Args>(__args)...)[m[K; }
[9.804s]       |    [01;36m[K^~~~~~~~~~~~~~~~~~~~~~~~~~~~~~~~~~~~~~~~~~~~~~~~~~~~~~[m[K
[13.223s] [ 75%] [32m[1mLinking CXX shared library libArduPilotPlugin.so[0m
[13.601s] [ 75%] Built target ArduPilotPlugin
[16.159s] [100%] [32m[1mLinking CXX shared library libArduCopterIRLockPlugin.so[0m
[16.541s] [100%] Built target ArduCopterIRLockPlugin
[16.549s] Invoked command in '/home/grant/ros2_ws/build/robotx_2022' returned '0': CMAKE_PREFIX_PATH=/home/grant/ros2_ws/install/vrx_gazebo:/home/grant/ros2_ws/install/wamv_gazebo:/home/grant/ros2_ws/install/wave_gazebo:/home/grant/ros2_ws/install/usv_gazebo_plugins:/home/grant/ros2_ws/install/wave_gazebo_plugins:/home/grant/ros2_ws/install/wamv_description:/home/grant/ros2_ws/install/usv_msgs:/home/grant/ros2_ws/install/mavros_extras:/home/grant/ros2_ws/install/mavros:/home/grant/ros2_ws/install/mavros_msgs:/home/grant/ros2_ws/install/libmavconn:/home/grant/ros2_ws/install/mavlink:/opt/ros/foxy:/home/grant/vrx_ws/devel:/opt/ros/noetic:/home/grant/ros2_foxy/ros2-linux CONDA_PROMPT_MODIFIER=(base) LD_LIBRARY_PATH=/home/grant/ros2_ws/install/vrx_gazebo/lib:/home/grant/ros2_ws/install/usv_gazebo_plugins/lib:/home/grant/ros2_ws/install/wave_gazebo_plugins/lib:/home/grant/ros2_ws/install/usv_msgs/lib:/home/grant/ros2_ws/install/mavros_extras/lib:/home/grant/ros2_ws/install/mavros/lib:/home/grant/ros2_ws/install/mavros_msgs/lib:/home/grant/ros2_ws/install/libmavconn/lib:/home/grant/vrx_ws/devel/lib:/opt/ros/noetic/lib:/usr/lib/x86_64-linux-gnu/gazebo-11/plugins:/opt/ros/foxy/opt/yaml_cpp_vendor/lib:/opt/ros/foxy/lib/x86_64-linux-gnu:/opt/ros/foxy/lib:/home/grant/ros2_foxy/ros2-linux/opt/yaml_cpp_vendor/lib:/home/grant/ros2_foxy/ros2-linux/opt/rviz_ogre_vendor/lib:/opt/rti.com/rti_connext_dds-5.3.1/lib/x64Linux3gcc5.4.0:/home/grant/ros2_foxy/ros2-linux/lib:/usr/lib/x86_64-linux-gnu/gazebo-11/plugins:/usr/lib/x86_64-linux-gnu/gazebo-11/plugins:/usr/lib/x86_64-linux-gnu/gazebo-11/plugins:/usr/lib/x86_64-linux-gnu/gazebo-11/plugins:/usr/lib/x86_64-linux-gnu/gazebo-11/plugins:/usr/lib/x86_64-linux-gnu/gazebo-11/plugins:/usr/lib/x86_64-linux-gnu/gazebo-11/plugins:/usr/lib/x86_64-linux-gnu/gazebo-11/plugins:/usr/lib/x86_64-linux-gnu/gazebo-11/plugins:/usr/lib/x86_64-linux-gnu/gazebo-11/plugins /usr/bin/cmake --build /home/grant/ros2_ws/build/robotx_2022 -- -j8 -l8
[16.580s] Invoking command in '/home/grant/ros2_ws/build/robotx_2022': CMAKE_PREFIX_PATH=/home/grant/ros2_ws/install/vrx_gazebo:/home/grant/ros2_ws/install/wamv_gazebo:/home/grant/ros2_ws/install/wave_gazebo:/home/grant/ros2_ws/install/usv_gazebo_plugins:/home/grant/ros2_ws/install/wave_gazebo_plugins:/home/grant/ros2_ws/install/wamv_description:/home/grant/ros2_ws/install/usv_msgs:/home/grant/ros2_ws/install/mavros_extras:/home/grant/ros2_ws/install/mavros:/home/grant/ros2_ws/install/mavros_msgs:/home/grant/ros2_ws/install/libmavconn:/home/grant/ros2_ws/install/mavlink:/opt/ros/foxy:/home/grant/vrx_ws/devel:/opt/ros/noetic:/home/grant/ros2_foxy/ros2-linux CONDA_PROMPT_MODIFIER=(base) LD_LIBRARY_PATH=/home/grant/ros2_ws/install/vrx_gazebo/lib:/home/grant/ros2_ws/install/usv_gazebo_plugins/lib:/home/grant/ros2_ws/install/wave_gazebo_plugins/lib:/home/grant/ros2_ws/install/usv_msgs/lib:/home/grant/ros2_ws/install/mavros_extras/lib:/home/grant/ros2_ws/install/mavros/lib:/home/grant/ros2_ws/install/mavros_msgs/lib:/home/grant/ros2_ws/install/libmavconn/lib:/home/grant/vrx_ws/devel/lib:/opt/ros/noetic/lib:/usr/lib/x86_64-linux-gnu/gazebo-11/plugins:/opt/ros/foxy/opt/yaml_cpp_vendor/lib:/opt/ros/foxy/lib/x86_64-linux-gnu:/opt/ros/foxy/lib:/home/grant/ros2_foxy/ros2-linux/opt/yaml_cpp_vendor/lib:/home/grant/ros2_foxy/ros2-linux/opt/rviz_ogre_vendor/lib:/opt/rti.com/rti_connext_dds-5.3.1/lib/x64Linux3gcc5.4.0:/home/grant/ros2_foxy/ros2-linux/lib:/usr/lib/x86_64-linux-gnu/gazebo-11/plugins:/usr/lib/x86_64-linux-gnu/gazebo-11/plugins:/usr/lib/x86_64-linux-gnu/gazebo-11/plugins:/usr/lib/x86_64-linux-gnu/gazebo-11/plugins:/usr/lib/x86_64-linux-gnu/gazebo-11/plugins:/usr/lib/x86_64-linux-gnu/gazebo-11/plugins:/usr/lib/x86_64-linux-gnu/gazebo-11/plugins:/usr/lib/x86_64-linux-gnu/gazebo-11/plugins:/usr/lib/x86_64-linux-gnu/gazebo-11/plugins:/usr/lib/x86_64-linux-gnu/gazebo-11/plugins /usr/bin/cmake --install /home/grant/ros2_ws/build/robotx_2022
[16.586s] -- Install configuration: ""
[16.586s] -- Installing: /home/grant/ros2_ws/install/robotx_2022/share/robotx_2022/config
[16.586s] -- Installing: /home/grant/ros2_ws/install/robotx_2022/share/robotx_2022/config/wave_motion_plot.perspective
[16.586s] -- Installing: /home/grant/ros2_ws/install/robotx_2022/share/robotx_2022/config/front_stereo.perspective
[16.586s] -- Installing: /home/grant/ros2_ws/install/robotx_2022/share/robotx_2022/config/wamv_config
[16.587s] -- Installing: /home/grant/ros2_ws/install/robotx_2022/share/robotx_2022/config/wamv_config/component_compliance
[16.587s] -- Installing: /home/grant/ros2_ws/install/robotx_2022/share/robotx_2022/config/wamv_config/component_compliance/bounding_boxes.yaml
[16.587s] -- Installing: /home/grant/ros2_ws/install/robotx_2022/share/robotx_2022/config/wamv_config/component_compliance/numeric.yaml
[16.587s] -- Installing: /home/grant/ros2_ws/install/robotx_2022/share/robotx_2022/config/wamv_config/thruster_compliance
[16.587s] -- Installing: /home/grant/ros2_ws/install/robotx_2022/share/robotx_2022/config/wamv_config/thruster_compliance/bounding_boxes.yaml
[16.587s] -- Installing: /home/grant/ros2_ws/install/robotx_2022/share/robotx_2022/config/wamv_config/thruster_compliance/numeric.yaml
[16.587s] -- Installing: /home/grant/ros2_ws/install/robotx_2022/share/robotx_2022/config/wamv_config/example_component_config.yaml
[16.587s] -- Installing: /home/grant/ros2_ws/install/robotx_2022/share/robotx_2022/config/wamv_config/example_thruster_config.yaml
[16.588s] -- Installing: /home/grant/ros2_ws/install/robotx_2022/share/robotx_2022/config/custom_rosconsole.conf
[16.588s] -- Installing: /home/grant/ros2_ws/install/robotx_2022/share/robotx_2022/config/diffdrive.yaml
[16.588s] -- Installing: /home/grant/ros2_ws/install/robotx_2022/share/robotx_2022/config/pinger.yaml
[16.588s] -- Installing: /home/grant/ros2_ws/install/robotx_2022/share/robotx_2022/worlds
[16.588s] -- Installing: /home/grant/ros2_ws/install/robotx_2022/share/robotx_2022/worlds/empty_regatta_wplatform.world
[16.588s] -- Installing: /home/grant/ros2_ws/install/robotx_2022/share/robotx_2022/worlds/flat_ocean_wplatform.world
[16.588s] -- Installing: /home/grant/ros2_ws/install/robotx_2022/share/robotx_2022/worlds/flat_ocean_imports.world
[16.588s] -- Installing: /home/grant/ros2_ws/install/robotx_2022/share/robotx_2022/worlds/flat_ocean.world
[16.588s] -- Installing: /home/grant/ros2_ws/install/robotx_2022/share/robotx_2022/worlds/flat_ocean_replenish_marker_platformed.world
[16.588s] -- Installing: /home/grant/ros2_ws/install/robotx_2022/share/robotx_2022/worlds/grass_2_arucos.world
[16.589s] -- Installing: /home/grant/ros2_ws/install/robotx_2022/share/robotx_2022/worlds/empty_regatta.world
[16.589s] -- Installing: /home/grant/ros2_ws/install/robotx_2022/share/robotx_2022/worlds/flat_ocean_import.world
[16.589s] -- Installing: /home/grant/ros2_ws/install/robotx_2022/share/robotx_2022/worlds/grass_replenish_marker.world
[16.589s] -- Installing: /home/grant/ros2_ws/install/robotx_2022/share/robotx_2022/models
[16.589s] -- Installing: /home/grant/ros2_ws/install/robotx_2022/share/robotx_2022/models/camera
[16.589s] -- Installing: /home/grant/ros2_ws/install/robotx_2022/share/robotx_2022/models/camera/model-1_2.sdf
[16.589s] -- Installing: /home/grant/ros2_ws/install/robotx_2022/share/robotx_2022/models/camera/model-1_3.sdf
[16.589s] -- Installing: /home/grant/ros2_ws/install/robotx_2022/share/robotx_2022/models/camera/model.sdf
[16.589s] -- Installing: /home/grant/ros2_ws/install/robotx_2022/share/robotx_2022/models/camera/model.config
[16.589s] -- Installing: /home/grant/ros2_ws/install/robotx_2022/share/robotx_2022/models/camera/model-1_4.sdf
[16.589s] -- Installing: /home/grant/ros2_ws/install/robotx_2022/share/robotx_2022/models/camera/model-1_5.sdf
[16.589s] -- Installing: /home/grant/ros2_ws/install/robotx_2022/share/robotx_2022/models/iris_with_standoffs
[16.589s] -- Installing: /home/grant/ros2_ws/install/robotx_2022/share/robotx_2022/models/iris_with_standoffs/model.sdf
[16.590s] -- Installing: /home/grant/ros2_ws/install/robotx_2022/share/robotx_2022/models/iris_with_standoffs/model.config
[16.590s] -- Installing: /home/grant/ros2_ws/install/robotx_2022/share/robotx_2022/models/iris_with_standoffs/meshes
[16.590s] -- Installing: /home/grant/ros2_ws/install/robotx_2022/share/robotx_2022/models/iris_with_standoffs/meshes/iris.dae
[16.605s] -- Installing: /home/grant/ros2_ws/install/robotx_2022/share/robotx_2022/models/iris_with_standoffs/meshes/iris_prop_ccw.dae
[16.605s] -- Installing: /home/grant/ros2_ws/install/robotx_2022/share/robotx_2022/models/iris_with_standoffs/meshes/iris_prop_cw.dae
[16.605s] -- Installing: /home/grant/ros2_ws/install/robotx_2022/share/robotx_2022/models/landing_pad
[16.605s] -- Installing: /home/grant/ros2_ws/install/robotx_2022/share/robotx_2022/models/landing_pad/materials
[16.605s] -- Installing: /home/grant/ros2_ws/install/robotx_2022/share/robotx_2022/models/landing_pad/materials/textures
[16.605s] -- Installing: /home/grant/ros2_ws/install/robotx_2022/share/robotx_2022/models/landing_pad/materials/textures/RobotX_Landing_Pad.png
[16.606s] -- Installing: /home/grant/ros2_ws/install/robotx_2022/share/robotx_2022/models/landing_pad/model.config
[16.606s] -- Installing: /home/grant/ros2_ws/install/robotx_2022/share/robotx_2022/models/landing_pad/meshes
[16.606s] -- Installing: /home/grant/ros2_ws/install/robotx_2022/share/robotx_2022/models/landing_pad/meshes/Landing_Pad_Mesh.blend
[16.606s] -- Installing: /home/grant/ros2_ws/install/robotx_2022/share/robotx_2022/models/landing_pad/meshes/RobotX_Landing_Pad.png
[16.606s] -- Installing: /home/grant/ros2_ws/install/robotx_2022/share/robotx_2022/models/landing_pad/meshes/Landing_Pad_Mesh.dae
[16.607s] -- Installing: /home/grant/ros2_ws/install/robotx_2022/share/robotx_2022/models/sydney_regatta
[16.607s] -- Installing: /home/grant/ros2_ws/install/robotx_2022/share/robotx_2022/models/sydney_regatta/model.sdf
[16.607s] -- Installing: /home/grant/ros2_ws/install/robotx_2022/share/robotx_2022/models/sydney_regatta/materials
[16.607s] -- Installing: /home/grant/ros2_ws/install/robotx_2022/share/robotx_2022/models/sydney_regatta/materials/scripts
[16.607s] -- Installing: /home/grant/ros2_ws/install/robotx_2022/share/robotx_2022/models/sydney_regatta/materials/scripts/caster_vp.glsl
[16.607s] -- Installing: /home/grant/ros2_ws/install/robotx_2022/share/robotx_2022/models/sydney_regatta/materials/scripts/caster_fp.glsl
[16.607s] -- Installing: /home/grant/ros2_ws/install/robotx_2022/share/robotx_2022/models/sydney_regatta/materials/scripts/sydney_tree.material
[16.607s] -- Installing: /home/grant/ros2_ws/install/robotx_2022/share/robotx_2022/models/sydney_regatta/materials/textures
[16.607s] -- Installing: /home/grant/ros2_ws/install/robotx_2022/share/robotx_2022/models/sydney_regatta/materials/textures/Dock.png
[16.624s] -- Installing: /home/grant/ros2_ws/install/robotx_2022/share/robotx_2022/models/sydney_regatta/materials/textures/Wall_05.png
[16.625s] -- Installing: /home/grant/ros2_ws/install/robotx_2022/share/robotx_2022/models/sydney_regatta/materials/textures/RoofCorrugated.png
[16.639s] -- Installing: /home/grant/ros2_ws/install/robotx_2022/share/robotx_2022/models/sydney_regatta/materials/textures/Terrain.png
[16.666s] -- Installing: /home/grant/ros2_ws/install/robotx_2022/share/robotx_2022/models/sydney_regatta/materials/textures/MetalGalvanized.png
[16.679s] -- Installing: /home/grant/ros2_ws/install/robotx_2022/share/robotx_2022/models/sydney_regatta/materials/textures/TreeDiffuse.png
[16.680s] -- Installing: /home/grant/ros2_ws/install/robotx_2022/share/robotx_2022/models/sydney_regatta/materials/textures/Windows_Dark.png
[16.681s] -- Installing: /home/grant/ros2_ws/install/robotx_2022/share/robotx_2022/models/sydney_regatta/materials/textures/DockDark.png
[16.697s] -- Installing: /home/grant/ros2_ws/install/robotx_2022/share/robotx_2022/models/sydney_regatta/model.config
[16.697s] -- Installing: /home/grant/ros2_ws/install/robotx_2022/share/robotx_2022/models/sydney_regatta/meshes
[16.697s] -- Installing: /home/grant/ros2_ws/install/robotx_2022/share/robotx_2022/models/sydney_regatta/meshes/sydney_regatta_collision.dae
[16.698s] -- Installing: /home/grant/ros2_ws/install/robotx_2022/share/robotx_2022/models/sydney_regatta/meshes/sydney_regatta_shore.dae
[16.699s] -- Installing: /home/grant/ros2_ws/install/robotx_2022/share/robotx_2022/models/sydney_regatta/meshes/sydney_regatta.dae
[16.712s] -- Installing: /home/grant/ros2_ws/install/robotx_2022/share/robotx_2022/models/QR_wamv
[16.712s] -- Installing: /home/grant/ros2_ws/install/robotx_2022/share/robotx_2022/models/QR_wamv/model.sdf
[16.712s] -- Installing: /home/grant/ros2_ws/install/robotx_2022/share/robotx_2022/models/QR_wamv/model_og.sdf
[16.712s] -- Installing: /home/grant/ros2_ws/install/robotx_2022/share/robotx_2022/models/QR_wamv/model.config
[16.712s] -- Installing: /home/grant/ros2_ws/install/robotx_2022/share/robotx_2022/models/flat_ocean_waves
[16.712s] -- Installing: /home/grant/ros2_ws/install/robotx_2022/share/robotx_2022/models/flat_ocean_waves/model.xacro
[16.712s] -- Installing: /home/grant/ros2_ws/install/robotx_2022/share/robotx_2022/models/flat_ocean_waves/model.sdf
[16.713s] -- Installing: /home/grant/ros2_ws/install/robotx_2022/share/robotx_2022/models/flat_ocean_waves/model.xacro.erb
[16.713s] -- Installing: /home/grant/ros2_ws/install/robotx_2022/share/robotx_2022/models/flat_ocean_waves/materials
[16.713s] -- Installing: /home/grant/ros2_ws/install/robotx_2022/share/robotx_2022/models/flat_ocean_waves/materials/programs
[16.713s] -- Installing: /home/grant/ros2_ws/install/robotx_2022/share/robotx_2022/models/flat_ocean_waves/materials/programs/GerstnerWaves.vert
[16.713s] -- Installing: /home/grant/ros2_ws/install/robotx_2022/share/robotx_2022/models/flat_ocean_waves/materials/programs/GerstnerWaves.frag
[16.713s] -- Installing: /home/grant/ros2_ws/install/robotx_2022/share/robotx_2022/models/flat_ocean_waves/materials/scripts
[16.713s] -- Installing: /home/grant/ros2_ws/install/robotx_2022/share/robotx_2022/models/flat_ocean_waves/materials/scripts/waves.material
[16.713s] -- Installing: /home/grant/ros2_ws/install/robotx_2022/share/robotx_2022/models/flat_ocean_waves/materials/textures
[16.713s] -- Installing: /home/grant/ros2_ws/install/robotx_2022/share/robotx_2022/models/flat_ocean_waves/materials/textures/wave_normals.dds
[16.713s] -- Installing: /home/grant/ros2_ws/install/robotx_2022/share/robotx_2022/models/flat_ocean_waves/materials/textures/clouds.jpg
[16.714s] -- Installing: /home/grant/ros2_ws/install/robotx_2022/share/robotx_2022/models/flat_ocean_waves/materials/textures/clouds_fr.jpg
[16.714s] -- Installing: /home/grant/ros2_ws/install/robotx_2022/share/robotx_2022/models/flat_ocean_waves/materials/textures/clouds_dn.jpg
[16.714s] -- Installing: /home/grant/ros2_ws/install/robotx_2022/share/robotx_2022/models/flat_ocean_waves/materials/textures/clouds_up.jpg
[16.714s] -- Installing: /home/grant/ros2_ws/install/robotx_2022/share/robotx_2022/models/flat_ocean_waves/materials/textures/clouds_rt.jpg
[16.714s] -- Installing: /home/grant/ros2_ws/install/robotx_2022/share/robotx_2022/models/flat_ocean_waves/materials/textures/clouds_bk.jpg
[16.714s] -- Installing: /home/grant/ros2_ws/install/robotx_2022/share/robotx_2022/models/flat_ocean_waves/materials/textures/clouds_lf.jpg
[16.714s] -- Installing: /home/grant/ros2_ws/install/robotx_2022/share/robotx_2022/models/flat_ocean_waves/model.config
[16.714s] -- Installing: /home/grant/ros2_ws/install/robotx_2022/share/robotx_2022/models/flat_ocean_waves/meshes
[16.714s] -- Installing: /home/grant/ros2_ws/install/robotx_2022/share/robotx_2022/models/flat_ocean_waves/meshes/mesh.blend
[16.714s] -- Installing: /home/grant/ros2_ws/install/robotx_2022/share/robotx_2022/models/flat_ocean_waves/meshes/mesh.dae
[16.715s] -- Installing: /home/grant/ros2_ws/install/robotx_2022/share/robotx_2022/models/flat_ocean_waves/meshes/mesh_below.dae
[16.715s] -- Installing: /home/grant/ros2_ws/install/robotx_2022/share/robotx_2022/models/camera_g
[16.715s] -- Installing: /home/grant/ros2_ws/install/robotx_2022/share/robotx_2022/models/camera_g/model-1_2.sdf
[16.715s] -- Installing: /home/grant/ros2_ws/install/robotx_2022/share/robotx_2022/models/camera_g/model-1_3.sdf
[16.715s] -- Installing: /home/grant/ros2_ws/install/robotx_2022/share/robotx_2022/models/camera_g/model.sdf
[16.715s] -- Installing: /home/grant/ros2_ws/install/robotx_2022/share/robotx_2022/models/camera_g/model.config
[16.715s] -- Installing: /home/grant/ros2_ws/install/robotx_2022/share/robotx_2022/models/camera_g/model-1_4.sdf
[16.716s] -- Installing: /home/grant/ros2_ws/install/robotx_2022/share/robotx_2022/models/camera_g/model-1_5.sdf
[16.716s] -- Installing: /home/grant/ros2_ws/install/robotx_2022/share/robotx_2022/models/robotx_iris_with_ardupilot
[16.716s] -- Installing: /home/grant/ros2_ws/install/robotx_2022/share/robotx_2022/models/robotx_iris_with_ardupilot/model.sdf
[16.716s] -- Installing: /home/grant/ros2_ws/install/robotx_2022/share/robotx_2022/models/robotx_iris_with_ardupilot/model.config
[16.716s] -- Installing: /home/grant/ros2_ws/install/robotx_2022/share/robotx_2022/models/WAM-V-Base
[16.716s] -- Installing: /home/grant/ros2_ws/install/robotx_2022/share/robotx_2022/models/WAM-V-Base/mesh
[16.716s] -- Installing: /home/grant/ros2_ws/install/robotx_2022/share/robotx_2022/models/WAM-V-Base/mesh/WamV.png
[16.717s] -- Installing: /home/grant/ros2_ws/install/robotx_2022/share/robotx_2022/models/WAM-V-Base/mesh/WAM-V-Base.dae
[16.717s] -- Installing: /home/grant/ros2_ws/install/robotx_2022/share/robotx_2022/models/WAM-V-Base/model.config
[16.718s] -- Installing: /home/grant/ros2_ws/install/robotx_2022/share/robotx_2022/models/engine
[16.718s] -- Installing: /home/grant/ros2_ws/install/robotx_2022/share/robotx_2022/models/engine/mesh
[16.718s] -- Installing: /home/grant/ros2_ws/install/robotx_2022/share/robotx_2022/models/engine/mesh/engine.dae
[16.718s] -- Installing: /home/grant/ros2_ws/install/robotx_2022/share/robotx_2022/models/engine/model.config
[16.718s] -- Installing: /home/grant/ros2_ws/install/robotx_2022/share/robotx_2022/models/propeller
[16.718s] -- Installing: /home/grant/ros2_ws/install/robotx_2022/share/robotx_2022/models/propeller/mesh
[16.718s] -- Installing: /home/grant/ros2_ws/install/robotx_2022/share/robotx_2022/models/propeller/mesh/propeller.dae
[16.718s] -- Installing: /home/grant/ros2_ws/install/robotx_2022/share/robotx_2022/models/propeller/model.config
[16.718s] -- Installing: /home/grant/ros2_ws/install/robotx_2022/share/robotx_2022/models/gimbal_small_2d
[16.719s] -- Installing: /home/grant/ros2_ws/install/robotx_2022/share/robotx_2022/models/gimbal_small_2d/model.sdf
[16.719s] -- Installing: /home/grant/ros2_ws/install/robotx_2022/share/robotx_2022/models/gimbal_small_2d/model.config
[16.719s] -- Installing: /home/grant/ros2_ws/install/robotx_2022/share/robotx_2022/models/gimbal_small_2d/meshes
[16.719s] -- Installing: /home/grant/ros2_ws/install/robotx_2022/share/robotx_2022/models/gimbal_small_2d/meshes/base_main.dae
[16.723s] -- Installing: /home/grant/ros2_ws/install/robotx_2022/share/robotx_2022/models/gimbal_small_2d/meshes/tilt.dae
[16.725s] -- Installing: /home/grant/ros2_ws/install/robotx_2022/share/robotx_2022/models/gimbal_small_2d/meshes/base_arm.dae
[16.727s] -- Installing: /home/grant/ros2_ws/install/robotx_2022/share/robotx_2022/models/sun
[16.727s] -- Installing: /home/grant/ros2_ws/install/robotx_2022/share/robotx_2022/models/sun/model-1_2.sdf
[16.728s] -- Installing: /home/grant/ros2_ws/install/robotx_2022/share/robotx_2022/models/sun/model-1_3.sdf
[16.728s] -- Installing: /home/grant/ros2_ws/install/robotx_2022/share/robotx_2022/models/sun/model.sdf
[16.728s] -- Installing: /home/grant/ros2_ws/install/robotx_2022/share/robotx_2022/models/sun/model.config
[16.728s] -- Installing: /home/grant/ros2_ws/install/robotx_2022/share/robotx_2022/models/sun/model-1_4.sdf
[16.728s] -- Installing: /home/grant/ros2_ws/install/robotx_2022/share/robotx_2022/launch
[16.728s] -- Installing: /home/grant/ros2_ws/install/robotx_2022/share/robotx_2022/launch/emptyworld_platformed_drone_wamv_qr.launch
[16.728s] -- Installing: /home/grant/ros2_ws/install/robotx_2022/share/robotx_2022/launch/wamv_basic_commands.launch
[16.729s] -- Installing: /home/grant/ros2_ws/install/robotx_2022/share/robotx_2022/launch/grass_replenish_platform.launch
[16.729s] -- Installing: /home/grant/ros2_ws/install/robotx_2022/share/robotx_2022/launch/only_platform_empty.launch
[16.729s] -- Installing: /home/grant/ros2_ws/install/robotx_2022/share/robotx_2022/launch/visualworld_platformed_drone_wamv_qr.launch
[16.729s] -- Installing: /home/grant/ros2_ws/install/robotx_2022/share/robotx_2022/launch/only_wamv_qr_empty.launch
[16.729s] -- Installing: /home/grant/ros2_ws/install/robotx_2022/share/robotx_2022/launch/platformed_drone_wamv_qr_empty.launch
[16.729s] -- Installing: /home/grant/ros2_ws/install/robotx_2022/share/robotx_2022/launch/iris_double_world.launch
[16.729s] -- Installing: /home/grant/ros2_ws/install/robotx_2022/share/robotx_2022/launch/delayed_wamv_basic_commands.launch
[16.729s] -- Installing: /home/grant/ros2_ws/install/robotx_2022/share/robotx_2022/launch/empty_world_wamv.launch
[16.729s] -- Installing: /home/grant/ros2_ws/install/robotx_2022/share/robotx_2022/launch/wamv_qr_empty.launch
[16.729s] -- Installing: /home/grant/ros2_ws/install/robotx_2022/include/robotx_2022
[16.729s] -- Installing: /home/grant/ros2_ws/install/robotx_2022/include/robotx_2022/GimbalSmall2dPlugin.hh
[16.730s] -- Installing: /home/grant/ros2_ws/install/robotx_2022/include/robotx_2022/ArduCopterIRLockPlugin.hh
[16.730s] CMake Error at cmake_install.cmake:69 (file):
[16.730s]   file cannot create directory: /nodes.  Maybe need administrative
[16.730s]   privileges.
[16.730s] 
[16.730s] 
[16.730s] -- Installing: /home/grant/ros2_ws/install/robotx_2022/include/robotx_2022/SelectionBuffer.hh
[16.730s] -- Installing: /home/grant/ros2_ws/install/robotx_2022/include/robotx_2022/ArduPilotPlugin.hh
[16.731s] Invoked command in '/home/grant/ros2_ws/build/robotx_2022' returned '1': CMAKE_PREFIX_PATH=/home/grant/ros2_ws/install/vrx_gazebo:/home/grant/ros2_ws/install/wamv_gazebo:/home/grant/ros2_ws/install/wave_gazebo:/home/grant/ros2_ws/install/usv_gazebo_plugins:/home/grant/ros2_ws/install/wave_gazebo_plugins:/home/grant/ros2_ws/install/wamv_description:/home/grant/ros2_ws/install/usv_msgs:/home/grant/ros2_ws/install/mavros_extras:/home/grant/ros2_ws/install/mavros:/home/grant/ros2_ws/install/mavros_msgs:/home/grant/ros2_ws/install/libmavconn:/home/grant/ros2_ws/install/mavlink:/opt/ros/foxy:/home/grant/vrx_ws/devel:/opt/ros/noetic:/home/grant/ros2_foxy/ros2-linux CONDA_PROMPT_MODIFIER=(base) LD_LIBRARY_PATH=/home/grant/ros2_ws/install/vrx_gazebo/lib:/home/grant/ros2_ws/install/usv_gazebo_plugins/lib:/home/grant/ros2_ws/install/wave_gazebo_plugins/lib:/home/grant/ros2_ws/install/usv_msgs/lib:/home/grant/ros2_ws/install/mavros_extras/lib:/home/grant/ros2_ws/install/mavros/lib:/home/grant/ros2_ws/install/mavros_msgs/lib:/home/grant/ros2_ws/install/libmavconn/lib:/home/grant/vrx_ws/devel/lib:/opt/ros/noetic/lib:/usr/lib/x86_64-linux-gnu/gazebo-11/plugins:/opt/ros/foxy/opt/yaml_cpp_vendor/lib:/opt/ros/foxy/lib/x86_64-linux-gnu:/opt/ros/foxy/lib:/home/grant/ros2_foxy/ros2-linux/opt/yaml_cpp_vendor/lib:/home/grant/ros2_foxy/ros2-linux/opt/rviz_ogre_vendor/lib:/opt/rti.com/rti_connext_dds-5.3.1/lib/x64Linux3gcc5.4.0:/home/grant/ros2_foxy/ros2-linux/lib:/usr/lib/x86_64-linux-gnu/gazebo-11/plugins:/usr/lib/x86_64-linux-gnu/gazebo-11/plugins:/usr/lib/x86_64-linux-gnu/gazebo-11/plugins:/usr/lib/x86_64-linux-gnu/gazebo-11/plugins:/usr/lib/x86_64-linux-gnu/gazebo-11/plugins:/usr/lib/x86_64-linux-gnu/gazebo-11/plugins:/usr/lib/x86_64-linux-gnu/gazebo-11/plugins:/usr/lib/x86_64-linux-gnu/gazebo-11/plugins:/usr/lib/x86_64-linux-gnu/gazebo-11/plugins:/usr/lib/x86_64-linux-gnu/gazebo-11/plugins /usr/bin/cmake --install /home/grant/ros2_ws/build/robotx_2022
