[0.168s] DEBUG:colcon:Command line arguments: ['/usr/bin/colcon', 'build', '--packages-select', 'wave_gazebo_plugins']
[0.168s] DEBUG:colcon:Parsed command line arguments: Namespace(allow_overriding=[], ament_cmake_args=None, base_paths=['.'], build_base='build', catkin_cmake_args=None, catkin_skip_building_tests=False, cmake_args=None, cmake_clean_cache=False, cmake_clean_first=False, cmake_force_configure=False, cmake_target=None, cmake_target_skip_unavailable=False, continue_on_error=False, event_handlers=None, executor='parallel', ignore_user_meta=False, install_base='install', log_base=None, log_level=None, main=<bound method BuildVerb.main of <colcon_core.verb.build.BuildVerb object at 0x7f28c338edc0>>, merge_install=False, metas=['./colcon.meta'], packages_above=None, packages_above_and_dependencies=None, packages_above_depth=None, packages_end=None, packages_ignore=None, packages_ignore_regex=None, packages_select=['wave_gazebo_plugins'], packages_select_build_failed=False, packages_select_by_dep=None, packages_select_regex=None, packages_select_test_failures=False, packages_skip=None, packages_skip_build_finished=False, packages_skip_by_dep=None, packages_skip_regex=None, packages_skip_test_passed=False, packages_skip_up_to=None, packages_start=None, packages_up_to=None, packages_up_to_regex=None, parallel_workers=8, paths=None, symlink_install=False, test_result_base=None, verb_extension=<colcon_core.verb.build.BuildVerb object at 0x7f28c338edc0>, verb_name='build', verb_parser=<colcon_defaults.argument_parser.defaults.DefaultArgumentsDecorator object at 0x7f28c3397370>)
[0.199s] Level 1:colcon.colcon_core.package_discovery:discover_packages(colcon_meta) check parameters
[0.199s] Level 1:colcon.colcon_core.package_discovery:discover_packages(recursive) check parameters
[0.199s] Level 1:colcon.colcon_core.package_discovery:discover_packages(ignore) check parameters
[0.199s] Level 1:colcon.colcon_core.package_discovery:discover_packages(path) check parameters
[0.199s] Level 1:colcon.colcon_core.package_discovery:discover_packages(colcon_meta) discover
[0.199s] Level 1:colcon.colcon_core.package_discovery:discover_packages(recursive) discover
[0.199s] INFO:colcon.colcon_core.package_discovery:Crawling recursively for packages in '/home/grant/ros2_ws'
[0.199s] Level 1:colcon.colcon_core.package_identification:_identify(.) by extensions ['ignore', 'ignore_ament_install']
[0.199s] Level 1:colcon.colcon_core.package_identification:_identify(.) by extension 'ignore'
[0.199s] Level 1:colcon.colcon_core.package_identification:_identify(.) by extension 'ignore_ament_install'
[0.199s] Level 1:colcon.colcon_core.package_identification:_identify(.) by extensions ['colcon_pkg']
[0.199s] Level 1:colcon.colcon_core.package_identification:_identify(.) by extension 'colcon_pkg'
[0.199s] Level 1:colcon.colcon_core.package_identification:_identify(.) by extensions ['colcon_meta']
[0.199s] Level 1:colcon.colcon_core.package_identification:_identify(.) by extension 'colcon_meta'
[0.199s] Level 1:colcon.colcon_core.package_identification:_identify(.) by extensions ['ros']
[0.199s] Level 1:colcon.colcon_core.package_identification:_identify(.) by extension 'ros'
[0.211s] Level 1:colcon.colcon_core.package_identification:_identify(.) by extensions ['cmake', 'python']
[0.211s] Level 1:colcon.colcon_core.package_identification:_identify(.) by extension 'cmake'
[0.211s] Level 1:colcon.colcon_core.package_identification:_identify(.) by extension 'python'
[0.211s] Level 1:colcon.colcon_core.package_identification:_identify(.) by extensions ['python_setup_py']
[0.211s] Level 1:colcon.colcon_core.package_identification:_identify(.) by extension 'python_setup_py'
[0.211s] Level 1:colcon.colcon_core.package_identification:_identify(build) by extensions ['ignore', 'ignore_ament_install']
[0.211s] Level 1:colcon.colcon_core.package_identification:_identify(build) by extension 'ignore'
[0.211s] Level 1:colcon.colcon_core.package_identification:_identify(build) ignored
[0.212s] Level 1:colcon.colcon_core.package_identification:_identify(install) by extensions ['ignore', 'ignore_ament_install']
[0.212s] Level 1:colcon.colcon_core.package_identification:_identify(install) by extension 'ignore'
[0.212s] Level 1:colcon.colcon_core.package_identification:_identify(install) ignored
[0.212s] Level 1:colcon.colcon_core.package_identification:_identify(log) by extensions ['ignore', 'ignore_ament_install']
[0.212s] Level 1:colcon.colcon_core.package_identification:_identify(log) by extension 'ignore'
[0.212s] Level 1:colcon.colcon_core.package_identification:_identify(log) ignored
[0.212s] Level 1:colcon.colcon_core.package_identification:_identify(src) by extensions ['ignore', 'ignore_ament_install']
[0.212s] Level 1:colcon.colcon_core.package_identification:_identify(src) by extension 'ignore'
[0.212s] Level 1:colcon.colcon_core.package_identification:_identify(src) by extension 'ignore_ament_install'
[0.212s] Level 1:colcon.colcon_core.package_identification:_identify(src) by extensions ['colcon_pkg']
[0.212s] Level 1:colcon.colcon_core.package_identification:_identify(src) by extension 'colcon_pkg'
[0.212s] Level 1:colcon.colcon_core.package_identification:_identify(src) by extensions ['colcon_meta']
[0.212s] Level 1:colcon.colcon_core.package_identification:_identify(src) by extension 'colcon_meta'
[0.212s] Level 1:colcon.colcon_core.package_identification:_identify(src) by extensions ['ros']
[0.212s] Level 1:colcon.colcon_core.package_identification:_identify(src) by extension 'ros'
[0.212s] Level 1:colcon.colcon_core.package_identification:_identify(src) by extensions ['cmake', 'python']
[0.213s] Level 1:colcon.colcon_core.package_identification:_identify(src) by extension 'cmake'
[0.213s] Level 1:colcon.colcon_core.package_identification:_identify(src) by extension 'python'
[0.213s] Level 1:colcon.colcon_core.package_identification:_identify(src) by extensions ['python_setup_py']
[0.213s] Level 1:colcon.colcon_core.package_identification:_identify(src) by extension 'python_setup_py'
[0.213s] Level 1:colcon.colcon_core.package_identification:_identify(src/adept-vrx) by extensions ['ignore', 'ignore_ament_install']
[0.213s] Level 1:colcon.colcon_core.package_identification:_identify(src/adept-vrx) by extension 'ignore'
[0.213s] Level 1:colcon.colcon_core.package_identification:_identify(src/adept-vrx) by extension 'ignore_ament_install'
[0.213s] Level 1:colcon.colcon_core.package_identification:_identify(src/adept-vrx) by extensions ['colcon_pkg']
[0.213s] Level 1:colcon.colcon_core.package_identification:_identify(src/adept-vrx) by extension 'colcon_pkg'
[0.213s] Level 1:colcon.colcon_core.package_identification:_identify(src/adept-vrx) by extensions ['colcon_meta']
[0.213s] Level 1:colcon.colcon_core.package_identification:_identify(src/adept-vrx) by extension 'colcon_meta'
[0.213s] Level 1:colcon.colcon_core.package_identification:_identify(src/adept-vrx) by extensions ['ros']
[0.213s] Level 1:colcon.colcon_core.package_identification:_identify(src/adept-vrx) by extension 'ros'
[0.213s] Level 1:colcon.colcon_core.package_identification:_identify(src/adept-vrx) by extensions ['cmake', 'python']
[0.213s] Level 1:colcon.colcon_core.package_identification:_identify(src/adept-vrx) by extension 'cmake'
[0.213s] Level 1:colcon.colcon_core.package_identification:_identify(src/adept-vrx) by extension 'python'
[0.213s] Level 1:colcon.colcon_core.package_identification:_identify(src/adept-vrx) by extensions ['python_setup_py']
[0.213s] Level 1:colcon.colcon_core.package_identification:_identify(src/adept-vrx) by extension 'python_setup_py'
[0.213s] Level 1:colcon.colcon_core.package_identification:_identify(src/adept-vrx/adept_gazebo_plugins) by extensions ['ignore', 'ignore_ament_install']
[0.214s] Level 1:colcon.colcon_core.package_identification:_identify(src/adept-vrx/adept_gazebo_plugins) by extension 'ignore'
[0.214s] Level 1:colcon.colcon_core.package_identification:_identify(src/adept-vrx/adept_gazebo_plugins) by extension 'ignore_ament_install'
[0.214s] Level 1:colcon.colcon_core.package_identification:_identify(src/adept-vrx/adept_gazebo_plugins) by extensions ['colcon_pkg']
[0.214s] Level 1:colcon.colcon_core.package_identification:_identify(src/adept-vrx/adept_gazebo_plugins) by extension 'colcon_pkg'
[0.214s] Level 1:colcon.colcon_core.package_identification:_identify(src/adept-vrx/adept_gazebo_plugins) by extensions ['colcon_meta']
[0.214s] Level 1:colcon.colcon_core.package_identification:_identify(src/adept-vrx/adept_gazebo_plugins) by extension 'colcon_meta'
[0.214s] Level 1:colcon.colcon_core.package_identification:_identify(src/adept-vrx/adept_gazebo_plugins) by extensions ['ros']
[0.214s] Level 1:colcon.colcon_core.package_identification:_identify(src/adept-vrx/adept_gazebo_plugins) by extension 'ros'
[0.227s] DEBUG:colcon.colcon_core.package_identification:Package 'src/adept-vrx/adept_gazebo_plugins' with type 'ros.catkin' and name 'adept_gazebo_plugins'
[0.227s] Level 1:colcon.colcon_core.package_identification:_identify(src/adept-vrx/robotX_2022) by extensions ['ignore', 'ignore_ament_install']
[0.227s] Level 1:colcon.colcon_core.package_identification:_identify(src/adept-vrx/robotX_2022) by extension 'ignore'
[0.227s] Level 1:colcon.colcon_core.package_identification:_identify(src/adept-vrx/robotX_2022) by extension 'ignore_ament_install'
[0.227s] Level 1:colcon.colcon_core.package_identification:_identify(src/adept-vrx/robotX_2022) by extensions ['colcon_pkg']
[0.228s] Level 1:colcon.colcon_core.package_identification:_identify(src/adept-vrx/robotX_2022) by extension 'colcon_pkg'
[0.228s] Level 1:colcon.colcon_core.package_identification:_identify(src/adept-vrx/robotX_2022) by extensions ['colcon_meta']
[0.228s] Level 1:colcon.colcon_core.package_identification:_identify(src/adept-vrx/robotX_2022) by extension 'colcon_meta'
[0.228s] Level 1:colcon.colcon_core.package_identification:_identify(src/adept-vrx/robotX_2022) by extensions ['ros']
[0.228s] Level 1:colcon.colcon_core.package_identification:_identify(src/adept-vrx/robotX_2022) by extension 'ros'
[0.230s] DEBUG:colcon.colcon_core.package_identification:Package 'src/adept-vrx/robotX_2022' with type 'ros.catkin' and name 'robotx_2022'
[0.230s] Level 1:colcon.colcon_core.package_identification:_identify(src/adept-vrx/usv_gazebo_plugins) by extensions ['ignore', 'ignore_ament_install']
[0.230s] Level 1:colcon.colcon_core.package_identification:_identify(src/adept-vrx/usv_gazebo_plugins) by extension 'ignore'
[0.230s] Level 1:colcon.colcon_core.package_identification:_identify(src/adept-vrx/usv_gazebo_plugins) by extension 'ignore_ament_install'
[0.230s] Level 1:colcon.colcon_core.package_identification:_identify(src/adept-vrx/usv_gazebo_plugins) by extensions ['colcon_pkg']
[0.230s] Level 1:colcon.colcon_core.package_identification:_identify(src/adept-vrx/usv_gazebo_plugins) by extension 'colcon_pkg'
[0.230s] Level 1:colcon.colcon_core.package_identification:_identify(src/adept-vrx/usv_gazebo_plugins) by extensions ['colcon_meta']
[0.230s] Level 1:colcon.colcon_core.package_identification:_identify(src/adept-vrx/usv_gazebo_plugins) by extension 'colcon_meta'
[0.230s] Level 1:colcon.colcon_core.package_identification:_identify(src/adept-vrx/usv_gazebo_plugins) by extensions ['ros']
[0.230s] Level 1:colcon.colcon_core.package_identification:_identify(src/adept-vrx/usv_gazebo_plugins) by extension 'ros'
[0.232s] DEBUG:colcon.colcon_core.package_identification:Package 'src/adept-vrx/usv_gazebo_plugins' with type 'ros.catkin' and name 'usv_gazebo_plugins'
[0.232s] Level 1:colcon.colcon_core.package_identification:_identify(src/adept-vrx/vrx_gazebo) by extensions ['ignore', 'ignore_ament_install']
[0.232s] Level 1:colcon.colcon_core.package_identification:_identify(src/adept-vrx/vrx_gazebo) by extension 'ignore'
[0.232s] Level 1:colcon.colcon_core.package_identification:_identify(src/adept-vrx/vrx_gazebo) by extension 'ignore_ament_install'
[0.232s] Level 1:colcon.colcon_core.package_identification:_identify(src/adept-vrx/vrx_gazebo) by extensions ['colcon_pkg']
[0.232s] Level 1:colcon.colcon_core.package_identification:_identify(src/adept-vrx/vrx_gazebo) by extension 'colcon_pkg'
[0.232s] Level 1:colcon.colcon_core.package_identification:_identify(src/adept-vrx/vrx_gazebo) by extensions ['colcon_meta']
[0.232s] Level 1:colcon.colcon_core.package_identification:_identify(src/adept-vrx/vrx_gazebo) by extension 'colcon_meta'
[0.232s] Level 1:colcon.colcon_core.package_identification:_identify(src/adept-vrx/vrx_gazebo) by extensions ['ros']
[0.232s] Level 1:colcon.colcon_core.package_identification:_identify(src/adept-vrx/vrx_gazebo) by extension 'ros'
[0.234s] DEBUG:colcon.colcon_core.package_identification:Package 'src/adept-vrx/vrx_gazebo' with type 'ros.catkin' and name 'vrx_gazebo'
[0.234s] Level 1:colcon.colcon_core.package_identification:_identify(src/adept-vrx/wamv_description) by extensions ['ignore', 'ignore_ament_install']
[0.235s] Level 1:colcon.colcon_core.package_identification:_identify(src/adept-vrx/wamv_description) by extension 'ignore'
[0.235s] Level 1:colcon.colcon_core.package_identification:_identify(src/adept-vrx/wamv_description) by extension 'ignore_ament_install'
[0.235s] Level 1:colcon.colcon_core.package_identification:_identify(src/adept-vrx/wamv_description) by extensions ['colcon_pkg']
[0.235s] Level 1:colcon.colcon_core.package_identification:_identify(src/adept-vrx/wamv_description) by extension 'colcon_pkg'
[0.235s] Level 1:colcon.colcon_core.package_identification:_identify(src/adept-vrx/wamv_description) by extensions ['colcon_meta']
[0.235s] Level 1:colcon.colcon_core.package_identification:_identify(src/adept-vrx/wamv_description) by extension 'colcon_meta'
[0.235s] Level 1:colcon.colcon_core.package_identification:_identify(src/adept-vrx/wamv_description) by extensions ['ros']
[0.235s] Level 1:colcon.colcon_core.package_identification:_identify(src/adept-vrx/wamv_description) by extension 'ros'
[0.235s] DEBUG:colcon.colcon_core.package_identification:Package 'src/adept-vrx/wamv_description' with type 'ros.catkin' and name 'wamv_description'
[0.236s] Level 1:colcon.colcon_core.package_identification:_identify(src/adept-vrx/wamv_gazebo) by extensions ['ignore', 'ignore_ament_install']
[0.236s] Level 1:colcon.colcon_core.package_identification:_identify(src/adept-vrx/wamv_gazebo) by extension 'ignore'
[0.236s] Level 1:colcon.colcon_core.package_identification:_identify(src/adept-vrx/wamv_gazebo) by extension 'ignore_ament_install'
[0.236s] Level 1:colcon.colcon_core.package_identification:_identify(src/adept-vrx/wamv_gazebo) by extensions ['colcon_pkg']
[0.236s] Level 1:colcon.colcon_core.package_identification:_identify(src/adept-vrx/wamv_gazebo) by extension 'colcon_pkg'
[0.236s] Level 1:colcon.colcon_core.package_identification:_identify(src/adept-vrx/wamv_gazebo) by extensions ['colcon_meta']
[0.236s] Level 1:colcon.colcon_core.package_identification:_identify(src/adept-vrx/wamv_gazebo) by extension 'colcon_meta'
[0.236s] Level 1:colcon.colcon_core.package_identification:_identify(src/adept-vrx/wamv_gazebo) by extensions ['ros']
[0.236s] Level 1:colcon.colcon_core.package_identification:_identify(src/adept-vrx/wamv_gazebo) by extension 'ros'
[0.237s] DEBUG:colcon.colcon_core.package_identification:Package 'src/adept-vrx/wamv_gazebo' with type 'ros.catkin' and name 'wamv_gazebo'
[0.237s] Level 1:colcon.colcon_core.package_identification:_identify(src/adept-vrx/wave_gazebo) by extensions ['ignore', 'ignore_ament_install']
[0.238s] Level 1:colcon.colcon_core.package_identification:_identify(src/adept-vrx/wave_gazebo) by extension 'ignore'
[0.238s] Level 1:colcon.colcon_core.package_identification:_identify(src/adept-vrx/wave_gazebo) by extension 'ignore_ament_install'
[0.238s] Level 1:colcon.colcon_core.package_identification:_identify(src/adept-vrx/wave_gazebo) by extensions ['colcon_pkg']
[0.238s] Level 1:colcon.colcon_core.package_identification:_identify(src/adept-vrx/wave_gazebo) by extension 'colcon_pkg'
[0.238s] Level 1:colcon.colcon_core.package_identification:_identify(src/adept-vrx/wave_gazebo) by extensions ['colcon_meta']
[0.238s] Level 1:colcon.colcon_core.package_identification:_identify(src/adept-vrx/wave_gazebo) by extension 'colcon_meta'
[0.238s] Level 1:colcon.colcon_core.package_identification:_identify(src/adept-vrx/wave_gazebo) by extensions ['ros']
[0.238s] Level 1:colcon.colcon_core.package_identification:_identify(src/adept-vrx/wave_gazebo) by extension 'ros'
[0.239s] DEBUG:colcon.colcon_core.package_identification:Package 'src/adept-vrx/wave_gazebo' with type 'ros.ament_cmake' and name 'wave_gazebo'
[0.239s] Level 1:colcon.colcon_core.package_identification:_identify(src/adept-vrx/wave_gazebo_plugins) by extensions ['ignore', 'ignore_ament_install']
[0.239s] Level 1:colcon.colcon_core.package_identification:_identify(src/adept-vrx/wave_gazebo_plugins) by extension 'ignore'
[0.239s] Level 1:colcon.colcon_core.package_identification:_identify(src/adept-vrx/wave_gazebo_plugins) by extension 'ignore_ament_install'
[0.239s] Level 1:colcon.colcon_core.package_identification:_identify(src/adept-vrx/wave_gazebo_plugins) by extensions ['colcon_pkg']
[0.239s] Level 1:colcon.colcon_core.package_identification:_identify(src/adept-vrx/wave_gazebo_plugins) by extension 'colcon_pkg'
[0.239s] Level 1:colcon.colcon_core.package_identification:_identify(src/adept-vrx/wave_gazebo_plugins) by extensions ['colcon_meta']
[0.239s] Level 1:colcon.colcon_core.package_identification:_identify(src/adept-vrx/wave_gazebo_plugins) by extension 'colcon_meta'
[0.239s] Level 1:colcon.colcon_core.package_identification:_identify(src/adept-vrx/wave_gazebo_plugins) by extensions ['ros']
[0.239s] Level 1:colcon.colcon_core.package_identification:_identify(src/adept-vrx/wave_gazebo_plugins) by extension 'ros'
[0.239s] DEBUG:colcon.colcon_core.package_identification:Package 'src/adept-vrx/wave_gazebo_plugins' with type 'ros.ament_cmake' and name 'wave_gazebo_plugins'
[0.240s] Level 1:colcon.colcon_core.package_identification:_identify(src/mavlink) by extensions ['ignore', 'ignore_ament_install']
[0.240s] Level 1:colcon.colcon_core.package_identification:_identify(src/mavlink) by extension 'ignore'
[0.240s] Level 1:colcon.colcon_core.package_identification:_identify(src/mavlink) by extension 'ignore_ament_install'
[0.240s] Level 1:colcon.colcon_core.package_identification:_identify(src/mavlink) by extensions ['colcon_pkg']
[0.240s] Level 1:colcon.colcon_core.package_identification:_identify(src/mavlink) by extension 'colcon_pkg'
[0.240s] Level 1:colcon.colcon_core.package_identification:_identify(src/mavlink) by extensions ['colcon_meta']
[0.240s] Level 1:colcon.colcon_core.package_identification:_identify(src/mavlink) by extension 'colcon_meta'
[0.240s] Level 1:colcon.colcon_core.package_identification:_identify(src/mavlink) by extensions ['ros']
[0.240s] Level 1:colcon.colcon_core.package_identification:_identify(src/mavlink) by extension 'ros'
[0.245s] DEBUG:colcon.colcon_core.package_identification:Package 'src/mavlink' with type 'ros.cmake' and name 'mavlink'
[0.245s] Level 1:colcon.colcon_core.package_identification:_identify(src/mavros) by extensions ['ignore', 'ignore_ament_install']
[0.245s] Level 1:colcon.colcon_core.package_identification:_identify(src/mavros) by extension 'ignore'
[0.245s] Level 1:colcon.colcon_core.package_identification:_identify(src/mavros) by extension 'ignore_ament_install'
[0.245s] Level 1:colcon.colcon_core.package_identification:_identify(src/mavros) by extensions ['colcon_pkg']
[0.245s] Level 1:colcon.colcon_core.package_identification:_identify(src/mavros) by extension 'colcon_pkg'
[0.245s] Level 1:colcon.colcon_core.package_identification:_identify(src/mavros) by extensions ['colcon_meta']
[0.245s] Level 1:colcon.colcon_core.package_identification:_identify(src/mavros) by extension 'colcon_meta'
[0.245s] Level 1:colcon.colcon_core.package_identification:_identify(src/mavros) by extensions ['ros']
[0.245s] Level 1:colcon.colcon_core.package_identification:_identify(src/mavros) by extension 'ros'
[0.245s] Level 1:colcon.colcon_core.package_identification:_identify(src/mavros) by extensions ['cmake', 'python']
[0.245s] Level 1:colcon.colcon_core.package_identification:_identify(src/mavros) by extension 'cmake'
[0.245s] Level 1:colcon.colcon_core.package_identification:_identify(src/mavros) by extension 'python'
[0.245s] Level 1:colcon.colcon_core.package_identification:_identify(src/mavros) by extensions ['python_setup_py']
[0.245s] Level 1:colcon.colcon_core.package_identification:_identify(src/mavros) by extension 'python_setup_py'
[0.245s] Level 1:colcon.colcon_core.package_identification:_identify(src/mavros/libmavconn) by extensions ['ignore', 'ignore_ament_install']
[0.245s] Level 1:colcon.colcon_core.package_identification:_identify(src/mavros/libmavconn) by extension 'ignore'
[0.246s] Level 1:colcon.colcon_core.package_identification:_identify(src/mavros/libmavconn) by extension 'ignore_ament_install'
[0.246s] Level 1:colcon.colcon_core.package_identification:_identify(src/mavros/libmavconn) by extensions ['colcon_pkg']
[0.246s] Level 1:colcon.colcon_core.package_identification:_identify(src/mavros/libmavconn) by extension 'colcon_pkg'
[0.246s] Level 1:colcon.colcon_core.package_identification:_identify(src/mavros/libmavconn) by extensions ['colcon_meta']
[0.246s] Level 1:colcon.colcon_core.package_identification:_identify(src/mavros/libmavconn) by extension 'colcon_meta'
[0.246s] Level 1:colcon.colcon_core.package_identification:_identify(src/mavros/libmavconn) by extensions ['ros']
[0.246s] Level 1:colcon.colcon_core.package_identification:_identify(src/mavros/libmavconn) by extension 'ros'
[0.247s] DEBUG:colcon.colcon_core.package_identification:Package 'src/mavros/libmavconn' with type 'ros.ament_cmake' and name 'libmavconn'
[0.247s] Level 1:colcon.colcon_core.package_identification:_identify(src/mavros/mavros) by extensions ['ignore', 'ignore_ament_install']
[0.247s] Level 1:colcon.colcon_core.package_identification:_identify(src/mavros/mavros) by extension 'ignore'
[0.247s] Level 1:colcon.colcon_core.package_identification:_identify(src/mavros/mavros) by extension 'ignore_ament_install'
[0.247s] Level 1:colcon.colcon_core.package_identification:_identify(src/mavros/mavros) by extensions ['colcon_pkg']
[0.247s] Level 1:colcon.colcon_core.package_identification:_identify(src/mavros/mavros) by extension 'colcon_pkg'
[0.247s] Level 1:colcon.colcon_core.package_identification:_identify(src/mavros/mavros) by extensions ['colcon_meta']
[0.247s] Level 1:colcon.colcon_core.package_identification:_identify(src/mavros/mavros) by extension 'colcon_meta'
[0.247s] Level 1:colcon.colcon_core.package_identification:_identify(src/mavros/mavros) by extensions ['ros']
[0.247s] Level 1:colcon.colcon_core.package_identification:_identify(src/mavros/mavros) by extension 'ros'
[0.251s] DEBUG:colcon.colcon_core.package_identification:Package 'src/mavros/mavros' with type 'ros.ament_cmake' and name 'mavros'
[0.252s] Level 1:colcon.colcon_core.package_identification:_identify(src/mavros/mavros_extras) by extensions ['ignore', 'ignore_ament_install']
[0.252s] Level 1:colcon.colcon_core.package_identification:_identify(src/mavros/mavros_extras) by extension 'ignore'
[0.252s] Level 1:colcon.colcon_core.package_identification:_identify(src/mavros/mavros_extras) by extension 'ignore_ament_install'
[0.252s] Level 1:colcon.colcon_core.package_identification:_identify(src/mavros/mavros_extras) by extensions ['colcon_pkg']
[0.252s] Level 1:colcon.colcon_core.package_identification:_identify(src/mavros/mavros_extras) by extension 'colcon_pkg'
[0.252s] Level 1:colcon.colcon_core.package_identification:_identify(src/mavros/mavros_extras) by extensions ['colcon_meta']
[0.252s] Level 1:colcon.colcon_core.package_identification:_identify(src/mavros/mavros_extras) by extension 'colcon_meta'
[0.252s] Level 1:colcon.colcon_core.package_identification:_identify(src/mavros/mavros_extras) by extensions ['ros']
[0.252s] Level 1:colcon.colcon_core.package_identification:_identify(src/mavros/mavros_extras) by extension 'ros'
[0.257s] DEBUG:colcon.colcon_core.package_identification:Package 'src/mavros/mavros_extras' with type 'ros.ament_cmake' and name 'mavros_extras'
[0.257s] Level 1:colcon.colcon_core.package_identification:_identify(src/mavros/mavros_msgs) by extensions ['ignore', 'ignore_ament_install']
[0.257s] Level 1:colcon.colcon_core.package_identification:_identify(src/mavros/mavros_msgs) by extension 'ignore'
[0.257s] Level 1:colcon.colcon_core.package_identification:_identify(src/mavros/mavros_msgs) by extension 'ignore_ament_install'
[0.257s] Level 1:colcon.colcon_core.package_identification:_identify(src/mavros/mavros_msgs) by extensions ['colcon_pkg']
[0.257s] Level 1:colcon.colcon_core.package_identification:_identify(src/mavros/mavros_msgs) by extension 'colcon_pkg'
[0.257s] Level 1:colcon.colcon_core.package_identification:_identify(src/mavros/mavros_msgs) by extensions ['colcon_meta']
[0.257s] Level 1:colcon.colcon_core.package_identification:_identify(src/mavros/mavros_msgs) by extension 'colcon_meta'
[0.257s] Level 1:colcon.colcon_core.package_identification:_identify(src/mavros/mavros_msgs) by extensions ['ros']
[0.257s] Level 1:colcon.colcon_core.package_identification:_identify(src/mavros/mavros_msgs) by extension 'ros'
[0.258s] DEBUG:colcon.colcon_core.package_identification:Package 'src/mavros/mavros_msgs' with type 'ros.ament_cmake' and name 'mavros_msgs'
[0.258s] Level 1:colcon.colcon_core.package_identification:_identify(src/mavros/test_mavros) by extensions ['ignore', 'ignore_ament_install']
[0.258s] Level 1:colcon.colcon_core.package_identification:_identify(src/mavros/test_mavros) by extension 'ignore'
[0.258s] Level 1:colcon.colcon_core.package_identification:_identify(src/mavros/test_mavros) ignored
[0.259s] Level 1:colcon.colcon_core.package_discovery:discover_packages(recursive) using defaults
[0.259s] Level 1:colcon.colcon_core.package_discovery:discover_packages(ignore) discover
[0.259s] Level 1:colcon.colcon_core.package_discovery:discover_packages(ignore) using defaults
[0.259s] Level 1:colcon.colcon_core.package_discovery:discover_packages(path) discover
[0.259s] Level 1:colcon.colcon_core.package_discovery:discover_packages(path) using defaults
[0.281s] INFO:colcon.colcon_core.package_selection:Skipping not selected package 'mavlink' in 'src/mavlink'
[0.281s] INFO:colcon.colcon_core.package_selection:Skipping not selected package 'mavros_msgs' in 'src/mavros/mavros_msgs'
[0.281s] INFO:colcon.colcon_core.package_selection:Skipping not selected package 'wamv_description' in 'src/adept-vrx/wamv_description'
[0.281s] INFO:colcon.colcon_core.package_selection:Skipping not selected package 'adept_gazebo_plugins' in 'src/adept-vrx/adept_gazebo_plugins'
[0.281s] INFO:colcon.colcon_core.package_selection:Skipping not selected package 'libmavconn' in 'src/mavros/libmavconn'
[0.281s] INFO:colcon.colcon_core.package_selection:Skipping not selected package 'usv_gazebo_plugins' in 'src/adept-vrx/usv_gazebo_plugins'
[0.281s] INFO:colcon.colcon_core.package_selection:Skipping not selected package 'wave_gazebo' in 'src/adept-vrx/wave_gazebo'
[0.281s] INFO:colcon.colcon_core.package_selection:Skipping not selected package 'mavros' in 'src/mavros/mavros'
[0.281s] INFO:colcon.colcon_core.package_selection:Skipping not selected package 'wamv_gazebo' in 'src/adept-vrx/wamv_gazebo'
[0.281s] INFO:colcon.colcon_core.package_selection:Skipping not selected package 'mavros_extras' in 'src/mavros/mavros_extras'
[0.281s] INFO:colcon.colcon_core.package_selection:Skipping not selected package 'vrx_gazebo' in 'src/adept-vrx/vrx_gazebo'
[0.281s] INFO:colcon.colcon_core.package_selection:Skipping not selected package 'robotx_2022' in 'src/adept-vrx/robotX_2022'
[0.282s] Level 1:colcon.colcon_core.package_discovery:discover_packages(prefix_path) check parameters
[0.282s] Level 1:colcon.colcon_core.package_discovery:discover_packages(prefix_path) discover
[0.285s] DEBUG:colcon.colcon_installed_package_information.package_discovery:Found 7 installed packages in /home/grant/ros2_ws/install
[0.291s] DEBUG:colcon.colcon_installed_package_information.package_discovery:Found 311 installed packages in /home/grant/ros2_foxy/ros2-linux
[0.295s] DEBUG:colcon.colcon_installed_package_information.package_discovery:Found 171 installed packages in /opt/ros/foxy
[0.303s] Level 1:colcon.colcon_core.package_discovery:discover_packages(prefix_path) using defaults
[0.367s] Level 5:colcon.colcon_core.verb:set package 'wave_gazebo_plugins' build argument 'cmake_args' from command line to 'None'
[0.367s] Level 5:colcon.colcon_core.verb:set package 'wave_gazebo_plugins' build argument 'cmake_target' from command line to 'None'
[0.367s] Level 5:colcon.colcon_core.verb:set package 'wave_gazebo_plugins' build argument 'cmake_target_skip_unavailable' from command line to 'False'
[0.367s] Level 5:colcon.colcon_core.verb:set package 'wave_gazebo_plugins' build argument 'cmake_clean_cache' from command line to 'False'
[0.367s] Level 5:colcon.colcon_core.verb:set package 'wave_gazebo_plugins' build argument 'cmake_clean_first' from command line to 'False'
[0.367s] Level 5:colcon.colcon_core.verb:set package 'wave_gazebo_plugins' build argument 'cmake_force_configure' from command line to 'False'
[0.367s] Level 5:colcon.colcon_core.verb:set package 'wave_gazebo_plugins' build argument 'ament_cmake_args' from command line to 'None'
[0.367s] Level 5:colcon.colcon_core.verb:set package 'wave_gazebo_plugins' build argument 'catkin_cmake_args' from command line to 'None'
[0.367s] Level 5:colcon.colcon_core.verb:set package 'wave_gazebo_plugins' build argument 'catkin_skip_building_tests' from command line to 'False'
[0.367s] DEBUG:colcon.colcon_core.verb:Building package 'wave_gazebo_plugins' with the following arguments: {'ament_cmake_args': None, 'build_base': '/home/grant/ros2_ws/build/wave_gazebo_plugins', 'catkin_cmake_args': None, 'catkin_skip_building_tests': False, 'cmake_args': None, 'cmake_clean_cache': False, 'cmake_clean_first': False, 'cmake_force_configure': False, 'cmake_target': None, 'cmake_target_skip_unavailable': False, 'install_base': '/home/grant/ros2_ws/install/wave_gazebo_plugins', 'merge_install': False, 'path': '/home/grant/ros2_ws/src/adept-vrx/wave_gazebo_plugins', 'symlink_install': False, 'test_result_base': None}
[0.368s] INFO:colcon.colcon_core.executor:Executing jobs using 'parallel' executor
[0.373s] DEBUG:colcon.colcon_parallel_executor.executor.parallel:run_until_complete
[0.373s] INFO:colcon.colcon_ros.task.ament_cmake.build:Building ROS package in '/home/grant/ros2_ws/src/adept-vrx/wave_gazebo_plugins' with build type 'ament_cmake'
[0.373s] INFO:colcon.colcon_cmake.task.cmake.build:Building CMake package in '/home/grant/ros2_ws/src/adept-vrx/wave_gazebo_plugins'
[0.378s] INFO:colcon.colcon_core.plugin_system:Skipping extension 'colcon_core.shell.bat': Not used on non-Windows systems
[0.378s] INFO:colcon.colcon_core.shell:Skip shell extension 'powershell' for command environment: Not usable outside of PowerShell
[0.378s] DEBUG:colcon.colcon_core.shell:Skip shell extension 'dsv' for command environment
[0.389s] DEBUG:colcon.colcon_core.shell:Ignoring prefix path '/home/grant/vrx_ws/devel'
[0.397s] DEBUG:colcon.colcon_core.event_handler.log_command:Invoking command in '/home/grant/ros2_ws/build/wave_gazebo_plugins': CMAKE_PREFIX_PATH=/home/grant/ros2_ws/install/mavros_extras:/home/grant/ros2_ws/install/mavros:/home/grant/ros2_ws/install/mavros_msgs:/home/grant/ros2_ws/install/libmavconn:/home/grant/ros2_ws/install/mavlink:/opt/ros/foxy:/home/grant/vrx_ws/devel:/opt/ros/noetic:/home/grant/ros2_foxy/ros2-linux CONDA_PROMPT_MODIFIER=(base) /usr/bin/cmake /home/grant/ros2_ws/src/adept-vrx/wave_gazebo_plugins -DCMAKE_INSTALL_PREFIX=/home/grant/ros2_ws/install/wave_gazebo_plugins
[2.319s] DEBUG:colcon.colcon_core.event_handler.log_command:Invoked command in '/home/grant/ros2_ws/build/wave_gazebo_plugins' returned '0': CMAKE_PREFIX_PATH=/home/grant/ros2_ws/install/mavros_extras:/home/grant/ros2_ws/install/mavros:/home/grant/ros2_ws/install/mavros_msgs:/home/grant/ros2_ws/install/libmavconn:/home/grant/ros2_ws/install/mavlink:/opt/ros/foxy:/home/grant/vrx_ws/devel:/opt/ros/noetic:/home/grant/ros2_foxy/ros2-linux CONDA_PROMPT_MODIFIER=(base) /usr/bin/cmake /home/grant/ros2_ws/src/adept-vrx/wave_gazebo_plugins -DCMAKE_INSTALL_PREFIX=/home/grant/ros2_ws/install/wave_gazebo_plugins
[2.322s] DEBUG:colcon.colcon_core.event_handler.log_command:Invoking command in '/home/grant/ros2_ws/build/wave_gazebo_plugins': CMAKE_PREFIX_PATH=/home/grant/ros2_ws/install/mavros_extras:/home/grant/ros2_ws/install/mavros:/home/grant/ros2_ws/install/mavros_msgs:/home/grant/ros2_ws/install/libmavconn:/home/grant/ros2_ws/install/mavlink:/opt/ros/foxy:/home/grant/vrx_ws/devel:/opt/ros/noetic:/home/grant/ros2_foxy/ros2-linux CONDA_PROMPT_MODIFIER=(base) /usr/bin/cmake --build /home/grant/ros2_ws/build/wave_gazebo_plugins -- -j8 -l8
[33.748s] DEBUG:colcon.colcon_core.event_handler.log_command:Invoked command in '/home/grant/ros2_ws/build/wave_gazebo_plugins' returned '0': CMAKE_PREFIX_PATH=/home/grant/ros2_ws/install/mavros_extras:/home/grant/ros2_ws/install/mavros:/home/grant/ros2_ws/install/mavros_msgs:/home/grant/ros2_ws/install/libmavconn:/home/grant/ros2_ws/install/mavlink:/opt/ros/foxy:/home/grant/vrx_ws/devel:/opt/ros/noetic:/home/grant/ros2_foxy/ros2-linux CONDA_PROMPT_MODIFIER=(base) /usr/bin/cmake --build /home/grant/ros2_ws/build/wave_gazebo_plugins -- -j8 -l8
[33.792s] DEBUG:colcon.colcon_core.event_handler.log_command:Invoking command in '/home/grant/ros2_ws/build/wave_gazebo_plugins': CMAKE_PREFIX_PATH=/home/grant/ros2_ws/install/mavros_extras:/home/grant/ros2_ws/install/mavros:/home/grant/ros2_ws/install/mavros_msgs:/home/grant/ros2_ws/install/libmavconn:/home/grant/ros2_ws/install/mavlink:/opt/ros/foxy:/home/grant/vrx_ws/devel:/opt/ros/noetic:/home/grant/ros2_foxy/ros2-linux CONDA_PROMPT_MODIFIER=(base) /usr/bin/cmake --install /home/grant/ros2_ws/build/wave_gazebo_plugins
[33.811s] Level 1:colcon.colcon_core.environment:create_environment_scripts_only(wave_gazebo_plugins)
[33.812s] DEBUG:colcon.colcon_core.event_handler.log_command:Invoked command in '/home/grant/ros2_ws/build/wave_gazebo_plugins' returned '0': CMAKE_PREFIX_PATH=/home/grant/ros2_ws/install/mavros_extras:/home/grant/ros2_ws/install/mavros:/home/grant/ros2_ws/install/mavros_msgs:/home/grant/ros2_ws/install/libmavconn:/home/grant/ros2_ws/install/mavlink:/opt/ros/foxy:/home/grant/vrx_ws/devel:/opt/ros/noetic:/home/grant/ros2_foxy/ros2-linux CONDA_PROMPT_MODIFIER=(base) /usr/bin/cmake --install /home/grant/ros2_ws/build/wave_gazebo_plugins
[33.817s] Level 1:colcon.colcon_core.environment:checking '/home/grant/ros2_ws/install/wave_gazebo_plugins' for CMake module files
[33.817s] Level 1:colcon.colcon_core.environment:checking '/home/grant/ros2_ws/install/wave_gazebo_plugins' for CMake config files
[33.817s] Level 1:colcon.colcon_core.shell:create_environment_hook('wave_gazebo_plugins', 'cmake_prefix_path')
[33.819s] INFO:colcon.colcon_core.shell:Creating environment hook '/home/grant/ros2_ws/install/wave_gazebo_plugins/share/wave_gazebo_plugins/hook/cmake_prefix_path.ps1'
[33.819s] INFO:colcon.colcon_core.shell:Creating environment descriptor '/home/grant/ros2_ws/install/wave_gazebo_plugins/share/wave_gazebo_plugins/hook/cmake_prefix_path.dsv'
[33.820s] INFO:colcon.colcon_core.shell:Creating environment hook '/home/grant/ros2_ws/install/wave_gazebo_plugins/share/wave_gazebo_plugins/hook/cmake_prefix_path.sh'
[33.821s] Level 1:colcon.colcon_core.environment:checking '/home/grant/ros2_ws/install/wave_gazebo_plugins/lib'
[33.821s] Level 1:colcon.colcon_core.shell:create_environment_hook('wave_gazebo_plugins', 'ld_library_path_lib')
[33.823s] INFO:colcon.colcon_core.shell:Creating environment hook '/home/grant/ros2_ws/install/wave_gazebo_plugins/share/wave_gazebo_plugins/hook/ld_library_path_lib.ps1'
[33.823s] INFO:colcon.colcon_core.shell:Creating environment descriptor '/home/grant/ros2_ws/install/wave_gazebo_plugins/share/wave_gazebo_plugins/hook/ld_library_path_lib.dsv'
[33.823s] INFO:colcon.colcon_core.shell:Creating environment hook '/home/grant/ros2_ws/install/wave_gazebo_plugins/share/wave_gazebo_plugins/hook/ld_library_path_lib.sh'
[33.823s] Level 1:colcon.colcon_core.environment:checking '/home/grant/ros2_ws/install/wave_gazebo_plugins/bin'
[33.823s] Level 1:colcon.colcon_core.environment:checking '/home/grant/ros2_ws/install/wave_gazebo_plugins/lib/pkgconfig/wave_gazebo_plugins.pc'
[33.824s] Level 1:colcon.colcon_core.environment:checking '/home/grant/ros2_ws/install/wave_gazebo_plugins/lib/python3.8/site-packages'
[33.824s] Level 1:colcon.colcon_core.environment:checking '/home/grant/ros2_ws/install/wave_gazebo_plugins/bin'
[33.826s] INFO:colcon.colcon_core.shell:Creating package script '/home/grant/ros2_ws/install/wave_gazebo_plugins/share/wave_gazebo_plugins/package.ps1'
[33.826s] INFO:colcon.colcon_core.shell:Creating package descriptor '/home/grant/ros2_ws/install/wave_gazebo_plugins/share/wave_gazebo_plugins/package.dsv'
[33.827s] INFO:colcon.colcon_core.shell:Creating package script '/home/grant/ros2_ws/install/wave_gazebo_plugins/share/wave_gazebo_plugins/package.sh'
[33.828s] INFO:colcon.colcon_core.shell:Creating package script '/home/grant/ros2_ws/install/wave_gazebo_plugins/share/wave_gazebo_plugins/package.bash'
[33.829s] INFO:colcon.colcon_core.shell:Creating package script '/home/grant/ros2_ws/install/wave_gazebo_plugins/share/wave_gazebo_plugins/package.zsh'
[33.829s] Level 1:colcon.colcon_core.environment:create_file_with_runtime_dependencies(/home/grant/ros2_ws/install/wave_gazebo_plugins/share/colcon-core/packages/wave_gazebo_plugins)
[33.864s] Level 1:colcon.colcon_core.environment:create_environment_scripts_only(wave_gazebo_plugins)
[33.866s] Level 1:colcon.colcon_core.environment:checking '/home/grant/ros2_ws/install/wave_gazebo_plugins' for CMake module files
[33.867s] Level 1:colcon.colcon_core.environment:checking '/home/grant/ros2_ws/install/wave_gazebo_plugins' for CMake config files
[33.867s] Level 1:colcon.colcon_core.shell:create_environment_hook('wave_gazebo_plugins', 'cmake_prefix_path')
[33.869s] INFO:colcon.colcon_core.shell:Creating environment hook '/home/grant/ros2_ws/install/wave_gazebo_plugins/share/wave_gazebo_plugins/hook/cmake_prefix_path.ps1'
[33.869s] INFO:colcon.colcon_core.shell:Creating environment descriptor '/home/grant/ros2_ws/install/wave_gazebo_plugins/share/wave_gazebo_plugins/hook/cmake_prefix_path.dsv'
[33.870s] INFO:colcon.colcon_core.shell:Creating environment hook '/home/grant/ros2_ws/install/wave_gazebo_plugins/share/wave_gazebo_plugins/hook/cmake_prefix_path.sh'
[33.870s] Level 1:colcon.colcon_core.environment:checking '/home/grant/ros2_ws/install/wave_gazebo_plugins/lib'
[33.870s] Level 1:colcon.colcon_core.shell:create_environment_hook('wave_gazebo_plugins', 'ld_library_path_lib')
[33.872s] INFO:colcon.colcon_core.shell:Creating environment hook '/home/grant/ros2_ws/install/wave_gazebo_plugins/share/wave_gazebo_plugins/hook/ld_library_path_lib.ps1'
[33.872s] INFO:colcon.colcon_core.shell:Creating environment descriptor '/home/grant/ros2_ws/install/wave_gazebo_plugins/share/wave_gazebo_plugins/hook/ld_library_path_lib.dsv'
[33.873s] INFO:colcon.colcon_core.shell:Creating environment hook '/home/grant/ros2_ws/install/wave_gazebo_plugins/share/wave_gazebo_plugins/hook/ld_library_path_lib.sh'
[33.873s] Level 1:colcon.colcon_core.environment:checking '/home/grant/ros2_ws/install/wave_gazebo_plugins/bin'
[33.873s] Level 1:colcon.colcon_core.environment:checking '/home/grant/ros2_ws/install/wave_gazebo_plugins/lib/pkgconfig/wave_gazebo_plugins.pc'
[33.873s] Level 1:colcon.colcon_core.environment:checking '/home/grant/ros2_ws/install/wave_gazebo_plugins/lib/python3.8/site-packages'
[33.873s] Level 1:colcon.colcon_core.environment:checking '/home/grant/ros2_ws/install/wave_gazebo_plugins/bin'
[33.875s] INFO:colcon.colcon_core.shell:Creating package script '/home/grant/ros2_ws/install/wave_gazebo_plugins/share/wave_gazebo_plugins/package.ps1'
[33.876s] INFO:colcon.colcon_core.shell:Creating package descriptor '/home/grant/ros2_ws/install/wave_gazebo_plugins/share/wave_gazebo_plugins/package.dsv'
[33.876s] INFO:colcon.colcon_core.shell:Creating package script '/home/grant/ros2_ws/install/wave_gazebo_plugins/share/wave_gazebo_plugins/package.sh'
[33.877s] INFO:colcon.colcon_core.shell:Creating package script '/home/grant/ros2_ws/install/wave_gazebo_plugins/share/wave_gazebo_plugins/package.bash'
[33.877s] INFO:colcon.colcon_core.shell:Creating package script '/home/grant/ros2_ws/install/wave_gazebo_plugins/share/wave_gazebo_plugins/package.zsh'
[33.877s] Level 1:colcon.colcon_core.environment:create_file_with_runtime_dependencies(/home/grant/ros2_ws/install/wave_gazebo_plugins/share/colcon-core/packages/wave_gazebo_plugins)
[33.878s] DEBUG:colcon.colcon_parallel_executor.executor.parallel:closing loop
[33.878s] DEBUG:colcon.colcon_parallel_executor.executor.parallel:loop closed
[33.878s] DEBUG:colcon.colcon_parallel_executor.executor.parallel:run_until_complete finished with '0'
[33.878s] DEBUG:colcon.colcon_core.event_reactor:joining thread
[33.885s] INFO:colcon.colcon_core.plugin_system:Skipping extension 'colcon_notification.desktop_notification.terminal_notifier': Not used on non-Darwin systems
[33.885s] INFO:colcon.colcon_core.plugin_system:Skipping extension 'colcon_notification.desktop_notification.win32': Not used on non-Windows systems
[33.885s] INFO:colcon.colcon_notification.desktop_notification:Sending desktop notification using 'notify2'
[33.905s] DEBUG:colcon.colcon_core.event_reactor:joined thread
[33.907s] INFO:colcon.colcon_core.shell:Creating prefix script '/home/grant/ros2_ws/install/local_setup.ps1'
[33.909s] INFO:colcon.colcon_core.shell:Creating prefix util module '/home/grant/ros2_ws/install/_local_setup_util_ps1.py'
[33.911s] INFO:colcon.colcon_core.shell:Creating prefix chain script '/home/grant/ros2_ws/install/setup.ps1'
[33.913s] INFO:colcon.colcon_core.shell:Creating prefix script '/home/grant/ros2_ws/install/local_setup.sh'
[33.913s] INFO:colcon.colcon_core.shell:Creating prefix util module '/home/grant/ros2_ws/install/_local_setup_util_sh.py'
[33.914s] INFO:colcon.colcon_core.shell:Creating prefix chain script '/home/grant/ros2_ws/install/setup.sh'
[33.916s] INFO:colcon.colcon_core.shell:Creating prefix script '/home/grant/ros2_ws/install/local_setup.bash'
[33.916s] INFO:colcon.colcon_core.shell:Creating prefix chain script '/home/grant/ros2_ws/install/setup.bash'
[33.919s] INFO:colcon.colcon_core.shell:Creating prefix script '/home/grant/ros2_ws/install/local_setup.zsh'
[33.919s] INFO:colcon.colcon_core.shell:Creating prefix chain script '/home/grant/ros2_ws/install/setup.zsh'
