/home/batman/ros2_ws/install/ros2_robotx/lib/python3.8/site-packages/ros2_robotx/drone_control.py
/home/batman/ros2_ws/install/ros2_robotx/lib/python3.8/site-packages/ros2_robotx/teleop_key.py
/home/batman/ros2_ws/install/ros2_robotx/lib/python3.8/site-packages/ros2_robotx/__init__.py
/home/batman/ros2_ws/install/ros2_robotx/lib/python3.8/site-packages/ros2_robotx/wamv_sim.py
/home/batman/ros2_ws/install/ros2_robotx/lib/python3.8/site-packages/ros2_robotx/__pycache__/drone_control.cpython-38.pyc
/home/batman/ros2_ws/install/ros2_robotx/lib/python3.8/site-packages/ros2_robotx/__pycache__/teleop_key.cpython-38.pyc
/home/batman/ros2_ws/install/ros2_robotx/lib/python3.8/site-packages/ros2_robotx/__pycache__/__init__.cpython-38.pyc
/home/batman/ros2_ws/install/ros2_robotx/lib/python3.8/site-packages/ros2_robotx/__pycache__/wamv_sim.cpython-38.pyc
/home/batman/ros2_ws/install/ros2_robotx/share/ament_index/resource_index/packages/ros2_robotx
/home/batman/ros2_ws/install/ros2_robotx/share/ros2_robotx/package.xml
/home/batman/ros2_ws/install/ros2_robotx/share/ros2_robotx/wamv_and_done.py
/home/batman/ros2_ws/install/ros2_robotx/share/ros2_robotx/just_drone_launch.py
/home/batman/ros2_ws/install/ros2_robotx/share/ros2_robotx/drone_control_launch.py
/home/batman/ros2_ws/install/ros2_robotx/lib/ros2_robotx/dk_functs_dict.py
/home/batman/ros2_ws/install/ros2_robotx/lib/ros2_robotx/dictonary_gen.py
/home/batman/ros2_ws/install/ros2_robotx/lib/python3.8/site-packages/ros2_robotx-0.0.0-py3.8.egg-info/entry_points.txt
/home/batman/ros2_ws/install/ros2_robotx/lib/python3.8/site-packages/ros2_robotx-0.0.0-py3.8.egg-info/zip-safe
/home/batman/ros2_ws/install/ros2_robotx/lib/python3.8/site-packages/ros2_robotx-0.0.0-py3.8.egg-info/requires.txt
/home/batman/ros2_ws/install/ros2_robotx/lib/python3.8/site-packages/ros2_robotx-0.0.0-py3.8.egg-info/dependency_links.txt
/home/batman/ros2_ws/install/ros2_robotx/lib/python3.8/site-packages/ros2_robotx-0.0.0-py3.8.egg-info/PKG-INFO
/home/batman/ros2_ws/install/ros2_robotx/lib/python3.8/site-packages/ros2_robotx-0.0.0-py3.8.egg-info/SOURCES.txt
/home/batman/ros2_ws/install/ros2_robotx/lib/python3.8/site-packages/ros2_robotx-0.0.0-py3.8.egg-info/top_level.txt
/home/batman/ros2_ws/install/ros2_robotx/lib/ros2_robotx/drone_control
/home/batman/ros2_ws/install/ros2_robotx/lib/ros2_robotx/teleop_key
/home/batman/ros2_ws/install/ros2_robotx/lib/ros2_robotx/wamv_sim
