[0.023s] Invoking command in '/home/grant/ros2_ws/build/wamv_gazebo': AMENT_PREFIX_PATH=/home/grant/ros2_ws/install/usv_gazebo_plugins:/home/grant/ros2_ws/install/wave_gazebo_plugins:/home/grant/ros2_ws/install/wamv_description:/home/grant/ros2_ws/install/usv_msgs:${AMENT_PREFIX_PATH} CMAKE_PREFIX_PATH=/home/grant/ros2_ws/install/usv_gazebo_plugins:/home/grant/ros2_ws/install/wave_gazebo_plugins:/home/grant/ros2_ws/install/wamv_description:/home/grant/ros2_ws/install/usv_msgs:/home/grant/ros2_ws/install/mavros_extras:/home/grant/ros2_ws/install/mavros:/home/grant/ros2_ws/install/mavros_msgs:/home/grant/ros2_ws/install/libmavconn:/home/grant/ros2_ws/install/mavlink:/opt/ros/foxy:/home/grant/vrx_ws/devel:/opt/ros/noetic:/home/grant/ros2_foxy/ros2-linux CONDA_PROMPT_MODIFIER=(base) LD_LIBRARY_PATH=/home/grant/ros2_ws/install/usv_gazebo_plugins/lib:/home/grant/ros2_ws/install/wave_gazebo_plugins/lib:/home/grant/ros2_ws/install/usv_msgs/lib:/home/grant/ros2_ws/install/mavros_extras/lib:/home/grant/ros2_ws/install/mavros/lib:/home/grant/ros2_ws/install/mavros_msgs/lib:/home/grant/ros2_ws/install/libmavconn/lib:/home/grant/vrx_ws/devel/lib:/opt/ros/noetic/lib:/usr/lib/x86_64-linux-gnu/gazebo-11/plugins:/opt/ros/foxy/opt/yaml_cpp_vendor/lib:/opt/ros/foxy/lib/x86_64-linux-gnu:/opt/ros/foxy/lib:/home/grant/ros2_foxy/ros2-linux/opt/yaml_cpp_vendor/lib:/home/grant/ros2_foxy/ros2-linux/opt/rviz_ogre_vendor/lib:/opt/rti.com/rti_connext_dds-5.3.1/lib/x64Linux3gcc5.4.0:/home/grant/ros2_foxy/ros2-linux/lib:/usr/lib/x86_64-linux-gnu/gazebo-11/plugins:/usr/lib/x86_64-linux-gnu/gazebo-11/plugins:/usr/lib/x86_64-linux-gnu/gazebo-11/plugins:/usr/lib/x86_64-linux-gnu/gazebo-11/plugins:/usr/lib/x86_64-linux-gnu/gazebo-11/plugins:/usr/lib/x86_64-linux-gnu/gazebo-11/plugins PYTHONPATH=/home/grant/ros2_ws/install/usv_msgs/lib/python3.8/site-packages:${PYTHONPATH} /usr/bin/cmake /home/grant/ros2_ws/src/VRX_Foxy/wamv_gazebo -DCMAKE_INSTALL_PREFIX=/home/grant/ros2_ws/install/wamv_gazebo
[0.078s] -- The C compiler identification is GNU 9.4.0
[0.129s] -- The CXX compiler identification is GNU 9.4.0
[0.134s] -- Check for working C compiler: /usr/bin/cc
[0.192s] -- Check for working C compiler: /usr/bin/cc -- works
[0.193s] -- Detecting C compiler ABI info
[0.248s] -- Detecting C compiler ABI info - done
[0.261s] -- Detecting C compile features
[0.261s] -- Detecting C compile features - done
[0.264s] -- Check for working CXX compiler: /usr/bin/c++
[0.328s] -- Check for working CXX compiler: /usr/bin/c++ -- works
[0.329s] -- Detecting CXX compiler ABI info
[0.397s] -- Detecting CXX compiler ABI info - done
[0.410s] -- Detecting CXX compile features
[0.411s] -- Detecting CXX compile features - done
[0.413s] -- Found ament_cmake: 0.9.11 (/opt/ros/foxy/share/ament_cmake/cmake)
[0.438s] -- Found PythonInterp: /home/grant/miniconda3/bin/python3 (found suitable version "3.8.13", minimum required is "3") 
[0.438s] -- Using PYTHON_EXECUTABLE: /home/grant/miniconda3/bin/python3
[0.699s] -- Found wamv_description: 1.3.0 (/home/grant/ros2_ws/install/wamv_description/share/wamv_description/cmake)
[0.699s] -- Found usv_gazebo_plugins: 1.3.0 (/home/grant/ros2_ws/install/usv_gazebo_plugins/share/usv_gazebo_plugins/cmake)
[0.701s] -- Found xacro: 2.0.7 (/opt/ros/foxy/share/xacro/cmake)
[0.788s] -- Configuring done
[0.789s] -- Generating done
[0.790s] -- Build files have been written to: /home/grant/ros2_ws/build/wamv_gazebo
[0.793s] Invoked command in '/home/grant/ros2_ws/build/wamv_gazebo' returned '0': AMENT_PREFIX_PATH=/home/grant/ros2_ws/install/usv_gazebo_plugins:/home/grant/ros2_ws/install/wave_gazebo_plugins:/home/grant/ros2_ws/install/wamv_description:/home/grant/ros2_ws/install/usv_msgs:${AMENT_PREFIX_PATH} CMAKE_PREFIX_PATH=/home/grant/ros2_ws/install/usv_gazebo_plugins:/home/grant/ros2_ws/install/wave_gazebo_plugins:/home/grant/ros2_ws/install/wamv_description:/home/grant/ros2_ws/install/usv_msgs:/home/grant/ros2_ws/install/mavros_extras:/home/grant/ros2_ws/install/mavros:/home/grant/ros2_ws/install/mavros_msgs:/home/grant/ros2_ws/install/libmavconn:/home/grant/ros2_ws/install/mavlink:/opt/ros/foxy:/home/grant/vrx_ws/devel:/opt/ros/noetic:/home/grant/ros2_foxy/ros2-linux CONDA_PROMPT_MODIFIER=(base) LD_LIBRARY_PATH=/home/grant/ros2_ws/install/usv_gazebo_plugins/lib:/home/grant/ros2_ws/install/wave_gazebo_plugins/lib:/home/grant/ros2_ws/install/usv_msgs/lib:/home/grant/ros2_ws/install/mavros_extras/lib:/home/grant/ros2_ws/install/mavros/lib:/home/grant/ros2_ws/install/mavros_msgs/lib:/home/grant/ros2_ws/install/libmavconn/lib:/home/grant/vrx_ws/devel/lib:/opt/ros/noetic/lib:/usr/lib/x86_64-linux-gnu/gazebo-11/plugins:/opt/ros/foxy/opt/yaml_cpp_vendor/lib:/opt/ros/foxy/lib/x86_64-linux-gnu:/opt/ros/foxy/lib:/home/grant/ros2_foxy/ros2-linux/opt/yaml_cpp_vendor/lib:/home/grant/ros2_foxy/ros2-linux/opt/rviz_ogre_vendor/lib:/opt/rti.com/rti_connext_dds-5.3.1/lib/x64Linux3gcc5.4.0:/home/grant/ros2_foxy/ros2-linux/lib:/usr/lib/x86_64-linux-gnu/gazebo-11/plugins:/usr/lib/x86_64-linux-gnu/gazebo-11/plugins:/usr/lib/x86_64-linux-gnu/gazebo-11/plugins:/usr/lib/x86_64-linux-gnu/gazebo-11/plugins:/usr/lib/x86_64-linux-gnu/gazebo-11/plugins:/usr/lib/x86_64-linux-gnu/gazebo-11/plugins PYTHONPATH=/home/grant/ros2_ws/install/usv_msgs/lib/python3.8/site-packages:${PYTHONPATH} /usr/bin/cmake /home/grant/ros2_ws/src/VRX_Foxy/wamv_gazebo -DCMAKE_INSTALL_PREFIX=/home/grant/ros2_ws/install/wamv_gazebo
[0.796s] Invoking command in '/home/grant/ros2_ws/build/wamv_gazebo': AMENT_PREFIX_PATH=/home/grant/ros2_ws/install/usv_gazebo_plugins:/home/grant/ros2_ws/install/wave_gazebo_plugins:/home/grant/ros2_ws/install/wamv_description:/home/grant/ros2_ws/install/usv_msgs:${AMENT_PREFIX_PATH} CMAKE_PREFIX_PATH=/home/grant/ros2_ws/install/usv_gazebo_plugins:/home/grant/ros2_ws/install/wave_gazebo_plugins:/home/grant/ros2_ws/install/wamv_description:/home/grant/ros2_ws/install/usv_msgs:/home/grant/ros2_ws/install/mavros_extras:/home/grant/ros2_ws/install/mavros:/home/grant/ros2_ws/install/mavros_msgs:/home/grant/ros2_ws/install/libmavconn:/home/grant/ros2_ws/install/mavlink:/opt/ros/foxy:/home/grant/vrx_ws/devel:/opt/ros/noetic:/home/grant/ros2_foxy/ros2-linux CONDA_PROMPT_MODIFIER=(base) LD_LIBRARY_PATH=/home/grant/ros2_ws/install/usv_gazebo_plugins/lib:/home/grant/ros2_ws/install/wave_gazebo_plugins/lib:/home/grant/ros2_ws/install/usv_msgs/lib:/home/grant/ros2_ws/install/mavros_extras/lib:/home/grant/ros2_ws/install/mavros/lib:/home/grant/ros2_ws/install/mavros_msgs/lib:/home/grant/ros2_ws/install/libmavconn/lib:/home/grant/vrx_ws/devel/lib:/opt/ros/noetic/lib:/usr/lib/x86_64-linux-gnu/gazebo-11/plugins:/opt/ros/foxy/opt/yaml_cpp_vendor/lib:/opt/ros/foxy/lib/x86_64-linux-gnu:/opt/ros/foxy/lib:/home/grant/ros2_foxy/ros2-linux/opt/yaml_cpp_vendor/lib:/home/grant/ros2_foxy/ros2-linux/opt/rviz_ogre_vendor/lib:/opt/rti.com/rti_connext_dds-5.3.1/lib/x64Linux3gcc5.4.0:/home/grant/ros2_foxy/ros2-linux/lib:/usr/lib/x86_64-linux-gnu/gazebo-11/plugins:/usr/lib/x86_64-linux-gnu/gazebo-11/plugins:/usr/lib/x86_64-linux-gnu/gazebo-11/plugins:/usr/lib/x86_64-linux-gnu/gazebo-11/plugins:/usr/lib/x86_64-linux-gnu/gazebo-11/plugins:/usr/lib/x86_64-linux-gnu/gazebo-11/plugins PYTHONPATH=/home/grant/ros2_ws/install/usv_msgs/lib/python3.8/site-packages:${PYTHONPATH} /usr/bin/cmake --build /home/grant/ros2_ws/build/wamv_gazebo -- -j8 -l8
[0.824s] Invoked command in '/home/grant/ros2_ws/build/wamv_gazebo' returned '0': AMENT_PREFIX_PATH=/home/grant/ros2_ws/install/usv_gazebo_plugins:/home/grant/ros2_ws/install/wave_gazebo_plugins:/home/grant/ros2_ws/install/wamv_description:/home/grant/ros2_ws/install/usv_msgs:${AMENT_PREFIX_PATH} CMAKE_PREFIX_PATH=/home/grant/ros2_ws/install/usv_gazebo_plugins:/home/grant/ros2_ws/install/wave_gazebo_plugins:/home/grant/ros2_ws/install/wamv_description:/home/grant/ros2_ws/install/usv_msgs:/home/grant/ros2_ws/install/mavros_extras:/home/grant/ros2_ws/install/mavros:/home/grant/ros2_ws/install/mavros_msgs:/home/grant/ros2_ws/install/libmavconn:/home/grant/ros2_ws/install/mavlink:/opt/ros/foxy:/home/grant/vrx_ws/devel:/opt/ros/noetic:/home/grant/ros2_foxy/ros2-linux CONDA_PROMPT_MODIFIER=(base) LD_LIBRARY_PATH=/home/grant/ros2_ws/install/usv_gazebo_plugins/lib:/home/grant/ros2_ws/install/wave_gazebo_plugins/lib:/home/grant/ros2_ws/install/usv_msgs/lib:/home/grant/ros2_ws/install/mavros_extras/lib:/home/grant/ros2_ws/install/mavros/lib:/home/grant/ros2_ws/install/mavros_msgs/lib:/home/grant/ros2_ws/install/libmavconn/lib:/home/grant/vrx_ws/devel/lib:/opt/ros/noetic/lib:/usr/lib/x86_64-linux-gnu/gazebo-11/plugins:/opt/ros/foxy/opt/yaml_cpp_vendor/lib:/opt/ros/foxy/lib/x86_64-linux-gnu:/opt/ros/foxy/lib:/home/grant/ros2_foxy/ros2-linux/opt/yaml_cpp_vendor/lib:/home/grant/ros2_foxy/ros2-linux/opt/rviz_ogre_vendor/lib:/opt/rti.com/rti_connext_dds-5.3.1/lib/x64Linux3gcc5.4.0:/home/grant/ros2_foxy/ros2-linux/lib:/usr/lib/x86_64-linux-gnu/gazebo-11/plugins:/usr/lib/x86_64-linux-gnu/gazebo-11/plugins:/usr/lib/x86_64-linux-gnu/gazebo-11/plugins:/usr/lib/x86_64-linux-gnu/gazebo-11/plugins:/usr/lib/x86_64-linux-gnu/gazebo-11/plugins:/usr/lib/x86_64-linux-gnu/gazebo-11/plugins PYTHONPATH=/home/grant/ros2_ws/install/usv_msgs/lib/python3.8/site-packages:${PYTHONPATH} /usr/bin/cmake --build /home/grant/ros2_ws/build/wamv_gazebo -- -j8 -l8
[0.840s] Invoking command in '/home/grant/ros2_ws/build/wamv_gazebo': AMENT_PREFIX_PATH=/home/grant/ros2_ws/install/usv_gazebo_plugins:/home/grant/ros2_ws/install/wave_gazebo_plugins:/home/grant/ros2_ws/install/wamv_description:/home/grant/ros2_ws/install/usv_msgs:${AMENT_PREFIX_PATH} CMAKE_PREFIX_PATH=/home/grant/ros2_ws/install/usv_gazebo_plugins:/home/grant/ros2_ws/install/wave_gazebo_plugins:/home/grant/ros2_ws/install/wamv_description:/home/grant/ros2_ws/install/usv_msgs:/home/grant/ros2_ws/install/mavros_extras:/home/grant/ros2_ws/install/mavros:/home/grant/ros2_ws/install/mavros_msgs:/home/grant/ros2_ws/install/libmavconn:/home/grant/ros2_ws/install/mavlink:/opt/ros/foxy:/home/grant/vrx_ws/devel:/opt/ros/noetic:/home/grant/ros2_foxy/ros2-linux CONDA_PROMPT_MODIFIER=(base) LD_LIBRARY_PATH=/home/grant/ros2_ws/install/usv_gazebo_plugins/lib:/home/grant/ros2_ws/install/wave_gazebo_plugins/lib:/home/grant/ros2_ws/install/usv_msgs/lib:/home/grant/ros2_ws/install/mavros_extras/lib:/home/grant/ros2_ws/install/mavros/lib:/home/grant/ros2_ws/install/mavros_msgs/lib:/home/grant/ros2_ws/install/libmavconn/lib:/home/grant/vrx_ws/devel/lib:/opt/ros/noetic/lib:/usr/lib/x86_64-linux-gnu/gazebo-11/plugins:/opt/ros/foxy/opt/yaml_cpp_vendor/lib:/opt/ros/foxy/lib/x86_64-linux-gnu:/opt/ros/foxy/lib:/home/grant/ros2_foxy/ros2-linux/opt/yaml_cpp_vendor/lib:/home/grant/ros2_foxy/ros2-linux/opt/rviz_ogre_vendor/lib:/opt/rti.com/rti_connext_dds-5.3.1/lib/x64Linux3gcc5.4.0:/home/grant/ros2_foxy/ros2-linux/lib:/usr/lib/x86_64-linux-gnu/gazebo-11/plugins:/usr/lib/x86_64-linux-gnu/gazebo-11/plugins:/usr/lib/x86_64-linux-gnu/gazebo-11/plugins:/usr/lib/x86_64-linux-gnu/gazebo-11/plugins:/usr/lib/x86_64-linux-gnu/gazebo-11/plugins:/usr/lib/x86_64-linux-gnu/gazebo-11/plugins PYTHONPATH=/home/grant/ros2_ws/install/usv_msgs/lib/python3.8/site-packages:${PYTHONPATH} /usr/bin/cmake --install /home/grant/ros2_ws/build/wamv_gazebo
[0.846s] -- Install configuration: ""
[0.846s] -- Installing: /home/grant/ros2_ws/install/wamv_gazebo/share/wamv_gazebo/models
[0.846s] -- Installing: /home/grant/ros2_ws/install/wamv_gazebo/share/wamv_gazebo/models/gps
[0.846s] -- Installing: /home/grant/ros2_ws/install/wamv_gazebo/share/wamv_gazebo/models/gps/mesh
[0.846s] -- Installing: /home/grant/ros2_ws/install/wamv_gazebo/share/wamv_gazebo/models/gps/mesh/gps.png
[0.846s] -- Installing: /home/grant/ros2_ws/install/wamv_gazebo/share/wamv_gazebo/models/gps/mesh/gps.dae
[0.847s] -- Installing: /home/grant/ros2_ws/install/wamv_gazebo/share/wamv_gazebo/models/gps/model.config
[0.847s] -- Installing: /home/grant/ros2_ws/install/wamv_gazebo/share/wamv_gazebo/urdf
[0.847s] -- Installing: /home/grant/ros2_ws/install/wamv_gazebo/share/wamv_gazebo/urdf/sensors
[0.847s] -- Installing: /home/grant/ros2_ws/install/wamv_gazebo/share/wamv_gazebo/urdf/sensors/wamv_p3d.xacro
[0.847s] -- Installing: /home/grant/ros2_ws/install/wamv_gazebo/share/wamv_gazebo/urdf/sensors/wamv_camera.xacro
[0.847s] -- Installing: /home/grant/ros2_ws/install/wamv_gazebo/share/wamv_gazebo/urdf/sensors/wamv_pinger.xacro
[0.847s] -- Installing: /home/grant/ros2_ws/install/wamv_gazebo/share/wamv_gazebo/urdf/sensors/wamv_gps.xacro
[0.848s] -- Installing: /home/grant/ros2_ws/install/wamv_gazebo/share/wamv_gazebo/urdf/sensors/wamv_imu.xacro
[0.848s] -- Installing: /home/grant/ros2_ws/install/wamv_gazebo/share/wamv_gazebo/urdf/sensors/wamv_planar_lidar.xacro
[0.848s] -- Installing: /home/grant/ros2_ws/install/wamv_gazebo/share/wamv_gazebo/urdf/sensors/wamv_3d_lidar.xacro
[0.848s] -- Installing: /home/grant/ros2_ws/install/wamv_gazebo/share/wamv_gazebo/urdf/sensors/lidar.xacro
[0.848s] -- Installing: /home/grant/ros2_ws/install/wamv_gazebo/share/wamv_gazebo/urdf/dynamics
[0.848s] -- Installing: /home/grant/ros2_ws/install/wamv_gazebo/share/wamv_gazebo/urdf/dynamics/wamv_gazebo_dynamics_plugin.xacro
[0.848s] -- Installing: /home/grant/ros2_ws/install/wamv_gazebo/share/wamv_gazebo/urdf/macros.xacro
[0.848s] -- Installing: /home/grant/ros2_ws/install/wamv_gazebo/share/wamv_gazebo/urdf/wamv_gazebo.xacro
[0.849s] -- Installing: /home/grant/ros2_ws/install/wamv_gazebo/share/wamv_gazebo/urdf/ball_shooter
[0.849s] -- Installing: /home/grant/ros2_ws/install/wamv_gazebo/share/wamv_gazebo/urdf/ball_shooter/ball_shooter.xacro
[0.849s] -- Installing: /home/grant/ros2_ws/install/wamv_gazebo/share/wamv_gazebo/urdf/wamv_gazebo.urdf.xacro
[0.849s] -- Installing: /home/grant/ros2_ws/install/wamv_gazebo/share/wamv_gazebo/urdf/thruster_layouts
[0.849s] -- Installing: /home/grant/ros2_ws/install/wamv_gazebo/share/wamv_gazebo/urdf/thruster_layouts/wamv_x_thrusters.xacro
[0.849s] -- Installing: /home/grant/ros2_ws/install/wamv_gazebo/share/wamv_gazebo/urdf/thruster_layouts/wamv_t_thrusters.xacro
[0.849s] -- Installing: /home/grant/ros2_ws/install/wamv_gazebo/share/wamv_gazebo/urdf/thruster_layouts/wamv_gazebo_thruster_config.xacro
[0.849s] -- Installing: /home/grant/ros2_ws/install/wamv_gazebo/share/wamv_gazebo/urdf/thruster_layouts/wamv_aft_thrusters.xacro
[0.849s] -- Installing: /home/grant/ros2_ws/install/wamv_gazebo/share/wamv_gazebo/config
[0.849s] -- Installing: /home/grant/ros2_ws/install/wamv_gazebo/share/wamv_gazebo/config/rviz_vrx.rviz
[0.850s] -- Installing: /home/grant/ros2_ws/install/wamv_gazebo/share/wamv_gazebo/launch
[0.850s] -- Installing: /home/grant/ros2_ws/install/wamv_gazebo/share/wamv_gazebo/launch/rviz_vrx.launch
[0.850s] -- Installing: /home/grant/ros2_ws/install/wamv_gazebo/share/wamv_gazebo/launch/localization_example.launch
[0.850s] -- Installing: /home/grant/ros2_ws/install/wamv_gazebo/share/wamv_gazebo/launch/rviz_example.launch
[0.850s] -- Installing: /home/grant/ros2_ws/install/wamv_gazebo/share/ament_index/resource_index/package_run_dependencies/wamv_gazebo
[0.850s] -- Installing: /home/grant/ros2_ws/install/wamv_gazebo/share/ament_index/resource_index/parent_prefix_path/wamv_gazebo
[0.850s] -- Installing: /home/grant/ros2_ws/install/wamv_gazebo/share/wamv_gazebo/environment/ament_prefix_path.sh
[0.850s] -- Installing: /home/grant/ros2_ws/install/wamv_gazebo/share/wamv_gazebo/environment/ament_prefix_path.dsv
[0.850s] -- Installing: /home/grant/ros2_ws/install/wamv_gazebo/share/wamv_gazebo/environment/path.sh
[0.850s] -- Installing: /home/grant/ros2_ws/install/wamv_gazebo/share/wamv_gazebo/environment/path.dsv
[0.850s] -- Installing: /home/grant/ros2_ws/install/wamv_gazebo/share/wamv_gazebo/local_setup.bash
[0.850s] -- Installing: /home/grant/ros2_ws/install/wamv_gazebo/share/wamv_gazebo/local_setup.sh
[0.850s] -- Installing: /home/grant/ros2_ws/install/wamv_gazebo/share/wamv_gazebo/local_setup.zsh
[0.851s] -- Installing: /home/grant/ros2_ws/install/wamv_gazebo/share/wamv_gazebo/local_setup.dsv
[0.851s] -- Installing: /home/grant/ros2_ws/install/wamv_gazebo/share/wamv_gazebo/package.dsv
[0.851s] -- Installing: /home/grant/ros2_ws/install/wamv_gazebo/share/ament_index/resource_index/packages/wamv_gazebo
[0.851s] -- Installing: /home/grant/ros2_ws/install/wamv_gazebo/share/wamv_gazebo/cmake/wamv_gazeboConfig.cmake
[0.851s] -- Installing: /home/grant/ros2_ws/install/wamv_gazebo/share/wamv_gazebo/cmake/wamv_gazeboConfig-version.cmake
[0.851s] -- Installing: /home/grant/ros2_ws/install/wamv_gazebo/share/wamv_gazebo/package.xml
[0.855s] Invoked command in '/home/grant/ros2_ws/build/wamv_gazebo' returned '0': AMENT_PREFIX_PATH=/home/grant/ros2_ws/install/usv_gazebo_plugins:/home/grant/ros2_ws/install/wave_gazebo_plugins:/home/grant/ros2_ws/install/wamv_description:/home/grant/ros2_ws/install/usv_msgs:${AMENT_PREFIX_PATH} CMAKE_PREFIX_PATH=/home/grant/ros2_ws/install/usv_gazebo_plugins:/home/grant/ros2_ws/install/wave_gazebo_plugins:/home/grant/ros2_ws/install/wamv_description:/home/grant/ros2_ws/install/usv_msgs:/home/grant/ros2_ws/install/mavros_extras:/home/grant/ros2_ws/install/mavros:/home/grant/ros2_ws/install/mavros_msgs:/home/grant/ros2_ws/install/libmavconn:/home/grant/ros2_ws/install/mavlink:/opt/ros/foxy:/home/grant/vrx_ws/devel:/opt/ros/noetic:/home/grant/ros2_foxy/ros2-linux CONDA_PROMPT_MODIFIER=(base) LD_LIBRARY_PATH=/home/grant/ros2_ws/install/usv_gazebo_plugins/lib:/home/grant/ros2_ws/install/wave_gazebo_plugins/lib:/home/grant/ros2_ws/install/usv_msgs/lib:/home/grant/ros2_ws/install/mavros_extras/lib:/home/grant/ros2_ws/install/mavros/lib:/home/grant/ros2_ws/install/mavros_msgs/lib:/home/grant/ros2_ws/install/libmavconn/lib:/home/grant/vrx_ws/devel/lib:/opt/ros/noetic/lib:/usr/lib/x86_64-linux-gnu/gazebo-11/plugins:/opt/ros/foxy/opt/yaml_cpp_vendor/lib:/opt/ros/foxy/lib/x86_64-linux-gnu:/opt/ros/foxy/lib:/home/grant/ros2_foxy/ros2-linux/opt/yaml_cpp_vendor/lib:/home/grant/ros2_foxy/ros2-linux/opt/rviz_ogre_vendor/lib:/opt/rti.com/rti_connext_dds-5.3.1/lib/x64Linux3gcc5.4.0:/home/grant/ros2_foxy/ros2-linux/lib:/usr/lib/x86_64-linux-gnu/gazebo-11/plugins:/usr/lib/x86_64-linux-gnu/gazebo-11/plugins:/usr/lib/x86_64-linux-gnu/gazebo-11/plugins:/usr/lib/x86_64-linux-gnu/gazebo-11/plugins:/usr/lib/x86_64-linux-gnu/gazebo-11/plugins:/usr/lib/x86_64-linux-gnu/gazebo-11/plugins PYTHONPATH=/home/grant/ros2_ws/install/usv_msgs/lib/python3.8/site-packages:${PYTHONPATH} /usr/bin/cmake --install /home/grant/ros2_ws/build/wamv_gazebo
