[1.321s] Invoking command in '/home/adept/ros2_ws_2/src/ros2_robotx': PYTHONPATH=/home/adept/ros2_ws_2/install/ros2_robotx/lib/python3.8/site-packages:${PYTHONPATH} /usr/bin/python3 setup.py egg_info --egg-base ../../build/ros2_robotx build --build-base /home/adept/ros2_ws_2/build/ros2_robotx/build install --prefix /home/adept/ros2_ws_2/install/ros2_robotx --record /home/adept/ros2_ws_2/build/ros2_robotx/install.log --single-version-externally-managed
[1.704s] running egg_info
[1.705s] writing ../../build/ros2_robotx/ros2_robotx.egg-info/PKG-INFO
[1.705s] writing dependency_links to ../../build/ros2_robotx/ros2_robotx.egg-info/dependency_links.txt
[1.706s] writing entry points to ../../build/ros2_robotx/ros2_robotx.egg-info/entry_points.txt
[1.706s] writing requirements to ../../build/ros2_robotx/ros2_robotx.egg-info/requires.txt
[1.706s] writing top-level names to ../../build/ros2_robotx/ros2_robotx.egg-info/top_level.txt
[1.756s] reading manifest file '../../build/ros2_robotx/ros2_robotx.egg-info/SOURCES.txt'
[1.757s] writing manifest file '../../build/ros2_robotx/ros2_robotx.egg-info/SOURCES.txt'
[1.758s] running build
[1.758s] running build_py
[1.758s] copying ros2_robotx/drone_control.py -> /home/adept/ros2_ws_2/build/ros2_robotx/build/lib/ros2_robotx
[1.758s] running install
[1.760s] running install_lib
[1.762s] copying /home/adept/ros2_ws_2/build/ros2_robotx/build/lib/ros2_robotx/drone_control.py -> /home/adept/ros2_ws_2/install/ros2_robotx/lib/python3.8/site-packages/ros2_robotx
[1.763s] byte-compiling /home/adept/ros2_ws_2/install/ros2_robotx/lib/python3.8/site-packages/ros2_robotx/drone_control.py to drone_control.cpython-38.pyc
[1.768s] running install_data
[1.769s] running install_egg_info
[1.772s] removing '/home/adept/ros2_ws_2/install/ros2_robotx/lib/python3.8/site-packages/ros2_robotx-0.0.0-py3.8.egg-info' (and everything under it)
[1.773s] Copying ../../build/ros2_robotx/ros2_robotx.egg-info to /home/adept/ros2_ws_2/install/ros2_robotx/lib/python3.8/site-packages/ros2_robotx-0.0.0-py3.8.egg-info
[1.774s] running install_scripts
[1.803s] Installing drone_control script to /home/adept/ros2_ws_2/install/ros2_robotx/lib/ros2_robotx
[1.803s] Installing teleop_key script to /home/adept/ros2_ws_2/install/ros2_robotx/lib/ros2_robotx
[1.804s] Installing wamv_sim script to /home/adept/ros2_ws_2/install/ros2_robotx/lib/ros2_robotx
[1.804s] writing list of installed files to '/home/adept/ros2_ws_2/build/ros2_robotx/install.log'
[1.862s] Invoked command in '/home/adept/ros2_ws_2/src/ros2_robotx' returned '0': PYTHONPATH=/home/adept/ros2_ws_2/install/ros2_robotx/lib/python3.8/site-packages:${PYTHONPATH} /usr/bin/python3 setup.py egg_info --egg-base ../../build/ros2_robotx build --build-base /home/adept/ros2_ws_2/build/ros2_robotx/build install --prefix /home/adept/ros2_ws_2/install/ros2_robotx --record /home/adept/ros2_ws_2/build/ros2_robotx/install.log --single-version-externally-managed
