[0.220s] DEBUG:colcon:Command line arguments: ['/usr/bin/colcon', 'build', '--packages-select', 'ros2_robotx']
[0.221s] DEBUG:colcon:Parsed command line arguments: Namespace(allow_overriding=[], ament_cmake_args=None, base_paths=['.'], build_base='build', catkin_cmake_args=None, catkin_skip_building_tests=False, cmake_args=None, cmake_clean_cache=False, cmake_clean_first=False, cmake_force_configure=False, cmake_target=None, cmake_target_skip_unavailable=False, continue_on_error=False, event_handlers=None, executor='parallel', ignore_user_meta=False, install_base='install', log_base=None, log_level=None, main=<bound method BuildVerb.main of <colcon_core.verb.build.BuildVerb object at 0x7f98f169f2e0>>, merge_install=False, metas=['./colcon.meta'], packages_above=None, packages_above_and_dependencies=None, packages_above_depth=None, packages_end=None, packages_ignore=None, packages_ignore_regex=None, packages_select=['ros2_robotx'], packages_select_build_failed=False, packages_select_by_dep=None, packages_select_regex=None, packages_select_test_failures=False, packages_skip=None, packages_skip_build_finished=False, packages_skip_by_dep=None, packages_skip_regex=None, packages_skip_test_passed=False, packages_skip_up_to=None, packages_start=None, packages_up_to=None, packages_up_to_regex=None, parallel_workers=8, paths=None, symlink_install=False, test_result_base=None, verb_extension=<colcon_core.verb.build.BuildVerb object at 0x7f98f169f2e0>, verb_name='build', verb_parser=<colcon_defaults.argument_parser.defaults.DefaultArgumentsDecorator object at 0x7f98f169f820>)
[0.260s] Level 1:colcon.colcon_core.package_discovery:discover_packages(colcon_meta) check parameters
[0.260s] Level 1:colcon.colcon_core.package_discovery:discover_packages(recursive) check parameters
[0.260s] Level 1:colcon.colcon_core.package_discovery:discover_packages(ignore) check parameters
[0.260s] Level 1:colcon.colcon_core.package_discovery:discover_packages(path) check parameters
[0.260s] Level 1:colcon.colcon_core.package_discovery:discover_packages(colcon_meta) discover
[0.260s] Level 1:colcon.colcon_core.package_discovery:discover_packages(recursive) discover
[0.260s] INFO:colcon.colcon_core.package_discovery:Crawling recursively for packages in '/home/grant/ros2_ws'
[0.260s] Level 1:colcon.colcon_core.package_identification:_identify(.) by extensions ['ignore', 'ignore_ament_install']
[0.260s] Level 1:colcon.colcon_core.package_identification:_identify(.) by extension 'ignore'
[0.260s] Level 1:colcon.colcon_core.package_identification:_identify(.) by extension 'ignore_ament_install'
[0.260s] Level 1:colcon.colcon_core.package_identification:_identify(.) by extensions ['colcon_pkg']
[0.261s] Level 1:colcon.colcon_core.package_identification:_identify(.) by extension 'colcon_pkg'
[0.261s] Level 1:colcon.colcon_core.package_identification:_identify(.) by extensions ['colcon_meta']
[0.261s] Level 1:colcon.colcon_core.package_identification:_identify(.) by extension 'colcon_meta'
[0.261s] Level 1:colcon.colcon_core.package_identification:_identify(.) by extensions ['ros']
[0.261s] Level 1:colcon.colcon_core.package_identification:_identify(.) by extension 'ros'
[0.315s] Level 1:colcon.colcon_core.package_identification:_identify(.) by extensions ['cmake', 'python']
[0.315s] Level 1:colcon.colcon_core.package_identification:_identify(.) by extension 'cmake'
[0.316s] Level 1:colcon.colcon_core.package_identification:_identify(.) by extension 'python'
[0.316s] Level 1:colcon.colcon_core.package_identification:_identify(.) by extensions ['python_setup_py']
[0.316s] Level 1:colcon.colcon_core.package_identification:_identify(.) by extension 'python_setup_py'
[0.316s] Level 1:colcon.colcon_core.package_identification:_identify(build) by extensions ['ignore', 'ignore_ament_install']
[0.316s] Level 1:colcon.colcon_core.package_identification:_identify(build) by extension 'ignore'
[0.316s] Level 1:colcon.colcon_core.package_identification:_identify(build) ignored
[0.316s] Level 1:colcon.colcon_core.package_identification:_identify(install) by extensions ['ignore', 'ignore_ament_install']
[0.316s] Level 1:colcon.colcon_core.package_identification:_identify(install) by extension 'ignore'
[0.316s] Level 1:colcon.colcon_core.package_identification:_identify(install) ignored
[0.316s] Level 1:colcon.colcon_core.package_identification:_identify(log) by extensions ['ignore', 'ignore_ament_install']
[0.316s] Level 1:colcon.colcon_core.package_identification:_identify(log) by extension 'ignore'
[0.317s] Level 1:colcon.colcon_core.package_identification:_identify(log) ignored
[0.317s] Level 1:colcon.colcon_core.package_identification:_identify(logs) by extensions ['ignore', 'ignore_ament_install']
[0.317s] Level 1:colcon.colcon_core.package_identification:_identify(logs) by extension 'ignore'
[0.317s] Level 1:colcon.colcon_core.package_identification:_identify(logs) by extension 'ignore_ament_install'
[0.317s] Level 1:colcon.colcon_core.package_identification:_identify(logs) by extensions ['colcon_pkg']
[0.317s] Level 1:colcon.colcon_core.package_identification:_identify(logs) by extension 'colcon_pkg'
[0.317s] Level 1:colcon.colcon_core.package_identification:_identify(logs) by extensions ['colcon_meta']
[0.317s] Level 1:colcon.colcon_core.package_identification:_identify(logs) by extension 'colcon_meta'
[0.317s] Level 1:colcon.colcon_core.package_identification:_identify(logs) by extensions ['ros']
[0.317s] Level 1:colcon.colcon_core.package_identification:_identify(logs) by extension 'ros'
[0.317s] Level 1:colcon.colcon_core.package_identification:_identify(logs) by extensions ['cmake', 'python']
[0.317s] Level 1:colcon.colcon_core.package_identification:_identify(logs) by extension 'cmake'
[0.317s] Level 1:colcon.colcon_core.package_identification:_identify(logs) by extension 'python'
[0.317s] Level 1:colcon.colcon_core.package_identification:_identify(logs) by extensions ['python_setup_py']
[0.317s] Level 1:colcon.colcon_core.package_identification:_identify(logs) by extension 'python_setup_py'
[0.317s] Level 1:colcon.colcon_core.package_identification:_identify(src) by extensions ['ignore', 'ignore_ament_install']
[0.317s] Level 1:colcon.colcon_core.package_identification:_identify(src) by extension 'ignore'
[0.317s] Level 1:colcon.colcon_core.package_identification:_identify(src) by extension 'ignore_ament_install'
[0.317s] Level 1:colcon.colcon_core.package_identification:_identify(src) by extensions ['colcon_pkg']
[0.317s] Level 1:colcon.colcon_core.package_identification:_identify(src) by extension 'colcon_pkg'
[0.318s] Level 1:colcon.colcon_core.package_identification:_identify(src) by extensions ['colcon_meta']
[0.318s] Level 1:colcon.colcon_core.package_identification:_identify(src) by extension 'colcon_meta'
[0.318s] Level 1:colcon.colcon_core.package_identification:_identify(src) by extensions ['ros']
[0.318s] Level 1:colcon.colcon_core.package_identification:_identify(src) by extension 'ros'
[0.318s] Level 1:colcon.colcon_core.package_identification:_identify(src) by extensions ['cmake', 'python']
[0.318s] Level 1:colcon.colcon_core.package_identification:_identify(src) by extension 'cmake'
[0.318s] Level 1:colcon.colcon_core.package_identification:_identify(src) by extension 'python'
[0.318s] Level 1:colcon.colcon_core.package_identification:_identify(src) by extensions ['python_setup_py']
[0.318s] Level 1:colcon.colcon_core.package_identification:_identify(src) by extension 'python_setup_py'
[0.318s] Level 1:colcon.colcon_core.package_identification:_identify(src/VRX_Foxy) by extensions ['ignore', 'ignore_ament_install']
[0.318s] Level 1:colcon.colcon_core.package_identification:_identify(src/VRX_Foxy) by extension 'ignore'
[0.318s] Level 1:colcon.colcon_core.package_identification:_identify(src/VRX_Foxy) by extension 'ignore_ament_install'
[0.318s] Level 1:colcon.colcon_core.package_identification:_identify(src/VRX_Foxy) by extensions ['colcon_pkg']
[0.318s] Level 1:colcon.colcon_core.package_identification:_identify(src/VRX_Foxy) by extension 'colcon_pkg'
[0.318s] Level 1:colcon.colcon_core.package_identification:_identify(src/VRX_Foxy) by extensions ['colcon_meta']
[0.318s] Level 1:colcon.colcon_core.package_identification:_identify(src/VRX_Foxy) by extension 'colcon_meta'
[0.318s] Level 1:colcon.colcon_core.package_identification:_identify(src/VRX_Foxy) by extensions ['ros']
[0.318s] Level 1:colcon.colcon_core.package_identification:_identify(src/VRX_Foxy) by extension 'ros'
[0.318s] Level 1:colcon.colcon_core.package_identification:_identify(src/VRX_Foxy) by extensions ['cmake', 'python']
[0.318s] Level 1:colcon.colcon_core.package_identification:_identify(src/VRX_Foxy) by extension 'cmake'
[0.318s] Level 1:colcon.colcon_core.package_identification:_identify(src/VRX_Foxy) by extension 'python'
[0.319s] Level 1:colcon.colcon_core.package_identification:_identify(src/VRX_Foxy) by extensions ['python_setup_py']
[0.319s] Level 1:colcon.colcon_core.package_identification:_identify(src/VRX_Foxy) by extension 'python_setup_py'
[0.319s] Level 1:colcon.colcon_core.package_identification:_identify(src/VRX_Foxy/images) by extensions ['ignore', 'ignore_ament_install']
[0.319s] Level 1:colcon.colcon_core.package_identification:_identify(src/VRX_Foxy/images) by extension 'ignore'
[0.319s] Level 1:colcon.colcon_core.package_identification:_identify(src/VRX_Foxy/images) by extension 'ignore_ament_install'
[0.319s] Level 1:colcon.colcon_core.package_identification:_identify(src/VRX_Foxy/images) by extensions ['colcon_pkg']
[0.319s] Level 1:colcon.colcon_core.package_identification:_identify(src/VRX_Foxy/images) by extension 'colcon_pkg'
[0.319s] Level 1:colcon.colcon_core.package_identification:_identify(src/VRX_Foxy/images) by extensions ['colcon_meta']
[0.319s] Level 1:colcon.colcon_core.package_identification:_identify(src/VRX_Foxy/images) by extension 'colcon_meta'
[0.319s] Level 1:colcon.colcon_core.package_identification:_identify(src/VRX_Foxy/images) by extensions ['ros']
[0.319s] Level 1:colcon.colcon_core.package_identification:_identify(src/VRX_Foxy/images) by extension 'ros'
[0.319s] Level 1:colcon.colcon_core.package_identification:_identify(src/VRX_Foxy/images) by extensions ['cmake', 'python']
[0.319s] Level 1:colcon.colcon_core.package_identification:_identify(src/VRX_Foxy/images) by extension 'cmake'
[0.319s] Level 1:colcon.colcon_core.package_identification:_identify(src/VRX_Foxy/images) by extension 'python'
[0.319s] Level 1:colcon.colcon_core.package_identification:_identify(src/VRX_Foxy/images) by extensions ['python_setup_py']
[0.319s] Level 1:colcon.colcon_core.package_identification:_identify(src/VRX_Foxy/images) by extension 'python_setup_py'
[0.319s] Level 1:colcon.colcon_core.package_identification:_identify(src/VRX_Foxy/robotX_2022) by extensions ['ignore', 'ignore_ament_install']
[0.319s] Level 1:colcon.colcon_core.package_identification:_identify(src/VRX_Foxy/robotX_2022) by extension 'ignore'
[0.319s] Level 1:colcon.colcon_core.package_identification:_identify(src/VRX_Foxy/robotX_2022) by extension 'ignore_ament_install'
[0.320s] Level 1:colcon.colcon_core.package_identification:_identify(src/VRX_Foxy/robotX_2022) by extensions ['colcon_pkg']
[0.320s] Level 1:colcon.colcon_core.package_identification:_identify(src/VRX_Foxy/robotX_2022) by extension 'colcon_pkg'
[0.320s] Level 1:colcon.colcon_core.package_identification:_identify(src/VRX_Foxy/robotX_2022) by extensions ['colcon_meta']
[0.320s] Level 1:colcon.colcon_core.package_identification:_identify(src/VRX_Foxy/robotX_2022) by extension 'colcon_meta'
[0.320s] Level 1:colcon.colcon_core.package_identification:_identify(src/VRX_Foxy/robotX_2022) by extensions ['ros']
[0.320s] Level 1:colcon.colcon_core.package_identification:_identify(src/VRX_Foxy/robotX_2022) by extension 'ros'
[0.325s] DEBUG:colcon.colcon_core.package_identification:Package 'src/VRX_Foxy/robotX_2022' with type 'ros.ament_cmake' and name 'robotx_2022'
[0.325s] Level 1:colcon.colcon_core.package_identification:_identify(src/VRX_Foxy/ros2_robotx_old) by extensions ['ignore', 'ignore_ament_install']
[0.325s] Level 1:colcon.colcon_core.package_identification:_identify(src/VRX_Foxy/ros2_robotx_old) by extension 'ignore'
[0.325s] Level 1:colcon.colcon_core.package_identification:_identify(src/VRX_Foxy/ros2_robotx_old) by extension 'ignore_ament_install'
[0.325s] Level 1:colcon.colcon_core.package_identification:_identify(src/VRX_Foxy/ros2_robotx_old) by extensions ['colcon_pkg']
[0.325s] Level 1:colcon.colcon_core.package_identification:_identify(src/VRX_Foxy/ros2_robotx_old) by extension 'colcon_pkg'
[0.325s] Level 1:colcon.colcon_core.package_identification:_identify(src/VRX_Foxy/ros2_robotx_old) by extensions ['colcon_meta']
[0.325s] Level 1:colcon.colcon_core.package_identification:_identify(src/VRX_Foxy/ros2_robotx_old) by extension 'colcon_meta'
[0.325s] Level 1:colcon.colcon_core.package_identification:_identify(src/VRX_Foxy/ros2_robotx_old) by extensions ['ros']
[0.325s] Level 1:colcon.colcon_core.package_identification:_identify(src/VRX_Foxy/ros2_robotx_old) by extension 'ros'
[0.325s] Level 1:colcon.colcon_core.package_identification:_identify(src/VRX_Foxy/ros2_robotx_old) by extensions ['cmake', 'python']
[0.325s] Level 1:colcon.colcon_core.package_identification:_identify(src/VRX_Foxy/ros2_robotx_old) by extension 'cmake'
[0.325s] Level 1:colcon.colcon_core.package_identification:_identify(src/VRX_Foxy/ros2_robotx_old) by extension 'python'
[0.325s] Level 1:colcon.colcon_core.package_identification:_identify(src/VRX_Foxy/ros2_robotx_old) by extensions ['python_setup_py']
[0.326s] Level 1:colcon.colcon_core.package_identification:_identify(src/VRX_Foxy/ros2_robotx_old) by extension 'python_setup_py'
[0.326s] Level 1:colcon.colcon_core.package_identification:_identify(src/VRX_Foxy/ros2_robotx_old/launch) by extensions ['ignore', 'ignore_ament_install']
[0.326s] Level 1:colcon.colcon_core.package_identification:_identify(src/VRX_Foxy/ros2_robotx_old/launch) by extension 'ignore'
[0.326s] Level 1:colcon.colcon_core.package_identification:_identify(src/VRX_Foxy/ros2_robotx_old/launch) by extension 'ignore_ament_install'
[0.326s] Level 1:colcon.colcon_core.package_identification:_identify(src/VRX_Foxy/ros2_robotx_old/launch) by extensions ['colcon_pkg']
[0.326s] Level 1:colcon.colcon_core.package_identification:_identify(src/VRX_Foxy/ros2_robotx_old/launch) by extension 'colcon_pkg'
[0.326s] Level 1:colcon.colcon_core.package_identification:_identify(src/VRX_Foxy/ros2_robotx_old/launch) by extensions ['colcon_meta']
[0.326s] Level 1:colcon.colcon_core.package_identification:_identify(src/VRX_Foxy/ros2_robotx_old/launch) by extension 'colcon_meta'
[0.326s] Level 1:colcon.colcon_core.package_identification:_identify(src/VRX_Foxy/ros2_robotx_old/launch) by extensions ['ros']
[0.326s] Level 1:colcon.colcon_core.package_identification:_identify(src/VRX_Foxy/ros2_robotx_old/launch) by extension 'ros'
[0.326s] Level 1:colcon.colcon_core.package_identification:_identify(src/VRX_Foxy/ros2_robotx_old/launch) by extensions ['cmake', 'python']
[0.326s] Level 1:colcon.colcon_core.package_identification:_identify(src/VRX_Foxy/ros2_robotx_old/launch) by extension 'cmake'
[0.326s] Level 1:colcon.colcon_core.package_identification:_identify(src/VRX_Foxy/ros2_robotx_old/launch) by extension 'python'
[0.326s] Level 1:colcon.colcon_core.package_identification:_identify(src/VRX_Foxy/ros2_robotx_old/launch) by extensions ['python_setup_py']
[0.326s] Level 1:colcon.colcon_core.package_identification:_identify(src/VRX_Foxy/ros2_robotx_old/launch) by extension 'python_setup_py'
[0.326s] Level 1:colcon.colcon_core.package_identification:_identify(src/VRX_Foxy/ros2_robotx_old/ros2_robotx) by extensions ['ignore', 'ignore_ament_install']
[0.326s] Level 1:colcon.colcon_core.package_identification:_identify(src/VRX_Foxy/ros2_robotx_old/ros2_robotx) by extension 'ignore'
[0.326s] Level 1:colcon.colcon_core.package_identification:_identify(src/VRX_Foxy/ros2_robotx_old/ros2_robotx) by extension 'ignore_ament_install'
[0.327s] Level 1:colcon.colcon_core.package_identification:_identify(src/VRX_Foxy/ros2_robotx_old/ros2_robotx) by extensions ['colcon_pkg']
[0.327s] Level 1:colcon.colcon_core.package_identification:_identify(src/VRX_Foxy/ros2_robotx_old/ros2_robotx) by extension 'colcon_pkg'
[0.327s] Level 1:colcon.colcon_core.package_identification:_identify(src/VRX_Foxy/ros2_robotx_old/ros2_robotx) by extensions ['colcon_meta']
[0.327s] Level 1:colcon.colcon_core.package_identification:_identify(src/VRX_Foxy/ros2_robotx_old/ros2_robotx) by extension 'colcon_meta'
[0.327s] Level 1:colcon.colcon_core.package_identification:_identify(src/VRX_Foxy/ros2_robotx_old/ros2_robotx) by extensions ['ros']
[0.327s] Level 1:colcon.colcon_core.package_identification:_identify(src/VRX_Foxy/ros2_robotx_old/ros2_robotx) by extension 'ros'
[0.327s] Level 1:colcon.colcon_core.package_identification:_identify(src/VRX_Foxy/ros2_robotx_old/ros2_robotx) by extensions ['cmake', 'python']
[0.327s] Level 1:colcon.colcon_core.package_identification:_identify(src/VRX_Foxy/ros2_robotx_old/ros2_robotx) by extension 'cmake'
[0.327s] Level 1:colcon.colcon_core.package_identification:_identify(src/VRX_Foxy/ros2_robotx_old/ros2_robotx) by extension 'python'
[0.327s] Level 1:colcon.colcon_core.package_identification:_identify(src/VRX_Foxy/ros2_robotx_old/ros2_robotx) by extensions ['python_setup_py']
[0.327s] Level 1:colcon.colcon_core.package_identification:_identify(src/VRX_Foxy/ros2_robotx_old/ros2_robotx) by extension 'python_setup_py'
[0.327s] Level 1:colcon.colcon_core.package_identification:_identify(src/VRX_Foxy/tools) by extensions ['ignore', 'ignore_ament_install']
[0.327s] Level 1:colcon.colcon_core.package_identification:_identify(src/VRX_Foxy/tools) by extension 'ignore'
[0.327s] Level 1:colcon.colcon_core.package_identification:_identify(src/VRX_Foxy/tools) by extension 'ignore_ament_install'
[0.327s] Level 1:colcon.colcon_core.package_identification:_identify(src/VRX_Foxy/tools) by extensions ['colcon_pkg']
[0.327s] Level 1:colcon.colcon_core.package_identification:_identify(src/VRX_Foxy/tools) by extension 'colcon_pkg'
[0.327s] Level 1:colcon.colcon_core.package_identification:_identify(src/VRX_Foxy/tools) by extensions ['colcon_meta']
[0.327s] Level 1:colcon.colcon_core.package_identification:_identify(src/VRX_Foxy/tools) by extension 'colcon_meta'
[0.327s] Level 1:colcon.colcon_core.package_identification:_identify(src/VRX_Foxy/tools) by extensions ['ros']
[0.327s] Level 1:colcon.colcon_core.package_identification:_identify(src/VRX_Foxy/tools) by extension 'ros'
[0.327s] Level 1:colcon.colcon_core.package_identification:_identify(src/VRX_Foxy/tools) by extensions ['cmake', 'python']
[0.328s] Level 1:colcon.colcon_core.package_identification:_identify(src/VRX_Foxy/tools) by extension 'cmake'
[0.328s] Level 1:colcon.colcon_core.package_identification:_identify(src/VRX_Foxy/tools) by extension 'python'
[0.328s] Level 1:colcon.colcon_core.package_identification:_identify(src/VRX_Foxy/tools) by extensions ['python_setup_py']
[0.328s] Level 1:colcon.colcon_core.package_identification:_identify(src/VRX_Foxy/tools) by extension 'python_setup_py'
[0.328s] Level 1:colcon.colcon_core.package_identification:_identify(src/VRX_Foxy/usv_gazebo_plugins) by extensions ['ignore', 'ignore_ament_install']
[0.328s] Level 1:colcon.colcon_core.package_identification:_identify(src/VRX_Foxy/usv_gazebo_plugins) by extension 'ignore'
[0.328s] Level 1:colcon.colcon_core.package_identification:_identify(src/VRX_Foxy/usv_gazebo_plugins) by extension 'ignore_ament_install'
[0.328s] Level 1:colcon.colcon_core.package_identification:_identify(src/VRX_Foxy/usv_gazebo_plugins) by extensions ['colcon_pkg']
[0.328s] Level 1:colcon.colcon_core.package_identification:_identify(src/VRX_Foxy/usv_gazebo_plugins) by extension 'colcon_pkg'
[0.328s] Level 1:colcon.colcon_core.package_identification:_identify(src/VRX_Foxy/usv_gazebo_plugins) by extensions ['colcon_meta']
[0.328s] Level 1:colcon.colcon_core.package_identification:_identify(src/VRX_Foxy/usv_gazebo_plugins) by extension 'colcon_meta'
[0.328s] Level 1:colcon.colcon_core.package_identification:_identify(src/VRX_Foxy/usv_gazebo_plugins) by extensions ['ros']
[0.328s] Level 1:colcon.colcon_core.package_identification:_identify(src/VRX_Foxy/usv_gazebo_plugins) by extension 'ros'
[0.330s] DEBUG:colcon.colcon_core.package_identification:Package 'src/VRX_Foxy/usv_gazebo_plugins' with type 'ros.ament_cmake' and name 'usv_gazebo_plugins'
[0.331s] Level 1:colcon.colcon_core.package_identification:_identify(src/VRX_Foxy/usv_msgs) by extensions ['ignore', 'ignore_ament_install']
[0.331s] Level 1:colcon.colcon_core.package_identification:_identify(src/VRX_Foxy/usv_msgs) by extension 'ignore'
[0.331s] Level 1:colcon.colcon_core.package_identification:_identify(src/VRX_Foxy/usv_msgs) by extension 'ignore_ament_install'
[0.331s] Level 1:colcon.colcon_core.package_identification:_identify(src/VRX_Foxy/usv_msgs) by extensions ['colcon_pkg']
[0.331s] Level 1:colcon.colcon_core.package_identification:_identify(src/VRX_Foxy/usv_msgs) by extension 'colcon_pkg'
[0.331s] Level 1:colcon.colcon_core.package_identification:_identify(src/VRX_Foxy/usv_msgs) by extensions ['colcon_meta']
[0.331s] Level 1:colcon.colcon_core.package_identification:_identify(src/VRX_Foxy/usv_msgs) by extension 'colcon_meta'
[0.331s] Level 1:colcon.colcon_core.package_identification:_identify(src/VRX_Foxy/usv_msgs) by extensions ['ros']
[0.331s] Level 1:colcon.colcon_core.package_identification:_identify(src/VRX_Foxy/usv_msgs) by extension 'ros'
[0.332s] DEBUG:colcon.colcon_core.package_identification:Package 'src/VRX_Foxy/usv_msgs' with type 'ros.ament_cmake' and name 'usv_msgs'
[0.332s] Level 1:colcon.colcon_core.package_identification:_identify(src/VRX_Foxy/vrx_gazebo) by extensions ['ignore', 'ignore_ament_install']
[0.332s] Level 1:colcon.colcon_core.package_identification:_identify(src/VRX_Foxy/vrx_gazebo) by extension 'ignore'
[0.332s] Level 1:colcon.colcon_core.package_identification:_identify(src/VRX_Foxy/vrx_gazebo) by extension 'ignore_ament_install'
[0.332s] Level 1:colcon.colcon_core.package_identification:_identify(src/VRX_Foxy/vrx_gazebo) by extensions ['colcon_pkg']
[0.332s] Level 1:colcon.colcon_core.package_identification:_identify(src/VRX_Foxy/vrx_gazebo) by extension 'colcon_pkg'
[0.332s] Level 1:colcon.colcon_core.package_identification:_identify(src/VRX_Foxy/vrx_gazebo) by extensions ['colcon_meta']
[0.332s] Level 1:colcon.colcon_core.package_identification:_identify(src/VRX_Foxy/vrx_gazebo) by extension 'colcon_meta'
[0.332s] Level 1:colcon.colcon_core.package_identification:_identify(src/VRX_Foxy/vrx_gazebo) by extensions ['ros']
[0.332s] Level 1:colcon.colcon_core.package_identification:_identify(src/VRX_Foxy/vrx_gazebo) by extension 'ros'
[0.335s] DEBUG:colcon.colcon_core.package_identification:Package 'src/VRX_Foxy/vrx_gazebo' with type 'ros.ament_cmake' and name 'vrx_gazebo'
[0.335s] Level 1:colcon.colcon_core.package_identification:_identify(src/VRX_Foxy/wamv_description) by extensions ['ignore', 'ignore_ament_install']
[0.335s] Level 1:colcon.colcon_core.package_identification:_identify(src/VRX_Foxy/wamv_description) by extension 'ignore'
[0.335s] Level 1:colcon.colcon_core.package_identification:_identify(src/VRX_Foxy/wamv_description) by extension 'ignore_ament_install'
[0.335s] Level 1:colcon.colcon_core.package_identification:_identify(src/VRX_Foxy/wamv_description) by extensions ['colcon_pkg']
[0.335s] Level 1:colcon.colcon_core.package_identification:_identify(src/VRX_Foxy/wamv_description) by extension 'colcon_pkg'
[0.335s] Level 1:colcon.colcon_core.package_identification:_identify(src/VRX_Foxy/wamv_description) by extensions ['colcon_meta']
[0.336s] Level 1:colcon.colcon_core.package_identification:_identify(src/VRX_Foxy/wamv_description) by extension 'colcon_meta'
[0.336s] Level 1:colcon.colcon_core.package_identification:_identify(src/VRX_Foxy/wamv_description) by extensions ['ros']
[0.336s] Level 1:colcon.colcon_core.package_identification:_identify(src/VRX_Foxy/wamv_description) by extension 'ros'
[0.337s] DEBUG:colcon.colcon_core.package_identification:Package 'src/VRX_Foxy/wamv_description' with type 'ros.ament_cmake' and name 'wamv_description'
[0.337s] Level 1:colcon.colcon_core.package_identification:_identify(src/VRX_Foxy/wamv_gazebo) by extensions ['ignore', 'ignore_ament_install']
[0.337s] Level 1:colcon.colcon_core.package_identification:_identify(src/VRX_Foxy/wamv_gazebo) by extension 'ignore'
[0.337s] Level 1:colcon.colcon_core.package_identification:_identify(src/VRX_Foxy/wamv_gazebo) by extension 'ignore_ament_install'
[0.337s] Level 1:colcon.colcon_core.package_identification:_identify(src/VRX_Foxy/wamv_gazebo) by extensions ['colcon_pkg']
[0.337s] Level 1:colcon.colcon_core.package_identification:_identify(src/VRX_Foxy/wamv_gazebo) by extension 'colcon_pkg'
[0.337s] Level 1:colcon.colcon_core.package_identification:_identify(src/VRX_Foxy/wamv_gazebo) by extensions ['colcon_meta']
[0.337s] Level 1:colcon.colcon_core.package_identification:_identify(src/VRX_Foxy/wamv_gazebo) by extension 'colcon_meta'
[0.337s] Level 1:colcon.colcon_core.package_identification:_identify(src/VRX_Foxy/wamv_gazebo) by extensions ['ros']
[0.337s] Level 1:colcon.colcon_core.package_identification:_identify(src/VRX_Foxy/wamv_gazebo) by extension 'ros'
[0.339s] DEBUG:colcon.colcon_core.package_identification:Package 'src/VRX_Foxy/wamv_gazebo' with type 'ros.ament_cmake' and name 'wamv_gazebo'
[0.339s] Level 1:colcon.colcon_core.package_identification:_identify(src/VRX_Foxy/wave_gazebo) by extensions ['ignore', 'ignore_ament_install']
[0.339s] Level 1:colcon.colcon_core.package_identification:_identify(src/VRX_Foxy/wave_gazebo) by extension 'ignore'
[0.339s] Level 1:colcon.colcon_core.package_identification:_identify(src/VRX_Foxy/wave_gazebo) by extension 'ignore_ament_install'
[0.339s] Level 1:colcon.colcon_core.package_identification:_identify(src/VRX_Foxy/wave_gazebo) by extensions ['colcon_pkg']
[0.339s] Level 1:colcon.colcon_core.package_identification:_identify(src/VRX_Foxy/wave_gazebo) by extension 'colcon_pkg'
[0.339s] Level 1:colcon.colcon_core.package_identification:_identify(src/VRX_Foxy/wave_gazebo) by extensions ['colcon_meta']
[0.339s] Level 1:colcon.colcon_core.package_identification:_identify(src/VRX_Foxy/wave_gazebo) by extension 'colcon_meta'
[0.339s] Level 1:colcon.colcon_core.package_identification:_identify(src/VRX_Foxy/wave_gazebo) by extensions ['ros']
[0.339s] Level 1:colcon.colcon_core.package_identification:_identify(src/VRX_Foxy/wave_gazebo) by extension 'ros'
[0.340s] DEBUG:colcon.colcon_core.package_identification:Package 'src/VRX_Foxy/wave_gazebo' with type 'ros.ament_cmake' and name 'wave_gazebo'
[0.340s] Level 1:colcon.colcon_core.package_identification:_identify(src/VRX_Foxy/wave_gazebo_plugins) by extensions ['ignore', 'ignore_ament_install']
[0.340s] Level 1:colcon.colcon_core.package_identification:_identify(src/VRX_Foxy/wave_gazebo_plugins) by extension 'ignore'
[0.340s] Level 1:colcon.colcon_core.package_identification:_identify(src/VRX_Foxy/wave_gazebo_plugins) by extension 'ignore_ament_install'
[0.340s] Level 1:colcon.colcon_core.package_identification:_identify(src/VRX_Foxy/wave_gazebo_plugins) by extensions ['colcon_pkg']
[0.340s] Level 1:colcon.colcon_core.package_identification:_identify(src/VRX_Foxy/wave_gazebo_plugins) by extension 'colcon_pkg'
[0.340s] Level 1:colcon.colcon_core.package_identification:_identify(src/VRX_Foxy/wave_gazebo_plugins) by extensions ['colcon_meta']
[0.340s] Level 1:colcon.colcon_core.package_identification:_identify(src/VRX_Foxy/wave_gazebo_plugins) by extension 'colcon_meta'
[0.340s] Level 1:colcon.colcon_core.package_identification:_identify(src/VRX_Foxy/wave_gazebo_plugins) by extensions ['ros']
[0.340s] Level 1:colcon.colcon_core.package_identification:_identify(src/VRX_Foxy/wave_gazebo_plugins) by extension 'ros'
[0.341s] DEBUG:colcon.colcon_core.package_identification:Package 'src/VRX_Foxy/wave_gazebo_plugins' with type 'ros.ament_cmake' and name 'wave_gazebo_plugins'
[0.341s] Level 1:colcon.colcon_core.package_identification:_identify(src/mavlink) by extensions ['ignore', 'ignore_ament_install']
[0.341s] Level 1:colcon.colcon_core.package_identification:_identify(src/mavlink) by extension 'ignore'
[0.341s] Level 1:colcon.colcon_core.package_identification:_identify(src/mavlink) by extension 'ignore_ament_install'
[0.341s] Level 1:colcon.colcon_core.package_identification:_identify(src/mavlink) by extensions ['colcon_pkg']
[0.341s] Level 1:colcon.colcon_core.package_identification:_identify(src/mavlink) by extension 'colcon_pkg'
[0.341s] Level 1:colcon.colcon_core.package_identification:_identify(src/mavlink) by extensions ['colcon_meta']
[0.341s] Level 1:colcon.colcon_core.package_identification:_identify(src/mavlink) by extension 'colcon_meta'
[0.341s] Level 1:colcon.colcon_core.package_identification:_identify(src/mavlink) by extensions ['ros']
[0.341s] Level 1:colcon.colcon_core.package_identification:_identify(src/mavlink) by extension 'ros'
[0.346s] DEBUG:colcon.colcon_core.package_identification:Package 'src/mavlink' with type 'ros.cmake' and name 'mavlink'
[0.347s] Level 1:colcon.colcon_core.package_identification:_identify(src/mavros) by extensions ['ignore', 'ignore_ament_install']
[0.347s] Level 1:colcon.colcon_core.package_identification:_identify(src/mavros) by extension 'ignore'
[0.347s] Level 1:colcon.colcon_core.package_identification:_identify(src/mavros) by extension 'ignore_ament_install'
[0.347s] Level 1:colcon.colcon_core.package_identification:_identify(src/mavros) by extensions ['colcon_pkg']
[0.347s] Level 1:colcon.colcon_core.package_identification:_identify(src/mavros) by extension 'colcon_pkg'
[0.347s] Level 1:colcon.colcon_core.package_identification:_identify(src/mavros) by extensions ['colcon_meta']
[0.347s] Level 1:colcon.colcon_core.package_identification:_identify(src/mavros) by extension 'colcon_meta'
[0.347s] Level 1:colcon.colcon_core.package_identification:_identify(src/mavros) by extensions ['ros']
[0.347s] Level 1:colcon.colcon_core.package_identification:_identify(src/mavros) by extension 'ros'
[0.347s] Level 1:colcon.colcon_core.package_identification:_identify(src/mavros) by extensions ['cmake', 'python']
[0.347s] Level 1:colcon.colcon_core.package_identification:_identify(src/mavros) by extension 'cmake'
[0.347s] Level 1:colcon.colcon_core.package_identification:_identify(src/mavros) by extension 'python'
[0.347s] Level 1:colcon.colcon_core.package_identification:_identify(src/mavros) by extensions ['python_setup_py']
[0.347s] Level 1:colcon.colcon_core.package_identification:_identify(src/mavros) by extension 'python_setup_py'
[0.347s] Level 1:colcon.colcon_core.package_identification:_identify(src/mavros/libmavconn) by extensions ['ignore', 'ignore_ament_install']
[0.348s] Level 1:colcon.colcon_core.package_identification:_identify(src/mavros/libmavconn) by extension 'ignore'
[0.348s] Level 1:colcon.colcon_core.package_identification:_identify(src/mavros/libmavconn) by extension 'ignore_ament_install'
[0.348s] Level 1:colcon.colcon_core.package_identification:_identify(src/mavros/libmavconn) by extensions ['colcon_pkg']
[0.348s] Level 1:colcon.colcon_core.package_identification:_identify(src/mavros/libmavconn) by extension 'colcon_pkg'
[0.348s] Level 1:colcon.colcon_core.package_identification:_identify(src/mavros/libmavconn) by extensions ['colcon_meta']
[0.348s] Level 1:colcon.colcon_core.package_identification:_identify(src/mavros/libmavconn) by extension 'colcon_meta'
[0.348s] Level 1:colcon.colcon_core.package_identification:_identify(src/mavros/libmavconn) by extensions ['ros']
[0.348s] Level 1:colcon.colcon_core.package_identification:_identify(src/mavros/libmavconn) by extension 'ros'
[0.349s] DEBUG:colcon.colcon_core.package_identification:Package 'src/mavros/libmavconn' with type 'ros.ament_cmake' and name 'libmavconn'
[0.349s] Level 1:colcon.colcon_core.package_identification:_identify(src/mavros/mavros) by extensions ['ignore', 'ignore_ament_install']
[0.349s] Level 1:colcon.colcon_core.package_identification:_identify(src/mavros/mavros) by extension 'ignore'
[0.349s] Level 1:colcon.colcon_core.package_identification:_identify(src/mavros/mavros) by extension 'ignore_ament_install'
[0.349s] Level 1:colcon.colcon_core.package_identification:_identify(src/mavros/mavros) by extensions ['colcon_pkg']
[0.350s] Level 1:colcon.colcon_core.package_identification:_identify(src/mavros/mavros) by extension 'colcon_pkg'
[0.350s] Level 1:colcon.colcon_core.package_identification:_identify(src/mavros/mavros) by extensions ['colcon_meta']
[0.350s] Level 1:colcon.colcon_core.package_identification:_identify(src/mavros/mavros) by extension 'colcon_meta'
[0.350s] Level 1:colcon.colcon_core.package_identification:_identify(src/mavros/mavros) by extensions ['ros']
[0.350s] Level 1:colcon.colcon_core.package_identification:_identify(src/mavros/mavros) by extension 'ros'
[0.354s] DEBUG:colcon.colcon_core.package_identification:Package 'src/mavros/mavros' with type 'ros.ament_cmake' and name 'mavros'
[0.354s] Level 1:colcon.colcon_core.package_identification:_identify(src/mavros/mavros_extras) by extensions ['ignore', 'ignore_ament_install']
[0.355s] Level 1:colcon.colcon_core.package_identification:_identify(src/mavros/mavros_extras) by extension 'ignore'
[0.355s] Level 1:colcon.colcon_core.package_identification:_identify(src/mavros/mavros_extras) by extension 'ignore_ament_install'
[0.355s] Level 1:colcon.colcon_core.package_identification:_identify(src/mavros/mavros_extras) by extensions ['colcon_pkg']
[0.355s] Level 1:colcon.colcon_core.package_identification:_identify(src/mavros/mavros_extras) by extension 'colcon_pkg'
[0.355s] Level 1:colcon.colcon_core.package_identification:_identify(src/mavros/mavros_extras) by extensions ['colcon_meta']
[0.355s] Level 1:colcon.colcon_core.package_identification:_identify(src/mavros/mavros_extras) by extension 'colcon_meta'
[0.355s] Level 1:colcon.colcon_core.package_identification:_identify(src/mavros/mavros_extras) by extensions ['ros']
[0.355s] Level 1:colcon.colcon_core.package_identification:_identify(src/mavros/mavros_extras) by extension 'ros'
[0.360s] DEBUG:colcon.colcon_core.package_identification:Package 'src/mavros/mavros_extras' with type 'ros.ament_cmake' and name 'mavros_extras'
[0.360s] Level 1:colcon.colcon_core.package_identification:_identify(src/mavros/mavros_msgs) by extensions ['ignore', 'ignore_ament_install']
[0.360s] Level 1:colcon.colcon_core.package_identification:_identify(src/mavros/mavros_msgs) by extension 'ignore'
[0.360s] Level 1:colcon.colcon_core.package_identification:_identify(src/mavros/mavros_msgs) by extension 'ignore_ament_install'
[0.360s] Level 1:colcon.colcon_core.package_identification:_identify(src/mavros/mavros_msgs) by extensions ['colcon_pkg']
[0.360s] Level 1:colcon.colcon_core.package_identification:_identify(src/mavros/mavros_msgs) by extension 'colcon_pkg'
[0.360s] Level 1:colcon.colcon_core.package_identification:_identify(src/mavros/mavros_msgs) by extensions ['colcon_meta']
[0.360s] Level 1:colcon.colcon_core.package_identification:_identify(src/mavros/mavros_msgs) by extension 'colcon_meta'
[0.360s] Level 1:colcon.colcon_core.package_identification:_identify(src/mavros/mavros_msgs) by extensions ['ros']
[0.360s] Level 1:colcon.colcon_core.package_identification:_identify(src/mavros/mavros_msgs) by extension 'ros'
[0.362s] DEBUG:colcon.colcon_core.package_identification:Package 'src/mavros/mavros_msgs' with type 'ros.ament_cmake' and name 'mavros_msgs'
[0.362s] Level 1:colcon.colcon_core.package_identification:_identify(src/mavros/test_mavros) by extensions ['ignore', 'ignore_ament_install']
[0.362s] Level 1:colcon.colcon_core.package_identification:_identify(src/mavros/test_mavros) by extension 'ignore'
[0.362s] Level 1:colcon.colcon_core.package_identification:_identify(src/mavros/test_mavros) ignored
[0.362s] Level 1:colcon.colcon_core.package_identification:_identify(src/ros2_robotx) by extensions ['ignore', 'ignore_ament_install']
[0.362s] Level 1:colcon.colcon_core.package_identification:_identify(src/ros2_robotx) by extension 'ignore'
[0.362s] Level 1:colcon.colcon_core.package_identification:_identify(src/ros2_robotx) by extension 'ignore_ament_install'
[0.362s] Level 1:colcon.colcon_core.package_identification:_identify(src/ros2_robotx) by extensions ['colcon_pkg']
[0.362s] Level 1:colcon.colcon_core.package_identification:_identify(src/ros2_robotx) by extension 'colcon_pkg'
[0.363s] Level 1:colcon.colcon_core.package_identification:_identify(src/ros2_robotx) by extensions ['colcon_meta']
[0.363s] Level 1:colcon.colcon_core.package_identification:_identify(src/ros2_robotx) by extension 'colcon_meta'
[0.363s] Level 1:colcon.colcon_core.package_identification:_identify(src/ros2_robotx) by extensions ['ros']
[0.363s] Level 1:colcon.colcon_core.package_identification:_identify(src/ros2_robotx) by extension 'ros'
[0.363s] DEBUG:colcon.colcon_core.package_identification:Package 'src/ros2_robotx' with type 'ros.ament_python' and name 'ros2_robotx'
[0.363s] Level 1:colcon.colcon_core.package_identification:_identify(terrain) by extensions ['ignore', 'ignore_ament_install']
[0.364s] Level 1:colcon.colcon_core.package_identification:_identify(terrain) by extension 'ignore'
[0.364s] Level 1:colcon.colcon_core.package_identification:_identify(terrain) by extension 'ignore_ament_install'
[0.364s] Level 1:colcon.colcon_core.package_identification:_identify(terrain) by extensions ['colcon_pkg']
[0.364s] Level 1:colcon.colcon_core.package_identification:_identify(terrain) by extension 'colcon_pkg'
[0.364s] Level 1:colcon.colcon_core.package_identification:_identify(terrain) by extensions ['colcon_meta']
[0.364s] Level 1:colcon.colcon_core.package_identification:_identify(terrain) by extension 'colcon_meta'
[0.364s] Level 1:colcon.colcon_core.package_identification:_identify(terrain) by extensions ['ros']
[0.364s] Level 1:colcon.colcon_core.package_identification:_identify(terrain) by extension 'ros'
[0.364s] Level 1:colcon.colcon_core.package_identification:_identify(terrain) by extensions ['cmake', 'python']
[0.364s] Level 1:colcon.colcon_core.package_identification:_identify(terrain) by extension 'cmake'
[0.364s] Level 1:colcon.colcon_core.package_identification:_identify(terrain) by extension 'python'
[0.364s] Level 1:colcon.colcon_core.package_identification:_identify(terrain) by extensions ['python_setup_py']
[0.364s] Level 1:colcon.colcon_core.package_identification:_identify(terrain) by extension 'python_setup_py'
[0.364s] Level 1:colcon.colcon_core.package_discovery:discover_packages(recursive) using defaults
[0.364s] Level 1:colcon.colcon_core.package_discovery:discover_packages(ignore) discover
[0.364s] Level 1:colcon.colcon_core.package_discovery:discover_packages(ignore) using defaults
[0.364s] Level 1:colcon.colcon_core.package_discovery:discover_packages(path) discover
[0.364s] Level 1:colcon.colcon_core.package_discovery:discover_packages(path) using defaults
[0.398s] INFO:colcon.colcon_core.package_selection:Skipping not selected package 'mavlink' in 'src/mavlink'
[0.399s] INFO:colcon.colcon_core.package_selection:Skipping not selected package 'mavros_msgs' in 'src/mavros/mavros_msgs'
[0.399s] INFO:colcon.colcon_core.package_selection:Skipping not selected package 'usv_msgs' in 'src/VRX_Foxy/usv_msgs'
[0.399s] INFO:colcon.colcon_core.package_selection:Skipping not selected package 'wamv_description' in 'src/VRX_Foxy/wamv_description'
[0.399s] INFO:colcon.colcon_core.package_selection:Skipping not selected package 'wave_gazebo_plugins' in 'src/VRX_Foxy/wave_gazebo_plugins'
[0.399s] INFO:colcon.colcon_core.package_selection:Skipping not selected package 'libmavconn' in 'src/mavros/libmavconn'
[0.399s] INFO:colcon.colcon_core.package_selection:Skipping not selected package 'usv_gazebo_plugins' in 'src/VRX_Foxy/usv_gazebo_plugins'
[0.399s] INFO:colcon.colcon_core.package_selection:Skipping not selected package 'wave_gazebo' in 'src/VRX_Foxy/wave_gazebo'
[0.399s] INFO:colcon.colcon_core.package_selection:Skipping not selected package 'mavros' in 'src/mavros/mavros'
[0.399s] INFO:colcon.colcon_core.package_selection:Skipping not selected package 'wamv_gazebo' in 'src/VRX_Foxy/wamv_gazebo'
[0.399s] INFO:colcon.colcon_core.package_selection:Skipping not selected package 'mavros_extras' in 'src/mavros/mavros_extras'
[0.399s] INFO:colcon.colcon_core.package_selection:Skipping not selected package 'vrx_gazebo' in 'src/VRX_Foxy/vrx_gazebo'
[0.399s] INFO:colcon.colcon_core.package_selection:Skipping not selected package 'robotx_2022' in 'src/VRX_Foxy/robotX_2022'
[0.400s] Level 1:colcon.colcon_core.package_discovery:discover_packages(prefix_path) check parameters
[0.400s] Level 1:colcon.colcon_core.package_discovery:discover_packages(prefix_path) discover
[0.405s] DEBUG:colcon.colcon_installed_package_information.package_discovery:Found 15 installed packages in /home/grant/ros2_ws/install
[0.413s] DEBUG:colcon.colcon_installed_package_information.package_discovery:Found 311 installed packages in /home/grant/ros2_foxy/ros2-linux
[0.418s] DEBUG:colcon.colcon_installed_package_information.package_discovery:Found 270 installed packages in /opt/ros/foxy
[0.434s] Level 1:colcon.colcon_core.package_discovery:discover_packages(prefix_path) using defaults
[0.548s] Level 5:colcon.colcon_core.verb:set package 'ros2_robotx' build argument 'cmake_args' from command line to 'None'
[0.549s] Level 5:colcon.colcon_core.verb:set package 'ros2_robotx' build argument 'cmake_target' from command line to 'None'
[0.549s] Level 5:colcon.colcon_core.verb:set package 'ros2_robotx' build argument 'cmake_target_skip_unavailable' from command line to 'False'
[0.549s] Level 5:colcon.colcon_core.verb:set package 'ros2_robotx' build argument 'cmake_clean_cache' from command line to 'False'
[0.549s] Level 5:colcon.colcon_core.verb:set package 'ros2_robotx' build argument 'cmake_clean_first' from command line to 'False'
[0.549s] Level 5:colcon.colcon_core.verb:set package 'ros2_robotx' build argument 'cmake_force_configure' from command line to 'False'
[0.549s] Level 5:colcon.colcon_core.verb:set package 'ros2_robotx' build argument 'ament_cmake_args' from command line to 'None'
[0.549s] Level 5:colcon.colcon_core.verb:set package 'ros2_robotx' build argument 'catkin_cmake_args' from command line to 'None'
[0.549s] Level 5:colcon.colcon_core.verb:set package 'ros2_robotx' build argument 'catkin_skip_building_tests' from command line to 'False'
[0.549s] DEBUG:colcon.colcon_core.verb:Building package 'ros2_robotx' with the following arguments: {'ament_cmake_args': None, 'build_base': '/home/grant/ros2_ws/build/ros2_robotx', 'catkin_cmake_args': None, 'catkin_skip_building_tests': False, 'cmake_args': None, 'cmake_clean_cache': False, 'cmake_clean_first': False, 'cmake_force_configure': False, 'cmake_target': None, 'cmake_target_skip_unavailable': False, 'install_base': '/home/grant/ros2_ws/install/ros2_robotx', 'merge_install': False, 'path': '/home/grant/ros2_ws/src/ros2_robotx', 'symlink_install': False, 'test_result_base': None}
[0.550s] INFO:colcon.colcon_core.executor:Executing jobs using 'parallel' executor
[0.562s] DEBUG:colcon.colcon_parallel_executor.executor.parallel:run_until_complete
[0.563s] INFO:colcon.colcon_ros.task.ament_python.build:Building ROS package in '/home/grant/ros2_ws/src/ros2_robotx' with build type 'ament_python'
[0.563s] Level 1:colcon.colcon_core.shell:create_environment_hook('ros2_robotx', 'ament_prefix_path')
[0.568s] INFO:colcon.colcon_core.plugin_system:Skipping extension 'colcon_core.shell.bat': Not used on non-Windows systems
[0.569s] INFO:colcon.colcon_core.shell:Creating environment hook '/home/grant/ros2_ws/install/ros2_robotx/share/ros2_robotx/hook/ament_prefix_path.ps1'
[0.569s] INFO:colcon.colcon_core.shell:Creating environment descriptor '/home/grant/ros2_ws/install/ros2_robotx/share/ros2_robotx/hook/ament_prefix_path.dsv'
[0.570s] INFO:colcon.colcon_core.shell:Creating environment hook '/home/grant/ros2_ws/install/ros2_robotx/share/ros2_robotx/hook/ament_prefix_path.sh'
[0.572s] INFO:colcon.colcon_core.shell:Skip shell extension 'powershell' for command environment: Not usable outside of PowerShell
[0.572s] DEBUG:colcon.colcon_core.shell:Skip shell extension 'dsv' for command environment
[0.586s] DEBUG:colcon.colcon_core.shell:Ignoring prefix path '/home/grant/vrx_ws/devel'
[0.948s] INFO:colcon.colcon_core.task.python.build:Building Python package in '/home/grant/ros2_ws/src/ros2_robotx'
[0.950s] INFO:colcon.colcon_core.shell:Skip shell extension 'powershell' for command environment: Not usable outside of PowerShell
[0.950s] DEBUG:colcon.colcon_core.shell:Skip shell extension 'dsv' for command environment
[0.964s] DEBUG:colcon.colcon_core.shell:Ignoring prefix path '/home/grant/vrx_ws/devel'
[1.677s] DEBUG:colcon.colcon_core.event_handler.log_command:Invoking command in '/home/grant/ros2_ws/src/ros2_robotx': CONDA_PROMPT_MODIFIER=(base) PYTHONPATH=/home/grant/ros2_ws/install/ros2_robotx/lib/python3.8/site-packages:${PYTHONPATH} /usr/bin/python3 setup.py egg_info --egg-base ../../build/ros2_robotx build --build-base /home/grant/ros2_ws/build/ros2_robotx/build install --prefix /home/grant/ros2_ws/install/ros2_robotx --record /home/grant/ros2_ws/build/ros2_robotx/install.log --single-version-externally-managed
[2.191s] DEBUG:colcon.colcon_core.event_handler.log_command:Invoked command in '/home/grant/ros2_ws/src/ros2_robotx' returned '0': CONDA_PROMPT_MODIFIER=(base) PYTHONPATH=/home/grant/ros2_ws/install/ros2_robotx/lib/python3.8/site-packages:${PYTHONPATH} /usr/bin/python3 setup.py egg_info --egg-base ../../build/ros2_robotx build --build-base /home/grant/ros2_ws/build/ros2_robotx/build install --prefix /home/grant/ros2_ws/install/ros2_robotx --record /home/grant/ros2_ws/build/ros2_robotx/install.log --single-version-externally-managed
[2.192s] Level 1:colcon.colcon_core.environment:checking '/home/grant/ros2_ws/install/ros2_robotx' for CMake module files
[2.193s] Level 1:colcon.colcon_core.environment:checking '/home/grant/ros2_ws/install/ros2_robotx' for CMake config files
[2.194s] Level 1:colcon.colcon_core.environment:checking '/home/grant/ros2_ws/install/ros2_robotx/lib'
[2.194s] Level 1:colcon.colcon_core.environment:checking '/home/grant/ros2_ws/install/ros2_robotx/bin'
[2.194s] Level 1:colcon.colcon_core.environment:checking '/home/grant/ros2_ws/install/ros2_robotx/lib/pkgconfig/ros2_robotx.pc'
[2.195s] Level 1:colcon.colcon_core.environment:checking '/home/grant/ros2_ws/install/ros2_robotx/lib/python3.8/site-packages'
[2.195s] Level 1:colcon.colcon_core.shell:create_environment_hook('ros2_robotx', 'pythonpath')
[2.197s] INFO:colcon.colcon_core.shell:Creating environment hook '/home/grant/ros2_ws/install/ros2_robotx/share/ros2_robotx/hook/pythonpath.ps1'
[2.198s] INFO:colcon.colcon_core.shell:Creating environment descriptor '/home/grant/ros2_ws/install/ros2_robotx/share/ros2_robotx/hook/pythonpath.dsv'
[2.198s] INFO:colcon.colcon_core.shell:Creating environment hook '/home/grant/ros2_ws/install/ros2_robotx/share/ros2_robotx/hook/pythonpath.sh'
[2.199s] Level 1:colcon.colcon_core.environment:checking '/home/grant/ros2_ws/install/ros2_robotx/bin'
[2.199s] Level 1:colcon.colcon_core.environment:create_environment_scripts_only(ros2_robotx)
[2.201s] INFO:colcon.colcon_core.shell:Creating package script '/home/grant/ros2_ws/install/ros2_robotx/share/ros2_robotx/package.ps1'
[2.202s] INFO:colcon.colcon_core.shell:Creating package descriptor '/home/grant/ros2_ws/install/ros2_robotx/share/ros2_robotx/package.dsv'
[2.203s] INFO:colcon.colcon_core.shell:Creating package script '/home/grant/ros2_ws/install/ros2_robotx/share/ros2_robotx/package.sh'
[2.203s] INFO:colcon.colcon_core.shell:Creating package script '/home/grant/ros2_ws/install/ros2_robotx/share/ros2_robotx/package.bash'
[2.204s] INFO:colcon.colcon_core.shell:Creating package script '/home/grant/ros2_ws/install/ros2_robotx/share/ros2_robotx/package.zsh'
[2.205s] Level 1:colcon.colcon_core.environment:create_file_with_runtime_dependencies(/home/grant/ros2_ws/install/ros2_robotx/share/colcon-core/packages/ros2_robotx)
[2.205s] DEBUG:colcon.colcon_parallel_executor.executor.parallel:closing loop
[2.206s] DEBUG:colcon.colcon_parallel_executor.executor.parallel:loop closed
[2.206s] DEBUG:colcon.colcon_parallel_executor.executor.parallel:run_until_complete finished with '0'
[2.206s] DEBUG:colcon.colcon_core.event_reactor:joining thread
[2.214s] INFO:colcon.colcon_core.plugin_system:Skipping extension 'colcon_notification.desktop_notification.terminal_notifier': Not used on non-Darwin systems
[2.214s] INFO:colcon.colcon_core.plugin_system:Skipping extension 'colcon_notification.desktop_notification.win32': Not used on non-Windows systems
[2.214s] INFO:colcon.colcon_notification.desktop_notification:Sending desktop notification using 'notify2'
[2.227s] DEBUG:colcon.colcon_core.event_reactor:joined thread
[2.230s] INFO:colcon.colcon_core.shell:Creating prefix script '/home/grant/ros2_ws/install/local_setup.ps1'
[2.231s] INFO:colcon.colcon_core.shell:Creating prefix util module '/home/grant/ros2_ws/install/_local_setup_util_ps1.py'
[2.233s] INFO:colcon.colcon_core.shell:Creating prefix chain script '/home/grant/ros2_ws/install/setup.ps1'
[2.236s] INFO:colcon.colcon_core.shell:Creating prefix script '/home/grant/ros2_ws/install/local_setup.sh'
[2.237s] INFO:colcon.colcon_core.shell:Creating prefix util module '/home/grant/ros2_ws/install/_local_setup_util_sh.py'
[2.237s] INFO:colcon.colcon_core.shell:Creating prefix chain script '/home/grant/ros2_ws/install/setup.sh'
[2.241s] INFO:colcon.colcon_core.shell:Creating prefix script '/home/grant/ros2_ws/install/local_setup.bash'
[2.242s] INFO:colcon.colcon_core.shell:Creating prefix chain script '/home/grant/ros2_ws/install/setup.bash'
[2.245s] INFO:colcon.colcon_core.shell:Creating prefix script '/home/grant/ros2_ws/install/local_setup.zsh'
[2.246s] INFO:colcon.colcon_core.shell:Creating prefix chain script '/home/grant/ros2_ws/install/setup.zsh'
