[0.871s] Invoking command in '/home/adept/ros2_ws_2/src/ros2_robotx': PYTHONPATH=/home/adept/ros2_ws_2/install/ros2_robotx/lib/python3.8/site-packages: /usr/bin/python3 setup.py egg_info --egg-base ../../build/ros2_robotx build --build-base /home/adept/ros2_ws_2/build/ros2_robotx/build install --prefix /home/adept/ros2_ws_2/install/ros2_robotx --record /home/adept/ros2_ws_2/build/ros2_robotx/install.log --single-version-externally-managed
[1.091s] running egg_info
[1.091s] writing ../../build/ros2_robotx/ros2_robotx.egg-info/PKG-INFO
[1.091s] writing dependency_links to ../../build/ros2_robotx/ros2_robotx.egg-info/dependency_links.txt
[1.092s] writing entry points to ../../build/ros2_robotx/ros2_robotx.egg-info/entry_points.txt
[1.092s] writing requirements to ../../build/ros2_robotx/ros2_robotx.egg-info/requires.txt
[1.092s] writing top-level names to ../../build/ros2_robotx/ros2_robotx.egg-info/top_level.txt
[1.129s] reading manifest file '../../build/ros2_robotx/ros2_robotx.egg-info/SOURCES.txt'
[1.131s] writing manifest file '../../build/ros2_robotx/ros2_robotx.egg-info/SOURCES.txt'
[1.131s] running build
[1.131s] running build_py
[1.131s] copying ros2_robotx/drone_control.py -> /home/adept/ros2_ws_2/build/ros2_robotx/build/lib/ros2_robotx
[1.131s] running install
[1.132s] running install_lib
[1.134s] copying /home/adept/ros2_ws_2/build/ros2_robotx/build/lib/ros2_robotx/drone_control.py -> /home/adept/ros2_ws_2/install/ros2_robotx/lib/python3.8/site-packages/ros2_robotx
[1.135s] byte-compiling /home/adept/ros2_ws_2/install/ros2_robotx/lib/python3.8/site-packages/ros2_robotx/drone_control.py to drone_control.cpython-38.pyc
[1.138s] running install_data
[1.139s] running install_egg_info
[1.141s] removing '/home/adept/ros2_ws_2/install/ros2_robotx/lib/python3.8/site-packages/ros2_robotx-0.0.0-py3.8.egg-info' (and everything under it)
[1.142s] Copying ../../build/ros2_robotx/ros2_robotx.egg-info to /home/adept/ros2_ws_2/install/ros2_robotx/lib/python3.8/site-packages/ros2_robotx-0.0.0-py3.8.egg-info
[1.143s] running install_scripts
[1.163s] Installing drone_control script to /home/adept/ros2_ws_2/install/ros2_robotx/lib/ros2_robotx
[1.163s] Installing teleop_key script to /home/adept/ros2_ws_2/install/ros2_robotx/lib/ros2_robotx
[1.164s] Installing wamv_sim script to /home/adept/ros2_ws_2/install/ros2_robotx/lib/ros2_robotx
[1.164s] writing list of installed files to '/home/adept/ros2_ws_2/build/ros2_robotx/install.log'
[1.195s] Invoked command in '/home/adept/ros2_ws_2/src/ros2_robotx' returned '0': PYTHONPATH=/home/adept/ros2_ws_2/install/ros2_robotx/lib/python3.8/site-packages: /usr/bin/python3 setup.py egg_info --egg-base ../../build/ros2_robotx build --build-base /home/adept/ros2_ws_2/build/ros2_robotx/build install --prefix /home/adept/ros2_ws_2/install/ros2_robotx --record /home/adept/ros2_ws_2/build/ros2_robotx/install.log --single-version-externally-managed
