[0.647s] Invoking command in '/home/adept/ros2_ws_2/src/ros2_robotx': PYTHONPATH=/home/adept/ros2_ws_2/install/ros2_robotx/lib/python3.8/site-packages:${PYTHONPATH} /usr/bin/python3 setup.py egg_info --egg-base ../../build/ros2_robotx build --build-base /home/adept/ros2_ws_2/build/ros2_robotx/build install --prefix /home/adept/ros2_ws_2/install/ros2_robotx --record /home/adept/ros2_ws_2/build/ros2_robotx/install.log --single-version-externally-managed
[0.852s] running egg_info
[0.852s] writing ../../build/ros2_robotx/ros2_robotx.egg-info/PKG-INFO
[0.852s] writing dependency_links to ../../build/ros2_robotx/ros2_robotx.egg-info/dependency_links.txt
[0.853s] writing entry points to ../../build/ros2_robotx/ros2_robotx.egg-info/entry_points.txt
[0.853s] writing requirements to ../../build/ros2_robotx/ros2_robotx.egg-info/requires.txt
[0.853s] writing top-level names to ../../build/ros2_robotx/ros2_robotx.egg-info/top_level.txt
[0.879s] reading manifest file '../../build/ros2_robotx/ros2_robotx.egg-info/SOURCES.txt'
[0.880s] writing manifest file '../../build/ros2_robotx/ros2_robotx.egg-info/SOURCES.txt'
[0.880s] running build
[0.880s] running build_py
[0.880s] running install
[0.881s] running install_lib
[0.882s] running install_data
[0.882s] copying worlds/grass_replenish_marker.world -> /home/adept/ros2_ws_2/install/ros2_robotx/share/ros2_robotx
[0.883s] running install_egg_info
[0.884s] removing '/home/adept/ros2_ws_2/install/ros2_robotx/lib/python3.8/site-packages/ros2_robotx-0.0.0-py3.8.egg-info' (and everything under it)
[0.884s] Copying ../../build/ros2_robotx/ros2_robotx.egg-info to /home/adept/ros2_ws_2/install/ros2_robotx/lib/python3.8/site-packages/ros2_robotx-0.0.0-py3.8.egg-info
[0.885s] running install_scripts
[0.898s] Installing drone_control script to /home/adept/ros2_ws_2/install/ros2_robotx/lib/ros2_robotx
[0.898s] Installing teleop_key script to /home/adept/ros2_ws_2/install/ros2_robotx/lib/ros2_robotx
[0.898s] Installing wamv_sim script to /home/adept/ros2_ws_2/install/ros2_robotx/lib/ros2_robotx
[0.899s] writing list of installed files to '/home/adept/ros2_ws_2/build/ros2_robotx/install.log'
[0.916s] Invoked command in '/home/adept/ros2_ws_2/src/ros2_robotx' returned '0': PYTHONPATH=/home/adept/ros2_ws_2/install/ros2_robotx/lib/python3.8/site-packages:${PYTHONPATH} /usr/bin/python3 setup.py egg_info --egg-base ../../build/ros2_robotx build --build-base /home/adept/ros2_ws_2/build/ros2_robotx/build install --prefix /home/adept/ros2_ws_2/install/ros2_robotx --record /home/adept/ros2_ws_2/build/ros2_robotx/install.log --single-version-externally-managed
