-- The C compiler identification is GNU 9.4.0
-- The CXX compiler identification is GNU 9.4.0
-- Check for working C compiler: /usr/bin/cc
-- Check for working C compiler: /usr/bin/cc -- works
-- Detecting C compiler ABI info
-- Detecting C compiler ABI info - done
-- Detecting C compile features
-- Detecting C compile features - done
-- Check for working CXX compiler: /usr/bin/c++
-- Check for working CXX compiler: /usr/bin/c++ -- works
-- Detecting CXX compiler ABI info
-- Detecting CXX compiler ABI info - done
-- Detecting CXX compile features
-- Detecting CXX compile features - done
-- Found ament_cmake: 0.9.11 (/opt/ros/foxy/share/ament_cmake/cmake)
-- Found PythonInterp: /home/grant/miniconda3/bin/python3 (found suitable version "3.8.13", minimum required is "3") 
-- Using PYTHON_EXECUTABLE: /home/grant/miniconda3/bin/python3
-- Found xacro: 2.0.7 (/opt/ros/foxy/share/xacro/cmake)
-- Configuring done
-- Generating done
-- Build files have been written to: /home/grant/ros2_ws/build/wave_gazebo
[35m[1mScanning dependencies of target model_erb_generation[0m
[100%] Built target model_erb_generation
-- Install configuration: ""
-- Installing: /home/grant/ros2_ws/install/wave_gazebo/share/wave_gazebo/world_models
-- Installing: /home/grant/ros2_ws/install/wave_gazebo/share/wave_gazebo/world_models/ocean_waves
-- Installing: /home/grant/ros2_ws/install/wave_gazebo/share/wave_gazebo/world_models/ocean_waves/model.xacro
-- Installing: /home/grant/ros2_ws/install/wave_gazebo/share/wave_gazebo/world_models/ocean_waves/model.xacro.erb
-- Installing: /home/grant/ros2_ws/install/wave_gazebo/share/wave_gazebo/world_models/ocean_waves/materials
-- Installing: /home/grant/ros2_ws/install/wave_gazebo/share/wave_gazebo/world_models/ocean_waves/materials/programs
-- Installing: /home/grant/ros2_ws/install/wave_gazebo/share/wave_gazebo/world_models/ocean_waves/materials/programs/GerstnerWaves.vert
-- Installing: /home/grant/ros2_ws/install/wave_gazebo/share/wave_gazebo/world_models/ocean_waves/materials/programs/GerstnerWaves.frag
-- Installing: /home/grant/ros2_ws/install/wave_gazebo/share/wave_gazebo/world_models/ocean_waves/materials/scripts
-- Installing: /home/grant/ros2_ws/install/wave_gazebo/share/wave_gazebo/world_models/ocean_waves/materials/scripts/waves.material
-- Installing: /home/grant/ros2_ws/install/wave_gazebo/share/wave_gazebo/world_models/ocean_waves/materials/textures
-- Installing: /home/grant/ros2_ws/install/wave_gazebo/share/wave_gazebo/world_models/ocean_waves/materials/textures/wave_normals.dds
-- Installing: /home/grant/ros2_ws/install/wave_gazebo/share/wave_gazebo/world_models/ocean_waves/materials/textures/clouds.jpg
-- Installing: /home/grant/ros2_ws/install/wave_gazebo/share/wave_gazebo/world_models/ocean_waves/materials/textures/clouds_fr.jpg
-- Installing: /home/grant/ros2_ws/install/wave_gazebo/share/wave_gazebo/world_models/ocean_waves/materials/textures/clouds_dn.jpg
-- Installing: /home/grant/ros2_ws/install/wave_gazebo/share/wave_gazebo/world_models/ocean_waves/materials/textures/clouds_up.jpg
-- Installing: /home/grant/ros2_ws/install/wave_gazebo/share/wave_gazebo/world_models/ocean_waves/materials/textures/clouds_rt.jpg
-- Installing: /home/grant/ros2_ws/install/wave_gazebo/share/wave_gazebo/world_models/ocean_waves/materials/textures/clouds_bk.jpg
-- Installing: /home/grant/ros2_ws/install/wave_gazebo/share/wave_gazebo/world_models/ocean_waves/materials/textures/clouds_lf.jpg
-- Installing: /home/grant/ros2_ws/install/wave_gazebo/share/wave_gazebo/world_models/ocean_waves/model.config
-- Installing: /home/grant/ros2_ws/install/wave_gazebo/share/wave_gazebo/world_models/ocean_waves/meshes
-- Installing: /home/grant/ros2_ws/install/wave_gazebo/share/wave_gazebo/world_models/ocean_waves/meshes/mesh.blend
-- Installing: /home/grant/ros2_ws/install/wave_gazebo/share/wave_gazebo/world_models/ocean_waves/meshes/mesh.dae
-- Installing: /home/grant/ros2_ws/install/wave_gazebo/share/wave_gazebo/world_models/ocean_waves/meshes/mesh_below.dae
-- Installing: /home/grant/ros2_ws/install/wave_gazebo/share/ament_index/resource_index/package_run_dependencies/wave_gazebo
-- Installing: /home/grant/ros2_ws/install/wave_gazebo/share/ament_index/resource_index/parent_prefix_path/wave_gazebo
-- Installing: /home/grant/ros2_ws/install/wave_gazebo/share/wave_gazebo/environment/ament_prefix_path.sh
-- Installing: /home/grant/ros2_ws/install/wave_gazebo/share/wave_gazebo/environment/ament_prefix_path.dsv
-- Installing: /home/grant/ros2_ws/install/wave_gazebo/share/wave_gazebo/environment/path.sh
-- Installing: /home/grant/ros2_ws/install/wave_gazebo/share/wave_gazebo/environment/path.dsv
-- Installing: /home/grant/ros2_ws/install/wave_gazebo/share/wave_gazebo/local_setup.bash
-- Installing: /home/grant/ros2_ws/install/wave_gazebo/share/wave_gazebo/local_setup.sh
-- Installing: /home/grant/ros2_ws/install/wave_gazebo/share/wave_gazebo/local_setup.zsh
-- Installing: /home/grant/ros2_ws/install/wave_gazebo/share/wave_gazebo/local_setup.dsv
-- Installing: /home/grant/ros2_ws/install/wave_gazebo/share/wave_gazebo/package.dsv
-- Installing: /home/grant/ros2_ws/install/wave_gazebo/share/ament_index/resource_index/packages/wave_gazebo
-- Installing: /home/grant/ros2_ws/install/wave_gazebo/share/wave_gazebo/cmake/ament_cmake_export_dependencies-extras.cmake
-- Installing: /home/grant/ros2_ws/install/wave_gazebo/share/wave_gazebo/cmake/wave_gazeboConfig.cmake
-- Installing: /home/grant/ros2_ws/install/wave_gazebo/share/wave_gazebo/cmake/wave_gazeboConfig-version.cmake
-- Installing: /home/grant/ros2_ws/install/wave_gazebo/share/wave_gazebo/package.xml
