[0.023s] Invoking command in '/home/grant/ros2_ws/build/wave_gazebo': AMENT_PREFIX_PATH=/home/grant/ros2_ws/install/wave_gazebo_plugins:${AMENT_PREFIX_PATH} CMAKE_PREFIX_PATH=/home/grant/ros2_ws/install/wave_gazebo_plugins:/home/grant/ros2_ws/install/mavros_extras:/home/grant/ros2_ws/install/mavros:/home/grant/ros2_ws/install/mavros_msgs:/home/grant/ros2_ws/install/libmavconn:/home/grant/ros2_ws/install/mavlink:/opt/ros/foxy:/home/grant/vrx_ws/devel:/opt/ros/noetic:/home/grant/ros2_foxy/ros2-linux CONDA_PROMPT_MODIFIER=(base) LD_LIBRARY_PATH=/home/grant/ros2_ws/install/wave_gazebo_plugins/lib:/home/grant/ros2_ws/install/mavros_extras/lib:/home/grant/ros2_ws/install/mavros/lib:/home/grant/ros2_ws/install/mavros_msgs/lib:/home/grant/ros2_ws/install/libmavconn/lib:/home/grant/vrx_ws/devel/lib:/opt/ros/noetic/lib:/usr/lib/x86_64-linux-gnu/gazebo-11/plugins:/opt/ros/foxy/opt/yaml_cpp_vendor/lib:/opt/ros/foxy/lib/x86_64-linux-gnu:/opt/ros/foxy/lib:/home/grant/ros2_foxy/ros2-linux/opt/yaml_cpp_vendor/lib:/home/grant/ros2_foxy/ros2-linux/opt/rviz_ogre_vendor/lib:/opt/rti.com/rti_connext_dds-5.3.1/lib/x64Linux3gcc5.4.0:/home/grant/ros2_foxy/ros2-linux/lib:/usr/lib/x86_64-linux-gnu/gazebo-11/plugins:/usr/lib/x86_64-linux-gnu/gazebo-11/plugins:/usr/lib/x86_64-linux-gnu/gazebo-11/plugins:/usr/lib/x86_64-linux-gnu/gazebo-11/plugins:/usr/lib/x86_64-linux-gnu/gazebo-11/plugins:/usr/lib/x86_64-linux-gnu/gazebo-11/plugins /usr/bin/cmake /home/grant/ros2_ws/src/VRX_Foxy/wave_gazebo -DCMAKE_INSTALL_PREFIX=/home/grant/ros2_ws/install/wave_gazebo
[0.074s] -- The C compiler identification is GNU 9.4.0
[0.125s] -- The CXX compiler identification is GNU 9.4.0
[0.130s] -- Check for working C compiler: /usr/bin/cc
[0.189s] -- Check for working C compiler: /usr/bin/cc -- works
[0.189s] -- Detecting C compiler ABI info
[0.248s] -- Detecting C compiler ABI info - done
[0.261s] -- Detecting C compile features
[0.261s] -- Detecting C compile features - done
[0.263s] -- Check for working CXX compiler: /usr/bin/c++
[0.332s] -- Check for working CXX compiler: /usr/bin/c++ -- works
[0.333s] -- Detecting CXX compiler ABI info
[0.401s] -- Detecting CXX compiler ABI info - done
[0.414s] -- Detecting CXX compile features
[0.414s] -- Detecting CXX compile features - done
[0.416s] -- Found ament_cmake: 0.9.11 (/opt/ros/foxy/share/ament_cmake/cmake)
[0.441s] -- Found PythonInterp: /home/grant/miniconda3/bin/python3 (found suitable version "3.8.13", minimum required is "3") 
[0.441s] -- Using PYTHON_EXECUTABLE: /home/grant/miniconda3/bin/python3
[0.696s] -- Found xacro: 2.0.7 (/opt/ros/foxy/share/xacro/cmake)
[0.779s] -- Configuring done
[0.781s] -- Generating done
[0.782s] -- Build files have been written to: /home/grant/ros2_ws/build/wave_gazebo
[0.787s] Invoked command in '/home/grant/ros2_ws/build/wave_gazebo' returned '0': AMENT_PREFIX_PATH=/home/grant/ros2_ws/install/wave_gazebo_plugins:${AMENT_PREFIX_PATH} CMAKE_PREFIX_PATH=/home/grant/ros2_ws/install/wave_gazebo_plugins:/home/grant/ros2_ws/install/mavros_extras:/home/grant/ros2_ws/install/mavros:/home/grant/ros2_ws/install/mavros_msgs:/home/grant/ros2_ws/install/libmavconn:/home/grant/ros2_ws/install/mavlink:/opt/ros/foxy:/home/grant/vrx_ws/devel:/opt/ros/noetic:/home/grant/ros2_foxy/ros2-linux CONDA_PROMPT_MODIFIER=(base) LD_LIBRARY_PATH=/home/grant/ros2_ws/install/wave_gazebo_plugins/lib:/home/grant/ros2_ws/install/mavros_extras/lib:/home/grant/ros2_ws/install/mavros/lib:/home/grant/ros2_ws/install/mavros_msgs/lib:/home/grant/ros2_ws/install/libmavconn/lib:/home/grant/vrx_ws/devel/lib:/opt/ros/noetic/lib:/usr/lib/x86_64-linux-gnu/gazebo-11/plugins:/opt/ros/foxy/opt/yaml_cpp_vendor/lib:/opt/ros/foxy/lib/x86_64-linux-gnu:/opt/ros/foxy/lib:/home/grant/ros2_foxy/ros2-linux/opt/yaml_cpp_vendor/lib:/home/grant/ros2_foxy/ros2-linux/opt/rviz_ogre_vendor/lib:/opt/rti.com/rti_connext_dds-5.3.1/lib/x64Linux3gcc5.4.0:/home/grant/ros2_foxy/ros2-linux/lib:/usr/lib/x86_64-linux-gnu/gazebo-11/plugins:/usr/lib/x86_64-linux-gnu/gazebo-11/plugins:/usr/lib/x86_64-linux-gnu/gazebo-11/plugins:/usr/lib/x86_64-linux-gnu/gazebo-11/plugins:/usr/lib/x86_64-linux-gnu/gazebo-11/plugins:/usr/lib/x86_64-linux-gnu/gazebo-11/plugins /usr/bin/cmake /home/grant/ros2_ws/src/VRX_Foxy/wave_gazebo -DCMAKE_INSTALL_PREFIX=/home/grant/ros2_ws/install/wave_gazebo
[0.788s] Invoking command in '/home/grant/ros2_ws/build/wave_gazebo': AMENT_PREFIX_PATH=/home/grant/ros2_ws/install/wave_gazebo_plugins:${AMENT_PREFIX_PATH} CMAKE_PREFIX_PATH=/home/grant/ros2_ws/install/wave_gazebo_plugins:/home/grant/ros2_ws/install/mavros_extras:/home/grant/ros2_ws/install/mavros:/home/grant/ros2_ws/install/mavros_msgs:/home/grant/ros2_ws/install/libmavconn:/home/grant/ros2_ws/install/mavlink:/opt/ros/foxy:/home/grant/vrx_ws/devel:/opt/ros/noetic:/home/grant/ros2_foxy/ros2-linux CONDA_PROMPT_MODIFIER=(base) LD_LIBRARY_PATH=/home/grant/ros2_ws/install/wave_gazebo_plugins/lib:/home/grant/ros2_ws/install/mavros_extras/lib:/home/grant/ros2_ws/install/mavros/lib:/home/grant/ros2_ws/install/mavros_msgs/lib:/home/grant/ros2_ws/install/libmavconn/lib:/home/grant/vrx_ws/devel/lib:/opt/ros/noetic/lib:/usr/lib/x86_64-linux-gnu/gazebo-11/plugins:/opt/ros/foxy/opt/yaml_cpp_vendor/lib:/opt/ros/foxy/lib/x86_64-linux-gnu:/opt/ros/foxy/lib:/home/grant/ros2_foxy/ros2-linux/opt/yaml_cpp_vendor/lib:/home/grant/ros2_foxy/ros2-linux/opt/rviz_ogre_vendor/lib:/opt/rti.com/rti_connext_dds-5.3.1/lib/x64Linux3gcc5.4.0:/home/grant/ros2_foxy/ros2-linux/lib:/usr/lib/x86_64-linux-gnu/gazebo-11/plugins:/usr/lib/x86_64-linux-gnu/gazebo-11/plugins:/usr/lib/x86_64-linux-gnu/gazebo-11/plugins:/usr/lib/x86_64-linux-gnu/gazebo-11/plugins:/usr/lib/x86_64-linux-gnu/gazebo-11/plugins:/usr/lib/x86_64-linux-gnu/gazebo-11/plugins /usr/bin/cmake --build /home/grant/ros2_ws/build/wave_gazebo -- -j8 -l8
[0.817s] [35m[1mScanning dependencies of target model_erb_generation[0m
[0.825s] [100%] Built target model_erb_generation
[0.832s] Invoked command in '/home/grant/ros2_ws/build/wave_gazebo' returned '0': AMENT_PREFIX_PATH=/home/grant/ros2_ws/install/wave_gazebo_plugins:${AMENT_PREFIX_PATH} CMAKE_PREFIX_PATH=/home/grant/ros2_ws/install/wave_gazebo_plugins:/home/grant/ros2_ws/install/mavros_extras:/home/grant/ros2_ws/install/mavros:/home/grant/ros2_ws/install/mavros_msgs:/home/grant/ros2_ws/install/libmavconn:/home/grant/ros2_ws/install/mavlink:/opt/ros/foxy:/home/grant/vrx_ws/devel:/opt/ros/noetic:/home/grant/ros2_foxy/ros2-linux CONDA_PROMPT_MODIFIER=(base) LD_LIBRARY_PATH=/home/grant/ros2_ws/install/wave_gazebo_plugins/lib:/home/grant/ros2_ws/install/mavros_extras/lib:/home/grant/ros2_ws/install/mavros/lib:/home/grant/ros2_ws/install/mavros_msgs/lib:/home/grant/ros2_ws/install/libmavconn/lib:/home/grant/vrx_ws/devel/lib:/opt/ros/noetic/lib:/usr/lib/x86_64-linux-gnu/gazebo-11/plugins:/opt/ros/foxy/opt/yaml_cpp_vendor/lib:/opt/ros/foxy/lib/x86_64-linux-gnu:/opt/ros/foxy/lib:/home/grant/ros2_foxy/ros2-linux/opt/yaml_cpp_vendor/lib:/home/grant/ros2_foxy/ros2-linux/opt/rviz_ogre_vendor/lib:/opt/rti.com/rti_connext_dds-5.3.1/lib/x64Linux3gcc5.4.0:/home/grant/ros2_foxy/ros2-linux/lib:/usr/lib/x86_64-linux-gnu/gazebo-11/plugins:/usr/lib/x86_64-linux-gnu/gazebo-11/plugins:/usr/lib/x86_64-linux-gnu/gazebo-11/plugins:/usr/lib/x86_64-linux-gnu/gazebo-11/plugins:/usr/lib/x86_64-linux-gnu/gazebo-11/plugins:/usr/lib/x86_64-linux-gnu/gazebo-11/plugins /usr/bin/cmake --build /home/grant/ros2_ws/build/wave_gazebo -- -j8 -l8
[0.850s] Invoking command in '/home/grant/ros2_ws/build/wave_gazebo': AMENT_PREFIX_PATH=/home/grant/ros2_ws/install/wave_gazebo_plugins:${AMENT_PREFIX_PATH} CMAKE_PREFIX_PATH=/home/grant/ros2_ws/install/wave_gazebo_plugins:/home/grant/ros2_ws/install/mavros_extras:/home/grant/ros2_ws/install/mavros:/home/grant/ros2_ws/install/mavros_msgs:/home/grant/ros2_ws/install/libmavconn:/home/grant/ros2_ws/install/mavlink:/opt/ros/foxy:/home/grant/vrx_ws/devel:/opt/ros/noetic:/home/grant/ros2_foxy/ros2-linux CONDA_PROMPT_MODIFIER=(base) LD_LIBRARY_PATH=/home/grant/ros2_ws/install/wave_gazebo_plugins/lib:/home/grant/ros2_ws/install/mavros_extras/lib:/home/grant/ros2_ws/install/mavros/lib:/home/grant/ros2_ws/install/mavros_msgs/lib:/home/grant/ros2_ws/install/libmavconn/lib:/home/grant/vrx_ws/devel/lib:/opt/ros/noetic/lib:/usr/lib/x86_64-linux-gnu/gazebo-11/plugins:/opt/ros/foxy/opt/yaml_cpp_vendor/lib:/opt/ros/foxy/lib/x86_64-linux-gnu:/opt/ros/foxy/lib:/home/grant/ros2_foxy/ros2-linux/opt/yaml_cpp_vendor/lib:/home/grant/ros2_foxy/ros2-linux/opt/rviz_ogre_vendor/lib:/opt/rti.com/rti_connext_dds-5.3.1/lib/x64Linux3gcc5.4.0:/home/grant/ros2_foxy/ros2-linux/lib:/usr/lib/x86_64-linux-gnu/gazebo-11/plugins:/usr/lib/x86_64-linux-gnu/gazebo-11/plugins:/usr/lib/x86_64-linux-gnu/gazebo-11/plugins:/usr/lib/x86_64-linux-gnu/gazebo-11/plugins:/usr/lib/x86_64-linux-gnu/gazebo-11/plugins:/usr/lib/x86_64-linux-gnu/gazebo-11/plugins /usr/bin/cmake --install /home/grant/ros2_ws/build/wave_gazebo
[0.858s] -- Install configuration: ""
[0.858s] -- Installing: /home/grant/ros2_ws/install/wave_gazebo/share/wave_gazebo/world_models
[0.858s] -- Installing: /home/grant/ros2_ws/install/wave_gazebo/share/wave_gazebo/world_models/ocean_waves
[0.858s] -- Installing: /home/grant/ros2_ws/install/wave_gazebo/share/wave_gazebo/world_models/ocean_waves/model.xacro
[0.859s] -- Installing: /home/grant/ros2_ws/install/wave_gazebo/share/wave_gazebo/world_models/ocean_waves/model.xacro.erb
[0.859s] -- Installing: /home/grant/ros2_ws/install/wave_gazebo/share/wave_gazebo/world_models/ocean_waves/materials
[0.859s] -- Installing: /home/grant/ros2_ws/install/wave_gazebo/share/wave_gazebo/world_models/ocean_waves/materials/programs
[0.859s] -- Installing: /home/grant/ros2_ws/install/wave_gazebo/share/wave_gazebo/world_models/ocean_waves/materials/programs/GerstnerWaves.vert
[0.859s] -- Installing: /home/grant/ros2_ws/install/wave_gazebo/share/wave_gazebo/world_models/ocean_waves/materials/programs/GerstnerWaves.frag
[0.859s] -- Installing: /home/grant/ros2_ws/install/wave_gazebo/share/wave_gazebo/world_models/ocean_waves/materials/scripts
[0.859s] -- Installing: /home/grant/ros2_ws/install/wave_gazebo/share/wave_gazebo/world_models/ocean_waves/materials/scripts/waves.material
[0.859s] -- Installing: /home/grant/ros2_ws/install/wave_gazebo/share/wave_gazebo/world_models/ocean_waves/materials/textures
[0.859s] -- Installing: /home/grant/ros2_ws/install/wave_gazebo/share/wave_gazebo/world_models/ocean_waves/materials/textures/wave_normals.dds
[0.859s] -- Installing: /home/grant/ros2_ws/install/wave_gazebo/share/wave_gazebo/world_models/ocean_waves/materials/textures/clouds.jpg
[0.859s] -- Installing: /home/grant/ros2_ws/install/wave_gazebo/share/wave_gazebo/world_models/ocean_waves/materials/textures/clouds_fr.jpg
[0.860s] -- Installing: /home/grant/ros2_ws/install/wave_gazebo/share/wave_gazebo/world_models/ocean_waves/materials/textures/clouds_dn.jpg
[0.860s] -- Installing: /home/grant/ros2_ws/install/wave_gazebo/share/wave_gazebo/world_models/ocean_waves/materials/textures/clouds_up.jpg
[0.860s] -- Installing: /home/grant/ros2_ws/install/wave_gazebo/share/wave_gazebo/world_models/ocean_waves/materials/textures/clouds_rt.jpg
[0.860s] -- Installing: /home/grant/ros2_ws/install/wave_gazebo/share/wave_gazebo/world_models/ocean_waves/materials/textures/clouds_bk.jpg
[0.860s] -- Installing: /home/grant/ros2_ws/install/wave_gazebo/share/wave_gazebo/world_models/ocean_waves/materials/textures/clouds_lf.jpg
[0.860s] -- Installing: /home/grant/ros2_ws/install/wave_gazebo/share/wave_gazebo/world_models/ocean_waves/model.config
[0.860s] -- Installing: /home/grant/ros2_ws/install/wave_gazebo/share/wave_gazebo/world_models/ocean_waves/meshes
[0.860s] -- Installing: /home/grant/ros2_ws/install/wave_gazebo/share/wave_gazebo/world_models/ocean_waves/meshes/mesh.blend
[0.861s] -- Installing: /home/grant/ros2_ws/install/wave_gazebo/share/wave_gazebo/world_models/ocean_waves/meshes/mesh.dae
[0.861s] -- Installing: /home/grant/ros2_ws/install/wave_gazebo/share/wave_gazebo/world_models/ocean_waves/meshes/mesh_below.dae
[0.861s] -- Installing: /home/grant/ros2_ws/install/wave_gazebo/share/ament_index/resource_index/package_run_dependencies/wave_gazebo
[0.861s] -- Installing: /home/grant/ros2_ws/install/wave_gazebo/share/ament_index/resource_index/parent_prefix_path/wave_gazebo
[0.862s] -- Installing: /home/grant/ros2_ws/install/wave_gazebo/share/wave_gazebo/environment/ament_prefix_path.sh
[0.862s] -- Installing: /home/grant/ros2_ws/install/wave_gazebo/share/wave_gazebo/environment/ament_prefix_path.dsv
[0.862s] -- Installing: /home/grant/ros2_ws/install/wave_gazebo/share/wave_gazebo/environment/path.sh
[0.862s] -- Installing: /home/grant/ros2_ws/install/wave_gazebo/share/wave_gazebo/environment/path.dsv
[0.862s] -- Installing: /home/grant/ros2_ws/install/wave_gazebo/share/wave_gazebo/local_setup.bash
[0.862s] -- Installing: /home/grant/ros2_ws/install/wave_gazebo/share/wave_gazebo/local_setup.sh
[0.862s] -- Installing: /home/grant/ros2_ws/install/wave_gazebo/share/wave_gazebo/local_setup.zsh
[0.862s] -- Installing: /home/grant/ros2_ws/install/wave_gazebo/share/wave_gazebo/local_setup.dsv
[0.863s] -- Installing: /home/grant/ros2_ws/install/wave_gazebo/share/wave_gazebo/package.dsv
[0.863s] -- Installing: /home/grant/ros2_ws/install/wave_gazebo/share/ament_index/resource_index/packages/wave_gazebo
[0.863s] -- Installing: /home/grant/ros2_ws/install/wave_gazebo/share/wave_gazebo/cmake/ament_cmake_export_dependencies-extras.cmake
[0.863s] -- Installing: /home/grant/ros2_ws/install/wave_gazebo/share/wave_gazebo/cmake/wave_gazeboConfig.cmake
[0.863s] -- Installing: /home/grant/ros2_ws/install/wave_gazebo/share/wave_gazebo/cmake/wave_gazeboConfig-version.cmake
[0.863s] -- Installing: /home/grant/ros2_ws/install/wave_gazebo/share/wave_gazebo/package.xml
[0.867s] Invoked command in '/home/grant/ros2_ws/build/wave_gazebo' returned '0': AMENT_PREFIX_PATH=/home/grant/ros2_ws/install/wave_gazebo_plugins:${AMENT_PREFIX_PATH} CMAKE_PREFIX_PATH=/home/grant/ros2_ws/install/wave_gazebo_plugins:/home/grant/ros2_ws/install/mavros_extras:/home/grant/ros2_ws/install/mavros:/home/grant/ros2_ws/install/mavros_msgs:/home/grant/ros2_ws/install/libmavconn:/home/grant/ros2_ws/install/mavlink:/opt/ros/foxy:/home/grant/vrx_ws/devel:/opt/ros/noetic:/home/grant/ros2_foxy/ros2-linux CONDA_PROMPT_MODIFIER=(base) LD_LIBRARY_PATH=/home/grant/ros2_ws/install/wave_gazebo_plugins/lib:/home/grant/ros2_ws/install/mavros_extras/lib:/home/grant/ros2_ws/install/mavros/lib:/home/grant/ros2_ws/install/mavros_msgs/lib:/home/grant/ros2_ws/install/libmavconn/lib:/home/grant/vrx_ws/devel/lib:/opt/ros/noetic/lib:/usr/lib/x86_64-linux-gnu/gazebo-11/plugins:/opt/ros/foxy/opt/yaml_cpp_vendor/lib:/opt/ros/foxy/lib/x86_64-linux-gnu:/opt/ros/foxy/lib:/home/grant/ros2_foxy/ros2-linux/opt/yaml_cpp_vendor/lib:/home/grant/ros2_foxy/ros2-linux/opt/rviz_ogre_vendor/lib:/opt/rti.com/rti_connext_dds-5.3.1/lib/x64Linux3gcc5.4.0:/home/grant/ros2_foxy/ros2-linux/lib:/usr/lib/x86_64-linux-gnu/gazebo-11/plugins:/usr/lib/x86_64-linux-gnu/gazebo-11/plugins:/usr/lib/x86_64-linux-gnu/gazebo-11/plugins:/usr/lib/x86_64-linux-gnu/gazebo-11/plugins:/usr/lib/x86_64-linux-gnu/gazebo-11/plugins:/usr/lib/x86_64-linux-gnu/gazebo-11/plugins /usr/bin/cmake --install /home/grant/ros2_ws/build/wave_gazebo
