[  6%] Built target usv_msgs__rosidl_generator_c
[  8%] Built target usv_msgs__dds_connext_idl
[ 10%] Built target usv_msgs__cpp
[ 16%] Built target usv_msgs__rosidl_typesupport_c
[ 22%] Built target usv_msgs__rosidl_typesupport_introspection_c
[ 28%] Built target usv_msgs__rosidl_typesupport_fastrtps_cpp
[ 34%] Built target usv_msgs__rosidl_typesupport_cpp
[ 40%] Built target usv_msgs__rosidl_typesupport_introspection_cpp
[ 55%] Built target usv_msgs__rosidl_typesupport_connext_cpp
[ 61%] Built target usv_msgs__rosidl_typesupport_fastrtps_c
[ 77%] Built target usv_msgs__rosidl_typesupport_connext_c
[ 77%] Built target usv_msgs
[ 79%] Built target usv_msgs__py
[35m[1mScanning dependencies of target usv_msgs__python[0m
[ 81%] [32mBuilding C object CMakeFiles/usv_msgs__python.dir/rosidl_generator_py/usv_msgs/msg/_range_bearing_s.c.o[0m
[ 83%] [32m[1mLinking C shared library rosidl_generator_py/usv_msgs/libusv_msgs__python.so[0m
[ 83%] Built target usv_msgs__python
[ 85%] [32m[1mLinking C shared library rosidl_generator_py/usv_msgs/usv_msgs_s__rosidl_typesupport_connext_c.cpython-38-x86_64-linux-gnu.so[0m
[ 87%] [32m[1mLinking C shared library rosidl_generator_py/usv_msgs/usv_msgs_s__rosidl_typesupport_c.cpython-38-x86_64-linux-gnu.so[0m
[ 89%] [32m[1mLinking C shared library rosidl_generator_py/usv_msgs/usv_msgs_s__rosidl_typesupport_introspection_c.cpython-38-x86_64-linux-gnu.so[0m
[ 91%] [32m[1mLinking CXX shared library rosidl_generator_py/usv_msgs/usv_msgs_s__rosidl_typesupport_fastrtps_c.cpython-38-x86_64-linux-gnu.so[0m
[ 93%] Built target usv_msgs__rosidl_typesupport_c__pyext
[ 95%] Built target usv_msgs__rosidl_typesupport_introspection_c__pyext
[ 97%] Built target usv_msgs__rosidl_typesupport_fastrtps_c__pyext
[100%] Built target usv_msgs__rosidl_typesupport_connext_c__pyext
