[0.121s] Invoking command in '/home/grant/ros2_ws/build/usv_msgs': CMAKE_PREFIX_PATH=/home/grant/ros2_ws/install/robotx_2022:/home/grant/ros2_ws/install/vrx_gazebo:/home/grant/ros2_ws/install/wave_gazebo:/home/grant/ros2_ws/install/wamv_gazebo:/home/grant/ros2_ws/install/usv_gazebo_plugins:/home/grant/ros2_ws/install/wave_gazebo_plugins:/home/grant/ros2_ws/install/wamv_description:/home/grant/ros2_ws/install/usv_msgs:/home/grant/ros2_ws/install/mavros_extras:/home/grant/ros2_ws/install/mavros:/home/grant/ros2_ws/install/mavros_msgs:/home/grant/ros2_ws/install/libmavconn:/home/grant/ros2_ws/install/mavlink:/opt/ros/foxy:/home/grant/vrx_ws/devel:/home/grant/ros2_foxy/ros2-linux CONDA_PROMPT_MODIFIER=(base) /usr/bin/cmake --build /home/grant/ros2_ws/build/usv_msgs -- -j8 -l8
[0.232s] [  6%] Built target usv_msgs__rosidl_generator_c
[0.236s] [  8%] Built target usv_msgs__dds_connext_idl
[0.256s] [ 10%] Built target usv_msgs__cpp
[0.273s] [ 16%] Built target usv_msgs__rosidl_typesupport_c
[0.284s] [ 22%] Built target usv_msgs__rosidl_typesupport_introspection_c
[0.291s] [ 28%] Built target usv_msgs__rosidl_typesupport_fastrtps_cpp
[0.297s] [ 34%] Built target usv_msgs__rosidl_typesupport_cpp
[0.300s] [ 40%] Built target usv_msgs__rosidl_typesupport_introspection_cpp
[0.321s] [ 55%] Built target usv_msgs__rosidl_typesupport_connext_cpp
[0.324s] [ 61%] Built target usv_msgs__rosidl_typesupport_fastrtps_c
[0.377s] [ 77%] Built target usv_msgs__rosidl_typesupport_connext_c
[0.402s] [ 77%] Built target usv_msgs
[0.435s] [ 79%] Built target usv_msgs__py
[0.451s] [35m[1mScanning dependencies of target usv_msgs__python[0m
[0.481s] [ 81%] [32mBuilding C object CMakeFiles/usv_msgs__python.dir/rosidl_generator_py/usv_msgs/msg/_range_bearing_s.c.o[0m
[0.842s] [ 83%] [32m[1mLinking C shared library rosidl_generator_py/usv_msgs/libusv_msgs__python.so[0m
[0.913s] [ 83%] Built target usv_msgs__python
[0.938s] [ 85%] [32m[1mLinking C shared library rosidl_generator_py/usv_msgs/usv_msgs_s__rosidl_typesupport_connext_c.cpython-38-x86_64-linux-gnu.so[0m
[0.942s] [ 87%] [32m[1mLinking C shared library rosidl_generator_py/usv_msgs/usv_msgs_s__rosidl_typesupport_c.cpython-38-x86_64-linux-gnu.so[0m
[0.945s] [ 89%] [32m[1mLinking C shared library rosidl_generator_py/usv_msgs/usv_msgs_s__rosidl_typesupport_introspection_c.cpython-38-x86_64-linux-gnu.so[0m
[0.945s] [ 91%] [32m[1mLinking CXX shared library rosidl_generator_py/usv_msgs/usv_msgs_s__rosidl_typesupport_fastrtps_c.cpython-38-x86_64-linux-gnu.so[0m
[0.981s] [ 93%] Built target usv_msgs__rosidl_typesupport_c__pyext
[0.991s] [ 95%] Built target usv_msgs__rosidl_typesupport_introspection_c__pyext
[1.023s] [ 97%] Built target usv_msgs__rosidl_typesupport_fastrtps_c__pyext
[1.103s] [100%] Built target usv_msgs__rosidl_typesupport_connext_c__pyext
