[0.111s] Invoking command in '/home/grant/ros2_ws/build/usv_msgs': CMAKE_PREFIX_PATH=/home/grant/ros2_ws/install/robotx_2022:/home/grant/ros2_ws/install/vrx_gazebo:/home/grant/ros2_ws/install/wave_gazebo:/home/grant/ros2_ws/install/wamv_gazebo:/home/grant/ros2_ws/install/usv_gazebo_plugins:/home/grant/ros2_ws/install/wave_gazebo_plugins:/home/grant/ros2_ws/install/wamv_description:/home/grant/ros2_ws/install/usv_msgs:/home/grant/ros2_ws/install/mavros_extras:/home/grant/ros2_ws/install/mavros:/home/grant/ros2_ws/install/mavros_msgs:/home/grant/ros2_ws/install/libmavconn:/home/grant/ros2_ws/install/mavlink:/opt/ros/foxy:/home/grant/vrx_ws/devel:/home/grant/ros2_foxy/ros2-linux CONDA_PROMPT_MODIFIER=(base) /usr/bin/cmake --build /home/grant/ros2_ws/build/usv_msgs -- -j8 -l8
[0.166s] [  2%] Built target usv_msgs__cpp
[0.173s] [  4%] Built target usv_msgs__dds_connext_idl
[0.182s] [ 10%] Built target usv_msgs__rosidl_generator_c
[0.204s] [ 16%] Built target usv_msgs__rosidl_typesupport_introspection_cpp
[0.228s] [ 22%] Built target usv_msgs__rosidl_typesupport_introspection_c
[0.229s] [ 28%] Built target usv_msgs__rosidl_typesupport_fastrtps_cpp
[0.243s] [ 34%] Built target usv_msgs__rosidl_typesupport_c
[0.252s] [ 40%] Built target usv_msgs__rosidl_typesupport_cpp
[0.265s] [ 55%] Built target usv_msgs__rosidl_typesupport_connext_cpp
[0.292s] [ 61%] Built target usv_msgs__rosidl_typesupport_fastrtps_c
[0.321s] [ 77%] Built target usv_msgs__rosidl_typesupport_connext_c
[0.351s] [ 77%] Built target usv_msgs
[0.412s] [ 79%] Built target usv_msgs__py
[0.441s] [ 83%] Built target usv_msgs__python
[0.470s] [ 87%] Built target usv_msgs__rosidl_typesupport_connext_c__pyext
[0.494s] [ 91%] Built target usv_msgs__rosidl_typesupport_introspection_c__pyext
[0.502s] [ 95%] Built target usv_msgs__rosidl_typesupport_c__pyext
[0.505s] [100%] Built target usv_msgs__rosidl_typesupport_fastrtps_c__pyext
[0.524s] Invoked command in '/home/grant/ros2_ws/build/usv_msgs' returned '0': CMAKE_PREFIX_PATH=/home/grant/ros2_ws/install/robotx_2022:/home/grant/ros2_ws/install/vrx_gazebo:/home/grant/ros2_ws/install/wave_gazebo:/home/grant/ros2_ws/install/wamv_gazebo:/home/grant/ros2_ws/install/usv_gazebo_plugins:/home/grant/ros2_ws/install/wave_gazebo_plugins:/home/grant/ros2_ws/install/wamv_description:/home/grant/ros2_ws/install/usv_msgs:/home/grant/ros2_ws/install/mavros_extras:/home/grant/ros2_ws/install/mavros:/home/grant/ros2_ws/install/mavros_msgs:/home/grant/ros2_ws/install/libmavconn:/home/grant/ros2_ws/install/mavlink:/opt/ros/foxy:/home/grant/vrx_ws/devel:/home/grant/ros2_foxy/ros2-linux CONDA_PROMPT_MODIFIER=(base) /usr/bin/cmake --build /home/grant/ros2_ws/build/usv_msgs -- -j8 -l8
[0.682s] Invoking command in '/home/grant/ros2_ws/build/usv_msgs': CMAKE_PREFIX_PATH=/home/grant/ros2_ws/install/robotx_2022:/home/grant/ros2_ws/install/vrx_gazebo:/home/grant/ros2_ws/install/wave_gazebo:/home/grant/ros2_ws/install/wamv_gazebo:/home/grant/ros2_ws/install/usv_gazebo_plugins:/home/grant/ros2_ws/install/wave_gazebo_plugins:/home/grant/ros2_ws/install/wamv_description:/home/grant/ros2_ws/install/usv_msgs:/home/grant/ros2_ws/install/mavros_extras:/home/grant/ros2_ws/install/mavros:/home/grant/ros2_ws/install/mavros_msgs:/home/grant/ros2_ws/install/libmavconn:/home/grant/ros2_ws/install/mavlink:/opt/ros/foxy:/home/grant/vrx_ws/devel:/home/grant/ros2_foxy/ros2-linux CONDA_PROMPT_MODIFIER=(base) /usr/bin/cmake --install /home/grant/ros2_ws/build/usv_msgs
[0.692s] -- Install configuration: ""
[0.697s] -- Up-to-date: /home/grant/ros2_ws/install/usv_msgs/share/ament_index/resource_index/rosidl_interfaces/usv_msgs
[0.697s] -- Up-to-date: /home/grant/ros2_ws/install/usv_msgs/include/usv_msgs
[0.697s] -- Up-to-date: /home/grant/ros2_ws/install/usv_msgs/include/usv_msgs/msg
[0.697s] -- Up-to-date: /home/grant/ros2_ws/install/usv_msgs/include/usv_msgs/msg/detail
[0.697s] -- Up-to-date: /home/grant/ros2_ws/install/usv_msgs/include/usv_msgs/msg/detail/range_bearing__functions.c
[0.697s] -- Up-to-date: /home/grant/ros2_ws/install/usv_msgs/include/usv_msgs/msg/detail/range_bearing__functions.h
[0.698s] -- Up-to-date: /home/grant/ros2_ws/install/usv_msgs/include/usv_msgs/msg/detail/range_bearing__struct.h
[0.698s] -- Up-to-date: /home/grant/ros2_ws/install/usv_msgs/include/usv_msgs/msg/detail/range_bearing__type_support.h
[0.698s] -- Up-to-date: /home/grant/ros2_ws/install/usv_msgs/include/usv_msgs/msg/rosidl_generator_c__visibility_control.h
[0.698s] -- Up-to-date: /home/grant/ros2_ws/install/usv_msgs/include/usv_msgs/msg/range_bearing.h
[0.698s] -- Up-to-date: /home/grant/ros2_ws/install/usv_msgs/share/usv_msgs/environment/library_path.sh
[0.698s] -- Up-to-date: /home/grant/ros2_ws/install/usv_msgs/share/usv_msgs/environment/library_path.dsv
[0.698s] -- Up-to-date: /home/grant/ros2_ws/install/usv_msgs/lib/libusv_msgs__rosidl_generator_c.so
[0.698s] -- Up-to-date: /home/grant/ros2_ws/install/usv_msgs/include/usv_msgs
[0.698s] -- Up-to-date: /home/grant/ros2_ws/install/usv_msgs/include/usv_msgs/msg
[0.699s] -- Up-to-date: /home/grant/ros2_ws/install/usv_msgs/include/usv_msgs/msg/rosidl_typesupport_fastrtps_c__visibility_control.h
[0.699s] -- Up-to-date: /home/grant/ros2_ws/install/usv_msgs/include/usv_msgs/msg/detail
[0.699s] -- Up-to-date: /home/grant/ros2_ws/install/usv_msgs/include/usv_msgs/msg/detail/range_bearing__rosidl_typesupport_fastrtps_c.h
[0.706s] -- Up-to-date: /home/grant/ros2_ws/install/usv_msgs/lib/libusv_msgs__rosidl_typesupport_fastrtps_c.so
[0.706s] -- Up-to-date: /home/grant/ros2_ws/install/usv_msgs/include/usv_msgs
[0.706s] -- Up-to-date: /home/grant/ros2_ws/install/usv_msgs/include/usv_msgs/msg
[0.706s] -- Up-to-date: /home/grant/ros2_ws/install/usv_msgs/include/usv_msgs/msg/detail
[0.706s] -- Up-to-date: /home/grant/ros2_ws/install/usv_msgs/include/usv_msgs/msg/detail/dds_fastrtps
[0.706s] -- Up-to-date: /home/grant/ros2_ws/install/usv_msgs/include/usv_msgs/msg/detail/range_bearing__rosidl_typesupport_fastrtps_cpp.hpp
[0.706s] -- Up-to-date: /home/grant/ros2_ws/install/usv_msgs/include/usv_msgs/msg/rosidl_typesupport_fastrtps_cpp__visibility_control.h
[0.706s] -- Up-to-date: /home/grant/ros2_ws/install/usv_msgs/lib/libusv_msgs__rosidl_typesupport_fastrtps_cpp.so
[0.706s] -- Up-to-date: /home/grant/ros2_ws/install/usv_msgs/include/usv_msgs
[0.706s] -- Up-to-date: /home/grant/ros2_ws/install/usv_msgs/include/usv_msgs/msg
[0.706s] -- Up-to-date: /home/grant/ros2_ws/install/usv_msgs/include/usv_msgs/msg/detail
[0.706s] -- Up-to-date: /home/grant/ros2_ws/install/usv_msgs/include/usv_msgs/msg/detail/range_bearing__type_support.c
[0.707s] -- Up-to-date: /home/grant/ros2_ws/install/usv_msgs/include/usv_msgs/msg/detail/range_bearing__rosidl_typesupport_introspection_c.h
[0.707s] -- Up-to-date: /home/grant/ros2_ws/install/usv_msgs/include/usv_msgs/msg/rosidl_typesupport_introspection_c__visibility_control.h
[0.707s] -- Up-to-date: /home/grant/ros2_ws/install/usv_msgs/lib/libusv_msgs__rosidl_typesupport_introspection_c.so
[0.707s] -- Up-to-date: /home/grant/ros2_ws/install/usv_msgs/include/usv_msgs
[0.707s] -- Up-to-date: /home/grant/ros2_ws/install/usv_msgs/include/usv_msgs/msg
[0.707s] -- Up-to-date: /home/grant/ros2_ws/install/usv_msgs/include/usv_msgs/msg/range_bearing__rosidl_typesupport_connext_c.h
[0.707s] -- Up-to-date: /home/grant/ros2_ws/install/usv_msgs/include/usv_msgs/msg/dds_connext
[0.707s] -- Up-to-date: /home/grant/ros2_ws/install/usv_msgs/include/usv_msgs/msg/rosidl_typesupport_connext_c__visibility_control.h
[0.707s] -- Up-to-date: /home/grant/ros2_ws/install/usv_msgs/lib/libusv_msgs__rosidl_typesupport_connext_c.so
[0.707s] -- Up-to-date: /home/grant/ros2_ws/install/usv_msgs/share/usv_msgs/msg/dds_connext
[0.707s] -- Up-to-date: /home/grant/ros2_ws/install/usv_msgs/share/usv_msgs/msg/dds_connext/RangeBearing_.idl
[0.708s] -- Up-to-date: /home/grant/ros2_ws/install/usv_msgs/include/usv_msgs
[0.708s] -- Up-to-date: /home/grant/ros2_ws/install/usv_msgs/include/usv_msgs/msg
[0.708s] -- Up-to-date: /home/grant/ros2_ws/install/usv_msgs/include/usv_msgs/msg/dds_connext
[0.708s] -- Up-to-date: /home/grant/ros2_ws/install/usv_msgs/include/usv_msgs/msg/dds_connext/RangeBearing_.cxx
[0.708s] -- Up-to-date: /home/grant/ros2_ws/install/usv_msgs/include/usv_msgs/msg/dds_connext/RangeBearing_Support.h
[0.708s] -- Up-to-date: /home/grant/ros2_ws/install/usv_msgs/include/usv_msgs/msg/dds_connext/RangeBearing_Plugin.cxx
[0.708s] -- Up-to-date: /home/grant/ros2_ws/install/usv_msgs/include/usv_msgs/msg/dds_connext/RangeBearing_Support.cxx
[0.708s] -- Up-to-date: /home/grant/ros2_ws/install/usv_msgs/include/usv_msgs/msg/dds_connext/RangeBearing_.h
[0.708s] -- Up-to-date: /home/grant/ros2_ws/install/usv_msgs/include/usv_msgs/msg/dds_connext/RangeBearing_Plugin.h
[0.708s] -- Up-to-date: /home/grant/ros2_ws/install/usv_msgs/include/usv_msgs/msg/range_bearing__rosidl_typesupport_connext_cpp.hpp
[0.708s] -- Up-to-date: /home/grant/ros2_ws/install/usv_msgs/include/usv_msgs/msg/rosidl_typesupport_connext_cpp__visibility_control.h
[0.708s] -- Up-to-date: /home/grant/ros2_ws/install/usv_msgs/lib/libusv_msgs__rosidl_typesupport_connext_cpp.so
[0.709s] -- Up-to-date: /home/grant/ros2_ws/install/usv_msgs/lib/libusv_msgs__rosidl_typesupport_c.so
[0.709s] -- Up-to-date: /home/grant/ros2_ws/install/usv_msgs/include/usv_msgs
[0.709s] -- Up-to-date: /home/grant/ros2_ws/install/usv_msgs/include/usv_msgs/msg
[0.709s] -- Up-to-date: /home/grant/ros2_ws/install/usv_msgs/include/usv_msgs/msg/detail
[0.709s] -- Up-to-date: /home/grant/ros2_ws/install/usv_msgs/include/usv_msgs/msg/detail/range_bearing__builder.hpp
[0.709s] -- Up-to-date: /home/grant/ros2_ws/install/usv_msgs/include/usv_msgs/msg/detail/range_bearing__struct.hpp
[0.709s] -- Up-to-date: /home/grant/ros2_ws/install/usv_msgs/include/usv_msgs/msg/detail/range_bearing__traits.hpp
[0.709s] -- Up-to-date: /home/grant/ros2_ws/install/usv_msgs/include/usv_msgs/msg/range_bearing.hpp
[0.709s] -- Up-to-date: /home/grant/ros2_ws/install/usv_msgs/include/usv_msgs
[0.709s] -- Up-to-date: /home/grant/ros2_ws/install/usv_msgs/include/usv_msgs/msg
[0.709s] -- Up-to-date: /home/grant/ros2_ws/install/usv_msgs/include/usv_msgs/msg/detail
[0.709s] -- Up-to-date: /home/grant/ros2_ws/install/usv_msgs/include/usv_msgs/msg/detail/range_bearing__type_support.cpp
[0.709s] -- Up-to-date: /home/grant/ros2_ws/install/usv_msgs/include/usv_msgs/msg/detail/range_bearing__rosidl_typesupport_introspection_cpp.hpp
[0.709s] -- Up-to-date: /home/grant/ros2_ws/install/usv_msgs/lib/libusv_msgs__rosidl_typesupport_introspection_cpp.so
[0.712s] -- Up-to-date: /home/grant/ros2_ws/install/usv_msgs/lib/libusv_msgs__rosidl_typesupport_cpp.so
[0.712s] -- Up-to-date: /home/grant/ros2_ws/install/usv_msgs/share/usv_msgs/environment/pythonpath.sh
[0.712s] -- Up-to-date: /home/grant/ros2_ws/install/usv_msgs/share/usv_msgs/environment/pythonpath.dsv
[0.712s] -- Up-to-date: /home/grant/ros2_ws/install/usv_msgs/lib/python3.8/site-packages/usv_msgs/__init__.py
[0.768s] -- Up-to-date: /home/grant/ros2_ws/install/usv_msgs/lib/python3.8/site-packages/usv_msgs/msg
[0.768s] -- Up-to-date: /home/grant/ros2_ws/install/usv_msgs/lib/python3.8/site-packages/usv_msgs/msg/_range_bearing_s.c
[0.768s] -- Up-to-date: /home/grant/ros2_ws/install/usv_msgs/lib/python3.8/site-packages/usv_msgs/msg/__init__.py
[0.768s] -- Up-to-date: /home/grant/ros2_ws/install/usv_msgs/lib/python3.8/site-packages/usv_msgs/msg/_range_bearing.py
[0.769s] -- Installing: /home/grant/ros2_ws/install/usv_msgs/lib/python3.8/site-packages/usv_msgs/usv_msgs_s__rosidl_typesupport_fastrtps_c.cpython-38-x86_64-linux-gnu.so
[0.769s] -- Set runtime path of "/home/grant/ros2_ws/install/usv_msgs/lib/python3.8/site-packages/usv_msgs/usv_msgs_s__rosidl_typesupport_fastrtps_c.cpython-38-x86_64-linux-gnu.so" to ""
[0.771s] -- Installing: /home/grant/ros2_ws/install/usv_msgs/lib/python3.8/site-packages/usv_msgs/usv_msgs_s__rosidl_typesupport_introspection_c.cpython-38-x86_64-linux-gnu.so
[0.771s] -- Set runtime path of "/home/grant/ros2_ws/install/usv_msgs/lib/python3.8/site-packages/usv_msgs/usv_msgs_s__rosidl_typesupport_introspection_c.cpython-38-x86_64-linux-gnu.so" to ""
[0.772s] -- Installing: /home/grant/ros2_ws/install/usv_msgs/lib/python3.8/site-packages/usv_msgs/usv_msgs_s__rosidl_typesupport_connext_c.cpython-38-x86_64-linux-gnu.so
[0.773s] -- Set runtime path of "/home/grant/ros2_ws/install/usv_msgs/lib/python3.8/site-packages/usv_msgs/usv_msgs_s__rosidl_typesupport_connext_c.cpython-38-x86_64-linux-gnu.so" to ""
[0.774s] -- Installing: /home/grant/ros2_ws/install/usv_msgs/lib/python3.8/site-packages/usv_msgs/usv_msgs_s__rosidl_typesupport_c.cpython-38-x86_64-linux-gnu.so
[0.774s] -- Set runtime path of "/home/grant/ros2_ws/install/usv_msgs/lib/python3.8/site-packages/usv_msgs/usv_msgs_s__rosidl_typesupport_c.cpython-38-x86_64-linux-gnu.so" to ""
[0.775s] -- Installing: /home/grant/ros2_ws/install/usv_msgs/lib/libusv_msgs__python.so
[0.776s] -- Set runtime path of "/home/grant/ros2_ws/install/usv_msgs/lib/libusv_msgs__python.so" to ""
[0.776s] -- Up-to-date: /home/grant/ros2_ws/install/usv_msgs/share/usv_msgs/msg/RangeBearing.idl
[0.776s] -- Up-to-date: /home/grant/ros2_ws/install/usv_msgs/share/usv_msgs/msg/RangeBearing.msg
[0.776s] -- Up-to-date: /home/grant/ros2_ws/install/usv_msgs/share/ament_index/resource_index/package_run_dependencies/usv_msgs
[0.776s] -- Up-to-date: /home/grant/ros2_ws/install/usv_msgs/share/ament_index/resource_index/parent_prefix_path/usv_msgs
[0.776s] -- Up-to-date: /home/grant/ros2_ws/install/usv_msgs/share/usv_msgs/environment/ament_prefix_path.sh
[0.777s] -- Up-to-date: /home/grant/ros2_ws/install/usv_msgs/share/usv_msgs/environment/ament_prefix_path.dsv
[0.777s] -- Up-to-date: /home/grant/ros2_ws/install/usv_msgs/share/usv_msgs/environment/path.sh
[0.777s] -- Up-to-date: /home/grant/ros2_ws/install/usv_msgs/share/usv_msgs/environment/path.dsv
[0.777s] -- Up-to-date: /home/grant/ros2_ws/install/usv_msgs/share/usv_msgs/local_setup.bash
[0.777s] -- Up-to-date: /home/grant/ros2_ws/install/usv_msgs/share/usv_msgs/local_setup.sh
[0.777s] -- Up-to-date: /home/grant/ros2_ws/install/usv_msgs/share/usv_msgs/local_setup.zsh
[0.777s] -- Up-to-date: /home/grant/ros2_ws/install/usv_msgs/share/usv_msgs/local_setup.dsv
[0.777s] -- Installing: /home/grant/ros2_ws/install/usv_msgs/share/usv_msgs/package.dsv
[0.778s] -- Up-to-date: /home/grant/ros2_ws/install/usv_msgs/share/ament_index/resource_index/packages/usv_msgs
[0.780s] -- Up-to-date: /home/grant/ros2_ws/install/usv_msgs/share/usv_msgs/cmake/usv_msgs__rosidl_generator_cExport.cmake
[0.780s] -- Up-to-date: /home/grant/ros2_ws/install/usv_msgs/share/usv_msgs/cmake/usv_msgs__rosidl_generator_cExport-noconfig.cmake
[0.781s] -- Up-to-date: /home/grant/ros2_ws/install/usv_msgs/share/usv_msgs/cmake/usv_msgs__rosidl_typesupport_introspection_cExport.cmake
[0.781s] -- Up-to-date: /home/grant/ros2_ws/install/usv_msgs/share/usv_msgs/cmake/usv_msgs__rosidl_typesupport_introspection_cExport-noconfig.cmake
[0.782s] -- Up-to-date: /home/grant/ros2_ws/install/usv_msgs/share/usv_msgs/cmake/usv_msgs__rosidl_typesupport_cExport.cmake
[0.782s] -- Up-to-date: /home/grant/ros2_ws/install/usv_msgs/share/usv_msgs/cmake/usv_msgs__rosidl_typesupport_cExport-noconfig.cmake
[0.783s] -- Up-to-date: /home/grant/ros2_ws/install/usv_msgs/share/usv_msgs/cmake/usv_msgs__rosidl_generator_cppExport.cmake
[0.784s] -- Up-to-date: /home/grant/ros2_ws/install/usv_msgs/share/usv_msgs/cmake/usv_msgs__rosidl_typesupport_introspection_cppExport.cmake
[0.784s] -- Up-to-date: /home/grant/ros2_ws/install/usv_msgs/share/usv_msgs/cmake/usv_msgs__rosidl_typesupport_introspection_cppExport-noconfig.cmake
[0.787s] -- Up-to-date: /home/grant/ros2_ws/install/usv_msgs/share/usv_msgs/cmake/usv_msgs__rosidl_typesupport_cppExport.cmake
[0.787s] -- Up-to-date: /home/grant/ros2_ws/install/usv_msgs/share/usv_msgs/cmake/usv_msgs__rosidl_typesupport_cppExport-noconfig.cmake
[0.787s] -- Up-to-date: /home/grant/ros2_ws/install/usv_msgs/share/usv_msgs/cmake/rosidl_cmake-extras.cmake
[0.787s] -- Up-to-date: /home/grant/ros2_ws/install/usv_msgs/share/usv_msgs/cmake/ament_cmake_export_dependencies-extras.cmake
[0.788s] -- Up-to-date: /home/grant/ros2_ws/install/usv_msgs/share/usv_msgs/cmake/ament_cmake_export_libraries-extras.cmake
[0.788s] -- Up-to-date: /home/grant/ros2_ws/install/usv_msgs/share/usv_msgs/cmake/ament_cmake_export_targets-extras.cmake
[0.788s] -- Up-to-date: /home/grant/ros2_ws/install/usv_msgs/share/usv_msgs/cmake/ament_cmake_export_include_directories-extras.cmake
[0.788s] -- Up-to-date: /home/grant/ros2_ws/install/usv_msgs/share/usv_msgs/cmake/rosidl_cmake_export_typesupport_libraries-extras.cmake
[0.788s] -- Up-to-date: /home/grant/ros2_ws/install/usv_msgs/share/usv_msgs/cmake/rosidl_cmake_export_typesupport_targets-extras.cmake
[0.788s] -- Up-to-date: /home/grant/ros2_ws/install/usv_msgs/share/usv_msgs/cmake/usv_msgsConfig.cmake
[0.788s] -- Up-to-date: /home/grant/ros2_ws/install/usv_msgs/share/usv_msgs/cmake/usv_msgsConfig-version.cmake
[0.788s] -- Up-to-date: /home/grant/ros2_ws/install/usv_msgs/share/usv_msgs/package.xml
[0.813s] Invoked command in '/home/grant/ros2_ws/build/usv_msgs' returned '0': CMAKE_PREFIX_PATH=/home/grant/ros2_ws/install/robotx_2022:/home/grant/ros2_ws/install/vrx_gazebo:/home/grant/ros2_ws/install/wave_gazebo:/home/grant/ros2_ws/install/wamv_gazebo:/home/grant/ros2_ws/install/usv_gazebo_plugins:/home/grant/ros2_ws/install/wave_gazebo_plugins:/home/grant/ros2_ws/install/wamv_description:/home/grant/ros2_ws/install/usv_msgs:/home/grant/ros2_ws/install/mavros_extras:/home/grant/ros2_ws/install/mavros:/home/grant/ros2_ws/install/mavros_msgs:/home/grant/ros2_ws/install/libmavconn:/home/grant/ros2_ws/install/mavlink:/opt/ros/foxy:/home/grant/vrx_ws/devel:/home/grant/ros2_foxy/ros2-linux CONDA_PROMPT_MODIFIER=(base) /usr/bin/cmake --install /home/grant/ros2_ws/build/usv_msgs
