[0.033s] Invoking command in '/home/grant/ros2_ws/build/robotx_2022': CMAKE_PREFIX_PATH=/home/grant/ros2_ws/install/vrx_gazebo:/home/grant/ros2_ws/install/wamv_gazebo:/home/grant/ros2_ws/install/wave_gazebo:/home/grant/ros2_ws/install/usv_gazebo_plugins:/home/grant/ros2_ws/install/wave_gazebo_plugins:/home/grant/ros2_ws/install/wamv_description:/home/grant/ros2_ws/install/usv_msgs:/home/grant/ros2_ws/install/mavros_extras:/home/grant/ros2_ws/install/mavros:/home/grant/ros2_ws/install/mavros_msgs:/home/grant/ros2_ws/install/libmavconn:/home/grant/ros2_ws/install/mavlink:/opt/ros/foxy:/home/grant/vrx_ws/devel:/opt/ros/noetic:/home/grant/ros2_foxy/ros2-linux CONDA_PROMPT_MODIFIER=(base) LD_LIBRARY_PATH=/home/grant/ros2_ws/install/vrx_gazebo/lib:/home/grant/ros2_ws/install/usv_gazebo_plugins/lib:/home/grant/ros2_ws/install/wave_gazebo_plugins/lib:/home/grant/ros2_ws/install/usv_msgs/lib:/home/grant/ros2_ws/install/mavros_extras/lib:/home/grant/ros2_ws/install/mavros/lib:/home/grant/ros2_ws/install/mavros_msgs/lib:/home/grant/ros2_ws/install/libmavconn/lib:/home/grant/vrx_ws/devel/lib:/opt/ros/noetic/lib:/usr/lib/x86_64-linux-gnu/gazebo-11/plugins:/opt/ros/foxy/opt/yaml_cpp_vendor/lib:/opt/ros/foxy/lib/x86_64-linux-gnu:/opt/ros/foxy/lib:/home/grant/ros2_foxy/ros2-linux/opt/yaml_cpp_vendor/lib:/home/grant/ros2_foxy/ros2-linux/opt/rviz_ogre_vendor/lib:/opt/rti.com/rti_connext_dds-5.3.1/lib/x64Linux3gcc5.4.0:/home/grant/ros2_foxy/ros2-linux/lib:/usr/lib/x86_64-linux-gnu/gazebo-11/plugins:/usr/lib/x86_64-linux-gnu/gazebo-11/plugins:/usr/lib/x86_64-linux-gnu/gazebo-11/plugins:/usr/lib/x86_64-linux-gnu/gazebo-11/plugins:/usr/lib/x86_64-linux-gnu/gazebo-11/plugins:/usr/lib/x86_64-linux-gnu/gazebo-11/plugins /usr/bin/cmake /home/grant/ros2_ws/src/VRX_Foxy/robotX_2022 -DCMAKE_INSTALL_PREFIX=/home/grant/ros2_ws/install/robotx_2022
[0.084s] -- The C compiler identification is GNU 9.4.0
[0.134s] -- The CXX compiler identification is GNU 9.4.0
[0.139s] -- Check for working C compiler: /usr/bin/cc
[0.195s] -- Check for working C compiler: /usr/bin/cc -- works
[0.196s] -- Detecting C compiler ABI info
[0.251s] -- Detecting C compiler ABI info - done
[0.264s] -- Detecting C compile features
[0.264s] -- Detecting C compile features - done
[0.266s] -- Check for working CXX compiler: /usr/bin/c++
[0.332s] -- Check for working CXX compiler: /usr/bin/c++ -- works
[0.333s] -- Detecting CXX compiler ABI info
[0.398s] -- Detecting CXX compiler ABI info - done
[0.410s] -- Detecting CXX compile features
[0.411s] -- Detecting CXX compile features - done
[0.412s] -- Performing Test COMPILER_SUPPORTS_CXX14
[0.478s] -- Performing Test COMPILER_SUPPORTS_CXX14 - Success
[0.478s] -- Performing Test COMPILER_SUPPORTS_CXX0X
[0.545s] -- Performing Test COMPILER_SUPPORTS_CXX0X - Success
[0.546s] -- Found ament_cmake: 0.9.11 (/opt/ros/foxy/share/ament_cmake/cmake)
[0.573s] -- Found PythonInterp: /home/grant/miniconda3/bin/python3 (found suitable version "3.8.13", minimum required is "3") 
[0.573s] -- Using PYTHON_EXECUTABLE: /home/grant/miniconda3/bin/python3
[1.098s] -- Found Protobuf: /usr/lib/x86_64-linux-gnu/libprotobuf.so;-lpthread (found version "3.6.1") 
[1.105s] -- Found PkgConfig: /usr/bin/pkg-config (found version "0.29.1") 
[1.106s] -- Checking for module 'bullet>=2.82'
[1.118s] --   Found bullet, version 2.88
[1.212s] -- Found ccd: /usr/include (found suitable version "2.0", minimum required is "2.0") 
[1.257s] -- Found fcl: /usr/include (found suitable version "0.5.0", minimum required is "0.3.2") 
[1.299s] -- Found assimp: /usr/include (found version "5.0.0") 
[1.325s] -- Found DART: /usr/include (Required is at least version "6.6") found components: dart 
[1.354s] -- Found Boost: /usr/lib/x86_64-linux-gnu/cmake/Boost-1.71.0/BoostConfig.cmake (found suitable version "1.71.0", minimum required is "1.40.0") found components: thread system filesystem program_options regex iostreams date_time 
[1.370s] -- Looking for ignition-math6 -- found version 6.13.0
[1.378s] -- Searching for dependencies of ignition-math6
[1.379s] -- Looking for OGRE...
[1.380s] -- OGRE_PREFIX_WATCH changed.
[1.384s] -- Checking for module 'OGRE'
[1.396s] --   Found OGRE, version 1.9.0
[1.424s] -- Found Ogre Ghadamon (1.9.0)
[1.435s] -- Found OGRE: optimized;/usr/lib/x86_64-linux-gnu/libOgreMain.so;debug;/usr/lib/x86_64-linux-gnu/libOgreMain.so
[1.446s] -- Looking for OGRE_Paging...
[1.456s] -- Found OGRE_Paging: optimized;/usr/lib/x86_64-linux-gnu/libOgrePaging.so;debug;/usr/lib/x86_64-linux-gnu/libOgrePaging.so
[1.456s] -- Looking for OGRE_Terrain...
[1.464s] -- Found OGRE_Terrain: optimized;/usr/lib/x86_64-linux-gnu/libOgreTerrain.so;debug;/usr/lib/x86_64-linux-gnu/libOgreTerrain.so
[1.465s] -- Looking for OGRE_Property...
[1.473s] -- Found OGRE_Property: optimized;/usr/lib/x86_64-linux-gnu/libOgreProperty.so;debug;/usr/lib/x86_64-linux-gnu/libOgreProperty.so
[1.473s] -- Looking for OGRE_RTShaderSystem...
[1.482s] -- Found OGRE_RTShaderSystem: optimized;/usr/lib/x86_64-linux-gnu/libOgreRTShaderSystem.so;debug;/usr/lib/x86_64-linux-gnu/libOgreRTShaderSystem.so
[1.482s] -- Looking for OGRE_Volume...
[1.491s] -- Found OGRE_Volume: optimized;/usr/lib/x86_64-linux-gnu/libOgreVolume.so;debug;/usr/lib/x86_64-linux-gnu/libOgreVolume.so
[1.491s] -- Looking for OGRE_Overlay...
[1.500s] -- Found OGRE_Overlay: optimized;/usr/lib/x86_64-linux-gnu/libOgreOverlay.so;debug;/usr/lib/x86_64-linux-gnu/libOgreOverlay.so
[1.695s] -- Looking for ignition-math6 -- found version 6.13.0
[1.698s] -- Looking for ignition-transport8 -- found version 8.3.0
[1.699s] -- Searching for dependencies of ignition-transport8
[1.714s] -- Found Protobuf: /usr/lib/x86_64-linux-gnu/libprotobuf.so;-lpthread (found suitable version "3.6.1", minimum required is "3") 
[1.722s] -- Checking for module 'uuid'
[1.734s] --   Found uuid, version 2.34.0
[1.762s] -- Found UUID: TRUE  
[1.765s] -- Looking for ignition-msgs5 -- found version 5.11.0
[1.766s] -- Searching for dependencies of ignition-msgs5
[1.783s] -- Looking for ignition-math6 -- found version 6.13.0
[1.787s] -- Checking for module 'tinyxml2'
[1.799s] --   Found tinyxml2, version 6.2.0
[1.832s] -- Looking for ignition-msgs5 -- found version 5.11.0
[1.835s] -- Looking for ignition-common3 -- found version 3.15.1
[1.836s] -- Searching for dependencies of ignition-common3
[1.836s] -- Looking for dlfcn.h - found
[1.837s] -- Looking for libdl - found
[1.839s] -- Found DL: TRUE  
[1.846s] -- Searching for <ignition-common3> component [graphics]
[1.850s] -- Looking for ignition-common3-graphics -- found version 3.15.1
[1.850s] -- Searching for dependencies of ignition-common3-graphics
[1.850s] -- Looking for ignition-math6 -- found version 6.13.0
[1.854s] -- Looking for ignition-fuel_tools4 -- found version 4.6.0
[1.855s] -- Searching for dependencies of ignition-fuel_tools4
[1.915s] -- Found CURL: /usr/lib/x86_64-linux-gnu/libcurl.so (found version "7.68.0")  
[1.923s] -- Checking for module 'jsoncpp'
[1.935s] --   Found jsoncpp, version 1.7.4
[1.962s] -- Found JSONCPP: TRUE  
[1.968s] -- Checking for module 'libzip'
[1.981s] --   Found libzip, version 1.5.1
[2.009s] -- Found ZIP: TRUE  
[2.009s] -- Looking for ignition-common3 -- found version 3.15.1
[2.010s] -- Looking for ignition-math6 -- found version 6.13.0
[2.010s] -- Looking for ignition-msgs5 -- found version 5.11.0
[2.012s] CMake Error at CMakeLists.txt:57 (catkin_python_setup):
[2.012s]   Unknown CMake command "catkin_python_setup".
[2.012s] 
[2.012s] 
[2.013s] -- Configuring incomplete, errors occurred!
[2.013s] See also "/home/grant/ros2_ws/build/robotx_2022/CMakeFiles/CMakeOutput.log".
[2.013s] See also "/home/grant/ros2_ws/build/robotx_2022/CMakeFiles/CMakeError.log".
[2.020s] Invoked command in '/home/grant/ros2_ws/build/robotx_2022' returned '1': CMAKE_PREFIX_PATH=/home/grant/ros2_ws/install/vrx_gazebo:/home/grant/ros2_ws/install/wamv_gazebo:/home/grant/ros2_ws/install/wave_gazebo:/home/grant/ros2_ws/install/usv_gazebo_plugins:/home/grant/ros2_ws/install/wave_gazebo_plugins:/home/grant/ros2_ws/install/wamv_description:/home/grant/ros2_ws/install/usv_msgs:/home/grant/ros2_ws/install/mavros_extras:/home/grant/ros2_ws/install/mavros:/home/grant/ros2_ws/install/mavros_msgs:/home/grant/ros2_ws/install/libmavconn:/home/grant/ros2_ws/install/mavlink:/opt/ros/foxy:/home/grant/vrx_ws/devel:/opt/ros/noetic:/home/grant/ros2_foxy/ros2-linux CONDA_PROMPT_MODIFIER=(base) LD_LIBRARY_PATH=/home/grant/ros2_ws/install/vrx_gazebo/lib:/home/grant/ros2_ws/install/usv_gazebo_plugins/lib:/home/grant/ros2_ws/install/wave_gazebo_plugins/lib:/home/grant/ros2_ws/install/usv_msgs/lib:/home/grant/ros2_ws/install/mavros_extras/lib:/home/grant/ros2_ws/install/mavros/lib:/home/grant/ros2_ws/install/mavros_msgs/lib:/home/grant/ros2_ws/install/libmavconn/lib:/home/grant/vrx_ws/devel/lib:/opt/ros/noetic/lib:/usr/lib/x86_64-linux-gnu/gazebo-11/plugins:/opt/ros/foxy/opt/yaml_cpp_vendor/lib:/opt/ros/foxy/lib/x86_64-linux-gnu:/opt/ros/foxy/lib:/home/grant/ros2_foxy/ros2-linux/opt/yaml_cpp_vendor/lib:/home/grant/ros2_foxy/ros2-linux/opt/rviz_ogre_vendor/lib:/opt/rti.com/rti_connext_dds-5.3.1/lib/x64Linux3gcc5.4.0:/home/grant/ros2_foxy/ros2-linux/lib:/usr/lib/x86_64-linux-gnu/gazebo-11/plugins:/usr/lib/x86_64-linux-gnu/gazebo-11/plugins:/usr/lib/x86_64-linux-gnu/gazebo-11/plugins:/usr/lib/x86_64-linux-gnu/gazebo-11/plugins:/usr/lib/x86_64-linux-gnu/gazebo-11/plugins:/usr/lib/x86_64-linux-gnu/gazebo-11/plugins /usr/bin/cmake /home/grant/ros2_ws/src/VRX_Foxy/robotX_2022 -DCMAKE_INSTALL_PREFIX=/home/grant/ros2_ws/install/robotx_2022
