In file included from [01m[K/usr/include/c++/9/cassert:44[m[K,
                 from [01m[K/usr/include/google/protobuf/extension_set.h:42[m[K,
                 from [01m[K/usr/include/gazebo-11/gazebo/msgs/poses_stamped.pb.h:31[m[K,
                 from [01m[K/usr/include/gazebo-11/gazebo/physics/PhysicsTypes.hh:26[m[K,
                 from [01m[K/usr/include/gazebo-11/gazebo/common/Plugin.hh:41[m[K,
                 from [01m[K/usr/include/gazebo-11/gazebo/common/common.hh:36[m[K,
                 from [01m[K/home/grant/ros2_ws/src/VRX_Foxy/usv_gazebo_plugins/include/usv_gazebo_plugins/polyhedron_volume.hh:22[m[K,
                 from [01m[K/home/grant/ros2_ws/src/VRX_Foxy/usv_gazebo_plugins/src/polyhedron_volume.cc:18[m[K:
[01m[K/home/grant/ros2_ws/src/VRX_Foxy/usv_gazebo_plugins/src/polyhedron_volume.cc:[m[K In static member function ‘[01m[Kstatic buoyancy::Polyhedron buoyancy::Polyhedron::makeCylinder(double, double, int)[m[K’:
[01m[K/home/grant/ros2_ws/src/VRX_Foxy/usv_gazebo_plugins/src/polyhedron_volume.cc:121:35:[m[K [01;35m[Kwarning: [m[Kcomparison of integer expressions of different signedness: ‘[01m[Kstd::vector<ignition::math::v6::Vector3<double> >::size_type[m[K’ {aka ‘[01m[Klong unsigned int[m[K’} and ‘[01m[Kint[m[K’ [[01;35m[K-Wsign-compare[m[K]
  121 |   assert([01;35m[Kcylinder.vertices.size() == 2 * n + 2[m[K);
      |          [01;35m[K~~~~~~~~~~~~~~~~~~~~~~~~~^~~~~~~~~~~~[m[K
[01m[K/home/grant/ros2_ws/src/VRX_Foxy/usv_gazebo_plugins/src/polyhedron_volume.cc:122:32:[m[K [01;35m[Kwarning: [m[Kcomparison of integer expressions of different signedness: ‘[01m[Kstd::vector<buoyancy::Polyhedron::Face>::size_type[m[K’ {aka ‘[01m[Klong unsigned int[m[K’} and ‘[01m[Kint[m[K’ [[01;35m[K-Wsign-compare[m[K]
  122 |   assert([01;35m[Kcylinder.faces.size() == 4 * n[m[K);
      |          [01;35m[K~~~~~~~~~~~~~~~~~~~~~~^~~~~~~~[m[K
[01m[K/home/grant/ros2_ws/src/VRX_Foxy/usv_gazebo_plugins/src/acoustic_pinger_plugin.cc:55:41:[m[K [01;35m[Kwarning: [m[Kextra ‘[01m[K;[m[K’ [[01;35m[K-Wpedantic[m[K]
   55 | GZ_REGISTER_MODEL_PLUGIN(AcousticPinger)[01;35m[K;[m[K
      |                                         [01;35m[K^[m[K
[01m[K/home/grant/ros2_ws/src/VRX_Foxy/usv_gazebo_plugins/src/usv_gazebo_wind_plugin.cc:299:40:[m[K [01;35m[Kwarning: [m[Kextra ‘[01m[K;[m[K’ [[01;35m[K-Wpedantic[m[K]
  299 | GZ_REGISTER_WORLD_PLUGIN(UsvWindPlugin)[01;35m[K;[m[K
      |                                        [01;35m[K^[m[K
[01m[K/home/grant/ros2_ws/src/VRX_Foxy/usv_gazebo_plugins/src/usv_gazebo_thrust_plugin.cc:456:36:[m[K [01;35m[Kwarning: [m[Kextra ‘[01m[K;[m[K’ [[01;35m[K-Wpedantic[m[K]
  456 | GZ_REGISTER_MODEL_PLUGIN(UsvThrust)[01;35m[K;[m[K
      |                                    [01;35m[K^[m[K
In file included from [01m[K/home/grant/ros2_ws/src/VRX_Foxy/usv_gazebo_plugins/src/usv_gazebo_thrust_plugin.cc:25[m[K:
/home/grant/ros2_ws/src/VRX_Foxy/usv_gazebo_plugins/include/usv_gazebo_plugins/usv_gazebo_thrust_plugin.hh: In instantiation of ‘[01m[Kvoid __gnu_cxx::new_allocator<_Tp>::construct(_Up*, _Args&& ...) [with _Up = gazebo::Thruster; _Args = {const gazebo::Thruster&}; _Tp = gazebo::Thruster][m[K’:
[01m[K/usr/include/c++/9/bits/alloc_traits.h:483:4:[m[K   required from ‘[01m[Kstatic void std::allocator_traits<std::allocator<_CharT> >::construct(std::allocator_traits<std::allocator<_CharT> >::allocator_type&, _Up*, _Args&& ...) [with _Up = gazebo::Thruster; _Args = {const gazebo::Thruster&}; _Tp = gazebo::Thruster; std::allocator_traits<std::allocator<_CharT> >::allocator_type = std::allocator<gazebo::Thruster>][m[K’
[01m[K/usr/include/c++/9/bits/stl_vector.h:1189:30:[m[K   required from ‘[01m[Kvoid std::vector<_Tp, _Alloc>::push_back(const value_type&) [with _Tp = gazebo::Thruster; _Alloc = std::allocator<gazebo::Thruster>; std::vector<_Tp, _Alloc>::value_type = gazebo::Thruster][m[K’
[01m[K/home/grant/ros2_ws/src/VRX_Foxy/usv_gazebo_plugins/src/usv_gazebo_thrust_plugin.cc:243:41:[m[K   required from here
[01m[K/home/grant/ros2_ws/src/VRX_Foxy/usv_gazebo_plugins/include/usv_gazebo_plugins/usv_gazebo_thrust_plugin.hh:41:9:[m[K [01;35m[Kwarning: [m[Kimplicitly-declared ‘[01m[Kconstexpr gazebo::common::PID::PID(const gazebo::common::PID&)[m[K’ is deprecated [[01;35m[K-Wdeprecated-copy[m[K]
   41 |   class [01;35m[KThruster[m[K
      |         [01;35m[K^~~~~~~~[m[K
In file included from [01m[K/usr/include/gazebo-11/gazebo/physics/JointController.hh:25[m[K,
                 from [01m[K/usr/include/gazebo-11/gazebo/physics/physics.hh:23[m[K,
                 from [01m[K/home/grant/ros2_ws/src/VRX_Foxy/usv_gazebo_plugins/include/usv_gazebo_plugins/usv_gazebo_thrust_plugin.hh:31[m[K,
                 from [01m[K/home/grant/ros2_ws/src/VRX_Foxy/usv_gazebo_plugins/src/usv_gazebo_thrust_plugin.cc:25[m[K:
[01m[K/usr/include/gazebo-11/gazebo/common/PID.hh:157:20:[m[K [01;36m[Knote: [m[Kbecause ‘[01m[Kgazebo::common::PID[m[K’ has user-provided ‘[01m[Kgazebo::common::PID& gazebo::common::PID::operator=(const gazebo::common::PID&)[m[K’
  157 |       public: PID &[01;36m[Koperator[m[K=(const PID &_p)
      |                    [01;36m[K^~~~~~~~[m[K
In file included from [01m[K/usr/include/x86_64-linux-gnu/c++/9/bits/c++allocator.h:33[m[K,
                 from [01m[K/usr/include/c++/9/bits/allocator.h:46[m[K,
                 from [01m[K/usr/include/c++/9/string:41[m[K,
                 from [01m[K/usr/include/c++/9/stdexcept:39[m[K,
                 from [01m[K/usr/include/c++/9/array:39[m[K,
                 from [01m[K/usr/include/c++/9/tuple:39[m[K,
                 from [01m[K/usr/include/c++/9/functional:54[m[K,
                 from [01m[K/usr/include/boost/algorithm/clamp.hpp:22[m[K,
                 from [01m[K/home/grant/ros2_ws/src/VRX_Foxy/usv_gazebo_plugins/src/usv_gazebo_thrust_plugin.cc:18[m[K:
[01m[K/usr/include/c++/9/ext/new_allocator.h:146:4:[m[K [01;36m[Knote: [m[Ksynthesized method ‘[01m[Kgazebo::Thruster::Thruster(const gazebo::Thruster&)[m[K’ first required here
  146 |  { [01;36m[K::new((void *)__p) _Up(std::forward<_Args>(__args)...)[m[K; }
      |    [01;36m[K^~~~~~~~~~~~~~~~~~~~~~~~~~~~~~~~~~~~~~~~~~~~~~~~~~~~~~[m[K
[01m[K/home/grant/ros2_ws/src/VRX_Foxy/usv_gazebo_plugins/src/usv_gazebo_dynamics_plugin.cc:364:44:[m[K [01;35m[Kwarning: [m[Kextra ‘[01m[K;[m[K’ [[01;35m[K-Wpedantic[m[K]
  364 | GZ_REGISTER_MODEL_PLUGIN(UsvDynamicsPlugin)[01;35m[K;[m[K
      |                                            [01;35m[K^[m[K
[01m[K/home/grant/ros2_ws/src/VRX_Foxy/usv_gazebo_plugins/test/buoyancy_test.cc:96:3:[m[K [01;35m[Kwarning: [m[Kmulti-line comment [[01;35m[K-Wcomment[m[K]
   96 |   [01;35m[K/[m[K/       /\
      |   [01;35m[K^[m[K
