-- The C compiler identification is GNU 9.4.0
-- The CXX compiler identification is GNU 9.4.0
-- Check for working C compiler: /usr/bin/cc
-- Check for working C compiler: /usr/bin/cc -- works
-- Detecting C compiler ABI info
-- Detecting C compiler ABI info - done
-- Detecting C compile features
-- Detecting C compile features - done
-- Check for working CXX compiler: /usr/bin/c++
-- Check for working CXX compiler: /usr/bin/c++ -- works
-- Detecting CXX compiler ABI info
-- Detecting CXX compiler ABI info - done
-- Detecting CXX compile features
-- Detecting CXX compile features - done
-- Found ament_cmake: 0.9.11 (/opt/ros/foxy/share/ament_cmake/cmake)
-- Found PythonInterp: /home/grant/miniconda3/bin/python3 (found suitable version "3.8.13", minimum required is "3") 
-- Using PYTHON_EXECUTABLE: /home/grant/miniconda3/bin/python3
-- Found gazebo_dev: 3.5.3 (/opt/ros/foxy/share/gazebo_dev/cmake)
-- Found PkgConfig: /usr/bin/pkg-config (found version "0.29.1") 
-- Checking for module 'bullet>=2.82'
--   Found bullet, version 2.88
-- Found ccd: /usr/include (found suitable version "2.0", minimum required is "2.0") 
-- Found fcl: /usr/include (found suitable version "0.5.0", minimum required is "0.3.2") 
-- Found assimp: /usr/include (found version "5.0.0") 
-- Found DART: /usr/include (Required is at least version "6.6") found components: dart 
-- Found Boost: /usr/lib/x86_64-linux-gnu/cmake/Boost-1.71.0/BoostConfig.cmake (found suitable version "1.71.0", minimum required is "1.40.0") found components: thread system filesystem program_options regex iostreams date_time 
-- Found Protobuf: /usr/lib/x86_64-linux-gnu/libprotobuf.so;-lpthread (found version "3.6.1") 
-- Looking for ignition-math6 -- found version 6.13.0
-- Searching for dependencies of ignition-math6
-- Looking for OGRE...
-- OGRE_PREFIX_WATCH changed.
-- Checking for module 'OGRE'
--   Found OGRE, version 1.9.0
-- Found Ogre Ghadamon (1.9.0)
-- Found OGRE: optimized;/usr/lib/x86_64-linux-gnu/libOgreMain.so;debug;/usr/lib/x86_64-linux-gnu/libOgreMain.so
-- Looking for OGRE_Paging...
-- Found OGRE_Paging: optimized;/usr/lib/x86_64-linux-gnu/libOgrePaging.so;debug;/usr/lib/x86_64-linux-gnu/libOgrePaging.so
-- Looking for OGRE_Terrain...
-- Found OGRE_Terrain: optimized;/usr/lib/x86_64-linux-gnu/libOgreTerrain.so;debug;/usr/lib/x86_64-linux-gnu/libOgreTerrain.so
-- Looking for OGRE_Property...
-- Found OGRE_Property: optimized;/usr/lib/x86_64-linux-gnu/libOgreProperty.so;debug;/usr/lib/x86_64-linux-gnu/libOgreProperty.so
-- Looking for OGRE_RTShaderSystem...
-- Found OGRE_RTShaderSystem: optimized;/usr/lib/x86_64-linux-gnu/libOgreRTShaderSystem.so;debug;/usr/lib/x86_64-linux-gnu/libOgreRTShaderSystem.so
-- Looking for OGRE_Volume...
-- Found OGRE_Volume: optimized;/usr/lib/x86_64-linux-gnu/libOgreVolume.so;debug;/usr/lib/x86_64-linux-gnu/libOgreVolume.so
-- Looking for OGRE_Overlay...
-- Found OGRE_Overlay: optimized;/usr/lib/x86_64-linux-gnu/libOgreOverlay.so;debug;/usr/lib/x86_64-linux-gnu/libOgreOverlay.so
-- Looking for ignition-math6 -- found version 6.13.0
-- Looking for ignition-transport8 -- found version 8.3.0
-- Searching for dependencies of ignition-transport8
-- Found Protobuf: /usr/lib/x86_64-linux-gnu/libprotobuf.so;-lpthread (found suitable version "3.6.1", minimum required is "3") 
-- Checking for module 'uuid'
--   Found uuid, version 2.34.0
-- Found UUID: TRUE  
-- Looking for ignition-msgs5 -- found version 5.11.0
-- Searching for dependencies of ignition-msgs5
-- Looking for ignition-math6 -- found version 6.13.0
-- Checking for module 'tinyxml2'
--   Found tinyxml2, version 6.2.0
-- Looking for ignition-msgs5 -- found version 5.11.0
-- Looking for ignition-common3 -- found version 3.15.1
-- Searching for dependencies of ignition-common3
-- Looking for dlfcn.h - found
-- Looking for libdl - found
-- Found DL: TRUE  
-- Searching for <ignition-common3> component [graphics]
-- Looking for ignition-common3-graphics -- found version 3.15.1
-- Searching for dependencies of ignition-common3-graphics
-- Looking for ignition-math6 -- found version 6.13.0
-- Looking for ignition-fuel_tools4 -- found version 4.6.0
-- Searching for dependencies of ignition-fuel_tools4
-- Found CURL: /usr/lib/x86_64-linux-gnu/libcurl.so (found version "7.68.0")  
-- Checking for module 'jsoncpp'
--   Found jsoncpp, version 1.7.4
-- Found JSONCPP: TRUE  
-- Checking for module 'libzip'
--   Found libzip, version 1.5.1
-- Found ZIP: TRUE  
-- Looking for ignition-common3 -- found version 3.15.1
-- Looking for ignition-math6 -- found version 6.13.0
-- Looking for ignition-msgs5 -- found version 5.11.0
-- Gazebo version: 11.12
-- Found rclcpp: 2.4.2 (/opt/ros/foxy/share/rclcpp/cmake)
-- Using all available rosidl_typesupport_c: rosidl_typesupport_fastrtps_c;rosidl_typesupport_introspection_c;rosidl_typesupport_connext_c
-- Found rosidl_adapter: 1.3.0 (/opt/ros/foxy/share/rosidl_adapter/cmake)
-- Found OpenSSL: /usr/lib/x86_64-linux-gnu/libcrypto.so (found version "1.1.1f")  
-- Found FastRTPS: /opt/ros/foxy/include  
-- Found RTI Connext: /opt/rti.com/rti_connext_dds-5.3.1
-- Using all available rosidl_typesupport_cpp: rosidl_typesupport_fastrtps_cpp;rosidl_typesupport_introspection_cpp;rosidl_typesupport_connext_cpp
-- Found rmw_implementation_cmake: 1.0.3 (/opt/ros/foxy/share/rmw_implementation_cmake/cmake)
-- Using RMW implementation 'rmw_fastrtps_cpp' as default
-- Found Threads: TRUE  
-- Found tf2: 0.13.13 (/opt/ros/foxy/share/tf2/cmake)
-- Found xacro: 2.0.7 (/opt/ros/foxy/share/xacro/cmake)
-- Found usv_msgs: 0.0.1 (/home/grant/ros2_ws/install/usv_msgs/share/usv_msgs/cmake)
-- Found sensor_msgs: 2.0.5 (/opt/ros/foxy/share/sensor_msgs/cmake)
-- Found wave_gazebo_plugins: 1.3.0 (/home/grant/ros2_ws/install/wave_gazebo_plugins/share/wave_gazebo_plugins/cmake)
-- xacro: determining deps for: worlds/buoyancy_plugin_demo.world.xacro ...
-- Found ament_cmake_gtest: 0.9.11 (/opt/ros/foxy/share/ament_cmake_gtest/cmake)
-- Found gtest sources under '/opt/ros/foxy/src/gtest_vendor': C++ tests using 'Google Test' will be built
-- Check if compiler accepts -pthread
-- Check if compiler accepts -pthread - yes
-- Configuring done
-- Generating done
-- Build files have been written to: /home/grant/ros2_ws/build/usv_gazebo_plugins
[35m[1mScanning dependencies of target gtest[0m
[35m[1mScanning dependencies of target usv_gazebo_dynamics_plugin[0m
[35m[1mScanning dependencies of target usv_gazebo_wind_plugin[0m
[35m[1mScanning dependencies of target gtest_main[0m
[35m[1mScanning dependencies of target buoyancy_gazebo_plugin[0m
[35m[1mScanning dependencies of target usv_gazebo_thrust_plugin[0m
[35m[1mScanning dependencies of target usv_gazebo_plugins__xacro_auto_generate[0m
[35m[1mScanning dependencies of target usv_gazebo_acoustic_pinger_plugin[0m
[  5%] [34m[1mxacro: generating worlds/buoyancy_plugin_demo.world from worlds/buoyancy_plugin_demo.world.xacro[0m
[ 10%] [32mBuilding CXX object gtest/CMakeFiles/gtest_main.dir/src/gtest_main.cc.o[0m
[ 15%] [32mBuilding CXX object gtest/CMakeFiles/gtest.dir/src/gtest-all.cc.o[0m
[ 21%] [32mBuilding CXX object CMakeFiles/buoyancy_gazebo_plugin.dir/src/buoyancy_gazebo_plugin.cc.o[0m
[ 21%] Built target usv_gazebo_plugins__xacro_auto_generate
[ 26%] [32mBuilding CXX object CMakeFiles/usv_gazebo_acoustic_pinger_plugin.dir/src/acoustic_pinger_plugin.cc.o[0m
[ 31%] [32mBuilding CXX object CMakeFiles/usv_gazebo_thrust_plugin.dir/src/usv_gazebo_thrust_plugin.cc.o[0m
[ 36%] [32mBuilding CXX object CMakeFiles/buoyancy_gazebo_plugin.dir/src/shape_volume.cc.o[0m
[ 42%] [32mBuilding CXX object CMakeFiles/usv_gazebo_dynamics_plugin.dir/src/usv_gazebo_dynamics_plugin.cc.o[0m
[ 47%] [32mBuilding CXX object CMakeFiles/usv_gazebo_wind_plugin.dir/src/usv_gazebo_wind_plugin.cc.o[0m
[ 52%] [32m[1mLinking CXX static library libgtest_main.a[0m
[ 52%] Built target gtest_main
[ 57%] [32mBuilding CXX object CMakeFiles/buoyancy_gazebo_plugin.dir/src/polyhedron_volume.cc.o[0m
[ 63%] [32m[1mLinking CXX static library libgtest.a[0m
[ 63%] Built target gtest
[ 68%] [32m[1mLinking CXX shared library libbuoyancy_gazebo_plugin.so[0m
[ 73%] [32m[1mLinking CXX shared library libusv_gazebo_wind_plugin.so[0m
[ 73%] Built target buoyancy_gazebo_plugin
[35m[1mScanning dependencies of target buoyancy_plugin_test[0m
[ 78%] [32mBuilding CXX object CMakeFiles/buoyancy_plugin_test.dir/test/buoyancy_test.cc.o[0m
[ 78%] Built target usv_gazebo_wind_plugin
[ 84%] [32m[1mLinking CXX shared library libusv_gazebo_dynamics_plugin.so[0m
[ 84%] Built target usv_gazebo_dynamics_plugin
[ 89%] [32m[1mLinking CXX shared library libusv_gazebo_acoustic_pinger_plugin.so[0m
[ 94%] [32m[1mLinking CXX shared library libusv_gazebo_thrust_plugin.so[0m
[ 94%] Built target usv_gazebo_acoustic_pinger_plugin
[ 94%] Built target usv_gazebo_thrust_plugin
[100%] [32m[1mLinking CXX executable buoyancy_plugin_test[0m
[100%] Built target buoyancy_plugin_test
-- Install configuration: ""
-- Installing: /home/grant/ros2_ws/install/usv_gazebo_plugins/lib/libbuoyancy_gazebo_plugin.so
-- Set runtime path of "/home/grant/ros2_ws/install/usv_gazebo_plugins/lib/libbuoyancy_gazebo_plugin.so" to ""
-- Installing: /home/grant/ros2_ws/install/usv_gazebo_plugins/lib/libusv_gazebo_dynamics_plugin.so
-- Set runtime path of "/home/grant/ros2_ws/install/usv_gazebo_plugins/lib/libusv_gazebo_dynamics_plugin.so" to ""
-- Installing: /home/grant/ros2_ws/install/usv_gazebo_plugins/lib/libusv_gazebo_thrust_plugin.so
-- Set runtime path of "/home/grant/ros2_ws/install/usv_gazebo_plugins/lib/libusv_gazebo_thrust_plugin.so" to ""
-- Installing: /home/grant/ros2_ws/install/usv_gazebo_plugins/lib/libusv_gazebo_wind_plugin.so
-- Set runtime path of "/home/grant/ros2_ws/install/usv_gazebo_plugins/lib/libusv_gazebo_wind_plugin.so" to ""
-- Installing: /home/grant/ros2_ws/install/usv_gazebo_plugins/lib/libusv_gazebo_acoustic_pinger_plugin.so
-- Set runtime path of "/home/grant/ros2_ws/install/usv_gazebo_plugins/lib/libusv_gazebo_acoustic_pinger_plugin.so" to ""
-- Installing: /home/grant/ros2_ws/install/usv_gazebo_plugins/share/usv_gazebo_plugins/environment/library_path.sh
-- Installing: /home/grant/ros2_ws/install/usv_gazebo_plugins/share/usv_gazebo_plugins/environment/library_path.dsv
-- Installing: /home/grant/ros2_ws/install/usv_gazebo_plugins/share/usv_gazebo_plugins/worlds/buoyancy_plugin_demo.world
-- Up-to-date: /home/grant/ros2_ws/install/usv_gazebo_plugins/share/usv_gazebo_plugins/worlds
-- Installing: /home/grant/ros2_ws/install/usv_gazebo_plugins/share/usv_gazebo_plugins/worlds/buoyancy_plugin_demo.world.xacro
-- Installing: /home/grant/ros2_ws/install/usv_gazebo_plugins/include
-- Installing: /home/grant/ros2_ws/install/usv_gazebo_plugins/include/shape_volume.hh
-- Installing: /home/grant/ros2_ws/install/usv_gazebo_plugins/include/polyhedron_volume.hh
-- Installing: /home/grant/ros2_ws/install/usv_gazebo_plugins/include/usv_gazebo_wind_plugin.hh
-- Installing: /home/grant/ros2_ws/install/usv_gazebo_plugins/include/usv_gazebo_dynamics_plugin.hh
-- Installing: /home/grant/ros2_ws/install/usv_gazebo_plugins/include/buoyancy_gazebo_plugin.hh
-- Installing: /home/grant/ros2_ws/install/usv_gazebo_plugins/include/acoustic_pinger_plugin.hh
-- Installing: /home/grant/ros2_ws/install/usv_gazebo_plugins/include/usv_gazebo_thrust_plugin.hh
-- Installing: /home/grant/ros2_ws/install/usv_gazebo_plugins/share/ament_index/resource_index/package_run_dependencies/usv_gazebo_plugins
-- Installing: /home/grant/ros2_ws/install/usv_gazebo_plugins/share/ament_index/resource_index/parent_prefix_path/usv_gazebo_plugins
-- Installing: /home/grant/ros2_ws/install/usv_gazebo_plugins/share/usv_gazebo_plugins/environment/ament_prefix_path.sh
-- Installing: /home/grant/ros2_ws/install/usv_gazebo_plugins/share/usv_gazebo_plugins/environment/ament_prefix_path.dsv
-- Installing: /home/grant/ros2_ws/install/usv_gazebo_plugins/share/usv_gazebo_plugins/environment/path.sh
-- Installing: /home/grant/ros2_ws/install/usv_gazebo_plugins/share/usv_gazebo_plugins/environment/path.dsv
-- Installing: /home/grant/ros2_ws/install/usv_gazebo_plugins/share/usv_gazebo_plugins/local_setup.bash
-- Installing: /home/grant/ros2_ws/install/usv_gazebo_plugins/share/usv_gazebo_plugins/local_setup.sh
-- Installing: /home/grant/ros2_ws/install/usv_gazebo_plugins/share/usv_gazebo_plugins/local_setup.zsh
-- Installing: /home/grant/ros2_ws/install/usv_gazebo_plugins/share/usv_gazebo_plugins/local_setup.dsv
-- Installing: /home/grant/ros2_ws/install/usv_gazebo_plugins/share/usv_gazebo_plugins/package.dsv
-- Installing: /home/grant/ros2_ws/install/usv_gazebo_plugins/share/ament_index/resource_index/packages/usv_gazebo_plugins
-- Installing: /home/grant/ros2_ws/install/usv_gazebo_plugins/share/usv_gazebo_plugins/cmake/ament_cmake_export_libraries-extras.cmake
-- Installing: /home/grant/ros2_ws/install/usv_gazebo_plugins/share/usv_gazebo_plugins/cmake/usv_gazebo_pluginsConfig.cmake
-- Installing: /home/grant/ros2_ws/install/usv_gazebo_plugins/share/usv_gazebo_plugins/cmake/usv_gazebo_pluginsConfig-version.cmake
-- Installing: /home/grant/ros2_ws/install/usv_gazebo_plugins/share/usv_gazebo_plugins/package.xml
