[0.035s] Invoking command in '/home/grant/ros2_ws/build/usv_gazebo_plugins': AMENT_PREFIX_PATH=/home/grant/ros2_ws/install/wave_gazebo_plugins:/home/grant/ros2_ws/install/usv_msgs:${AMENT_PREFIX_PATH} CMAKE_PREFIX_PATH=/home/grant/ros2_ws/install/wave_gazebo_plugins:/home/grant/ros2_ws/install/usv_msgs:/home/grant/ros2_ws/install/mavros_extras:/home/grant/ros2_ws/install/mavros:/home/grant/ros2_ws/install/mavros_msgs:/home/grant/ros2_ws/install/libmavconn:/home/grant/ros2_ws/install/mavlink:/opt/ros/foxy:/home/grant/vrx_ws/devel:/opt/ros/noetic:/home/grant/ros2_foxy/ros2-linux CONDA_PROMPT_MODIFIER=(base) LD_LIBRARY_PATH=/home/grant/ros2_ws/install/wave_gazebo_plugins/lib:/home/grant/ros2_ws/install/usv_msgs/lib:/home/grant/ros2_ws/install/mavros_extras/lib:/home/grant/ros2_ws/install/mavros/lib:/home/grant/ros2_ws/install/mavros_msgs/lib:/home/grant/ros2_ws/install/libmavconn/lib:/home/grant/vrx_ws/devel/lib:/opt/ros/noetic/lib:/usr/lib/x86_64-linux-gnu/gazebo-11/plugins:/opt/ros/foxy/opt/yaml_cpp_vendor/lib:/opt/ros/foxy/lib/x86_64-linux-gnu:/opt/ros/foxy/lib:/home/grant/ros2_foxy/ros2-linux/opt/yaml_cpp_vendor/lib:/home/grant/ros2_foxy/ros2-linux/opt/rviz_ogre_vendor/lib:/opt/rti.com/rti_connext_dds-5.3.1/lib/x64Linux3gcc5.4.0:/home/grant/ros2_foxy/ros2-linux/lib:/usr/lib/x86_64-linux-gnu/gazebo-11/plugins:/usr/lib/x86_64-linux-gnu/gazebo-11/plugins:/usr/lib/x86_64-linux-gnu/gazebo-11/plugins:/usr/lib/x86_64-linux-gnu/gazebo-11/plugins:/usr/lib/x86_64-linux-gnu/gazebo-11/plugins:/usr/lib/x86_64-linux-gnu/gazebo-11/plugins PYTHONPATH=/home/grant/ros2_ws/install/usv_msgs/lib/python3.8/site-packages:${PYTHONPATH} /usr/bin/cmake /home/grant/ros2_ws/src/VRX_Foxy/usv_gazebo_plugins -DCMAKE_INSTALL_PREFIX=/home/grant/ros2_ws/install/usv_gazebo_plugins
[0.087s] -- The C compiler identification is GNU 9.4.0
[0.140s] -- The CXX compiler identification is GNU 9.4.0
[0.144s] -- Check for working C compiler: /usr/bin/cc
[0.203s] -- Check for working C compiler: /usr/bin/cc -- works
[0.204s] -- Detecting C compiler ABI info
[0.263s] -- Detecting C compiler ABI info - done
[0.275s] -- Detecting C compile features
[0.276s] -- Detecting C compile features - done
[0.278s] -- Check for working CXX compiler: /usr/bin/c++
[0.347s] -- Check for working CXX compiler: /usr/bin/c++ -- works
[0.348s] -- Detecting CXX compiler ABI info
[0.415s] -- Detecting CXX compiler ABI info - done
[0.428s] -- Detecting CXX compile features
[0.429s] -- Detecting CXX compile features - done
[0.431s] -- Found ament_cmake: 0.9.11 (/opt/ros/foxy/share/ament_cmake/cmake)
[0.456s] -- Found PythonInterp: /home/grant/miniconda3/bin/python3 (found suitable version "3.8.13", minimum required is "3") 
[0.456s] -- Using PYTHON_EXECUTABLE: /home/grant/miniconda3/bin/python3
[0.712s] -- Found gazebo_dev: 3.5.3 (/opt/ros/foxy/share/gazebo_dev/cmake)
[0.719s] -- Found PkgConfig: /usr/bin/pkg-config (found version "0.29.1") 
[0.722s] -- Checking for module 'bullet>=2.82'
[0.733s] --   Found bullet, version 2.88
[0.826s] -- Found ccd: /usr/include (found suitable version "2.0", minimum required is "2.0") 
[0.868s] -- Found fcl: /usr/include (found suitable version "0.5.0", minimum required is "0.3.2") 
[0.911s] -- Found assimp: /usr/include (found version "5.0.0") 
[0.937s] -- Found DART: /usr/include (Required is at least version "6.6") found components: dart 
[1.198s] -- Found Boost: /usr/lib/x86_64-linux-gnu/cmake/Boost-1.71.0/BoostConfig.cmake (found suitable version "1.71.0", minimum required is "1.40.0") found components: thread system filesystem program_options regex iostreams date_time 
[1.221s] -- Found Protobuf: /usr/lib/x86_64-linux-gnu/libprotobuf.so;-lpthread (found version "3.6.1") 
[1.228s] -- Looking for ignition-math6 -- found version 6.13.0
[1.235s] -- Searching for dependencies of ignition-math6
[1.237s] -- Looking for OGRE...
[1.237s] -- OGRE_PREFIX_WATCH changed.
[1.241s] -- Checking for module 'OGRE'
[1.253s] --   Found OGRE, version 1.9.0
[1.279s] -- Found Ogre Ghadamon (1.9.0)
[1.290s] -- Found OGRE: optimized;/usr/lib/x86_64-linux-gnu/libOgreMain.so;debug;/usr/lib/x86_64-linux-gnu/libOgreMain.so
[1.300s] -- Looking for OGRE_Paging...
[1.309s] -- Found OGRE_Paging: optimized;/usr/lib/x86_64-linux-gnu/libOgrePaging.so;debug;/usr/lib/x86_64-linux-gnu/libOgrePaging.so
[1.309s] -- Looking for OGRE_Terrain...
[1.318s] -- Found OGRE_Terrain: optimized;/usr/lib/x86_64-linux-gnu/libOgreTerrain.so;debug;/usr/lib/x86_64-linux-gnu/libOgreTerrain.so
[1.318s] -- Looking for OGRE_Property...
[1.327s] -- Found OGRE_Property: optimized;/usr/lib/x86_64-linux-gnu/libOgreProperty.so;debug;/usr/lib/x86_64-linux-gnu/libOgreProperty.so
[1.327s] -- Looking for OGRE_RTShaderSystem...
[1.335s] -- Found OGRE_RTShaderSystem: optimized;/usr/lib/x86_64-linux-gnu/libOgreRTShaderSystem.so;debug;/usr/lib/x86_64-linux-gnu/libOgreRTShaderSystem.so
[1.335s] -- Looking for OGRE_Volume...
[1.344s] -- Found OGRE_Volume: optimized;/usr/lib/x86_64-linux-gnu/libOgreVolume.so;debug;/usr/lib/x86_64-linux-gnu/libOgreVolume.so
[1.344s] -- Looking for OGRE_Overlay...
[1.352s] -- Found OGRE_Overlay: optimized;/usr/lib/x86_64-linux-gnu/libOgreOverlay.so;debug;/usr/lib/x86_64-linux-gnu/libOgreOverlay.so
[1.534s] -- Looking for ignition-math6 -- found version 6.13.0
[1.537s] -- Looking for ignition-transport8 -- found version 8.3.0
[1.537s] -- Searching for dependencies of ignition-transport8
[1.554s] -- Found Protobuf: /usr/lib/x86_64-linux-gnu/libprotobuf.so;-lpthread (found suitable version "3.6.1", minimum required is "3") 
[1.562s] -- Checking for module 'uuid'
[1.574s] --   Found uuid, version 2.34.0
[1.601s] -- Found UUID: TRUE  
[1.605s] -- Looking for ignition-msgs5 -- found version 5.11.0
[1.605s] -- Searching for dependencies of ignition-msgs5
[1.622s] -- Looking for ignition-math6 -- found version 6.13.0
[1.625s] -- Checking for module 'tinyxml2'
[1.637s] --   Found tinyxml2, version 6.2.0
[1.666s] -- Looking for ignition-msgs5 -- found version 5.11.0
[1.669s] -- Looking for ignition-common3 -- found version 3.15.1
[1.670s] -- Searching for dependencies of ignition-common3
[1.670s] -- Looking for dlfcn.h - found
[1.671s] -- Looking for libdl - found
[1.672s] -- Found DL: TRUE  
[1.680s] -- Searching for <ignition-common3> component [graphics]
[1.683s] -- Looking for ignition-common3-graphics -- found version 3.15.1
[1.683s] -- Searching for dependencies of ignition-common3-graphics
[1.684s] -- Looking for ignition-math6 -- found version 6.13.0
[1.687s] -- Looking for ignition-fuel_tools4 -- found version 4.6.0
[1.688s] -- Searching for dependencies of ignition-fuel_tools4
[1.745s] -- Found CURL: /usr/lib/x86_64-linux-gnu/libcurl.so (found version "7.68.0")  
[1.754s] -- Checking for module 'jsoncpp'
[1.765s] --   Found jsoncpp, version 1.7.4
[1.791s] -- Found JSONCPP: TRUE  
[1.796s] -- Checking for module 'libzip'
[1.808s] --   Found libzip, version 1.5.1
[1.838s] -- Found ZIP: TRUE  
[1.839s] -- Looking for ignition-common3 -- found version 3.15.1
[1.839s] -- Looking for ignition-math6 -- found version 6.13.0
[1.840s] -- Looking for ignition-msgs5 -- found version 5.11.0
[1.841s] -- Gazebo version: 11.12
[1.842s] -- Found rclcpp: 2.4.2 (/opt/ros/foxy/share/rclcpp/cmake)
[1.880s] -- Using all available rosidl_typesupport_c: rosidl_typesupport_fastrtps_c;rosidl_typesupport_introspection_c;rosidl_typesupport_connext_c
[1.886s] -- Found rosidl_adapter: 1.3.0 (/opt/ros/foxy/share/rosidl_adapter/cmake)
[1.949s] -- Found OpenSSL: /usr/lib/x86_64-linux-gnu/libcrypto.so (found version "1.1.1f")  
[1.973s] -- Found FastRTPS: /opt/ros/foxy/include  
[2.038s] -- Found RTI Connext: /opt/rti.com/rti_connext_dds-5.3.1
[2.755s] -- Using all available rosidl_typesupport_cpp: rosidl_typesupport_fastrtps_cpp;rosidl_typesupport_introspection_cpp;rosidl_typesupport_connext_cpp
[2.815s] -- Found rmw_implementation_cmake: 1.0.3 (/opt/ros/foxy/share/rmw_implementation_cmake/cmake)
[2.817s] -- Using RMW implementation 'rmw_fastrtps_cpp' as default
[2.819s] -- Found Threads: TRUE  
[2.989s] -- Found tf2: 0.13.13 (/opt/ros/foxy/share/tf2/cmake)
[3.044s] -- Found xacro: 2.0.7 (/opt/ros/foxy/share/xacro/cmake)
[3.044s] -- Found usv_msgs: 0.0.1 (/home/grant/ros2_ws/install/usv_msgs/share/usv_msgs/cmake)
[3.083s] -- Found sensor_msgs: 2.0.5 (/opt/ros/foxy/share/sensor_msgs/cmake)
[3.162s] -- Found wave_gazebo_plugins: 1.3.0 (/home/grant/ros2_ws/install/wave_gazebo_plugins/share/wave_gazebo_plugins/cmake)
[3.185s] -- xacro: determining deps for: worlds/buoyancy_plugin_demo.world.xacro ...
[3.262s] -- Found ament_cmake_gtest: 0.9.11 (/opt/ros/foxy/share/ament_cmake_gtest/cmake)
[3.264s] -- Found gtest sources under '/opt/ros/foxy/src/gtest_vendor': C++ tests using 'Google Test' will be built
[3.268s] -- Check if compiler accepts -pthread
[3.331s] -- Check if compiler accepts -pthread - yes
[3.420s] -- Configuring done
[3.861s] -- Generating done
[3.866s] -- Build files have been written to: /home/grant/ros2_ws/build/usv_gazebo_plugins
[3.878s] Invoked command in '/home/grant/ros2_ws/build/usv_gazebo_plugins' returned '0': AMENT_PREFIX_PATH=/home/grant/ros2_ws/install/wave_gazebo_plugins:/home/grant/ros2_ws/install/usv_msgs:${AMENT_PREFIX_PATH} CMAKE_PREFIX_PATH=/home/grant/ros2_ws/install/wave_gazebo_plugins:/home/grant/ros2_ws/install/usv_msgs:/home/grant/ros2_ws/install/mavros_extras:/home/grant/ros2_ws/install/mavros:/home/grant/ros2_ws/install/mavros_msgs:/home/grant/ros2_ws/install/libmavconn:/home/grant/ros2_ws/install/mavlink:/opt/ros/foxy:/home/grant/vrx_ws/devel:/opt/ros/noetic:/home/grant/ros2_foxy/ros2-linux CONDA_PROMPT_MODIFIER=(base) LD_LIBRARY_PATH=/home/grant/ros2_ws/install/wave_gazebo_plugins/lib:/home/grant/ros2_ws/install/usv_msgs/lib:/home/grant/ros2_ws/install/mavros_extras/lib:/home/grant/ros2_ws/install/mavros/lib:/home/grant/ros2_ws/install/mavros_msgs/lib:/home/grant/ros2_ws/install/libmavconn/lib:/home/grant/vrx_ws/devel/lib:/opt/ros/noetic/lib:/usr/lib/x86_64-linux-gnu/gazebo-11/plugins:/opt/ros/foxy/opt/yaml_cpp_vendor/lib:/opt/ros/foxy/lib/x86_64-linux-gnu:/opt/ros/foxy/lib:/home/grant/ros2_foxy/ros2-linux/opt/yaml_cpp_vendor/lib:/home/grant/ros2_foxy/ros2-linux/opt/rviz_ogre_vendor/lib:/opt/rti.com/rti_connext_dds-5.3.1/lib/x64Linux3gcc5.4.0:/home/grant/ros2_foxy/ros2-linux/lib:/usr/lib/x86_64-linux-gnu/gazebo-11/plugins:/usr/lib/x86_64-linux-gnu/gazebo-11/plugins:/usr/lib/x86_64-linux-gnu/gazebo-11/plugins:/usr/lib/x86_64-linux-gnu/gazebo-11/plugins:/usr/lib/x86_64-linux-gnu/gazebo-11/plugins:/usr/lib/x86_64-linux-gnu/gazebo-11/plugins PYTHONPATH=/home/grant/ros2_ws/install/usv_msgs/lib/python3.8/site-packages:${PYTHONPATH} /usr/bin/cmake /home/grant/ros2_ws/src/VRX_Foxy/usv_gazebo_plugins -DCMAKE_INSTALL_PREFIX=/home/grant/ros2_ws/install/usv_gazebo_plugins
[3.880s] Invoking command in '/home/grant/ros2_ws/build/usv_gazebo_plugins': AMENT_PREFIX_PATH=/home/grant/ros2_ws/install/wave_gazebo_plugins:/home/grant/ros2_ws/install/usv_msgs:${AMENT_PREFIX_PATH} CMAKE_PREFIX_PATH=/home/grant/ros2_ws/install/wave_gazebo_plugins:/home/grant/ros2_ws/install/usv_msgs:/home/grant/ros2_ws/install/mavros_extras:/home/grant/ros2_ws/install/mavros:/home/grant/ros2_ws/install/mavros_msgs:/home/grant/ros2_ws/install/libmavconn:/home/grant/ros2_ws/install/mavlink:/opt/ros/foxy:/home/grant/vrx_ws/devel:/opt/ros/noetic:/home/grant/ros2_foxy/ros2-linux CONDA_PROMPT_MODIFIER=(base) LD_LIBRARY_PATH=/home/grant/ros2_ws/install/wave_gazebo_plugins/lib:/home/grant/ros2_ws/install/usv_msgs/lib:/home/grant/ros2_ws/install/mavros_extras/lib:/home/grant/ros2_ws/install/mavros/lib:/home/grant/ros2_ws/install/mavros_msgs/lib:/home/grant/ros2_ws/install/libmavconn/lib:/home/grant/vrx_ws/devel/lib:/opt/ros/noetic/lib:/usr/lib/x86_64-linux-gnu/gazebo-11/plugins:/opt/ros/foxy/opt/yaml_cpp_vendor/lib:/opt/ros/foxy/lib/x86_64-linux-gnu:/opt/ros/foxy/lib:/home/grant/ros2_foxy/ros2-linux/opt/yaml_cpp_vendor/lib:/home/grant/ros2_foxy/ros2-linux/opt/rviz_ogre_vendor/lib:/opt/rti.com/rti_connext_dds-5.3.1/lib/x64Linux3gcc5.4.0:/home/grant/ros2_foxy/ros2-linux/lib:/usr/lib/x86_64-linux-gnu/gazebo-11/plugins:/usr/lib/x86_64-linux-gnu/gazebo-11/plugins:/usr/lib/x86_64-linux-gnu/gazebo-11/plugins:/usr/lib/x86_64-linux-gnu/gazebo-11/plugins:/usr/lib/x86_64-linux-gnu/gazebo-11/plugins:/usr/lib/x86_64-linux-gnu/gazebo-11/plugins PYTHONPATH=/home/grant/ros2_ws/install/usv_msgs/lib/python3.8/site-packages:${PYTHONPATH} /usr/bin/cmake --build /home/grant/ros2_ws/build/usv_gazebo_plugins -- -j8 -l8
[3.916s] [35m[1mScanning dependencies of target gtest[0m
[3.916s] [35m[1mScanning dependencies of target usv_gazebo_dynamics_plugin[0m
[3.916s] [35m[1mScanning dependencies of target usv_gazebo_wind_plugin[0m
[3.917s] [35m[1mScanning dependencies of target gtest_main[0m
[3.917s] [35m[1mScanning dependencies of target buoyancy_gazebo_plugin[0m
[3.917s] [35m[1mScanning dependencies of target usv_gazebo_thrust_plugin[0m
[3.917s] [35m[1mScanning dependencies of target usv_gazebo_plugins__xacro_auto_generate[0m
[3.918s] [35m[1mScanning dependencies of target usv_gazebo_acoustic_pinger_plugin[0m
[3.926s] [  5%] [34m[1mxacro: generating worlds/buoyancy_plugin_demo.world from worlds/buoyancy_plugin_demo.world.xacro[0m
[3.932s] [ 10%] [32mBuilding CXX object gtest/CMakeFiles/gtest_main.dir/src/gtest_main.cc.o[0m
[3.937s] [ 15%] [32mBuilding CXX object gtest/CMakeFiles/gtest.dir/src/gtest-all.cc.o[0m
[4.046s] [ 21%] [32mBuilding CXX object CMakeFiles/buoyancy_gazebo_plugin.dir/src/buoyancy_gazebo_plugin.cc.o[0m
[4.059s] [ 21%] Built target usv_gazebo_plugins__xacro_auto_generate
[4.062s] [ 26%] [32mBuilding CXX object CMakeFiles/usv_gazebo_acoustic_pinger_plugin.dir/src/acoustic_pinger_plugin.cc.o[0m
[4.068s] [ 31%] [32mBuilding CXX object CMakeFiles/usv_gazebo_thrust_plugin.dir/src/usv_gazebo_thrust_plugin.cc.o[0m
[4.076s] [ 36%] [32mBuilding CXX object CMakeFiles/buoyancy_gazebo_plugin.dir/src/shape_volume.cc.o[0m
[4.076s] [ 42%] [32mBuilding CXX object CMakeFiles/usv_gazebo_dynamics_plugin.dir/src/usv_gazebo_dynamics_plugin.cc.o[0m
[4.078s] [ 47%] [32mBuilding CXX object CMakeFiles/usv_gazebo_wind_plugin.dir/src/usv_gazebo_wind_plugin.cc.o[0m
[5.015s] [ 52%] [32m[1mLinking CXX static library libgtest_main.a[0m
[5.045s] [ 52%] Built target gtest_main
[5.057s] [ 57%] [32mBuilding CXX object CMakeFiles/buoyancy_gazebo_plugin.dir/src/polyhedron_volume.cc.o[0m
[7.676s] [ 63%] [32m[1mLinking CXX static library libgtest.a[0m
[7.735s] [ 63%] Built target gtest
[8.367s] In file included from [01m[K/usr/include/c++/9/cassert:44[m[K,
[8.368s]                  from [01m[K/usr/include/google/protobuf/extension_set.h:42[m[K,
[8.368s]                  from [01m[K/usr/include/gazebo-11/gazebo/msgs/poses_stamped.pb.h:31[m[K,
[8.368s]                  from [01m[K/usr/include/gazebo-11/gazebo/physics/PhysicsTypes.hh:26[m[K,
[8.368s]                  from [01m[K/usr/include/gazebo-11/gazebo/common/Plugin.hh:41[m[K,
[8.368s]                  from [01m[K/usr/include/gazebo-11/gazebo/common/common.hh:36[m[K,
[8.368s]                  from [01m[K/home/grant/ros2_ws/src/VRX_Foxy/usv_gazebo_plugins/include/usv_gazebo_plugins/polyhedron_volume.hh:22[m[K,
[8.368s]                  from [01m[K/home/grant/ros2_ws/src/VRX_Foxy/usv_gazebo_plugins/src/polyhedron_volume.cc:18[m[K:
[8.368s] [01m[K/home/grant/ros2_ws/src/VRX_Foxy/usv_gazebo_plugins/src/polyhedron_volume.cc:[m[K In static member function ‘[01m[Kstatic buoyancy::Polyhedron buoyancy::Polyhedron::makeCylinder(double, double, int)[m[K’:
[8.368s] [01m[K/home/grant/ros2_ws/src/VRX_Foxy/usv_gazebo_plugins/src/polyhedron_volume.cc:121:35:[m[K [01;35m[Kwarning: [m[Kcomparison of integer expressions of different signedness: ‘[01m[Kstd::vector<ignition::math::v6::Vector3<double> >::size_type[m[K’ {aka ‘[01m[Klong unsigned int[m[K’} and ‘[01m[Kint[m[K’ [[01;35m[K-Wsign-compare[m[K]
[8.368s]   121 |   assert([01;35m[Kcylinder.vertices.size() == 2 * n + 2[m[K);
[8.368s]       |          [01;35m[K~~~~~~~~~~~~~~~~~~~~~~~~~^~~~~~~~~~~~[m[K
[8.369s] [01m[K/home/grant/ros2_ws/src/VRX_Foxy/usv_gazebo_plugins/src/polyhedron_volume.cc:122:32:[m[K [01;35m[Kwarning: [m[Kcomparison of integer expressions of different signedness: ‘[01m[Kstd::vector<buoyancy::Polyhedron::Face>::size_type[m[K’ {aka ‘[01m[Klong unsigned int[m[K’} and ‘[01m[Kint[m[K’ [[01;35m[K-Wsign-compare[m[K]
[8.369s]   122 |   assert([01;35m[Kcylinder.faces.size() == 4 * n[m[K);
[8.369s]       |          [01;35m[K~~~~~~~~~~~~~~~~~~~~~~^~~~~~~~[m[K
[11.233s] [01m[K/home/grant/ros2_ws/src/VRX_Foxy/usv_gazebo_plugins/src/acoustic_pinger_plugin.cc:55:41:[m[K [01;35m[Kwarning: [m[Kextra ‘[01m[K;[m[K’ [[01;35m[K-Wpedantic[m[K]
[11.233s]    55 | GZ_REGISTER_MODEL_PLUGIN(AcousticPinger)[01;35m[K;[m[K
[11.233s]       |                                         [01;35m[K^[m[K
[11.351s] [01m[K/home/grant/ros2_ws/src/VRX_Foxy/usv_gazebo_plugins/src/usv_gazebo_wind_plugin.cc:299:40:[m[K [01;35m[Kwarning: [m[Kextra ‘[01m[K;[m[K’ [[01;35m[K-Wpedantic[m[K]
[11.351s]   299 | GZ_REGISTER_WORLD_PLUGIN(UsvWindPlugin)[01;35m[K;[m[K
[11.351s]       |                                        [01;35m[K^[m[K
[11.368s] [01m[K/home/grant/ros2_ws/src/VRX_Foxy/usv_gazebo_plugins/src/usv_gazebo_thrust_plugin.cc:456:36:[m[K [01;35m[Kwarning: [m[Kextra ‘[01m[K;[m[K’ [[01;35m[K-Wpedantic[m[K]
[11.368s]   456 | GZ_REGISTER_MODEL_PLUGIN(UsvThrust)[01;35m[K;[m[K
[11.368s]       |                                    [01;35m[K^[m[K
[12.318s] In file included from [01m[K/home/grant/ros2_ws/src/VRX_Foxy/usv_gazebo_plugins/src/usv_gazebo_thrust_plugin.cc:25[m[K:
[12.318s] /home/grant/ros2_ws/src/VRX_Foxy/usv_gazebo_plugins/include/usv_gazebo_plugins/usv_gazebo_thrust_plugin.hh: In instantiation of ‘[01m[Kvoid __gnu_cxx::new_allocator<_Tp>::construct(_Up*, _Args&& ...) [with _Up = gazebo::Thruster; _Args = {const gazebo::Thruster&}; _Tp = gazebo::Thruster][m[K’:
[12.318s] [01m[K/usr/include/c++/9/bits/alloc_traits.h:483:4:[m[K   required from ‘[01m[Kstatic void std::allocator_traits<std::allocator<_CharT> >::construct(std::allocator_traits<std::allocator<_CharT> >::allocator_type&, _Up*, _Args&& ...) [with _Up = gazebo::Thruster; _Args = {const gazebo::Thruster&}; _Tp = gazebo::Thruster; std::allocator_traits<std::allocator<_CharT> >::allocator_type = std::allocator<gazebo::Thruster>][m[K’
[12.318s] [01m[K/usr/include/c++/9/bits/stl_vector.h:1189:30:[m[K   required from ‘[01m[Kvoid std::vector<_Tp, _Alloc>::push_back(const value_type&) [with _Tp = gazebo::Thruster; _Alloc = std::allocator<gazebo::Thruster>; std::vector<_Tp, _Alloc>::value_type = gazebo::Thruster][m[K’
[12.318s] [01m[K/home/grant/ros2_ws/src/VRX_Foxy/usv_gazebo_plugins/src/usv_gazebo_thrust_plugin.cc:243:41:[m[K   required from here
[12.318s] [01m[K/home/grant/ros2_ws/src/VRX_Foxy/usv_gazebo_plugins/include/usv_gazebo_plugins/usv_gazebo_thrust_plugin.hh:41:9:[m[K [01;35m[Kwarning: [m[Kimplicitly-declared ‘[01m[Kconstexpr gazebo::common::PID::PID(const gazebo::common::PID&)[m[K’ is deprecated [[01;35m[K-Wdeprecated-copy[m[K]
[12.319s]    41 |   class [01;35m[KThruster[m[K
[12.319s]       |         [01;35m[K^~~~~~~~[m[K
[12.319s] In file included from [01m[K/usr/include/gazebo-11/gazebo/physics/JointController.hh:25[m[K,
[12.319s]                  from [01m[K/usr/include/gazebo-11/gazebo/physics/physics.hh:23[m[K,
[12.319s]                  from [01m[K/home/grant/ros2_ws/src/VRX_Foxy/usv_gazebo_plugins/include/usv_gazebo_plugins/usv_gazebo_thrust_plugin.hh:31[m[K,
[12.319s]                  from [01m[K/home/grant/ros2_ws/src/VRX_Foxy/usv_gazebo_plugins/src/usv_gazebo_thrust_plugin.cc:25[m[K:
[12.319s] [01m[K/usr/include/gazebo-11/gazebo/common/PID.hh:157:20:[m[K [01;36m[Knote: [m[Kbecause ‘[01m[Kgazebo::common::PID[m[K’ has user-provided ‘[01m[Kgazebo::common::PID& gazebo::common::PID::operator=(const gazebo::common::PID&)[m[K’
[12.319s]   157 |       public: PID &[01;36m[Koperator[m[K=(const PID &_p)
[12.320s]       |                    [01;36m[K^~~~~~~~[m[K
[12.320s] In file included from [01m[K/usr/include/x86_64-linux-gnu/c++/9/bits/c++allocator.h:33[m[K,
[12.321s]                  from [01m[K/usr/include/c++/9/bits/allocator.h:46[m[K,
[12.321s]                  from [01m[K/usr/include/c++/9/string:41[m[K,
[12.321s]                  from [01m[K/usr/include/c++/9/stdexcept:39[m[K,
[12.321s]                  from [01m[K/usr/include/c++/9/array:39[m[K,
[12.321s]                  from [01m[K/usr/include/c++/9/tuple:39[m[K,
[12.321s]                  from [01m[K/usr/include/c++/9/functional:54[m[K,
[12.321s]                  from [01m[K/usr/include/boost/algorithm/clamp.hpp:22[m[K,
[12.321s]                  from [01m[K/home/grant/ros2_ws/src/VRX_Foxy/usv_gazebo_plugins/src/usv_gazebo_thrust_plugin.cc:18[m[K:
[12.321s] [01m[K/usr/include/c++/9/ext/new_allocator.h:146:4:[m[K [01;36m[Knote: [m[Ksynthesized method ‘[01m[Kgazebo::Thruster::Thruster(const gazebo::Thruster&)[m[K’ first required here
[12.321s]   146 |  { [01;36m[K::new((void *)__p) _Up(std::forward<_Args>(__args)...)[m[K; }
[12.321s]       |    [01;36m[K^~~~~~~~~~~~~~~~~~~~~~~~~~~~~~~~~~~~~~~~~~~~~~~~~~~~~~[m[K
[13.950s] [01m[K/home/grant/ros2_ws/src/VRX_Foxy/usv_gazebo_plugins/src/usv_gazebo_dynamics_plugin.cc:364:44:[m[K [01;35m[Kwarning: [m[Kextra ‘[01m[K;[m[K’ [[01;35m[K-Wpedantic[m[K]
[13.950s]   364 | GZ_REGISTER_MODEL_PLUGIN(UsvDynamicsPlugin)[01;35m[K;[m[K
[13.950s]       |                                            [01;35m[K^[m[K
[16.490s] [ 68%] [32m[1mLinking CXX shared library libbuoyancy_gazebo_plugin.so[0m
[16.951s] [ 73%] [32m[1mLinking CXX shared library libusv_gazebo_wind_plugin.so[0m
[16.967s] [ 73%] Built target buoyancy_gazebo_plugin
[16.975s] [35m[1mScanning dependencies of target buoyancy_plugin_test[0m
[17.017s] [ 78%] [32mBuilding CXX object CMakeFiles/buoyancy_plugin_test.dir/test/buoyancy_test.cc.o[0m
[17.707s] [01m[K/home/grant/ros2_ws/src/VRX_Foxy/usv_gazebo_plugins/test/buoyancy_test.cc:96:3:[m[K [01;35m[Kwarning: [m[Kmulti-line comment [[01;35m[K-Wcomment[m[K]
[17.707s]    96 |   [01;35m[K/[m[K/       /\
[17.707s]       |   [01;35m[K^[m[K
[17.746s] [ 78%] Built target usv_gazebo_wind_plugin
[18.080s] [ 84%] [32m[1mLinking CXX shared library libusv_gazebo_dynamics_plugin.so[0m
[18.460s] [ 84%] Built target usv_gazebo_dynamics_plugin
[18.864s] [ 89%] [32m[1mLinking CXX shared library libusv_gazebo_acoustic_pinger_plugin.so[0m
[19.129s] [ 94%] [32m[1mLinking CXX shared library libusv_gazebo_thrust_plugin.so[0m
[19.913s] [ 94%] Built target usv_gazebo_acoustic_pinger_plugin
[21.158s] [ 94%] Built target usv_gazebo_thrust_plugin
[23.320s] [100%] [32m[1mLinking CXX executable buoyancy_plugin_test[0m
[24.653s] [100%] Built target buoyancy_plugin_test
[24.661s] Invoked command in '/home/grant/ros2_ws/build/usv_gazebo_plugins' returned '0': AMENT_PREFIX_PATH=/home/grant/ros2_ws/install/wave_gazebo_plugins:/home/grant/ros2_ws/install/usv_msgs:${AMENT_PREFIX_PATH} CMAKE_PREFIX_PATH=/home/grant/ros2_ws/install/wave_gazebo_plugins:/home/grant/ros2_ws/install/usv_msgs:/home/grant/ros2_ws/install/mavros_extras:/home/grant/ros2_ws/install/mavros:/home/grant/ros2_ws/install/mavros_msgs:/home/grant/ros2_ws/install/libmavconn:/home/grant/ros2_ws/install/mavlink:/opt/ros/foxy:/home/grant/vrx_ws/devel:/opt/ros/noetic:/home/grant/ros2_foxy/ros2-linux CONDA_PROMPT_MODIFIER=(base) LD_LIBRARY_PATH=/home/grant/ros2_ws/install/wave_gazebo_plugins/lib:/home/grant/ros2_ws/install/usv_msgs/lib:/home/grant/ros2_ws/install/mavros_extras/lib:/home/grant/ros2_ws/install/mavros/lib:/home/grant/ros2_ws/install/mavros_msgs/lib:/home/grant/ros2_ws/install/libmavconn/lib:/home/grant/vrx_ws/devel/lib:/opt/ros/noetic/lib:/usr/lib/x86_64-linux-gnu/gazebo-11/plugins:/opt/ros/foxy/opt/yaml_cpp_vendor/lib:/opt/ros/foxy/lib/x86_64-linux-gnu:/opt/ros/foxy/lib:/home/grant/ros2_foxy/ros2-linux/opt/yaml_cpp_vendor/lib:/home/grant/ros2_foxy/ros2-linux/opt/rviz_ogre_vendor/lib:/opt/rti.com/rti_connext_dds-5.3.1/lib/x64Linux3gcc5.4.0:/home/grant/ros2_foxy/ros2-linux/lib:/usr/lib/x86_64-linux-gnu/gazebo-11/plugins:/usr/lib/x86_64-linux-gnu/gazebo-11/plugins:/usr/lib/x86_64-linux-gnu/gazebo-11/plugins:/usr/lib/x86_64-linux-gnu/gazebo-11/plugins:/usr/lib/x86_64-linux-gnu/gazebo-11/plugins:/usr/lib/x86_64-linux-gnu/gazebo-11/plugins PYTHONPATH=/home/grant/ros2_ws/install/usv_msgs/lib/python3.8/site-packages:${PYTHONPATH} /usr/bin/cmake --build /home/grant/ros2_ws/build/usv_gazebo_plugins -- -j8 -l8
[24.698s] Invoking command in '/home/grant/ros2_ws/build/usv_gazebo_plugins': AMENT_PREFIX_PATH=/home/grant/ros2_ws/install/wave_gazebo_plugins:/home/grant/ros2_ws/install/usv_msgs:${AMENT_PREFIX_PATH} CMAKE_PREFIX_PATH=/home/grant/ros2_ws/install/wave_gazebo_plugins:/home/grant/ros2_ws/install/usv_msgs:/home/grant/ros2_ws/install/mavros_extras:/home/grant/ros2_ws/install/mavros:/home/grant/ros2_ws/install/mavros_msgs:/home/grant/ros2_ws/install/libmavconn:/home/grant/ros2_ws/install/mavlink:/opt/ros/foxy:/home/grant/vrx_ws/devel:/opt/ros/noetic:/home/grant/ros2_foxy/ros2-linux CONDA_PROMPT_MODIFIER=(base) LD_LIBRARY_PATH=/home/grant/ros2_ws/install/wave_gazebo_plugins/lib:/home/grant/ros2_ws/install/usv_msgs/lib:/home/grant/ros2_ws/install/mavros_extras/lib:/home/grant/ros2_ws/install/mavros/lib:/home/grant/ros2_ws/install/mavros_msgs/lib:/home/grant/ros2_ws/install/libmavconn/lib:/home/grant/vrx_ws/devel/lib:/opt/ros/noetic/lib:/usr/lib/x86_64-linux-gnu/gazebo-11/plugins:/opt/ros/foxy/opt/yaml_cpp_vendor/lib:/opt/ros/foxy/lib/x86_64-linux-gnu:/opt/ros/foxy/lib:/home/grant/ros2_foxy/ros2-linux/opt/yaml_cpp_vendor/lib:/home/grant/ros2_foxy/ros2-linux/opt/rviz_ogre_vendor/lib:/opt/rti.com/rti_connext_dds-5.3.1/lib/x64Linux3gcc5.4.0:/home/grant/ros2_foxy/ros2-linux/lib:/usr/lib/x86_64-linux-gnu/gazebo-11/plugins:/usr/lib/x86_64-linux-gnu/gazebo-11/plugins:/usr/lib/x86_64-linux-gnu/gazebo-11/plugins:/usr/lib/x86_64-linux-gnu/gazebo-11/plugins:/usr/lib/x86_64-linux-gnu/gazebo-11/plugins:/usr/lib/x86_64-linux-gnu/gazebo-11/plugins PYTHONPATH=/home/grant/ros2_ws/install/usv_msgs/lib/python3.8/site-packages:${PYTHONPATH} /usr/bin/cmake --install /home/grant/ros2_ws/build/usv_gazebo_plugins
[24.705s] -- Install configuration: ""
[24.705s] -- Installing: /home/grant/ros2_ws/install/usv_gazebo_plugins/lib/libbuoyancy_gazebo_plugin.so
[24.706s] -- Set runtime path of "/home/grant/ros2_ws/install/usv_gazebo_plugins/lib/libbuoyancy_gazebo_plugin.so" to ""
[24.707s] -- Installing: /home/grant/ros2_ws/install/usv_gazebo_plugins/lib/libusv_gazebo_dynamics_plugin.so
[24.708s] -- Set runtime path of "/home/grant/ros2_ws/install/usv_gazebo_plugins/lib/libusv_gazebo_dynamics_plugin.so" to ""
[24.708s] -- Installing: /home/grant/ros2_ws/install/usv_gazebo_plugins/lib/libusv_gazebo_thrust_plugin.so
[24.712s] -- Set runtime path of "/home/grant/ros2_ws/install/usv_gazebo_plugins/lib/libusv_gazebo_thrust_plugin.so" to ""
[24.712s] -- Installing: /home/grant/ros2_ws/install/usv_gazebo_plugins/lib/libusv_gazebo_wind_plugin.so
[24.714s] -- Set runtime path of "/home/grant/ros2_ws/install/usv_gazebo_plugins/lib/libusv_gazebo_wind_plugin.so" to ""
[24.714s] -- Installing: /home/grant/ros2_ws/install/usv_gazebo_plugins/lib/libusv_gazebo_acoustic_pinger_plugin.so
[24.717s] -- Set runtime path of "/home/grant/ros2_ws/install/usv_gazebo_plugins/lib/libusv_gazebo_acoustic_pinger_plugin.so" to ""
[24.718s] -- Installing: /home/grant/ros2_ws/install/usv_gazebo_plugins/share/usv_gazebo_plugins/environment/library_path.sh
[24.718s] -- Installing: /home/grant/ros2_ws/install/usv_gazebo_plugins/share/usv_gazebo_plugins/environment/library_path.dsv
[24.718s] -- Installing: /home/grant/ros2_ws/install/usv_gazebo_plugins/share/usv_gazebo_plugins/worlds/buoyancy_plugin_demo.world
[24.718s] -- Up-to-date: /home/grant/ros2_ws/install/usv_gazebo_plugins/share/usv_gazebo_plugins/worlds
[24.718s] -- Installing: /home/grant/ros2_ws/install/usv_gazebo_plugins/share/usv_gazebo_plugins/worlds/buoyancy_plugin_demo.world.xacro
[24.718s] -- Installing: /home/grant/ros2_ws/install/usv_gazebo_plugins/include
[24.718s] -- Installing: /home/grant/ros2_ws/install/usv_gazebo_plugins/include/shape_volume.hh
[24.719s] -- Installing: /home/grant/ros2_ws/install/usv_gazebo_plugins/include/polyhedron_volume.hh
[24.719s] -- Installing: /home/grant/ros2_ws/install/usv_gazebo_plugins/include/usv_gazebo_wind_plugin.hh
[24.719s] -- Installing: /home/grant/ros2_ws/install/usv_gazebo_plugins/include/usv_gazebo_dynamics_plugin.hh
[24.719s] -- Installing: /home/grant/ros2_ws/install/usv_gazebo_plugins/include/buoyancy_gazebo_plugin.hh
[24.719s] -- Installing: /home/grant/ros2_ws/install/usv_gazebo_plugins/include/acoustic_pinger_plugin.hh
[24.719s] -- Installing: /home/grant/ros2_ws/install/usv_gazebo_plugins/include/usv_gazebo_thrust_plugin.hh
[24.719s] -- Installing: /home/grant/ros2_ws/install/usv_gazebo_plugins/share/ament_index/resource_index/package_run_dependencies/usv_gazebo_plugins
[24.719s] -- Installing: /home/grant/ros2_ws/install/usv_gazebo_plugins/share/ament_index/resource_index/parent_prefix_path/usv_gazebo_plugins
[24.720s] -- Installing: /home/grant/ros2_ws/install/usv_gazebo_plugins/share/usv_gazebo_plugins/environment/ament_prefix_path.sh
[24.720s] -- Installing: /home/grant/ros2_ws/install/usv_gazebo_plugins/share/usv_gazebo_plugins/environment/ament_prefix_path.dsv
[24.720s] -- Installing: /home/grant/ros2_ws/install/usv_gazebo_plugins/share/usv_gazebo_plugins/environment/path.sh
[24.720s] -- Installing: /home/grant/ros2_ws/install/usv_gazebo_plugins/share/usv_gazebo_plugins/environment/path.dsv
[24.720s] -- Installing: /home/grant/ros2_ws/install/usv_gazebo_plugins/share/usv_gazebo_plugins/local_setup.bash
[24.720s] -- Installing: /home/grant/ros2_ws/install/usv_gazebo_plugins/share/usv_gazebo_plugins/local_setup.sh
[24.720s] -- Installing: /home/grant/ros2_ws/install/usv_gazebo_plugins/share/usv_gazebo_plugins/local_setup.zsh
[24.720s] -- Installing: /home/grant/ros2_ws/install/usv_gazebo_plugins/share/usv_gazebo_plugins/local_setup.dsv
[24.720s] -- Installing: /home/grant/ros2_ws/install/usv_gazebo_plugins/share/usv_gazebo_plugins/package.dsv
[24.721s] -- Installing: /home/grant/ros2_ws/install/usv_gazebo_plugins/share/ament_index/resource_index/packages/usv_gazebo_plugins
[24.721s] -- Installing: /home/grant/ros2_ws/install/usv_gazebo_plugins/share/usv_gazebo_plugins/cmake/ament_cmake_export_libraries-extras.cmake
[24.721s] -- Installing: /home/grant/ros2_ws/install/usv_gazebo_plugins/share/usv_gazebo_plugins/cmake/usv_gazebo_pluginsConfig.cmake
[24.721s] -- Installing: /home/grant/ros2_ws/install/usv_gazebo_plugins/share/usv_gazebo_plugins/cmake/usv_gazebo_pluginsConfig-version.cmake
[24.721s] -- Installing: /home/grant/ros2_ws/install/usv_gazebo_plugins/share/usv_gazebo_plugins/package.xml
[24.725s] Invoked command in '/home/grant/ros2_ws/build/usv_gazebo_plugins' returned '0': AMENT_PREFIX_PATH=/home/grant/ros2_ws/install/wave_gazebo_plugins:/home/grant/ros2_ws/install/usv_msgs:${AMENT_PREFIX_PATH} CMAKE_PREFIX_PATH=/home/grant/ros2_ws/install/wave_gazebo_plugins:/home/grant/ros2_ws/install/usv_msgs:/home/grant/ros2_ws/install/mavros_extras:/home/grant/ros2_ws/install/mavros:/home/grant/ros2_ws/install/mavros_msgs:/home/grant/ros2_ws/install/libmavconn:/home/grant/ros2_ws/install/mavlink:/opt/ros/foxy:/home/grant/vrx_ws/devel:/opt/ros/noetic:/home/grant/ros2_foxy/ros2-linux CONDA_PROMPT_MODIFIER=(base) LD_LIBRARY_PATH=/home/grant/ros2_ws/install/wave_gazebo_plugins/lib:/home/grant/ros2_ws/install/usv_msgs/lib:/home/grant/ros2_ws/install/mavros_extras/lib:/home/grant/ros2_ws/install/mavros/lib:/home/grant/ros2_ws/install/mavros_msgs/lib:/home/grant/ros2_ws/install/libmavconn/lib:/home/grant/vrx_ws/devel/lib:/opt/ros/noetic/lib:/usr/lib/x86_64-linux-gnu/gazebo-11/plugins:/opt/ros/foxy/opt/yaml_cpp_vendor/lib:/opt/ros/foxy/lib/x86_64-linux-gnu:/opt/ros/foxy/lib:/home/grant/ros2_foxy/ros2-linux/opt/yaml_cpp_vendor/lib:/home/grant/ros2_foxy/ros2-linux/opt/rviz_ogre_vendor/lib:/opt/rti.com/rti_connext_dds-5.3.1/lib/x64Linux3gcc5.4.0:/home/grant/ros2_foxy/ros2-linux/lib:/usr/lib/x86_64-linux-gnu/gazebo-11/plugins:/usr/lib/x86_64-linux-gnu/gazebo-11/plugins:/usr/lib/x86_64-linux-gnu/gazebo-11/plugins:/usr/lib/x86_64-linux-gnu/gazebo-11/plugins:/usr/lib/x86_64-linux-gnu/gazebo-11/plugins:/usr/lib/x86_64-linux-gnu/gazebo-11/plugins PYTHONPATH=/home/grant/ros2_ws/install/usv_msgs/lib/python3.8/site-packages:${PYTHONPATH} /usr/bin/cmake --install /home/grant/ros2_ws/build/usv_gazebo_plugins
