[0.173s] DEBUG:colcon:Command line arguments: ['/usr/bin/colcon', 'build', '--packages-select', 'wamv_gazebo']
[0.173s] DEBUG:colcon:Parsed command line arguments: Namespace(allow_overriding=[], ament_cmake_args=None, base_paths=['.'], build_base='build', catkin_cmake_args=None, catkin_skip_building_tests=False, cmake_args=None, cmake_clean_cache=False, cmake_clean_first=False, cmake_force_configure=False, cmake_target=None, cmake_target_skip_unavailable=False, continue_on_error=False, event_handlers=None, executor='parallel', ignore_user_meta=False, install_base='install', log_base=None, log_level=None, main=<bound method BuildVerb.main of <colcon_core.verb.build.BuildVerb object at 0x7f88c70eed00>>, merge_install=False, metas=['./colcon.meta'], packages_above=None, packages_above_and_dependencies=None, packages_above_depth=None, packages_end=None, packages_ignore=None, packages_ignore_regex=None, packages_select=['wamv_gazebo'], packages_select_build_failed=False, packages_select_by_dep=None, packages_select_regex=None, packages_select_test_failures=False, packages_skip=None, packages_skip_build_finished=False, packages_skip_by_dep=None, packages_skip_regex=None, packages_skip_test_passed=False, packages_skip_up_to=None, packages_start=None, packages_up_to=None, packages_up_to_regex=None, parallel_workers=8, paths=None, symlink_install=False, test_result_base=None, verb_extension=<colcon_core.verb.build.BuildVerb object at 0x7f88c70eed00>, verb_name='build', verb_parser=<colcon_defaults.argument_parser.defaults.DefaultArgumentsDecorator object at 0x7f88c70f92b0>)
[0.198s] Level 1:colcon.colcon_core.package_discovery:discover_packages(colcon_meta) check parameters
[0.198s] Level 1:colcon.colcon_core.package_discovery:discover_packages(recursive) check parameters
[0.198s] Level 1:colcon.colcon_core.package_discovery:discover_packages(ignore) check parameters
[0.198s] Level 1:colcon.colcon_core.package_discovery:discover_packages(path) check parameters
[0.198s] Level 1:colcon.colcon_core.package_discovery:discover_packages(colcon_meta) discover
[0.198s] Level 1:colcon.colcon_core.package_discovery:discover_packages(recursive) discover
[0.198s] INFO:colcon.colcon_core.package_discovery:Crawling recursively for packages in '/home/grant/ros2_ws'
[0.198s] Level 1:colcon.colcon_core.package_identification:_identify(.) by extensions ['ignore', 'ignore_ament_install']
[0.198s] Level 1:colcon.colcon_core.package_identification:_identify(.) by extension 'ignore'
[0.198s] Level 1:colcon.colcon_core.package_identification:_identify(.) by extension 'ignore_ament_install'
[0.198s] Level 1:colcon.colcon_core.package_identification:_identify(.) by extensions ['colcon_pkg']
[0.198s] Level 1:colcon.colcon_core.package_identification:_identify(.) by extension 'colcon_pkg'
[0.199s] Level 1:colcon.colcon_core.package_identification:_identify(.) by extensions ['colcon_meta']
[0.199s] Level 1:colcon.colcon_core.package_identification:_identify(.) by extension 'colcon_meta'
[0.199s] Level 1:colcon.colcon_core.package_identification:_identify(.) by extensions ['ros']
[0.199s] Level 1:colcon.colcon_core.package_identification:_identify(.) by extension 'ros'
[0.220s] Level 1:colcon.colcon_core.package_identification:_identify(.) by extensions ['cmake', 'python']
[0.220s] Level 1:colcon.colcon_core.package_identification:_identify(.) by extension 'cmake'
[0.220s] Level 1:colcon.colcon_core.package_identification:_identify(.) by extension 'python'
[0.220s] Level 1:colcon.colcon_core.package_identification:_identify(.) by extensions ['python_setup_py']
[0.220s] Level 1:colcon.colcon_core.package_identification:_identify(.) by extension 'python_setup_py'
[0.220s] Level 1:colcon.colcon_core.package_identification:_identify(build) by extensions ['ignore', 'ignore_ament_install']
[0.220s] Level 1:colcon.colcon_core.package_identification:_identify(build) by extension 'ignore'
[0.220s] Level 1:colcon.colcon_core.package_identification:_identify(build) ignored
[0.220s] Level 1:colcon.colcon_core.package_identification:_identify(install) by extensions ['ignore', 'ignore_ament_install']
[0.220s] Level 1:colcon.colcon_core.package_identification:_identify(install) by extension 'ignore'
[0.220s] Level 1:colcon.colcon_core.package_identification:_identify(install) ignored
[0.220s] Level 1:colcon.colcon_core.package_identification:_identify(log) by extensions ['ignore', 'ignore_ament_install']
[0.220s] Level 1:colcon.colcon_core.package_identification:_identify(log) by extension 'ignore'
[0.220s] Level 1:colcon.colcon_core.package_identification:_identify(log) ignored
[0.221s] Level 1:colcon.colcon_core.package_identification:_identify(src) by extensions ['ignore', 'ignore_ament_install']
[0.221s] Level 1:colcon.colcon_core.package_identification:_identify(src) by extension 'ignore'
[0.221s] Level 1:colcon.colcon_core.package_identification:_identify(src) by extension 'ignore_ament_install'
[0.221s] Level 1:colcon.colcon_core.package_identification:_identify(src) by extensions ['colcon_pkg']
[0.221s] Level 1:colcon.colcon_core.package_identification:_identify(src) by extension 'colcon_pkg'
[0.221s] Level 1:colcon.colcon_core.package_identification:_identify(src) by extensions ['colcon_meta']
[0.221s] Level 1:colcon.colcon_core.package_identification:_identify(src) by extension 'colcon_meta'
[0.221s] Level 1:colcon.colcon_core.package_identification:_identify(src) by extensions ['ros']
[0.221s] Level 1:colcon.colcon_core.package_identification:_identify(src) by extension 'ros'
[0.221s] Level 1:colcon.colcon_core.package_identification:_identify(src) by extensions ['cmake', 'python']
[0.221s] Level 1:colcon.colcon_core.package_identification:_identify(src) by extension 'cmake'
[0.221s] Level 1:colcon.colcon_core.package_identification:_identify(src) by extension 'python'
[0.221s] Level 1:colcon.colcon_core.package_identification:_identify(src) by extensions ['python_setup_py']
[0.221s] Level 1:colcon.colcon_core.package_identification:_identify(src) by extension 'python_setup_py'
[0.221s] Level 1:colcon.colcon_core.package_identification:_identify(src/VRX_Foxy) by extensions ['ignore', 'ignore_ament_install']
[0.221s] Level 1:colcon.colcon_core.package_identification:_identify(src/VRX_Foxy) by extension 'ignore'
[0.221s] Level 1:colcon.colcon_core.package_identification:_identify(src/VRX_Foxy) by extension 'ignore_ament_install'
[0.221s] Level 1:colcon.colcon_core.package_identification:_identify(src/VRX_Foxy) by extensions ['colcon_pkg']
[0.221s] Level 1:colcon.colcon_core.package_identification:_identify(src/VRX_Foxy) by extension 'colcon_pkg'
[0.221s] Level 1:colcon.colcon_core.package_identification:_identify(src/VRX_Foxy) by extensions ['colcon_meta']
[0.221s] Level 1:colcon.colcon_core.package_identification:_identify(src/VRX_Foxy) by extension 'colcon_meta'
[0.222s] Level 1:colcon.colcon_core.package_identification:_identify(src/VRX_Foxy) by extensions ['ros']
[0.222s] Level 1:colcon.colcon_core.package_identification:_identify(src/VRX_Foxy) by extension 'ros'
[0.222s] Level 1:colcon.colcon_core.package_identification:_identify(src/VRX_Foxy) by extensions ['cmake', 'python']
[0.222s] Level 1:colcon.colcon_core.package_identification:_identify(src/VRX_Foxy) by extension 'cmake'
[0.222s] Level 1:colcon.colcon_core.package_identification:_identify(src/VRX_Foxy) by extension 'python'
[0.222s] Level 1:colcon.colcon_core.package_identification:_identify(src/VRX_Foxy) by extensions ['python_setup_py']
[0.222s] Level 1:colcon.colcon_core.package_identification:_identify(src/VRX_Foxy) by extension 'python_setup_py'
[0.222s] Level 1:colcon.colcon_core.package_identification:_identify(src/VRX_Foxy/images) by extensions ['ignore', 'ignore_ament_install']
[0.222s] Level 1:colcon.colcon_core.package_identification:_identify(src/VRX_Foxy/images) by extension 'ignore'
[0.222s] Level 1:colcon.colcon_core.package_identification:_identify(src/VRX_Foxy/images) by extension 'ignore_ament_install'
[0.222s] Level 1:colcon.colcon_core.package_identification:_identify(src/VRX_Foxy/images) by extensions ['colcon_pkg']
[0.222s] Level 1:colcon.colcon_core.package_identification:_identify(src/VRX_Foxy/images) by extension 'colcon_pkg'
[0.222s] Level 1:colcon.colcon_core.package_identification:_identify(src/VRX_Foxy/images) by extensions ['colcon_meta']
[0.222s] Level 1:colcon.colcon_core.package_identification:_identify(src/VRX_Foxy/images) by extension 'colcon_meta'
[0.222s] Level 1:colcon.colcon_core.package_identification:_identify(src/VRX_Foxy/images) by extensions ['ros']
[0.222s] Level 1:colcon.colcon_core.package_identification:_identify(src/VRX_Foxy/images) by extension 'ros'
[0.222s] Level 1:colcon.colcon_core.package_identification:_identify(src/VRX_Foxy/images) by extensions ['cmake', 'python']
[0.222s] Level 1:colcon.colcon_core.package_identification:_identify(src/VRX_Foxy/images) by extension 'cmake'
[0.222s] Level 1:colcon.colcon_core.package_identification:_identify(src/VRX_Foxy/images) by extension 'python'
[0.222s] Level 1:colcon.colcon_core.package_identification:_identify(src/VRX_Foxy/images) by extensions ['python_setup_py']
[0.222s] Level 1:colcon.colcon_core.package_identification:_identify(src/VRX_Foxy/images) by extension 'python_setup_py'
[0.223s] Level 1:colcon.colcon_core.package_identification:_identify(src/VRX_Foxy/robotX_2022) by extensions ['ignore', 'ignore_ament_install']
[0.223s] Level 1:colcon.colcon_core.package_identification:_identify(src/VRX_Foxy/robotX_2022) by extension 'ignore'
[0.223s] Level 1:colcon.colcon_core.package_identification:_identify(src/VRX_Foxy/robotX_2022) by extension 'ignore_ament_install'
[0.223s] Level 1:colcon.colcon_core.package_identification:_identify(src/VRX_Foxy/robotX_2022) by extensions ['colcon_pkg']
[0.223s] Level 1:colcon.colcon_core.package_identification:_identify(src/VRX_Foxy/robotX_2022) by extension 'colcon_pkg'
[0.223s] Level 1:colcon.colcon_core.package_identification:_identify(src/VRX_Foxy/robotX_2022) by extensions ['colcon_meta']
[0.223s] Level 1:colcon.colcon_core.package_identification:_identify(src/VRX_Foxy/robotX_2022) by extension 'colcon_meta'
[0.223s] Level 1:colcon.colcon_core.package_identification:_identify(src/VRX_Foxy/robotX_2022) by extensions ['ros']
[0.223s] Level 1:colcon.colcon_core.package_identification:_identify(src/VRX_Foxy/robotX_2022) by extension 'ros'
[0.227s] DEBUG:colcon.colcon_core.package_identification:Package 'src/VRX_Foxy/robotX_2022' with type 'ros.ament_cmake' and name 'robotx_2022'
[0.227s] Level 1:colcon.colcon_core.package_identification:_identify(src/VRX_Foxy/tools) by extensions ['ignore', 'ignore_ament_install']
[0.227s] Level 1:colcon.colcon_core.package_identification:_identify(src/VRX_Foxy/tools) by extension 'ignore'
[0.227s] Level 1:colcon.colcon_core.package_identification:_identify(src/VRX_Foxy/tools) by extension 'ignore_ament_install'
[0.227s] Level 1:colcon.colcon_core.package_identification:_identify(src/VRX_Foxy/tools) by extensions ['colcon_pkg']
[0.227s] Level 1:colcon.colcon_core.package_identification:_identify(src/VRX_Foxy/tools) by extension 'colcon_pkg'
[0.227s] Level 1:colcon.colcon_core.package_identification:_identify(src/VRX_Foxy/tools) by extensions ['colcon_meta']
[0.227s] Level 1:colcon.colcon_core.package_identification:_identify(src/VRX_Foxy/tools) by extension 'colcon_meta'
[0.227s] Level 1:colcon.colcon_core.package_identification:_identify(src/VRX_Foxy/tools) by extensions ['ros']
[0.227s] Level 1:colcon.colcon_core.package_identification:_identify(src/VRX_Foxy/tools) by extension 'ros'
[0.227s] Level 1:colcon.colcon_core.package_identification:_identify(src/VRX_Foxy/tools) by extensions ['cmake', 'python']
[0.227s] Level 1:colcon.colcon_core.package_identification:_identify(src/VRX_Foxy/tools) by extension 'cmake'
[0.227s] Level 1:colcon.colcon_core.package_identification:_identify(src/VRX_Foxy/tools) by extension 'python'
[0.228s] Level 1:colcon.colcon_core.package_identification:_identify(src/VRX_Foxy/tools) by extensions ['python_setup_py']
[0.228s] Level 1:colcon.colcon_core.package_identification:_identify(src/VRX_Foxy/tools) by extension 'python_setup_py'
[0.228s] Level 1:colcon.colcon_core.package_identification:_identify(src/VRX_Foxy/usv_gazebo_plugins) by extensions ['ignore', 'ignore_ament_install']
[0.228s] Level 1:colcon.colcon_core.package_identification:_identify(src/VRX_Foxy/usv_gazebo_plugins) by extension 'ignore'
[0.228s] Level 1:colcon.colcon_core.package_identification:_identify(src/VRX_Foxy/usv_gazebo_plugins) by extension 'ignore_ament_install'
[0.228s] Level 1:colcon.colcon_core.package_identification:_identify(src/VRX_Foxy/usv_gazebo_plugins) by extensions ['colcon_pkg']
[0.228s] Level 1:colcon.colcon_core.package_identification:_identify(src/VRX_Foxy/usv_gazebo_plugins) by extension 'colcon_pkg'
[0.228s] Level 1:colcon.colcon_core.package_identification:_identify(src/VRX_Foxy/usv_gazebo_plugins) by extensions ['colcon_meta']
[0.228s] Level 1:colcon.colcon_core.package_identification:_identify(src/VRX_Foxy/usv_gazebo_plugins) by extension 'colcon_meta'
[0.228s] Level 1:colcon.colcon_core.package_identification:_identify(src/VRX_Foxy/usv_gazebo_plugins) by extensions ['ros']
[0.228s] Level 1:colcon.colcon_core.package_identification:_identify(src/VRX_Foxy/usv_gazebo_plugins) by extension 'ros'
[0.230s] DEBUG:colcon.colcon_core.package_identification:Package 'src/VRX_Foxy/usv_gazebo_plugins' with type 'ros.ament_cmake' and name 'usv_gazebo_plugins'
[0.230s] Level 1:colcon.colcon_core.package_identification:_identify(src/VRX_Foxy/usv_msgs) by extensions ['ignore', 'ignore_ament_install']
[0.230s] Level 1:colcon.colcon_core.package_identification:_identify(src/VRX_Foxy/usv_msgs) by extension 'ignore'
[0.230s] Level 1:colcon.colcon_core.package_identification:_identify(src/VRX_Foxy/usv_msgs) by extension 'ignore_ament_install'
[0.230s] Level 1:colcon.colcon_core.package_identification:_identify(src/VRX_Foxy/usv_msgs) by extensions ['colcon_pkg']
[0.230s] Level 1:colcon.colcon_core.package_identification:_identify(src/VRX_Foxy/usv_msgs) by extension 'colcon_pkg'
[0.230s] Level 1:colcon.colcon_core.package_identification:_identify(src/VRX_Foxy/usv_msgs) by extensions ['colcon_meta']
[0.230s] Level 1:colcon.colcon_core.package_identification:_identify(src/VRX_Foxy/usv_msgs) by extension 'colcon_meta'
[0.230s] Level 1:colcon.colcon_core.package_identification:_identify(src/VRX_Foxy/usv_msgs) by extensions ['ros']
[0.230s] Level 1:colcon.colcon_core.package_identification:_identify(src/VRX_Foxy/usv_msgs) by extension 'ros'
[0.231s] DEBUG:colcon.colcon_core.package_identification:Package 'src/VRX_Foxy/usv_msgs' with type 'ros.ament_cmake' and name 'usv_msgs'
[0.231s] Level 1:colcon.colcon_core.package_identification:_identify(src/VRX_Foxy/vrx_gazebo) by extensions ['ignore', 'ignore_ament_install']
[0.231s] Level 1:colcon.colcon_core.package_identification:_identify(src/VRX_Foxy/vrx_gazebo) by extension 'ignore'
[0.231s] Level 1:colcon.colcon_core.package_identification:_identify(src/VRX_Foxy/vrx_gazebo) by extension 'ignore_ament_install'
[0.231s] Level 1:colcon.colcon_core.package_identification:_identify(src/VRX_Foxy/vrx_gazebo) by extensions ['colcon_pkg']
[0.231s] Level 1:colcon.colcon_core.package_identification:_identify(src/VRX_Foxy/vrx_gazebo) by extension 'colcon_pkg'
[0.231s] Level 1:colcon.colcon_core.package_identification:_identify(src/VRX_Foxy/vrx_gazebo) by extensions ['colcon_meta']
[0.231s] Level 1:colcon.colcon_core.package_identification:_identify(src/VRX_Foxy/vrx_gazebo) by extension 'colcon_meta'
[0.231s] Level 1:colcon.colcon_core.package_identification:_identify(src/VRX_Foxy/vrx_gazebo) by extensions ['ros']
[0.231s] Level 1:colcon.colcon_core.package_identification:_identify(src/VRX_Foxy/vrx_gazebo) by extension 'ros'
[0.233s] DEBUG:colcon.colcon_core.package_identification:Package 'src/VRX_Foxy/vrx_gazebo' with type 'ros.ament_cmake' and name 'vrx_gazebo'
[0.233s] Level 1:colcon.colcon_core.package_identification:_identify(src/VRX_Foxy/wamv_description) by extensions ['ignore', 'ignore_ament_install']
[0.233s] Level 1:colcon.colcon_core.package_identification:_identify(src/VRX_Foxy/wamv_description) by extension 'ignore'
[0.234s] Level 1:colcon.colcon_core.package_identification:_identify(src/VRX_Foxy/wamv_description) by extension 'ignore_ament_install'
[0.234s] Level 1:colcon.colcon_core.package_identification:_identify(src/VRX_Foxy/wamv_description) by extensions ['colcon_pkg']
[0.234s] Level 1:colcon.colcon_core.package_identification:_identify(src/VRX_Foxy/wamv_description) by extension 'colcon_pkg'
[0.234s] Level 1:colcon.colcon_core.package_identification:_identify(src/VRX_Foxy/wamv_description) by extensions ['colcon_meta']
[0.234s] Level 1:colcon.colcon_core.package_identification:_identify(src/VRX_Foxy/wamv_description) by extension 'colcon_meta'
[0.234s] Level 1:colcon.colcon_core.package_identification:_identify(src/VRX_Foxy/wamv_description) by extensions ['ros']
[0.234s] Level 1:colcon.colcon_core.package_identification:_identify(src/VRX_Foxy/wamv_description) by extension 'ros'
[0.234s] DEBUG:colcon.colcon_core.package_identification:Package 'src/VRX_Foxy/wamv_description' with type 'ros.ament_cmake' and name 'wamv_description'
[0.235s] Level 1:colcon.colcon_core.package_identification:_identify(src/VRX_Foxy/wamv_gazebo) by extensions ['ignore', 'ignore_ament_install']
[0.235s] Level 1:colcon.colcon_core.package_identification:_identify(src/VRX_Foxy/wamv_gazebo) by extension 'ignore'
[0.235s] Level 1:colcon.colcon_core.package_identification:_identify(src/VRX_Foxy/wamv_gazebo) by extension 'ignore_ament_install'
[0.235s] Level 1:colcon.colcon_core.package_identification:_identify(src/VRX_Foxy/wamv_gazebo) by extensions ['colcon_pkg']
[0.235s] Level 1:colcon.colcon_core.package_identification:_identify(src/VRX_Foxy/wamv_gazebo) by extension 'colcon_pkg'
[0.235s] Level 1:colcon.colcon_core.package_identification:_identify(src/VRX_Foxy/wamv_gazebo) by extensions ['colcon_meta']
[0.235s] Level 1:colcon.colcon_core.package_identification:_identify(src/VRX_Foxy/wamv_gazebo) by extension 'colcon_meta'
[0.235s] Level 1:colcon.colcon_core.package_identification:_identify(src/VRX_Foxy/wamv_gazebo) by extensions ['ros']
[0.235s] Level 1:colcon.colcon_core.package_identification:_identify(src/VRX_Foxy/wamv_gazebo) by extension 'ros'
[0.236s] DEBUG:colcon.colcon_core.package_identification:Package 'src/VRX_Foxy/wamv_gazebo' with type 'ros.ament_cmake' and name 'wamv_gazebo'
[0.236s] Level 1:colcon.colcon_core.package_identification:_identify(src/VRX_Foxy/wave_gazebo) by extensions ['ignore', 'ignore_ament_install']
[0.236s] Level 1:colcon.colcon_core.package_identification:_identify(src/VRX_Foxy/wave_gazebo) by extension 'ignore'
[0.237s] Level 1:colcon.colcon_core.package_identification:_identify(src/VRX_Foxy/wave_gazebo) by extension 'ignore_ament_install'
[0.237s] Level 1:colcon.colcon_core.package_identification:_identify(src/VRX_Foxy/wave_gazebo) by extensions ['colcon_pkg']
[0.237s] Level 1:colcon.colcon_core.package_identification:_identify(src/VRX_Foxy/wave_gazebo) by extension 'colcon_pkg'
[0.237s] Level 1:colcon.colcon_core.package_identification:_identify(src/VRX_Foxy/wave_gazebo) by extensions ['colcon_meta']
[0.237s] Level 1:colcon.colcon_core.package_identification:_identify(src/VRX_Foxy/wave_gazebo) by extension 'colcon_meta'
[0.237s] Level 1:colcon.colcon_core.package_identification:_identify(src/VRX_Foxy/wave_gazebo) by extensions ['ros']
[0.237s] Level 1:colcon.colcon_core.package_identification:_identify(src/VRX_Foxy/wave_gazebo) by extension 'ros'
[0.238s] DEBUG:colcon.colcon_core.package_identification:Package 'src/VRX_Foxy/wave_gazebo' with type 'ros.ament_cmake' and name 'wave_gazebo'
[0.238s] Level 1:colcon.colcon_core.package_identification:_identify(src/VRX_Foxy/wave_gazebo_plugins) by extensions ['ignore', 'ignore_ament_install']
[0.238s] Level 1:colcon.colcon_core.package_identification:_identify(src/VRX_Foxy/wave_gazebo_plugins) by extension 'ignore'
[0.238s] Level 1:colcon.colcon_core.package_identification:_identify(src/VRX_Foxy/wave_gazebo_plugins) by extension 'ignore_ament_install'
[0.238s] Level 1:colcon.colcon_core.package_identification:_identify(src/VRX_Foxy/wave_gazebo_plugins) by extensions ['colcon_pkg']
[0.238s] Level 1:colcon.colcon_core.package_identification:_identify(src/VRX_Foxy/wave_gazebo_plugins) by extension 'colcon_pkg'
[0.238s] Level 1:colcon.colcon_core.package_identification:_identify(src/VRX_Foxy/wave_gazebo_plugins) by extensions ['colcon_meta']
[0.238s] Level 1:colcon.colcon_core.package_identification:_identify(src/VRX_Foxy/wave_gazebo_plugins) by extension 'colcon_meta'
[0.238s] Level 1:colcon.colcon_core.package_identification:_identify(src/VRX_Foxy/wave_gazebo_plugins) by extensions ['ros']
[0.238s] Level 1:colcon.colcon_core.package_identification:_identify(src/VRX_Foxy/wave_gazebo_plugins) by extension 'ros'
[0.239s] DEBUG:colcon.colcon_core.package_identification:Package 'src/VRX_Foxy/wave_gazebo_plugins' with type 'ros.ament_cmake' and name 'wave_gazebo_plugins'
[0.239s] Level 1:colcon.colcon_core.package_identification:_identify(src/mavlink) by extensions ['ignore', 'ignore_ament_install']
[0.239s] Level 1:colcon.colcon_core.package_identification:_identify(src/mavlink) by extension 'ignore'
[0.239s] Level 1:colcon.colcon_core.package_identification:_identify(src/mavlink) by extension 'ignore_ament_install'
[0.239s] Level 1:colcon.colcon_core.package_identification:_identify(src/mavlink) by extensions ['colcon_pkg']
[0.239s] Level 1:colcon.colcon_core.package_identification:_identify(src/mavlink) by extension 'colcon_pkg'
[0.239s] Level 1:colcon.colcon_core.package_identification:_identify(src/mavlink) by extensions ['colcon_meta']
[0.239s] Level 1:colcon.colcon_core.package_identification:_identify(src/mavlink) by extension 'colcon_meta'
[0.239s] Level 1:colcon.colcon_core.package_identification:_identify(src/mavlink) by extensions ['ros']
[0.239s] Level 1:colcon.colcon_core.package_identification:_identify(src/mavlink) by extension 'ros'
[0.244s] DEBUG:colcon.colcon_core.package_identification:Package 'src/mavlink' with type 'ros.cmake' and name 'mavlink'
[0.244s] Level 1:colcon.colcon_core.package_identification:_identify(src/mavros) by extensions ['ignore', 'ignore_ament_install']
[0.244s] Level 1:colcon.colcon_core.package_identification:_identify(src/mavros) by extension 'ignore'
[0.244s] Level 1:colcon.colcon_core.package_identification:_identify(src/mavros) by extension 'ignore_ament_install'
[0.244s] Level 1:colcon.colcon_core.package_identification:_identify(src/mavros) by extensions ['colcon_pkg']
[0.244s] Level 1:colcon.colcon_core.package_identification:_identify(src/mavros) by extension 'colcon_pkg'
[0.244s] Level 1:colcon.colcon_core.package_identification:_identify(src/mavros) by extensions ['colcon_meta']
[0.244s] Level 1:colcon.colcon_core.package_identification:_identify(src/mavros) by extension 'colcon_meta'
[0.244s] Level 1:colcon.colcon_core.package_identification:_identify(src/mavros) by extensions ['ros']
[0.244s] Level 1:colcon.colcon_core.package_identification:_identify(src/mavros) by extension 'ros'
[0.244s] Level 1:colcon.colcon_core.package_identification:_identify(src/mavros) by extensions ['cmake', 'python']
[0.244s] Level 1:colcon.colcon_core.package_identification:_identify(src/mavros) by extension 'cmake'
[0.244s] Level 1:colcon.colcon_core.package_identification:_identify(src/mavros) by extension 'python'
[0.244s] Level 1:colcon.colcon_core.package_identification:_identify(src/mavros) by extensions ['python_setup_py']
[0.244s] Level 1:colcon.colcon_core.package_identification:_identify(src/mavros) by extension 'python_setup_py'
[0.244s] Level 1:colcon.colcon_core.package_identification:_identify(src/mavros/libmavconn) by extensions ['ignore', 'ignore_ament_install']
[0.245s] Level 1:colcon.colcon_core.package_identification:_identify(src/mavros/libmavconn) by extension 'ignore'
[0.245s] Level 1:colcon.colcon_core.package_identification:_identify(src/mavros/libmavconn) by extension 'ignore_ament_install'
[0.245s] Level 1:colcon.colcon_core.package_identification:_identify(src/mavros/libmavconn) by extensions ['colcon_pkg']
[0.245s] Level 1:colcon.colcon_core.package_identification:_identify(src/mavros/libmavconn) by extension 'colcon_pkg'
[0.245s] Level 1:colcon.colcon_core.package_identification:_identify(src/mavros/libmavconn) by extensions ['colcon_meta']
[0.245s] Level 1:colcon.colcon_core.package_identification:_identify(src/mavros/libmavconn) by extension 'colcon_meta'
[0.245s] Level 1:colcon.colcon_core.package_identification:_identify(src/mavros/libmavconn) by extensions ['ros']
[0.245s] Level 1:colcon.colcon_core.package_identification:_identify(src/mavros/libmavconn) by extension 'ros'
[0.246s] DEBUG:colcon.colcon_core.package_identification:Package 'src/mavros/libmavconn' with type 'ros.ament_cmake' and name 'libmavconn'
[0.246s] Level 1:colcon.colcon_core.package_identification:_identify(src/mavros/mavros) by extensions ['ignore', 'ignore_ament_install']
[0.246s] Level 1:colcon.colcon_core.package_identification:_identify(src/mavros/mavros) by extension 'ignore'
[0.246s] Level 1:colcon.colcon_core.package_identification:_identify(src/mavros/mavros) by extension 'ignore_ament_install'
[0.246s] Level 1:colcon.colcon_core.package_identification:_identify(src/mavros/mavros) by extensions ['colcon_pkg']
[0.246s] Level 1:colcon.colcon_core.package_identification:_identify(src/mavros/mavros) by extension 'colcon_pkg'
[0.246s] Level 1:colcon.colcon_core.package_identification:_identify(src/mavros/mavros) by extensions ['colcon_meta']
[0.246s] Level 1:colcon.colcon_core.package_identification:_identify(src/mavros/mavros) by extension 'colcon_meta'
[0.246s] Level 1:colcon.colcon_core.package_identification:_identify(src/mavros/mavros) by extensions ['ros']
[0.246s] Level 1:colcon.colcon_core.package_identification:_identify(src/mavros/mavros) by extension 'ros'
[0.251s] DEBUG:colcon.colcon_core.package_identification:Package 'src/mavros/mavros' with type 'ros.ament_cmake' and name 'mavros'
[0.251s] Level 1:colcon.colcon_core.package_identification:_identify(src/mavros/mavros_extras) by extensions ['ignore', 'ignore_ament_install']
[0.251s] Level 1:colcon.colcon_core.package_identification:_identify(src/mavros/mavros_extras) by extension 'ignore'
[0.251s] Level 1:colcon.colcon_core.package_identification:_identify(src/mavros/mavros_extras) by extension 'ignore_ament_install'
[0.251s] Level 1:colcon.colcon_core.package_identification:_identify(src/mavros/mavros_extras) by extensions ['colcon_pkg']
[0.251s] Level 1:colcon.colcon_core.package_identification:_identify(src/mavros/mavros_extras) by extension 'colcon_pkg'
[0.251s] Level 1:colcon.colcon_core.package_identification:_identify(src/mavros/mavros_extras) by extensions ['colcon_meta']
[0.251s] Level 1:colcon.colcon_core.package_identification:_identify(src/mavros/mavros_extras) by extension 'colcon_meta'
[0.251s] Level 1:colcon.colcon_core.package_identification:_identify(src/mavros/mavros_extras) by extensions ['ros']
[0.251s] Level 1:colcon.colcon_core.package_identification:_identify(src/mavros/mavros_extras) by extension 'ros'
[0.256s] DEBUG:colcon.colcon_core.package_identification:Package 'src/mavros/mavros_extras' with type 'ros.ament_cmake' and name 'mavros_extras'
[0.256s] Level 1:colcon.colcon_core.package_identification:_identify(src/mavros/mavros_msgs) by extensions ['ignore', 'ignore_ament_install']
[0.256s] Level 1:colcon.colcon_core.package_identification:_identify(src/mavros/mavros_msgs) by extension 'ignore'
[0.256s] Level 1:colcon.colcon_core.package_identification:_identify(src/mavros/mavros_msgs) by extension 'ignore_ament_install'
[0.256s] Level 1:colcon.colcon_core.package_identification:_identify(src/mavros/mavros_msgs) by extensions ['colcon_pkg']
[0.256s] Level 1:colcon.colcon_core.package_identification:_identify(src/mavros/mavros_msgs) by extension 'colcon_pkg'
[0.256s] Level 1:colcon.colcon_core.package_identification:_identify(src/mavros/mavros_msgs) by extensions ['colcon_meta']
[0.256s] Level 1:colcon.colcon_core.package_identification:_identify(src/mavros/mavros_msgs) by extension 'colcon_meta'
[0.256s] Level 1:colcon.colcon_core.package_identification:_identify(src/mavros/mavros_msgs) by extensions ['ros']
[0.256s] Level 1:colcon.colcon_core.package_identification:_identify(src/mavros/mavros_msgs) by extension 'ros'
[0.257s] DEBUG:colcon.colcon_core.package_identification:Package 'src/mavros/mavros_msgs' with type 'ros.ament_cmake' and name 'mavros_msgs'
[0.257s] Level 1:colcon.colcon_core.package_identification:_identify(src/mavros/test_mavros) by extensions ['ignore', 'ignore_ament_install']
[0.257s] Level 1:colcon.colcon_core.package_identification:_identify(src/mavros/test_mavros) by extension 'ignore'
[0.257s] Level 1:colcon.colcon_core.package_identification:_identify(src/mavros/test_mavros) ignored
[0.257s] Level 1:colcon.colcon_core.package_discovery:discover_packages(recursive) using defaults
[0.258s] Level 1:colcon.colcon_core.package_discovery:discover_packages(ignore) discover
[0.258s] Level 1:colcon.colcon_core.package_discovery:discover_packages(ignore) using defaults
[0.258s] Level 1:colcon.colcon_core.package_discovery:discover_packages(path) discover
[0.258s] Level 1:colcon.colcon_core.package_discovery:discover_packages(path) using defaults
[0.280s] INFO:colcon.colcon_core.package_selection:Skipping not selected package 'mavlink' in 'src/mavlink'
[0.280s] INFO:colcon.colcon_core.package_selection:Skipping not selected package 'mavros_msgs' in 'src/mavros/mavros_msgs'
[0.280s] INFO:colcon.colcon_core.package_selection:Skipping not selected package 'usv_msgs' in 'src/VRX_Foxy/usv_msgs'
[0.280s] INFO:colcon.colcon_core.package_selection:Skipping not selected package 'wamv_description' in 'src/VRX_Foxy/wamv_description'
[0.280s] INFO:colcon.colcon_core.package_selection:Skipping not selected package 'wave_gazebo_plugins' in 'src/VRX_Foxy/wave_gazebo_plugins'
[0.280s] INFO:colcon.colcon_core.package_selection:Skipping not selected package 'libmavconn' in 'src/mavros/libmavconn'
[0.280s] INFO:colcon.colcon_core.package_selection:Skipping not selected package 'usv_gazebo_plugins' in 'src/VRX_Foxy/usv_gazebo_plugins'
[0.280s] INFO:colcon.colcon_core.package_selection:Skipping not selected package 'wave_gazebo' in 'src/VRX_Foxy/wave_gazebo'
[0.280s] INFO:colcon.colcon_core.package_selection:Skipping not selected package 'mavros' in 'src/mavros/mavros'
[0.280s] INFO:colcon.colcon_core.package_selection:Skipping not selected package 'mavros_extras' in 'src/mavros/mavros_extras'
[0.280s] INFO:colcon.colcon_core.package_selection:Skipping not selected package 'vrx_gazebo' in 'src/VRX_Foxy/vrx_gazebo'
[0.280s] INFO:colcon.colcon_core.package_selection:Skipping not selected package 'robotx_2022' in 'src/VRX_Foxy/robotX_2022'
[0.281s] Level 1:colcon.colcon_core.package_discovery:discover_packages(prefix_path) check parameters
[0.281s] Level 1:colcon.colcon_core.package_discovery:discover_packages(prefix_path) discover
[0.284s] DEBUG:colcon.colcon_installed_package_information.package_discovery:Found 14 installed packages in /home/grant/ros2_ws/install
[0.291s] DEBUG:colcon.colcon_installed_package_information.package_discovery:Found 311 installed packages in /home/grant/ros2_foxy/ros2-linux
[0.295s] DEBUG:colcon.colcon_installed_package_information.package_discovery:Found 270 installed packages in /opt/ros/foxy
[0.307s] Level 1:colcon.colcon_core.package_discovery:discover_packages(prefix_path) using defaults
[0.398s] WARNING:colcon.colcon_core.package_selection:Some selected packages are already built in one or more underlay workspaces:
	'wamv_gazebo' is in: /home/grant/ros2_ws/install/wamv_gazebo
If a package in a merged underlay workspace is overridden and it installs headers, then all packages in the overlay must sort their include directories by workspace order. Failure to do so may result in build failures or undefined behavior at run time.
If the overridden package is used by another package in any underlay, then the overriding package in the overlay must be API and ABI compatible or undefined behavior at run time may occur.

If you understand the risks and want to override a package anyways, add the following to the command line:
	--allow-overriding wamv_gazebo

This may be promoted to an error in a future release of colcon-override-check.
[0.400s] Level 5:colcon.colcon_core.verb:set package 'wamv_gazebo' build argument 'cmake_args' from command line to 'None'
[0.400s] Level 5:colcon.colcon_core.verb:set package 'wamv_gazebo' build argument 'cmake_target' from command line to 'None'
[0.400s] Level 5:colcon.colcon_core.verb:set package 'wamv_gazebo' build argument 'cmake_target_skip_unavailable' from command line to 'False'
[0.400s] Level 5:colcon.colcon_core.verb:set package 'wamv_gazebo' build argument 'cmake_clean_cache' from command line to 'False'
[0.400s] Level 5:colcon.colcon_core.verb:set package 'wamv_gazebo' build argument 'cmake_clean_first' from command line to 'False'
[0.400s] Level 5:colcon.colcon_core.verb:set package 'wamv_gazebo' build argument 'cmake_force_configure' from command line to 'False'
[0.400s] Level 5:colcon.colcon_core.verb:set package 'wamv_gazebo' build argument 'ament_cmake_args' from command line to 'None'
[0.400s] Level 5:colcon.colcon_core.verb:set package 'wamv_gazebo' build argument 'catkin_cmake_args' from command line to 'None'
[0.400s] Level 5:colcon.colcon_core.verb:set package 'wamv_gazebo' build argument 'catkin_skip_building_tests' from command line to 'False'
[0.400s] DEBUG:colcon.colcon_core.verb:Building package 'wamv_gazebo' with the following arguments: {'ament_cmake_args': None, 'build_base': '/home/grant/ros2_ws/build/wamv_gazebo', 'catkin_cmake_args': None, 'catkin_skip_building_tests': False, 'cmake_args': None, 'cmake_clean_cache': False, 'cmake_clean_first': False, 'cmake_force_configure': False, 'cmake_target': None, 'cmake_target_skip_unavailable': False, 'install_base': '/home/grant/ros2_ws/install/wamv_gazebo', 'merge_install': False, 'path': '/home/grant/ros2_ws/src/VRX_Foxy/wamv_gazebo', 'symlink_install': False, 'test_result_base': None}
[0.401s] INFO:colcon.colcon_core.executor:Executing jobs using 'parallel' executor
[0.407s] DEBUG:colcon.colcon_parallel_executor.executor.parallel:run_until_complete
[0.407s] INFO:colcon.colcon_ros.task.ament_cmake.build:Building ROS package in '/home/grant/ros2_ws/src/VRX_Foxy/wamv_gazebo' with build type 'ament_cmake'
[0.407s] INFO:colcon.colcon_cmake.task.cmake.build:Building CMake package in '/home/grant/ros2_ws/src/VRX_Foxy/wamv_gazebo'
[0.412s] INFO:colcon.colcon_core.plugin_system:Skipping extension 'colcon_core.shell.bat': Not used on non-Windows systems
[0.412s] INFO:colcon.colcon_core.shell:Skip shell extension 'powershell' for command environment: Not usable outside of PowerShell
[0.412s] DEBUG:colcon.colcon_core.shell:Skip shell extension 'dsv' for command environment
[0.424s] DEBUG:colcon.colcon_core.shell:Ignoring prefix path '/home/grant/vrx_ws/devel'
[0.449s] DEBUG:colcon.colcon_core.event_handler.log_command:Invoking command in '/home/grant/ros2_ws/build/wamv_gazebo': CMAKE_PREFIX_PATH=/home/grant/ros2_ws/install/usv_gazebo_plugins:/home/grant/ros2_ws/install/wave_gazebo_plugins:/home/grant/ros2_ws/install/wamv_description:/home/grant/ros2_ws/install/usv_msgs:/home/grant/ros2_ws/install/robotx_2022:/home/grant/ros2_ws/install/vrx_gazebo:/home/grant/ros2_ws/install/wave_gazebo:/home/grant/ros2_ws/install/wamv_gazebo:/home/grant/ros2_ws/install/mavros_extras:/home/grant/ros2_ws/install/mavros:/home/grant/ros2_ws/install/mavros_msgs:/home/grant/ros2_ws/install/libmavconn:/home/grant/ros2_ws/install/mavlink:/opt/ros/foxy:/home/grant/vrx_ws/devel:/home/grant/ros2_foxy/ros2-linux CONDA_PROMPT_MODIFIER=(base) LD_LIBRARY_PATH=/home/grant/ros2_ws/install/usv_gazebo_plugins/lib:/home/grant/ros2_ws/install/wave_gazebo_plugins/lib:/home/grant/ros2_ws/install/usv_msgs/lib:/home/grant/ros2_ws/install/vrx_gazebo/lib:/home/grant/ros2_ws/install/mavros_extras/lib:/home/grant/ros2_ws/install/mavros/lib:/home/grant/ros2_ws/install/mavros_msgs/lib:/home/grant/ros2_ws/install/libmavconn/lib:/home/grant/vrx_ws/devel/lib:/usr/lib/x86_64-linux-gnu/gazebo-11/plugins:/opt/ros/foxy/opt/yaml_cpp_vendor/lib:/opt/ros/foxy/opt/rviz_ogre_vendor/lib:/opt/ros/foxy/lib/x86_64-linux-gnu:/opt/ros/foxy/lib:/home/grant/ros2_foxy/ros2-linux/opt/yaml_cpp_vendor/lib:/home/grant/ros2_foxy/ros2-linux/opt/rviz_ogre_vendor/lib:/opt/rti.com/rti_connext_dds-5.3.1/lib/x64Linux3gcc5.4.0:/home/grant/ros2_foxy/ros2-linux/lib:/usr/lib/x86_64-linux-gnu/gazebo-11/plugins PYTHONPATH=/home/grant/ros2_ws/install/usv_msgs/lib/python3.8/site-packages:/home/grant/ros2_ws/install/vrx_gazebo/lib/python3.8/site-packages:/home/grant/ros2_ws/install/mavros/lib/python3.8/site-packages:/home/grant/ros2_ws/install/mavros_msgs/lib/python3.8/site-packages:/home/grant/vrx_ws/devel/lib/python3/dist-packages:/opt/ros/foxy/lib/python3.8/site-packages:/home/grant/ros2_foxy/ros2-linux/lib/python3.8/site-packages /usr/bin/cmake --build /home/grant/ros2_ws/build/wamv_gazebo -- -j8 -l8
[0.495s] DEBUG:colcon.colcon_core.event_handler.log_command:Invoked command in '/home/grant/ros2_ws/build/wamv_gazebo' returned '0': CMAKE_PREFIX_PATH=/home/grant/ros2_ws/install/usv_gazebo_plugins:/home/grant/ros2_ws/install/wave_gazebo_plugins:/home/grant/ros2_ws/install/wamv_description:/home/grant/ros2_ws/install/usv_msgs:/home/grant/ros2_ws/install/robotx_2022:/home/grant/ros2_ws/install/vrx_gazebo:/home/grant/ros2_ws/install/wave_gazebo:/home/grant/ros2_ws/install/wamv_gazebo:/home/grant/ros2_ws/install/mavros_extras:/home/grant/ros2_ws/install/mavros:/home/grant/ros2_ws/install/mavros_msgs:/home/grant/ros2_ws/install/libmavconn:/home/grant/ros2_ws/install/mavlink:/opt/ros/foxy:/home/grant/vrx_ws/devel:/home/grant/ros2_foxy/ros2-linux CONDA_PROMPT_MODIFIER=(base) LD_LIBRARY_PATH=/home/grant/ros2_ws/install/usv_gazebo_plugins/lib:/home/grant/ros2_ws/install/wave_gazebo_plugins/lib:/home/grant/ros2_ws/install/usv_msgs/lib:/home/grant/ros2_ws/install/vrx_gazebo/lib:/home/grant/ros2_ws/install/mavros_extras/lib:/home/grant/ros2_ws/install/mavros/lib:/home/grant/ros2_ws/install/mavros_msgs/lib:/home/grant/ros2_ws/install/libmavconn/lib:/home/grant/vrx_ws/devel/lib:/usr/lib/x86_64-linux-gnu/gazebo-11/plugins:/opt/ros/foxy/opt/yaml_cpp_vendor/lib:/opt/ros/foxy/opt/rviz_ogre_vendor/lib:/opt/ros/foxy/lib/x86_64-linux-gnu:/opt/ros/foxy/lib:/home/grant/ros2_foxy/ros2-linux/opt/yaml_cpp_vendor/lib:/home/grant/ros2_foxy/ros2-linux/opt/rviz_ogre_vendor/lib:/opt/rti.com/rti_connext_dds-5.3.1/lib/x64Linux3gcc5.4.0:/home/grant/ros2_foxy/ros2-linux/lib:/usr/lib/x86_64-linux-gnu/gazebo-11/plugins PYTHONPATH=/home/grant/ros2_ws/install/usv_msgs/lib/python3.8/site-packages:/home/grant/ros2_ws/install/vrx_gazebo/lib/python3.8/site-packages:/home/grant/ros2_ws/install/mavros/lib/python3.8/site-packages:/home/grant/ros2_ws/install/mavros_msgs/lib/python3.8/site-packages:/home/grant/vrx_ws/devel/lib/python3/dist-packages:/opt/ros/foxy/lib/python3.8/site-packages:/home/grant/ros2_foxy/ros2-linux/lib/python3.8/site-packages /usr/bin/cmake --build /home/grant/ros2_ws/build/wamv_gazebo -- -j8 -l8
[0.521s] DEBUG:colcon.colcon_core.event_handler.log_command:Invoking command in '/home/grant/ros2_ws/build/wamv_gazebo': CMAKE_PREFIX_PATH=/home/grant/ros2_ws/install/usv_gazebo_plugins:/home/grant/ros2_ws/install/wave_gazebo_plugins:/home/grant/ros2_ws/install/wamv_description:/home/grant/ros2_ws/install/usv_msgs:/home/grant/ros2_ws/install/robotx_2022:/home/grant/ros2_ws/install/vrx_gazebo:/home/grant/ros2_ws/install/wave_gazebo:/home/grant/ros2_ws/install/wamv_gazebo:/home/grant/ros2_ws/install/mavros_extras:/home/grant/ros2_ws/install/mavros:/home/grant/ros2_ws/install/mavros_msgs:/home/grant/ros2_ws/install/libmavconn:/home/grant/ros2_ws/install/mavlink:/opt/ros/foxy:/home/grant/vrx_ws/devel:/home/grant/ros2_foxy/ros2-linux CONDA_PROMPT_MODIFIER=(base) LD_LIBRARY_PATH=/home/grant/ros2_ws/install/usv_gazebo_plugins/lib:/home/grant/ros2_ws/install/wave_gazebo_plugins/lib:/home/grant/ros2_ws/install/usv_msgs/lib:/home/grant/ros2_ws/install/vrx_gazebo/lib:/home/grant/ros2_ws/install/mavros_extras/lib:/home/grant/ros2_ws/install/mavros/lib:/home/grant/ros2_ws/install/mavros_msgs/lib:/home/grant/ros2_ws/install/libmavconn/lib:/home/grant/vrx_ws/devel/lib:/usr/lib/x86_64-linux-gnu/gazebo-11/plugins:/opt/ros/foxy/opt/yaml_cpp_vendor/lib:/opt/ros/foxy/opt/rviz_ogre_vendor/lib:/opt/ros/foxy/lib/x86_64-linux-gnu:/opt/ros/foxy/lib:/home/grant/ros2_foxy/ros2-linux/opt/yaml_cpp_vendor/lib:/home/grant/ros2_foxy/ros2-linux/opt/rviz_ogre_vendor/lib:/opt/rti.com/rti_connext_dds-5.3.1/lib/x64Linux3gcc5.4.0:/home/grant/ros2_foxy/ros2-linux/lib:/usr/lib/x86_64-linux-gnu/gazebo-11/plugins PYTHONPATH=/home/grant/ros2_ws/install/usv_msgs/lib/python3.8/site-packages:/home/grant/ros2_ws/install/vrx_gazebo/lib/python3.8/site-packages:/home/grant/ros2_ws/install/mavros/lib/python3.8/site-packages:/home/grant/ros2_ws/install/mavros_msgs/lib/python3.8/site-packages:/home/grant/vrx_ws/devel/lib/python3/dist-packages:/opt/ros/foxy/lib/python3.8/site-packages:/home/grant/ros2_foxy/ros2-linux/lib/python3.8/site-packages /usr/bin/cmake --install /home/grant/ros2_ws/build/wamv_gazebo
[0.534s] Level 1:colcon.colcon_core.environment:create_environment_scripts_only(wamv_gazebo)
[0.536s] DEBUG:colcon.colcon_core.event_handler.log_command:Invoked command in '/home/grant/ros2_ws/build/wamv_gazebo' returned '0': CMAKE_PREFIX_PATH=/home/grant/ros2_ws/install/usv_gazebo_plugins:/home/grant/ros2_ws/install/wave_gazebo_plugins:/home/grant/ros2_ws/install/wamv_description:/home/grant/ros2_ws/install/usv_msgs:/home/grant/ros2_ws/install/robotx_2022:/home/grant/ros2_ws/install/vrx_gazebo:/home/grant/ros2_ws/install/wave_gazebo:/home/grant/ros2_ws/install/wamv_gazebo:/home/grant/ros2_ws/install/mavros_extras:/home/grant/ros2_ws/install/mavros:/home/grant/ros2_ws/install/mavros_msgs:/home/grant/ros2_ws/install/libmavconn:/home/grant/ros2_ws/install/mavlink:/opt/ros/foxy:/home/grant/vrx_ws/devel:/home/grant/ros2_foxy/ros2-linux CONDA_PROMPT_MODIFIER=(base) LD_LIBRARY_PATH=/home/grant/ros2_ws/install/usv_gazebo_plugins/lib:/home/grant/ros2_ws/install/wave_gazebo_plugins/lib:/home/grant/ros2_ws/install/usv_msgs/lib:/home/grant/ros2_ws/install/vrx_gazebo/lib:/home/grant/ros2_ws/install/mavros_extras/lib:/home/grant/ros2_ws/install/mavros/lib:/home/grant/ros2_ws/install/mavros_msgs/lib:/home/grant/ros2_ws/install/libmavconn/lib:/home/grant/vrx_ws/devel/lib:/usr/lib/x86_64-linux-gnu/gazebo-11/plugins:/opt/ros/foxy/opt/yaml_cpp_vendor/lib:/opt/ros/foxy/opt/rviz_ogre_vendor/lib:/opt/ros/foxy/lib/x86_64-linux-gnu:/opt/ros/foxy/lib:/home/grant/ros2_foxy/ros2-linux/opt/yaml_cpp_vendor/lib:/home/grant/ros2_foxy/ros2-linux/opt/rviz_ogre_vendor/lib:/opt/rti.com/rti_connext_dds-5.3.1/lib/x64Linux3gcc5.4.0:/home/grant/ros2_foxy/ros2-linux/lib:/usr/lib/x86_64-linux-gnu/gazebo-11/plugins PYTHONPATH=/home/grant/ros2_ws/install/usv_msgs/lib/python3.8/site-packages:/home/grant/ros2_ws/install/vrx_gazebo/lib/python3.8/site-packages:/home/grant/ros2_ws/install/mavros/lib/python3.8/site-packages:/home/grant/ros2_ws/install/mavros_msgs/lib/python3.8/site-packages:/home/grant/vrx_ws/devel/lib/python3/dist-packages:/opt/ros/foxy/lib/python3.8/site-packages:/home/grant/ros2_foxy/ros2-linux/lib/python3.8/site-packages /usr/bin/cmake --install /home/grant/ros2_ws/build/wamv_gazebo
[0.540s] Level 1:colcon.colcon_core.environment:checking '/home/grant/ros2_ws/install/wamv_gazebo' for CMake module files
[0.541s] Level 1:colcon.colcon_core.environment:checking '/home/grant/ros2_ws/install/wamv_gazebo' for CMake config files
[0.541s] Level 1:colcon.colcon_core.shell:create_environment_hook('wamv_gazebo', 'cmake_prefix_path')
[0.543s] INFO:colcon.colcon_core.shell:Creating environment hook '/home/grant/ros2_ws/install/wamv_gazebo/share/wamv_gazebo/hook/cmake_prefix_path.ps1'
[0.544s] INFO:colcon.colcon_core.shell:Creating environment descriptor '/home/grant/ros2_ws/install/wamv_gazebo/share/wamv_gazebo/hook/cmake_prefix_path.dsv'
[0.544s] INFO:colcon.colcon_core.shell:Creating environment hook '/home/grant/ros2_ws/install/wamv_gazebo/share/wamv_gazebo/hook/cmake_prefix_path.sh'
[0.545s] Level 1:colcon.colcon_core.environment:checking '/home/grant/ros2_ws/install/wamv_gazebo/bin'
[0.545s] Level 1:colcon.colcon_core.environment:checking '/home/grant/ros2_ws/install/wamv_gazebo/lib/pkgconfig/wamv_gazebo.pc'
[0.546s] Level 1:colcon.colcon_core.environment:checking '/home/grant/ros2_ws/install/wamv_gazebo/lib/python3.8/site-packages'
[0.546s] Level 1:colcon.colcon_core.environment:checking '/home/grant/ros2_ws/install/wamv_gazebo/bin'
[0.548s] INFO:colcon.colcon_core.shell:Creating package script '/home/grant/ros2_ws/install/wamv_gazebo/share/wamv_gazebo/package.ps1'
[0.549s] INFO:colcon.colcon_core.shell:Creating package descriptor '/home/grant/ros2_ws/install/wamv_gazebo/share/wamv_gazebo/package.dsv'
[0.549s] INFO:colcon.colcon_core.shell:Creating package script '/home/grant/ros2_ws/install/wamv_gazebo/share/wamv_gazebo/package.sh'
[0.550s] INFO:colcon.colcon_core.shell:Creating package script '/home/grant/ros2_ws/install/wamv_gazebo/share/wamv_gazebo/package.bash'
[0.551s] INFO:colcon.colcon_core.shell:Creating package script '/home/grant/ros2_ws/install/wamv_gazebo/share/wamv_gazebo/package.zsh'
[0.552s] Level 1:colcon.colcon_core.environment:create_file_with_runtime_dependencies(/home/grant/ros2_ws/install/wamv_gazebo/share/colcon-core/packages/wamv_gazebo)
[0.577s] Level 1:colcon.colcon_core.environment:create_environment_scripts_only(wamv_gazebo)
[0.580s] Level 1:colcon.colcon_core.environment:checking '/home/grant/ros2_ws/install/wamv_gazebo' for CMake module files
[0.581s] Level 1:colcon.colcon_core.environment:checking '/home/grant/ros2_ws/install/wamv_gazebo' for CMake config files
[0.581s] Level 1:colcon.colcon_core.shell:create_environment_hook('wamv_gazebo', 'cmake_prefix_path')
[0.583s] INFO:colcon.colcon_core.shell:Creating environment hook '/home/grant/ros2_ws/install/wamv_gazebo/share/wamv_gazebo/hook/cmake_prefix_path.ps1'
[0.583s] INFO:colcon.colcon_core.shell:Creating environment descriptor '/home/grant/ros2_ws/install/wamv_gazebo/share/wamv_gazebo/hook/cmake_prefix_path.dsv'
[0.584s] INFO:colcon.colcon_core.shell:Creating environment hook '/home/grant/ros2_ws/install/wamv_gazebo/share/wamv_gazebo/hook/cmake_prefix_path.sh'
[0.584s] Level 1:colcon.colcon_core.environment:checking '/home/grant/ros2_ws/install/wamv_gazebo/bin'
[0.584s] Level 1:colcon.colcon_core.environment:checking '/home/grant/ros2_ws/install/wamv_gazebo/lib/pkgconfig/wamv_gazebo.pc'
[0.584s] Level 1:colcon.colcon_core.environment:checking '/home/grant/ros2_ws/install/wamv_gazebo/lib/python3.8/site-packages'
[0.585s] Level 1:colcon.colcon_core.environment:checking '/home/grant/ros2_ws/install/wamv_gazebo/bin'
[0.586s] INFO:colcon.colcon_core.shell:Creating package script '/home/grant/ros2_ws/install/wamv_gazebo/share/wamv_gazebo/package.ps1'
[0.587s] INFO:colcon.colcon_core.shell:Creating package descriptor '/home/grant/ros2_ws/install/wamv_gazebo/share/wamv_gazebo/package.dsv'
[0.587s] INFO:colcon.colcon_core.shell:Creating package script '/home/grant/ros2_ws/install/wamv_gazebo/share/wamv_gazebo/package.sh'
[0.587s] INFO:colcon.colcon_core.shell:Creating package script '/home/grant/ros2_ws/install/wamv_gazebo/share/wamv_gazebo/package.bash'
[0.588s] INFO:colcon.colcon_core.shell:Creating package script '/home/grant/ros2_ws/install/wamv_gazebo/share/wamv_gazebo/package.zsh'
[0.588s] Level 1:colcon.colcon_core.environment:create_file_with_runtime_dependencies(/home/grant/ros2_ws/install/wamv_gazebo/share/colcon-core/packages/wamv_gazebo)
[0.588s] DEBUG:colcon.colcon_parallel_executor.executor.parallel:closing loop
[0.589s] DEBUG:colcon.colcon_parallel_executor.executor.parallel:loop closed
[0.589s] DEBUG:colcon.colcon_parallel_executor.executor.parallel:run_until_complete finished with '0'
[0.589s] DEBUG:colcon.colcon_core.event_reactor:joining thread
[0.596s] INFO:colcon.colcon_core.plugin_system:Skipping extension 'colcon_notification.desktop_notification.terminal_notifier': Not used on non-Darwin systems
[0.596s] INFO:colcon.colcon_core.plugin_system:Skipping extension 'colcon_notification.desktop_notification.win32': Not used on non-Windows systems
[0.596s] INFO:colcon.colcon_notification.desktop_notification:Sending desktop notification using 'notify2'
[0.605s] DEBUG:colcon.colcon_core.event_reactor:joined thread
[0.607s] INFO:colcon.colcon_core.shell:Creating prefix script '/home/grant/ros2_ws/install/local_setup.ps1'
[0.608s] INFO:colcon.colcon_core.shell:Creating prefix util module '/home/grant/ros2_ws/install/_local_setup_util_ps1.py'
[0.610s] INFO:colcon.colcon_core.shell:Creating prefix chain script '/home/grant/ros2_ws/install/setup.ps1'
[0.612s] INFO:colcon.colcon_core.shell:Creating prefix script '/home/grant/ros2_ws/install/local_setup.sh'
[0.613s] INFO:colcon.colcon_core.shell:Creating prefix util module '/home/grant/ros2_ws/install/_local_setup_util_sh.py'
[0.613s] INFO:colcon.colcon_core.shell:Creating prefix chain script '/home/grant/ros2_ws/install/setup.sh'
[0.615s] INFO:colcon.colcon_core.shell:Creating prefix script '/home/grant/ros2_ws/install/local_setup.bash'
[0.616s] INFO:colcon.colcon_core.shell:Creating prefix chain script '/home/grant/ros2_ws/install/setup.bash'
[0.618s] INFO:colcon.colcon_core.shell:Creating prefix script '/home/grant/ros2_ws/install/local_setup.zsh'
[0.618s] INFO:colcon.colcon_core.shell:Creating prefix chain script '/home/grant/ros2_ws/install/setup.zsh'
