[0.128s] Invoking command in '/home/grant/ros2_ws/build/wamv_description': CONDA_PROMPT_MODIFIER=(base) /usr/bin/cmake /home/grant/ros2_ws/src/adept-vrx/wamv_description -DCATKIN_INSTALL_INTO_PREFIX_ROOT=0 -DCMAKE_INSTALL_PREFIX=/home/grant/ros2_ws/install/wamv_description
[0.247s] -- The C compiler identification is GNU 9.4.0
[0.397s] -- The CXX compiler identification is GNU 9.4.0
[0.410s] -- Check for working C compiler: /usr/bin/cc
[0.479s] -- Check for working C compiler: /usr/bin/cc -- works
[0.480s] -- Detecting C compiler ABI info
[0.573s] -- Detecting C compiler ABI info - done
[0.590s] -- Detecting C compile features
[0.590s] -- Detecting C compile features - done
[0.597s] -- Check for working CXX compiler: /usr/bin/c++
[0.681s] -- Check for working CXX compiler: /usr/bin/c++ -- works
[0.682s] -- Detecting CXX compiler ABI info
[0.819s] -- Detecting CXX compiler ABI info - done
[0.838s] -- Detecting CXX compile features
[0.838s] -- Detecting CXX compile features - done
[0.895s] CMake Error at CMakeLists.txt:3 (find_package):
[0.895s]   By not providing "Findcatkin.cmake" in CMAKE_MODULE_PATH this project has
[0.895s]   asked CMake to find a package configuration file provided by "catkin", but
[0.895s]   CMake did not find one.
[0.895s] 
[0.895s]   Could not find a package configuration file provided by "catkin" with any
[0.895s]   of the following names:
[0.895s] 
[0.895s]     catkinConfig.cmake
[0.896s]     catkin-config.cmake
[0.896s] 
[0.896s]   Add the installation prefix of "catkin" to CMAKE_PREFIX_PATH or set
[0.896s]   "catkin_DIR" to a directory containing one of the above files.  If "catkin"
[0.896s]   provides a separate development package or SDK, be sure it has been
[0.896s]   installed.
[0.896s] 
[0.896s] 
[0.898s] -- Configuring incomplete, errors occurred!
[0.898s] See also "/home/grant/ros2_ws/build/wamv_description/CMakeFiles/CMakeOutput.log".
