[2.226s] Invoking command in '/home/adept/ros2_ws_2/src/ros2_robotx': PYTHONPATH=/home/adept/ros2_ws_2/install/ros2_robotx/lib/python3.8/site-packages:${PYTHONPATH} /usr/bin/python3 setup.py egg_info --egg-base ../../build/ros2_robotx build --build-base /home/adept/ros2_ws_2/build/ros2_robotx/build install --prefix /home/adept/ros2_ws_2/install/ros2_robotx --record /home/adept/ros2_ws_2/build/ros2_robotx/install.log --single-version-externally-managed
[2.886s] running egg_info
[2.887s] writing ../../build/ros2_robotx/ros2_robotx.egg-info/PKG-INFO
[2.888s] writing dependency_links to ../../build/ros2_robotx/ros2_robotx.egg-info/dependency_links.txt
[2.888s] writing entry points to ../../build/ros2_robotx/ros2_robotx.egg-info/entry_points.txt
[2.888s] writing requirements to ../../build/ros2_robotx/ros2_robotx.egg-info/requires.txt
[2.888s] writing top-level names to ../../build/ros2_robotx/ros2_robotx.egg-info/top_level.txt
[2.985s] reading manifest file '../../build/ros2_robotx/ros2_robotx.egg-info/SOURCES.txt'
[2.992s] writing manifest file '../../build/ros2_robotx/ros2_robotx.egg-info/SOURCES.txt'
[2.992s] running build
[2.993s] running build_py
[2.994s] running install
[2.998s] running install_lib
[3.003s] running install_data
[3.006s] copying include/dk_functs_dict.py -> /home/adept/ros2_ws_2/install/ros2_robotx/lib/ros2_robotx
[3.006s] running install_egg_info
[3.011s] removing '/home/adept/ros2_ws_2/install/ros2_robotx/lib/python3.8/site-packages/ros2_robotx-0.0.0-py3.8.egg-info' (and everything under it)
[3.012s] Copying ../../build/ros2_robotx/ros2_robotx.egg-info to /home/adept/ros2_ws_2/install/ros2_robotx/lib/python3.8/site-packages/ros2_robotx-0.0.0-py3.8.egg-info
[3.015s] running install_scripts
[3.066s] Installing drone_control script to /home/adept/ros2_ws_2/install/ros2_robotx/lib/ros2_robotx
[3.066s] Installing teleop_key script to /home/adept/ros2_ws_2/install/ros2_robotx/lib/ros2_robotx
[3.066s] Installing wamv_sim script to /home/adept/ros2_ws_2/install/ros2_robotx/lib/ros2_robotx
[3.067s] writing list of installed files to '/home/adept/ros2_ws_2/build/ros2_robotx/install.log'
[3.125s] Invoked command in '/home/adept/ros2_ws_2/src/ros2_robotx' returned '0': PYTHONPATH=/home/adept/ros2_ws_2/install/ros2_robotx/lib/python3.8/site-packages:${PYTHONPATH} /usr/bin/python3 setup.py egg_info --egg-base ../../build/ros2_robotx build --build-base /home/adept/ros2_ws_2/build/ros2_robotx/build install --prefix /home/adept/ros2_ws_2/install/ros2_robotx --record /home/adept/ros2_ws_2/build/ros2_robotx/install.log --single-version-externally-managed
