[1.017s] Invoking command in '/home/adept/ros2_ws_2/src/ros2_robotx': PYTHONPATH=/home/adept/ros2_ws_2/install/ros2_robotx/lib/python3.8/site-packages: /usr/bin/python3 setup.py egg_info --egg-base ../../build/ros2_robotx build --build-base /home/adept/ros2_ws_2/build/ros2_robotx/build install --prefix /home/adept/ros2_ws_2/install/ros2_robotx --record /home/adept/ros2_ws_2/build/ros2_robotx/install.log --single-version-externally-managed
[1.292s] running egg_info
[1.293s] writing ../../build/ros2_robotx/ros2_robotx.egg-info/PKG-INFO
[1.293s] writing dependency_links to ../../build/ros2_robotx/ros2_robotx.egg-info/dependency_links.txt
[1.294s] writing entry points to ../../build/ros2_robotx/ros2_robotx.egg-info/entry_points.txt
[1.294s] writing requirements to ../../build/ros2_robotx/ros2_robotx.egg-info/requires.txt
[1.294s] writing top-level names to ../../build/ros2_robotx/ros2_robotx.egg-info/top_level.txt
[1.346s] reading manifest file '../../build/ros2_robotx/ros2_robotx.egg-info/SOURCES.txt'
[1.348s] writing manifest file '../../build/ros2_robotx/ros2_robotx.egg-info/SOURCES.txt'
[1.348s] running build
[1.348s] running build_py
[1.348s] running install
[1.349s] running install_lib
[1.351s] running install_data
[1.352s] copying include/dk_functs_dict.py -> /home/adept/ros2_ws_2/install/ros2_robotx/lib/ros2_robotx
[1.352s] running install_egg_info
[1.355s] removing '/home/adept/ros2_ws_2/install/ros2_robotx/lib/python3.8/site-packages/ros2_robotx-0.0.0-py3.8.egg-info' (and everything under it)
[1.355s] Copying ../../build/ros2_robotx/ros2_robotx.egg-info to /home/adept/ros2_ws_2/install/ros2_robotx/lib/python3.8/site-packages/ros2_robotx-0.0.0-py3.8.egg-info
[1.356s] running install_scripts
[1.382s] Installing drone_control script to /home/adept/ros2_ws_2/install/ros2_robotx/lib/ros2_robotx
[1.382s] Installing teleop_key script to /home/adept/ros2_ws_2/install/ros2_robotx/lib/ros2_robotx
[1.382s] Installing wamv_sim script to /home/adept/ros2_ws_2/install/ros2_robotx/lib/ros2_robotx
[1.382s] writing list of installed files to '/home/adept/ros2_ws_2/build/ros2_robotx/install.log'
[1.425s] Invoked command in '/home/adept/ros2_ws_2/src/ros2_robotx' returned '0': PYTHONPATH=/home/adept/ros2_ws_2/install/ros2_robotx/lib/python3.8/site-packages: /usr/bin/python3 setup.py egg_info --egg-base ../../build/ros2_robotx build --build-base /home/adept/ros2_ws_2/build/ros2_robotx/build install --prefix /home/adept/ros2_ws_2/install/ros2_robotx --record /home/adept/ros2_ws_2/build/ros2_robotx/install.log --single-version-externally-managed
