[0.769s] Invoking command in '/home/grant/ros2_ws/src/ros2_robotx': CONDA_PROMPT_MODIFIER=(base) PYTHONPATH=/home/grant/ros2_ws/install/ros2_robotx/lib/python3.8/site-packages:${PYTHONPATH} /usr/bin/python3 setup.py egg_info --egg-base ../../build/ros2_robotx build --build-base /home/grant/ros2_ws/build/ros2_robotx/build install --prefix /home/grant/ros2_ws/install/ros2_robotx --record /home/grant/ros2_ws/build/ros2_robotx/install.log --single-version-externally-managed
[1.009s] running egg_info
[1.010s] writing ../../build/ros2_robotx/ros2_robotx.egg-info/PKG-INFO
[1.010s] writing dependency_links to ../../build/ros2_robotx/ros2_robotx.egg-info/dependency_links.txt
[1.010s] writing entry points to ../../build/ros2_robotx/ros2_robotx.egg-info/entry_points.txt
[1.010s] writing requirements to ../../build/ros2_robotx/ros2_robotx.egg-info/requires.txt
[1.010s] writing top-level names to ../../build/ros2_robotx/ros2_robotx.egg-info/top_level.txt
[1.053s] reading manifest file '../../build/ros2_robotx/ros2_robotx.egg-info/SOURCES.txt'
[1.055s] writing manifest file '../../build/ros2_robotx/ros2_robotx.egg-info/SOURCES.txt'
[1.055s] running build
[1.055s] running build_py
[1.055s] copying ros2_robotx/wamv_sim.py -> /home/grant/ros2_ws/build/ros2_robotx/build/lib/ros2_robotx
[1.055s] running install
[1.056s] running install_lib
[1.057s] creating /home/grant/ros2_ws/install/ros2_robotx/lib/python3.8/site-packages/ros2_robotx
[1.057s] copying /home/grant/ros2_ws/build/ros2_robotx/build/lib/ros2_robotx/dk_functs_dict.py -> /home/grant/ros2_ws/install/ros2_robotx/lib/python3.8/site-packages/ros2_robotx
[1.057s] copying /home/grant/ros2_ws/build/ros2_robotx/build/lib/ros2_robotx/wamv_sim.py -> /home/grant/ros2_ws/install/ros2_robotx/lib/python3.8/site-packages/ros2_robotx
[1.057s] copying /home/grant/ros2_ws/build/ros2_robotx/build/lib/ros2_robotx/drone_control.py -> /home/grant/ros2_ws/install/ros2_robotx/lib/python3.8/site-packages/ros2_robotx
[1.058s] copying /home/grant/ros2_ws/build/ros2_robotx/build/lib/ros2_robotx/teleop_key.py -> /home/grant/ros2_ws/install/ros2_robotx/lib/python3.8/site-packages/ros2_robotx
[1.058s] copying /home/grant/ros2_ws/build/ros2_robotx/build/lib/ros2_robotx/drone_triggers.py -> /home/grant/ros2_ws/install/ros2_robotx/lib/python3.8/site-packages/ros2_robotx
[1.066s] copying /home/grant/ros2_ws/build/ros2_robotx/build/lib/ros2_robotx/__init__.py -> /home/grant/ros2_ws/install/ros2_robotx/lib/python3.8/site-packages/ros2_robotx
[1.066s] byte-compiling /home/grant/ros2_ws/install/ros2_robotx/lib/python3.8/site-packages/ros2_robotx/dk_functs_dict.py to dk_functs_dict.cpython-38.pyc
[1.068s] byte-compiling /home/grant/ros2_ws/install/ros2_robotx/lib/python3.8/site-packages/ros2_robotx/wamv_sim.py to wamv_sim.cpython-38.pyc
[1.069s] byte-compiling /home/grant/ros2_ws/install/ros2_robotx/lib/python3.8/site-packages/ros2_robotx/drone_control.py to drone_control.cpython-38.pyc
[1.069s] byte-compiling /home/grant/ros2_ws/install/ros2_robotx/lib/python3.8/site-packages/ros2_robotx/teleop_key.py to teleop_key.cpython-38.pyc
[1.070s] byte-compiling /home/grant/ros2_ws/install/ros2_robotx/lib/python3.8/site-packages/ros2_robotx/drone_triggers.py to drone_triggers.cpython-38.pyc
[1.070s] byte-compiling /home/grant/ros2_ws/install/ros2_robotx/lib/python3.8/site-packages/ros2_robotx/__init__.py to __init__.cpython-38.pyc
[1.071s] running install_data
[1.071s] creating /home/grant/ros2_ws/install/ros2_robotx/share/ament_index
[1.071s] creating /home/grant/ros2_ws/install/ros2_robotx/share/ament_index/resource_index
[1.071s] creating /home/grant/ros2_ws/install/ros2_robotx/share/ament_index/resource_index/packages
[1.072s] copying resource/ros2_robotx -> /home/grant/ros2_ws/install/ros2_robotx/share/ament_index/resource_index/packages
[1.072s] copying package.xml -> /home/grant/ros2_ws/install/ros2_robotx/share/ros2_robotx
[1.072s] copying launch/simple_launch.py -> /home/grant/ros2_ws/install/ros2_robotx/share/ros2_robotx
[1.072s] copying launch/drone_control_launch.py -> /home/grant/ros2_ws/install/ros2_robotx/share/ros2_robotx
[1.072s] copying launch/just_drone_launch.py -> /home/grant/ros2_ws/install/ros2_robotx/share/ros2_robotx
[1.072s] creating /home/grant/ros2_ws/install/ros2_robotx/lib/ros2_robotx
[1.072s] copying include/dk_functs_dict.py -> /home/grant/ros2_ws/install/ros2_robotx/lib/ros2_robotx
[1.072s] copying include/teleop_key.py -> /home/grant/ros2_ws/install/ros2_robotx/lib/ros2_robotx
[1.072s] running install_egg_info
[1.074s] Copying ../../build/ros2_robotx/ros2_robotx.egg-info to /home/grant/ros2_ws/install/ros2_robotx/lib/python3.8/site-packages/ros2_robotx-0.0.0-py3.8.egg-info
[1.074s] running install_scripts
[1.091s] Installing drone_control script to /home/grant/ros2_ws/install/ros2_robotx/lib/ros2_robotx
[1.091s] Installing teleop_key script to /home/grant/ros2_ws/install/ros2_robotx/lib/ros2_robotx
[1.091s] Installing wamv_sim script to /home/grant/ros2_ws/install/ros2_robotx/lib/ros2_robotx
[1.092s] writing list of installed files to '/home/grant/ros2_ws/build/ros2_robotx/install.log'
[1.119s] Invoked command in '/home/grant/ros2_ws/src/ros2_robotx' returned '0': CONDA_PROMPT_MODIFIER=(base) PYTHONPATH=/home/grant/ros2_ws/install/ros2_robotx/lib/python3.8/site-packages:${PYTHONPATH} /usr/bin/python3 setup.py egg_info --egg-base ../../build/ros2_robotx build --build-base /home/grant/ros2_ws/build/ros2_robotx/build install --prefix /home/grant/ros2_ws/install/ros2_robotx --record /home/grant/ros2_ws/build/ros2_robotx/install.log --single-version-externally-managed
