[0.038s] Invoking command in '/home/grant/ros2_ws/build/robotx_2022': CMAKE_PREFIX_PATH=/home/grant/ros2_ws/install/vrx_gazebo:/home/grant/ros2_ws/install/wamv_gazebo:/home/grant/ros2_ws/install/wave_gazebo:/home/grant/ros2_ws/install/usv_gazebo_plugins:/home/grant/ros2_ws/install/wave_gazebo_plugins:/home/grant/ros2_ws/install/wamv_description:/home/grant/ros2_ws/install/usv_msgs:/home/grant/ros2_ws/install/mavros_extras:/home/grant/ros2_ws/install/mavros:/home/grant/ros2_ws/install/mavros_msgs:/home/grant/ros2_ws/install/libmavconn:/home/grant/ros2_ws/install/mavlink:/opt/ros/foxy:/home/grant/vrx_ws/devel:/opt/ros/noetic:/home/grant/ros2_foxy/ros2-linux CONDA_PROMPT_MODIFIER=(base) LD_LIBRARY_PATH=/home/grant/ros2_ws/install/vrx_gazebo/lib:/home/grant/ros2_ws/install/usv_gazebo_plugins/lib:/home/grant/ros2_ws/install/wave_gazebo_plugins/lib:/home/grant/ros2_ws/install/usv_msgs/lib:/home/grant/ros2_ws/install/mavros_extras/lib:/home/grant/ros2_ws/install/mavros/lib:/home/grant/ros2_ws/install/mavros_msgs/lib:/home/grant/ros2_ws/install/libmavconn/lib:/home/grant/vrx_ws/devel/lib:/opt/ros/noetic/lib:/usr/lib/x86_64-linux-gnu/gazebo-11/plugins:/opt/ros/foxy/opt/yaml_cpp_vendor/lib:/opt/ros/foxy/lib/x86_64-linux-gnu:/opt/ros/foxy/lib:/home/grant/ros2_foxy/ros2-linux/opt/yaml_cpp_vendor/lib:/home/grant/ros2_foxy/ros2-linux/opt/rviz_ogre_vendor/lib:/opt/rti.com/rti_connext_dds-5.3.1/lib/x64Linux3gcc5.4.0:/home/grant/ros2_foxy/ros2-linux/lib:/usr/lib/x86_64-linux-gnu/gazebo-11/plugins:/usr/lib/x86_64-linux-gnu/gazebo-11/plugins:/usr/lib/x86_64-linux-gnu/gazebo-11/plugins:/usr/lib/x86_64-linux-gnu/gazebo-11/plugins:/usr/lib/x86_64-linux-gnu/gazebo-11/plugins:/usr/lib/x86_64-linux-gnu/gazebo-11/plugins:/usr/lib/x86_64-linux-gnu/gazebo-11/plugins:/usr/lib/x86_64-linux-gnu/gazebo-11/plugins:/usr/lib/x86_64-linux-gnu/gazebo-11/plugins:/usr/lib/x86_64-linux-gnu/gazebo-11/plugins /usr/bin/cmake /home/grant/ros2_ws/src/VRX_Foxy/robotX_2022 -DCMAKE_INSTALL_PREFIX=/home/grant/ros2_ws/install/robotx_2022
[0.051s] -- Found ament_cmake: 0.9.11 (/opt/ros/foxy/share/ament_cmake/cmake)
[0.078s] -- Using PYTHON_EXECUTABLE: /home/grant/miniconda3/bin/python3
[0.346s] -- Found Protobuf: /usr/lib/x86_64-linux-gnu/libprotobuf.so;-lpthread (found version "3.6.1") 
[0.385s] -- Found DART: /usr/include (Required is at least version "6.6") found components: dart 
[0.414s] -- Looking for ignition-math6 -- found version 6.13.0
[0.419s] -- Searching for dependencies of ignition-math6
[0.420s] -- Looking for OGRE...
[0.425s] -- Found Ogre Ghadamon (1.9.0)
[0.425s] -- Found OGRE: optimized;/usr/lib/x86_64-linux-gnu/libOgreMain.so;debug;/usr/lib/x86_64-linux-gnu/libOgreMain.so
[0.435s] -- Looking for OGRE_Paging...
[0.435s] -- Found OGRE_Paging: optimized;/usr/lib/x86_64-linux-gnu/libOgrePaging.so;debug;/usr/lib/x86_64-linux-gnu/libOgrePaging.so
[0.435s] -- Looking for OGRE_Terrain...
[0.436s] -- Found OGRE_Terrain: optimized;/usr/lib/x86_64-linux-gnu/libOgreTerrain.so;debug;/usr/lib/x86_64-linux-gnu/libOgreTerrain.so
[0.436s] -- Looking for OGRE_Property...
[0.436s] -- Found OGRE_Property: optimized;/usr/lib/x86_64-linux-gnu/libOgreProperty.so;debug;/usr/lib/x86_64-linux-gnu/libOgreProperty.so
[0.436s] -- Looking for OGRE_RTShaderSystem...
[0.436s] -- Found OGRE_RTShaderSystem: optimized;/usr/lib/x86_64-linux-gnu/libOgreRTShaderSystem.so;debug;/usr/lib/x86_64-linux-gnu/libOgreRTShaderSystem.so
[0.436s] -- Looking for OGRE_Volume...
[0.436s] -- Found OGRE_Volume: optimized;/usr/lib/x86_64-linux-gnu/libOgreVolume.so;debug;/usr/lib/x86_64-linux-gnu/libOgreVolume.so
[0.436s] -- Looking for OGRE_Overlay...
[0.436s] -- Found OGRE_Overlay: optimized;/usr/lib/x86_64-linux-gnu/libOgreOverlay.so;debug;/usr/lib/x86_64-linux-gnu/libOgreOverlay.so
[0.622s] -- Looking for ignition-math6 -- found version 6.13.0
[0.623s] -- Looking for ignition-transport8 -- found version 8.3.0
[0.623s] -- Searching for dependencies of ignition-transport8
[0.638s] -- Found Protobuf: /usr/lib/x86_64-linux-gnu/libprotobuf.so;-lpthread (found suitable version "3.6.1", minimum required is "3") 
[0.644s] -- Checking for module 'uuid'
[0.658s] --   Found uuid, version 2.34.0
[0.683s] -- Looking for ignition-msgs5 -- found version 5.11.0
[0.684s] -- Searching for dependencies of ignition-msgs5
[0.699s] -- Looking for ignition-math6 -- found version 6.13.0
[0.706s] -- Checking for module 'tinyxml2'
[0.717s] --   Found tinyxml2, version 6.2.0
[0.743s] -- Looking for ignition-msgs5 -- found version 5.11.0
[0.744s] -- Looking for ignition-common3 -- found version 3.15.1
[0.744s] -- Searching for dependencies of ignition-common3
[0.745s] -- Looking for dlfcn.h - found
[0.745s] -- Looking for libdl - found
[0.755s] -- Searching for <ignition-common3> component [graphics]
[0.755s] -- Looking for ignition-common3-graphics -- found version 3.15.1
[0.755s] -- Searching for dependencies of ignition-common3-graphics
[0.756s] -- Looking for ignition-math6 -- found version 6.13.0
[0.757s] -- Looking for ignition-fuel_tools4 -- found version 4.6.0
[0.757s] -- Searching for dependencies of ignition-fuel_tools4
[0.783s] -- Checking for module 'jsoncpp'
[0.794s] --   Found jsoncpp, version 1.7.4
[0.824s] -- Checking for module 'libzip'
[0.836s] --   Found libzip, version 1.5.1
[0.862s] -- Looking for ignition-common3 -- found version 3.15.1
[0.862s] -- Looking for ignition-math6 -- found version 6.13.0
[0.862s] -- Looking for ignition-msgs5 -- found version 5.11.0
[0.864s] CMake Error at CMakeLists.txt:59 (generate_messages):
[0.864s]   Unknown CMake command "generate_messages".
[0.864s] 
[0.864s] 
[0.865s] -- Configuring incomplete, errors occurred!
[0.865s] See also "/home/grant/ros2_ws/build/robotx_2022/CMakeFiles/CMakeOutput.log".
[0.865s] See also "/home/grant/ros2_ws/build/robotx_2022/CMakeFiles/CMakeError.log".
[0.872s] Invoked command in '/home/grant/ros2_ws/build/robotx_2022' returned '1': CMAKE_PREFIX_PATH=/home/grant/ros2_ws/install/vrx_gazebo:/home/grant/ros2_ws/install/wamv_gazebo:/home/grant/ros2_ws/install/wave_gazebo:/home/grant/ros2_ws/install/usv_gazebo_plugins:/home/grant/ros2_ws/install/wave_gazebo_plugins:/home/grant/ros2_ws/install/wamv_description:/home/grant/ros2_ws/install/usv_msgs:/home/grant/ros2_ws/install/mavros_extras:/home/grant/ros2_ws/install/mavros:/home/grant/ros2_ws/install/mavros_msgs:/home/grant/ros2_ws/install/libmavconn:/home/grant/ros2_ws/install/mavlink:/opt/ros/foxy:/home/grant/vrx_ws/devel:/opt/ros/noetic:/home/grant/ros2_foxy/ros2-linux CONDA_PROMPT_MODIFIER=(base) LD_LIBRARY_PATH=/home/grant/ros2_ws/install/vrx_gazebo/lib:/home/grant/ros2_ws/install/usv_gazebo_plugins/lib:/home/grant/ros2_ws/install/wave_gazebo_plugins/lib:/home/grant/ros2_ws/install/usv_msgs/lib:/home/grant/ros2_ws/install/mavros_extras/lib:/home/grant/ros2_ws/install/mavros/lib:/home/grant/ros2_ws/install/mavros_msgs/lib:/home/grant/ros2_ws/install/libmavconn/lib:/home/grant/vrx_ws/devel/lib:/opt/ros/noetic/lib:/usr/lib/x86_64-linux-gnu/gazebo-11/plugins:/opt/ros/foxy/opt/yaml_cpp_vendor/lib:/opt/ros/foxy/lib/x86_64-linux-gnu:/opt/ros/foxy/lib:/home/grant/ros2_foxy/ros2-linux/opt/yaml_cpp_vendor/lib:/home/grant/ros2_foxy/ros2-linux/opt/rviz_ogre_vendor/lib:/opt/rti.com/rti_connext_dds-5.3.1/lib/x64Linux3gcc5.4.0:/home/grant/ros2_foxy/ros2-linux/lib:/usr/lib/x86_64-linux-gnu/gazebo-11/plugins:/usr/lib/x86_64-linux-gnu/gazebo-11/plugins:/usr/lib/x86_64-linux-gnu/gazebo-11/plugins:/usr/lib/x86_64-linux-gnu/gazebo-11/plugins:/usr/lib/x86_64-linux-gnu/gazebo-11/plugins:/usr/lib/x86_64-linux-gnu/gazebo-11/plugins:/usr/lib/x86_64-linux-gnu/gazebo-11/plugins:/usr/lib/x86_64-linux-gnu/gazebo-11/plugins:/usr/lib/x86_64-linux-gnu/gazebo-11/plugins:/usr/lib/x86_64-linux-gnu/gazebo-11/plugins /usr/bin/cmake /home/grant/ros2_ws/src/VRX_Foxy/robotX_2022 -DCMAKE_INSTALL_PREFIX=/home/grant/ros2_ws/install/robotx_2022
