[0.036s] Invoking command in '/home/grant/ros2_ws/build/mavros': CMAKE_PREFIX_PATH=/home/grant/ros2_ws/install/libmavconn:/home/grant/ros2_ws/install/mavros_msgs:/home/grant/ros2_ws/install/mavlink:/home/grant/ros2_ws/install/robotx_2022:/home/grant/ros2_ws/install/vrx_gazebo:/home/grant/ros2_ws/install/wave_gazebo:/home/grant/ros2_ws/install/wamv_gazebo:/home/grant/ros2_ws/install/usv_gazebo_plugins:/home/grant/ros2_ws/install/wave_gazebo_plugins:/home/grant/ros2_ws/install/wamv_description:/home/grant/ros2_ws/install/usv_msgs:/home/grant/ros2_ws/install/mavros_extras:/home/grant/ros2_ws/install/mavros:/opt/ros/foxy:/home/grant/vrx_ws/devel:/home/grant/ros2_foxy/ros2-linux CONDA_PROMPT_MODIFIER=(base) LD_LIBRARY_PATH=/home/grant/ros2_ws/install/libmavconn/lib:/home/grant/ros2_ws/install/mavros_msgs/lib:/home/grant/ros2_ws/install/vrx_gazebo/lib:/home/grant/ros2_ws/install/usv_gazebo_plugins/lib:/home/grant/ros2_ws/install/wave_gazebo_plugins/lib:/home/grant/ros2_ws/install/usv_msgs/lib:/home/grant/ros2_ws/install/mavros_extras/lib:/home/grant/ros2_ws/install/mavros/lib:/home/grant/vrx_ws/devel/lib:/usr/lib/x86_64-linux-gnu/gazebo-11/plugins:/opt/ros/foxy/opt/yaml_cpp_vendor/lib:/opt/ros/foxy/opt/rviz_ogre_vendor/lib:/opt/ros/foxy/lib/x86_64-linux-gnu:/opt/ros/foxy/lib:/home/grant/ros2_foxy/ros2-linux/opt/yaml_cpp_vendor/lib:/home/grant/ros2_foxy/ros2-linux/opt/rviz_ogre_vendor/lib:/opt/rti.com/rti_connext_dds-5.3.1/lib/x64Linux3gcc5.4.0:/home/grant/ros2_foxy/ros2-linux/lib:/usr/lib/x86_64-linux-gnu/gazebo-11/plugins PYTHONPATH=/home/grant/ros2_ws/install/mavros_msgs/lib/python3.8/site-packages:/home/grant/ros2_ws/install/vrx_gazebo/lib/python3.8/site-packages:/home/grant/ros2_ws/install/usv_msgs/lib/python3.8/site-packages:/home/grant/ros2_ws/install/mavros/lib/python3.8/site-packages:/home/grant/vrx_ws/devel/lib/python3/dist-packages:/opt/ros/foxy/lib/python3.8/site-packages:/home/grant/ros2_foxy/ros2-linux/lib/python3.8/site-packages /usr/bin/cmake --build /home/grant/ros2_ws/build/mavros -- -j8 -l8
[0.142s] [  3%] Built target gtest
[0.154s] [  6%] Built target gtest_main
[0.163s] [ 11%] Built target gmock_main
[0.163s] [ 14%] Built target gmock
[0.236s] [ 37%] Built target mavros
[0.295s] [ 40%] Built target libmavros-quaternion-utils-test
[0.304s] [ 43%] Built target libmavros-frame-conversions-test
[0.311s] [ 50%] Built target mavros-router-test
[0.311s] [ 50%] Built target libmavros-sensor-orientation-test
[0.312s] [ 53%] Built target mavros_node
[0.325s] [ 56%] Built target mavros-uas-test
[0.467s] [100%] Built target mavros_plugins
[0.477s] Invoked command in '/home/grant/ros2_ws/build/mavros' returned '0': CMAKE_PREFIX_PATH=/home/grant/ros2_ws/install/libmavconn:/home/grant/ros2_ws/install/mavros_msgs:/home/grant/ros2_ws/install/mavlink:/home/grant/ros2_ws/install/robotx_2022:/home/grant/ros2_ws/install/vrx_gazebo:/home/grant/ros2_ws/install/wave_gazebo:/home/grant/ros2_ws/install/wamv_gazebo:/home/grant/ros2_ws/install/usv_gazebo_plugins:/home/grant/ros2_ws/install/wave_gazebo_plugins:/home/grant/ros2_ws/install/wamv_description:/home/grant/ros2_ws/install/usv_msgs:/home/grant/ros2_ws/install/mavros_extras:/home/grant/ros2_ws/install/mavros:/opt/ros/foxy:/home/grant/vrx_ws/devel:/home/grant/ros2_foxy/ros2-linux CONDA_PROMPT_MODIFIER=(base) LD_LIBRARY_PATH=/home/grant/ros2_ws/install/libmavconn/lib:/home/grant/ros2_ws/install/mavros_msgs/lib:/home/grant/ros2_ws/install/vrx_gazebo/lib:/home/grant/ros2_ws/install/usv_gazebo_plugins/lib:/home/grant/ros2_ws/install/wave_gazebo_plugins/lib:/home/grant/ros2_ws/install/usv_msgs/lib:/home/grant/ros2_ws/install/mavros_extras/lib:/home/grant/ros2_ws/install/mavros/lib:/home/grant/vrx_ws/devel/lib:/usr/lib/x86_64-linux-gnu/gazebo-11/plugins:/opt/ros/foxy/opt/yaml_cpp_vendor/lib:/opt/ros/foxy/opt/rviz_ogre_vendor/lib:/opt/ros/foxy/lib/x86_64-linux-gnu:/opt/ros/foxy/lib:/home/grant/ros2_foxy/ros2-linux/opt/yaml_cpp_vendor/lib:/home/grant/ros2_foxy/ros2-linux/opt/rviz_ogre_vendor/lib:/opt/rti.com/rti_connext_dds-5.3.1/lib/x64Linux3gcc5.4.0:/home/grant/ros2_foxy/ros2-linux/lib:/usr/lib/x86_64-linux-gnu/gazebo-11/plugins PYTHONPATH=/home/grant/ros2_ws/install/mavros_msgs/lib/python3.8/site-packages:/home/grant/ros2_ws/install/vrx_gazebo/lib/python3.8/site-packages:/home/grant/ros2_ws/install/usv_msgs/lib/python3.8/site-packages:/home/grant/ros2_ws/install/mavros/lib/python3.8/site-packages:/home/grant/vrx_ws/devel/lib/python3/dist-packages:/opt/ros/foxy/lib/python3.8/site-packages:/home/grant/ros2_foxy/ros2-linux/lib/python3.8/site-packages /usr/bin/cmake --build /home/grant/ros2_ws/build/mavros -- -j8 -l8
[0.571s] Invoking command in '/home/grant/ros2_ws/build/mavros': CMAKE_PREFIX_PATH=/home/grant/ros2_ws/install/libmavconn:/home/grant/ros2_ws/install/mavros_msgs:/home/grant/ros2_ws/install/mavlink:/home/grant/ros2_ws/install/robotx_2022:/home/grant/ros2_ws/install/vrx_gazebo:/home/grant/ros2_ws/install/wave_gazebo:/home/grant/ros2_ws/install/wamv_gazebo:/home/grant/ros2_ws/install/usv_gazebo_plugins:/home/grant/ros2_ws/install/wave_gazebo_plugins:/home/grant/ros2_ws/install/wamv_description:/home/grant/ros2_ws/install/usv_msgs:/home/grant/ros2_ws/install/mavros_extras:/home/grant/ros2_ws/install/mavros:/opt/ros/foxy:/home/grant/vrx_ws/devel:/home/grant/ros2_foxy/ros2-linux CONDA_PROMPT_MODIFIER=(base) LD_LIBRARY_PATH=/home/grant/ros2_ws/install/libmavconn/lib:/home/grant/ros2_ws/install/mavros_msgs/lib:/home/grant/ros2_ws/install/vrx_gazebo/lib:/home/grant/ros2_ws/install/usv_gazebo_plugins/lib:/home/grant/ros2_ws/install/wave_gazebo_plugins/lib:/home/grant/ros2_ws/install/usv_msgs/lib:/home/grant/ros2_ws/install/mavros_extras/lib:/home/grant/ros2_ws/install/mavros/lib:/home/grant/vrx_ws/devel/lib:/usr/lib/x86_64-linux-gnu/gazebo-11/plugins:/opt/ros/foxy/opt/yaml_cpp_vendor/lib:/opt/ros/foxy/opt/rviz_ogre_vendor/lib:/opt/ros/foxy/lib/x86_64-linux-gnu:/opt/ros/foxy/lib:/home/grant/ros2_foxy/ros2-linux/opt/yaml_cpp_vendor/lib:/home/grant/ros2_foxy/ros2-linux/opt/rviz_ogre_vendor/lib:/opt/rti.com/rti_connext_dds-5.3.1/lib/x64Linux3gcc5.4.0:/home/grant/ros2_foxy/ros2-linux/lib:/usr/lib/x86_64-linux-gnu/gazebo-11/plugins PYTHONPATH=/home/grant/ros2_ws/install/mavros_msgs/lib/python3.8/site-packages:/home/grant/ros2_ws/install/vrx_gazebo/lib/python3.8/site-packages:/home/grant/ros2_ws/install/usv_msgs/lib/python3.8/site-packages:/home/grant/ros2_ws/install/mavros/lib/python3.8/site-packages:/home/grant/vrx_ws/devel/lib/python3/dist-packages:/opt/ros/foxy/lib/python3.8/site-packages:/home/grant/ros2_foxy/ros2-linux/lib/python3.8/site-packages /usr/bin/cmake --install /home/grant/ros2_ws/build/mavros
[0.578s] -- Install configuration: ""
[0.578s] -- Up-to-date: /home/grant/ros2_ws/install/mavros/share/mavros/mavros_plugins.xml
[0.579s] -- Up-to-date: /home/grant/ros2_ws/install/mavros/share/mavros/environment/pythonpath.sh
[0.579s] -- Up-to-date: /home/grant/ros2_ws/install/mavros/share/mavros/environment/pythonpath.dsv
[0.579s] -- Up-to-date: /home/grant/ros2_ws/install/mavros/lib/python3.8/site-packages/mavros
[0.579s] -- Up-to-date: /home/grant/ros2_ws/install/mavros/lib/python3.8/site-packages/mavros/ftp.py
[0.579s] -- Up-to-date: /home/grant/ros2_ws/install/mavros/lib/python3.8/site-packages/mavros/command.py
[0.579s] -- Up-to-date: /home/grant/ros2_ws/install/mavros/lib/python3.8/site-packages/mavros/global_position.py
[0.579s] -- Up-to-date: /home/grant/ros2_ws/install/mavros/lib/python3.8/site-packages/mavros/param.py
[0.579s] -- Up-to-date: /home/grant/ros2_ws/install/mavros/lib/python3.8/site-packages/mavros/setpoint.py
[0.579s] -- Up-to-date: /home/grant/ros2_ws/install/mavros/lib/python3.8/site-packages/mavros/mission.py
[0.579s] -- Up-to-date: /home/grant/ros2_ws/install/mavros/lib/python3.8/site-packages/mavros/system.py
[0.579s] -- Up-to-date: /home/grant/ros2_ws/install/mavros/lib/python3.8/site-packages/mavros/mavlink.py
[0.580s] -- Up-to-date: /home/grant/ros2_ws/install/mavros/lib/python3.8/site-packages/mavros/cmd
[0.580s] -- Up-to-date: /home/grant/ros2_ws/install/mavros/lib/python3.8/site-packages/mavros/cmd/checkid.py
[0.580s] -- Up-to-date: /home/grant/ros2_ws/install/mavros/lib/python3.8/site-packages/mavros/cmd/ftp.py
[0.580s] -- Up-to-date: /home/grant/ros2_ws/install/mavros/lib/python3.8/site-packages/mavros/cmd/param.py
[0.580s] -- Up-to-date: /home/grant/ros2_ws/install/mavros/lib/python3.8/site-packages/mavros/cmd/mission.py
[0.580s] -- Up-to-date: /home/grant/ros2_ws/install/mavros/lib/python3.8/site-packages/mavros/cmd/system.py
[0.580s] -- Up-to-date: /home/grant/ros2_ws/install/mavros/lib/python3.8/site-packages/mavros/cmd/__main__.py
[0.580s] -- Up-to-date: /home/grant/ros2_ws/install/mavros/lib/python3.8/site-packages/mavros/cmd/cmd.py
[0.580s] -- Up-to-date: /home/grant/ros2_ws/install/mavros/lib/python3.8/site-packages/mavros/cmd/__init__.py
[0.580s] -- Up-to-date: /home/grant/ros2_ws/install/mavros/lib/python3.8/site-packages/mavros/cmd/safety.py
[0.580s] -- Up-to-date: /home/grant/ros2_ws/install/mavros/lib/python3.8/site-packages/mavros/cmd/utils.py
[0.580s] -- Up-to-date: /home/grant/ros2_ws/install/mavros/lib/python3.8/site-packages/mavros/__init__.py
[0.581s] -- Up-to-date: /home/grant/ros2_ws/install/mavros/lib/python3.8/site-packages/mavros/local_position.py
[0.581s] -- Up-to-date: /home/grant/ros2_ws/install/mavros/lib/python3.8/site-packages/mavros/utils.py
[0.581s] -- Up-to-date: /home/grant/ros2_ws/install/mavros/lib/python3.8/site-packages/mavros/nuttx_crc32.py
[0.581s] -- Up-to-date: /home/grant/ros2_ws/install/mavros/lib/python3.8/site-packages/mavros/base.py
[0.624s] Listing '/home/grant/ros2_ws/install/mavros/lib/python3.8/site-packages/mavros'...
[0.625s] Listing '/home/grant/ros2_ws/install/mavros/lib/python3.8/site-packages/mavros/cmd'...
[0.630s] -- Up-to-date: /home/grant/ros2_ws/install/mavros/lib/mavros/mav
[0.632s] -- Up-to-date: /home/grant/ros2_ws/install/mavros/lib/libmavros.so
[0.634s] -- Up-to-date: /home/grant/ros2_ws/install/mavros/lib/mavros/mavros_node
[0.635s] -- Up-to-date: /home/grant/ros2_ws/install/mavros/lib/libmavros_plugins.so
[0.636s] -- Up-to-date: /home/grant/ros2_ws/install/mavros/lib/mavros/install_geographiclib_datasets.sh
[0.636s] -- Up-to-date: /home/grant/ros2_ws/install/mavros/include
[0.636s] -- Up-to-date: /home/grant/ros2_ws/install/mavros/include/mavros
[0.636s] -- Up-to-date: /home/grant/ros2_ws/install/mavros/include/mavros/mission_protocol_base.hpp
[0.636s] -- Up-to-date: /home/grant/ros2_ws/install/mavros/include/mavros/uas_executor.hpp
[0.636s] -- Up-to-date: /home/grant/ros2_ws/install/mavros/include/mavros/mavros_plugin_register_macro.hpp
[0.636s] -- Up-to-date: /home/grant/ros2_ws/install/mavros/include/mavros/mavros_router.hpp
[0.636s] -- Up-to-date: /home/grant/ros2_ws/install/mavros/include/mavros/plugin.hpp
[0.636s] -- Up-to-date: /home/grant/ros2_ws/install/mavros/include/mavros/setpoint_mixin.hpp
[0.637s] -- Up-to-date: /home/grant/ros2_ws/install/mavros/include/mavros/frame_tf.hpp
[0.637s] -- Up-to-date: /home/grant/ros2_ws/install/mavros/include/mavros/px4_custom_mode.hpp
[0.637s] -- Up-to-date: /home/grant/ros2_ws/install/mavros/include/mavros/plugin_filter.hpp
[0.637s] -- Up-to-date: /home/grant/ros2_ws/install/mavros/include/mavros/utils.hpp
[0.637s] -- Up-to-date: /home/grant/ros2_ws/install/mavros/include/mavros/mavros_uas.hpp
[0.637s] -- Up-to-date: /home/grant/ros2_ws/install/mavros/share/mavros/launch
[0.637s] -- Up-to-date: /home/grant/ros2_ws/install/mavros/share/mavros/launch/event_launcher.yaml
[0.637s] -- Up-to-date: /home/grant/ros2_ws/install/mavros/share/mavros/launch/apm2.launch
[0.637s] -- Up-to-date: /home/grant/ros2_ws/install/mavros/share/mavros/launch/apm.launch
[0.637s] -- Up-to-date: /home/grant/ros2_ws/install/mavros/share/mavros/launch/px4_config.yaml
[0.637s] -- Up-to-date: /home/grant/ros2_ws/install/mavros/share/mavros/launch/apm_pluginlists.yaml
[0.638s] -- Up-to-date: /home/grant/ros2_ws/install/mavros/share/mavros/launch/apm_config.yaml
[0.638s] -- Up-to-date: /home/grant/ros2_ws/install/mavros/share/mavros/launch/mavlink_bridge.launch
[0.638s] -- Up-to-date: /home/grant/ros2_ws/install/mavros/share/mavros/launch/node.launch
[0.638s] -- Up-to-date: /home/grant/ros2_ws/install/mavros/share/mavros/launch/px4_pluginlists.yaml
[0.638s] -- Up-to-date: /home/grant/ros2_ws/install/mavros/share/mavros/launch/px4.launch
[0.638s] -- Up-to-date: /home/grant/ros2_ws/install/mavros/share/mavros/environment/library_path.sh
[0.638s] -- Up-to-date: /home/grant/ros2_ws/install/mavros/share/mavros/environment/library_path.dsv
[0.638s] -- Up-to-date: /home/grant/ros2_ws/install/mavros/share/ament_index/resource_index/package_run_dependencies/mavros
[0.638s] -- Up-to-date: /home/grant/ros2_ws/install/mavros/share/ament_index/resource_index/parent_prefix_path/mavros
[0.638s] -- Up-to-date: /home/grant/ros2_ws/install/mavros/share/mavros/environment/ament_prefix_path.sh
[0.638s] -- Up-to-date: /home/grant/ros2_ws/install/mavros/share/mavros/environment/ament_prefix_path.dsv
[0.638s] -- Up-to-date: /home/grant/ros2_ws/install/mavros/share/mavros/environment/path.sh
[0.639s] -- Up-to-date: /home/grant/ros2_ws/install/mavros/share/mavros/environment/path.dsv
[0.639s] -- Up-to-date: /home/grant/ros2_ws/install/mavros/share/mavros/local_setup.bash
[0.639s] -- Up-to-date: /home/grant/ros2_ws/install/mavros/share/mavros/local_setup.sh
[0.639s] -- Up-to-date: /home/grant/ros2_ws/install/mavros/share/mavros/local_setup.zsh
[0.639s] -- Up-to-date: /home/grant/ros2_ws/install/mavros/share/mavros/local_setup.dsv
[0.639s] -- Installing: /home/grant/ros2_ws/install/mavros/share/mavros/package.dsv
[0.639s] -- Up-to-date: /home/grant/ros2_ws/install/mavros/share/ament_index/resource_index/packages/mavros
[0.639s] -- Up-to-date: /home/grant/ros2_ws/install/mavros/share/ament_index/resource_index/mavros__pluginlib__plugin/mavros
[0.639s] -- Up-to-date: /home/grant/ros2_ws/install/mavros/share/ament_index/resource_index/rclcpp_components/mavros
[0.639s] -- Up-to-date: /home/grant/ros2_ws/install/mavros/share/mavros/cmake/ament_cmake_export_include_directories-extras.cmake
[0.639s] -- Up-to-date: /home/grant/ros2_ws/install/mavros/share/mavros/cmake/ament_cmake_export_libraries-extras.cmake
[0.640s] -- Up-to-date: /home/grant/ros2_ws/install/mavros/share/mavros/cmake/ament_cmake_export_dependencies-extras.cmake
[0.640s] -- Up-to-date: /home/grant/ros2_ws/install/mavros/share/mavros/cmake/mavrosConfig.cmake
[0.640s] -- Up-to-date: /home/grant/ros2_ws/install/mavros/share/mavros/cmake/mavrosConfig-version.cmake
[0.640s] -- Up-to-date: /home/grant/ros2_ws/install/mavros/share/mavros/package.xml
[0.644s] Invoked command in '/home/grant/ros2_ws/build/mavros' returned '0': CMAKE_PREFIX_PATH=/home/grant/ros2_ws/install/libmavconn:/home/grant/ros2_ws/install/mavros_msgs:/home/grant/ros2_ws/install/mavlink:/home/grant/ros2_ws/install/robotx_2022:/home/grant/ros2_ws/install/vrx_gazebo:/home/grant/ros2_ws/install/wave_gazebo:/home/grant/ros2_ws/install/wamv_gazebo:/home/grant/ros2_ws/install/usv_gazebo_plugins:/home/grant/ros2_ws/install/wave_gazebo_plugins:/home/grant/ros2_ws/install/wamv_description:/home/grant/ros2_ws/install/usv_msgs:/home/grant/ros2_ws/install/mavros_extras:/home/grant/ros2_ws/install/mavros:/opt/ros/foxy:/home/grant/vrx_ws/devel:/home/grant/ros2_foxy/ros2-linux CONDA_PROMPT_MODIFIER=(base) LD_LIBRARY_PATH=/home/grant/ros2_ws/install/libmavconn/lib:/home/grant/ros2_ws/install/mavros_msgs/lib:/home/grant/ros2_ws/install/vrx_gazebo/lib:/home/grant/ros2_ws/install/usv_gazebo_plugins/lib:/home/grant/ros2_ws/install/wave_gazebo_plugins/lib:/home/grant/ros2_ws/install/usv_msgs/lib:/home/grant/ros2_ws/install/mavros_extras/lib:/home/grant/ros2_ws/install/mavros/lib:/home/grant/vrx_ws/devel/lib:/usr/lib/x86_64-linux-gnu/gazebo-11/plugins:/opt/ros/foxy/opt/yaml_cpp_vendor/lib:/opt/ros/foxy/opt/rviz_ogre_vendor/lib:/opt/ros/foxy/lib/x86_64-linux-gnu:/opt/ros/foxy/lib:/home/grant/ros2_foxy/ros2-linux/opt/yaml_cpp_vendor/lib:/home/grant/ros2_foxy/ros2-linux/opt/rviz_ogre_vendor/lib:/opt/rti.com/rti_connext_dds-5.3.1/lib/x64Linux3gcc5.4.0:/home/grant/ros2_foxy/ros2-linux/lib:/usr/lib/x86_64-linux-gnu/gazebo-11/plugins PYTHONPATH=/home/grant/ros2_ws/install/mavros_msgs/lib/python3.8/site-packages:/home/grant/ros2_ws/install/vrx_gazebo/lib/python3.8/site-packages:/home/grant/ros2_ws/install/usv_msgs/lib/python3.8/site-packages:/home/grant/ros2_ws/install/mavros/lib/python3.8/site-packages:/home/grant/vrx_ws/devel/lib/python3/dist-packages:/opt/ros/foxy/lib/python3.8/site-packages:/home/grant/ros2_foxy/ros2-linux/lib/python3.8/site-packages /usr/bin/cmake --install /home/grant/ros2_ws/build/mavros
