[0.038s] Invoking command in '/home/grant/ros2_ws/build/robotx_2022': CMAKE_PREFIX_PATH=/home/grant/ros2_ws/install/vrx_gazebo:/home/grant/ros2_ws/install/wamv_gazebo:/home/grant/ros2_ws/install/wave_gazebo:/home/grant/ros2_ws/install/usv_gazebo_plugins:/home/grant/ros2_ws/install/wave_gazebo_plugins:/home/grant/ros2_ws/install/wamv_description:/home/grant/ros2_ws/install/usv_msgs:/home/grant/ros2_ws/install/mavros_extras:/home/grant/ros2_ws/install/mavros:/home/grant/ros2_ws/install/mavros_msgs:/home/grant/ros2_ws/install/libmavconn:/home/grant/ros2_ws/install/mavlink:/opt/ros/foxy:/home/grant/vrx_ws/devel:/opt/ros/noetic:/home/grant/ros2_foxy/ros2-linux CONDA_PROMPT_MODIFIER=(base) LD_LIBRARY_PATH=/home/grant/ros2_ws/install/vrx_gazebo/lib:/home/grant/ros2_ws/install/usv_gazebo_plugins/lib:/home/grant/ros2_ws/install/wave_gazebo_plugins/lib:/home/grant/ros2_ws/install/usv_msgs/lib:/home/grant/ros2_ws/install/mavros_extras/lib:/home/grant/ros2_ws/install/mavros/lib:/home/grant/ros2_ws/install/mavros_msgs/lib:/home/grant/ros2_ws/install/libmavconn/lib:/home/grant/vrx_ws/devel/lib:/opt/ros/noetic/lib:/usr/lib/x86_64-linux-gnu/gazebo-11/plugins:/opt/ros/foxy/opt/yaml_cpp_vendor/lib:/opt/ros/foxy/lib/x86_64-linux-gnu:/opt/ros/foxy/lib:/home/grant/ros2_foxy/ros2-linux/opt/yaml_cpp_vendor/lib:/home/grant/ros2_foxy/ros2-linux/opt/rviz_ogre_vendor/lib:/opt/rti.com/rti_connext_dds-5.3.1/lib/x64Linux3gcc5.4.0:/home/grant/ros2_foxy/ros2-linux/lib:/usr/lib/x86_64-linux-gnu/gazebo-11/plugins:/usr/lib/x86_64-linux-gnu/gazebo-11/plugins:/usr/lib/x86_64-linux-gnu/gazebo-11/plugins:/usr/lib/x86_64-linux-gnu/gazebo-11/plugins:/usr/lib/x86_64-linux-gnu/gazebo-11/plugins:/usr/lib/x86_64-linux-gnu/gazebo-11/plugins:/usr/lib/x86_64-linux-gnu/gazebo-11/plugins:/usr/lib/x86_64-linux-gnu/gazebo-11/plugins:/usr/lib/x86_64-linux-gnu/gazebo-11/plugins:/usr/lib/x86_64-linux-gnu/gazebo-11/plugins /usr/bin/cmake --build /home/grant/ros2_ws/build/robotx_2022 -- -j8 -l8
[0.082s] [35m[1mScanning dependencies of target ArduPilotPlugin[0m
[0.094s] [ 25%] [32mBuilding CXX object CMakeFiles/ArduCopterIRLockPlugin.dir/src/ArduCopterIRLockPlugin.cc.o[0m
[0.140s] [ 50%] [32mBuilding CXX object CMakeFiles/ArduPilotPlugin.dir/src/ArduPilotPlugin.cc.o[0m
[1.721s] [01m[K/home/grant/ros2_ws/src/VRX_Foxy/robotX_2022/src/ArduCopterIRLockPlugin.cc:48:10:[m[K [01;31m[Kfatal error: [m[Kinclude/SelectionBuffer.hh: No such file or directory
[1.721s]    48 | #include [01;31m[K<include/SelectionBuffer.hh>[m[K
[1.721s]       |          [01;31m[K^~~~~~~~~~~~~~~~~~~~~~~~~~~~[m[K
[1.721s] compilation terminated.
[1.729s] make[2]: *** [CMakeFiles/ArduCopterIRLockPlugin.dir/build.make:63: CMakeFiles/ArduCopterIRLockPlugin.dir/src/ArduCopterIRLockPlugin.cc.o] Error 1
[1.729s] make[1]: *** [CMakeFiles/Makefile2:107: CMakeFiles/ArduCopterIRLockPlugin.dir/all] Error 2
[1.729s] make[1]: *** Waiting for unfinished jobs....
[6.907s] /home/grant/ros2_ws/src/VRX_Foxy/robotX_2022/src/ArduPilotPlugin.cc: In instantiation of ‘[01m[Kvoid __gnu_cxx::new_allocator<_Tp>::construct(_Up*, _Args&& ...) [with _Up = Control; _Args = {const Control&}; _Tp = Control][m[K’:
[6.908s] [01m[K/usr/include/c++/9/bits/alloc_traits.h:483:4:[m[K   required from ‘[01m[Kstatic void std::allocator_traits<std::allocator<_CharT> >::construct(std::allocator_traits<std::allocator<_CharT> >::allocator_type&, _Up*, _Args&& ...) [with _Up = Control; _Args = {const Control&}; _Tp = Control; std::allocator_traits<std::allocator<_CharT> >::allocator_type = std::allocator<Control>][m[K’
[6.908s] [01m[K/usr/include/c++/9/bits/stl_vector.h:1189:30:[m[K   required from ‘[01m[Kvoid std::vector<_Tp, _Alloc>::push_back(const value_type&) [with _Tp = Control; _Alloc = std::allocator<Control>; std::vector<_Tp, _Alloc>::value_type = Control][m[K’
[6.908s] [01m[K/home/grant/ros2_ws/src/VRX_Foxy/robotX_2022/src/ArduPilotPlugin.cc:625:46:[m[K   required from here
[6.908s] [01m[K/home/grant/ros2_ws/src/VRX_Foxy/robotX_2022/src/ArduPilotPlugin.cc:109:7:[m[K [01;35m[Kwarning: [m[Kimplicitly-declared ‘[01m[Kconstexpr gazebo::common::PID::PID(const gazebo::common::PID&)[m[K’ is deprecated [[01;35m[K-Wdeprecated-copy[m[K]
[6.908s]   109 | class [01;35m[KControl[m[K
[6.908s]       |       [01;35m[K^~~~~~~[m[K
[6.908s] In file included from [01m[K/usr/include/gazebo-11/gazebo/physics/JointController.hh:25[m[K,
[6.908s]                  from [01m[K/usr/include/gazebo-11/gazebo/physics/physics.hh:23[m[K,
[6.908s]                  from [01m[K/usr/include/gazebo-11/gazebo/sensors/WirelessTransmitter.hh:22[m[K,
[6.908s]                  from [01m[K/usr/include/gazebo-11/gazebo/sensors/sensors.hh:27[m[K,
[6.908s]                  from [01m[K/home/grant/ros2_ws/src/VRX_Foxy/robotX_2022/src/ArduPilotPlugin.cc:46[m[K:
[6.908s] [01m[K/usr/include/gazebo-11/gazebo/common/PID.hh:157:20:[m[K [01;36m[Knote: [m[Kbecause ‘[01m[Kgazebo::common::PID[m[K’ has user-provided ‘[01m[Kgazebo::common::PID& gazebo::common::PID::operator=(const gazebo::common::PID&)[m[K’
[6.908s]   157 |       public: PID &[01;36m[Koperator[m[K=(const PID &_p)
[6.909s]       |                    [01;36m[K^~~~~~~~[m[K
[6.909s] In file included from [01m[K/usr/include/x86_64-linux-gnu/c++/9/bits/c++allocator.h:33[m[K,
[6.909s]                  from [01m[K/usr/include/c++/9/bits/allocator.h:46[m[K,
[6.909s]                  from [01m[K/usr/include/c++/9/string:41[m[K,
[6.909s]                  from [01m[K/usr/include/c++/9/stdexcept:39[m[K,
[6.909s]                  from [01m[K/usr/include/c++/9/array:39[m[K,
[6.909s]                  from [01m[K/usr/include/c++/9/tuple:39[m[K,
[6.909s]                  from [01m[K/usr/include/c++/9/functional:54[m[K,
[6.909s]                  from [01m[K/home/grant/ros2_ws/src/VRX_Foxy/robotX_2022/src/ArduPilotPlugin.cc:17[m[K:
[6.909s] [01m[K/usr/include/c++/9/ext/new_allocator.h:146:4:[m[K [01;36m[Knote: [m[Ksynthesized method ‘[01m[KControl::Control(const Control&)[m[K’ first required here
[6.909s]   146 |  { [01;36m[K::new((void *)__p) _Up(std::forward<_Args>(__args)...)[m[K; }
[6.909s]       |    [01;36m[K^~~~~~~~~~~~~~~~~~~~~~~~~~~~~~~~~~~~~~~~~~~~~~~~~~~~~~[m[K
[9.852s] [ 75%] [32m[1mLinking CXX shared library libArduPilotPlugin.so[0m
[10.172s] [ 75%] Built target ArduPilotPlugin
[10.172s] make: *** [Makefile:141: all] Error 2
[10.174s] Invoked command in '/home/grant/ros2_ws/build/robotx_2022' returned '2': CMAKE_PREFIX_PATH=/home/grant/ros2_ws/install/vrx_gazebo:/home/grant/ros2_ws/install/wamv_gazebo:/home/grant/ros2_ws/install/wave_gazebo:/home/grant/ros2_ws/install/usv_gazebo_plugins:/home/grant/ros2_ws/install/wave_gazebo_plugins:/home/grant/ros2_ws/install/wamv_description:/home/grant/ros2_ws/install/usv_msgs:/home/grant/ros2_ws/install/mavros_extras:/home/grant/ros2_ws/install/mavros:/home/grant/ros2_ws/install/mavros_msgs:/home/grant/ros2_ws/install/libmavconn:/home/grant/ros2_ws/install/mavlink:/opt/ros/foxy:/home/grant/vrx_ws/devel:/opt/ros/noetic:/home/grant/ros2_foxy/ros2-linux CONDA_PROMPT_MODIFIER=(base) LD_LIBRARY_PATH=/home/grant/ros2_ws/install/vrx_gazebo/lib:/home/grant/ros2_ws/install/usv_gazebo_plugins/lib:/home/grant/ros2_ws/install/wave_gazebo_plugins/lib:/home/grant/ros2_ws/install/usv_msgs/lib:/home/grant/ros2_ws/install/mavros_extras/lib:/home/grant/ros2_ws/install/mavros/lib:/home/grant/ros2_ws/install/mavros_msgs/lib:/home/grant/ros2_ws/install/libmavconn/lib:/home/grant/vrx_ws/devel/lib:/opt/ros/noetic/lib:/usr/lib/x86_64-linux-gnu/gazebo-11/plugins:/opt/ros/foxy/opt/yaml_cpp_vendor/lib:/opt/ros/foxy/lib/x86_64-linux-gnu:/opt/ros/foxy/lib:/home/grant/ros2_foxy/ros2-linux/opt/yaml_cpp_vendor/lib:/home/grant/ros2_foxy/ros2-linux/opt/rviz_ogre_vendor/lib:/opt/rti.com/rti_connext_dds-5.3.1/lib/x64Linux3gcc5.4.0:/home/grant/ros2_foxy/ros2-linux/lib:/usr/lib/x86_64-linux-gnu/gazebo-11/plugins:/usr/lib/x86_64-linux-gnu/gazebo-11/plugins:/usr/lib/x86_64-linux-gnu/gazebo-11/plugins:/usr/lib/x86_64-linux-gnu/gazebo-11/plugins:/usr/lib/x86_64-linux-gnu/gazebo-11/plugins:/usr/lib/x86_64-linux-gnu/gazebo-11/plugins:/usr/lib/x86_64-linux-gnu/gazebo-11/plugins:/usr/lib/x86_64-linux-gnu/gazebo-11/plugins:/usr/lib/x86_64-linux-gnu/gazebo-11/plugins:/usr/lib/x86_64-linux-gnu/gazebo-11/plugins /usr/bin/cmake --build /home/grant/ros2_ws/build/robotx_2022 -- -j8 -l8
