[2.516s] DEBUG:colcon:Command line arguments: ['/usr/bin/colcon', 'build', '--packages-select', 'ros2_robotx']
[2.516s] DEBUG:colcon:Parsed command line arguments: Namespace(allow_overriding=[], ament_cmake_args=None, base_paths=['.'], build_base='build', catkin_cmake_args=None, catkin_skip_building_tests=False, cmake_args=None, cmake_clean_cache=False, cmake_clean_first=False, cmake_force_configure=False, cmake_target=None, cmake_target_skip_unavailable=False, continue_on_error=False, event_handlers=None, executor='parallel', ignore_user_meta=False, install_base='install', log_base=None, log_level=None, main=<bound method BuildVerb.main of <colcon_core.verb.build.BuildVerb object at 0x7fbcf39ef550>>, merge_install=False, metas=['./colcon.meta'], packages_above=None, packages_above_and_dependencies=None, packages_above_depth=None, packages_end=None, packages_ignore=None, packages_ignore_regex=None, packages_select=['ros2_robotx'], packages_select_build_failed=False, packages_select_by_dep=None, packages_select_regex=None, packages_select_test_failures=False, packages_skip=None, packages_skip_build_finished=False, packages_skip_by_dep=None, packages_skip_regex=None, packages_skip_test_passed=False, packages_skip_up_to=None, packages_start=None, packages_up_to=None, packages_up_to_regex=None, parallel_workers=8, paths=None, symlink_install=False, test_result_base=None, verb_extension=<colcon_core.verb.build.BuildVerb object at 0x7fbcf39ef550>, verb_name='build', verb_parser=<colcon_defaults.argument_parser.defaults.DefaultArgumentsDecorator object at 0x7fbcf39efb80>)
[2.634s] Level 1:colcon.colcon_core.package_discovery:discover_packages(colcon_meta) check parameters
[2.634s] Level 1:colcon.colcon_core.package_discovery:discover_packages(recursive) check parameters
[2.634s] Level 1:colcon.colcon_core.package_discovery:discover_packages(ignore) check parameters
[2.634s] Level 1:colcon.colcon_core.package_discovery:discover_packages(path) check parameters
[2.634s] Level 1:colcon.colcon_core.package_discovery:discover_packages(colcon_meta) discover
[2.635s] Level 1:colcon.colcon_core.package_discovery:discover_packages(recursive) discover
[2.635s] INFO:colcon.colcon_core.package_discovery:Crawling recursively for packages in '/home/grant/ros2_ws_2'
[2.635s] Level 1:colcon.colcon_core.package_identification:_identify(.) by extensions ['ignore', 'ignore_ament_install']
[2.635s] Level 1:colcon.colcon_core.package_identification:_identify(.) by extension 'ignore'
[2.635s] Level 1:colcon.colcon_core.package_identification:_identify(.) by extension 'ignore_ament_install'
[2.635s] Level 1:colcon.colcon_core.package_identification:_identify(.) by extensions ['colcon_pkg']
[2.635s] Level 1:colcon.colcon_core.package_identification:_identify(.) by extension 'colcon_pkg'
[2.635s] Level 1:colcon.colcon_core.package_identification:_identify(.) by extensions ['colcon_meta']
[2.635s] Level 1:colcon.colcon_core.package_identification:_identify(.) by extension 'colcon_meta'
[2.635s] Level 1:colcon.colcon_core.package_identification:_identify(.) by extensions ['ros']
[2.635s] Level 1:colcon.colcon_core.package_identification:_identify(.) by extension 'ros'
[2.648s] Level 1:colcon.colcon_core.package_identification:_identify(.) by extensions ['cmake', 'python']
[2.648s] Level 1:colcon.colcon_core.package_identification:_identify(.) by extension 'cmake'
[2.648s] Level 1:colcon.colcon_core.package_identification:_identify(.) by extension 'python'
[2.648s] Level 1:colcon.colcon_core.package_identification:_identify(.) by extensions ['python_setup_py']
[2.648s] Level 1:colcon.colcon_core.package_identification:_identify(.) by extension 'python_setup_py'
[2.649s] Level 1:colcon.colcon_core.package_identification:_identify(build) by extensions ['ignore', 'ignore_ament_install']
[2.649s] Level 1:colcon.colcon_core.package_identification:_identify(build) by extension 'ignore'
[2.649s] Level 1:colcon.colcon_core.package_identification:_identify(build) ignored
[2.649s] Level 1:colcon.colcon_core.package_identification:_identify(install) by extensions ['ignore', 'ignore_ament_install']
[2.649s] Level 1:colcon.colcon_core.package_identification:_identify(install) by extension 'ignore'
[2.649s] Level 1:colcon.colcon_core.package_identification:_identify(install) ignored
[2.650s] Level 1:colcon.colcon_core.package_identification:_identify(log) by extensions ['ignore', 'ignore_ament_install']
[2.650s] Level 1:colcon.colcon_core.package_identification:_identify(log) by extension 'ignore'
[2.650s] Level 1:colcon.colcon_core.package_identification:_identify(log) ignored
[2.652s] Level 1:colcon.colcon_core.package_identification:_identify(src) by extensions ['ignore', 'ignore_ament_install']
[2.652s] Level 1:colcon.colcon_core.package_identification:_identify(src) by extension 'ignore'
[2.652s] Level 1:colcon.colcon_core.package_identification:_identify(src) by extension 'ignore_ament_install'
[2.652s] Level 1:colcon.colcon_core.package_identification:_identify(src) by extensions ['colcon_pkg']
[2.652s] Level 1:colcon.colcon_core.package_identification:_identify(src) by extension 'colcon_pkg'
[2.652s] Level 1:colcon.colcon_core.package_identification:_identify(src) by extensions ['colcon_meta']
[2.652s] Level 1:colcon.colcon_core.package_identification:_identify(src) by extension 'colcon_meta'
[2.652s] Level 1:colcon.colcon_core.package_identification:_identify(src) by extensions ['ros']
[2.652s] Level 1:colcon.colcon_core.package_identification:_identify(src) by extension 'ros'
[2.653s] Level 1:colcon.colcon_core.package_identification:_identify(src) by extensions ['cmake', 'python']
[2.653s] Level 1:colcon.colcon_core.package_identification:_identify(src) by extension 'cmake'
[2.653s] Level 1:colcon.colcon_core.package_identification:_identify(src) by extension 'python'
[2.653s] Level 1:colcon.colcon_core.package_identification:_identify(src) by extensions ['python_setup_py']
[2.653s] Level 1:colcon.colcon_core.package_identification:_identify(src) by extension 'python_setup_py'
[2.653s] Level 1:colcon.colcon_core.package_identification:_identify(src/VRX_Foxy) by extensions ['ignore', 'ignore_ament_install']
[2.653s] Level 1:colcon.colcon_core.package_identification:_identify(src/VRX_Foxy) by extension 'ignore'
[2.653s] Level 1:colcon.colcon_core.package_identification:_identify(src/VRX_Foxy) by extension 'ignore_ament_install'
[2.653s] Level 1:colcon.colcon_core.package_identification:_identify(src/VRX_Foxy) by extensions ['colcon_pkg']
[2.653s] Level 1:colcon.colcon_core.package_identification:_identify(src/VRX_Foxy) by extension 'colcon_pkg'
[2.653s] Level 1:colcon.colcon_core.package_identification:_identify(src/VRX_Foxy) by extensions ['colcon_meta']
[2.653s] Level 1:colcon.colcon_core.package_identification:_identify(src/VRX_Foxy) by extension 'colcon_meta'
[2.653s] Level 1:colcon.colcon_core.package_identification:_identify(src/VRX_Foxy) by extensions ['ros']
[2.653s] Level 1:colcon.colcon_core.package_identification:_identify(src/VRX_Foxy) by extension 'ros'
[2.653s] Level 1:colcon.colcon_core.package_identification:_identify(src/VRX_Foxy) by extensions ['cmake', 'python']
[2.653s] Level 1:colcon.colcon_core.package_identification:_identify(src/VRX_Foxy) by extension 'cmake'
[2.653s] Level 1:colcon.colcon_core.package_identification:_identify(src/VRX_Foxy) by extension 'python'
[2.653s] Level 1:colcon.colcon_core.package_identification:_identify(src/VRX_Foxy) by extensions ['python_setup_py']
[2.653s] Level 1:colcon.colcon_core.package_identification:_identify(src/VRX_Foxy) by extension 'python_setup_py'
[2.653s] Level 1:colcon.colcon_core.package_identification:_identify(src/VRX_Foxy/images) by extensions ['ignore', 'ignore_ament_install']
[2.654s] Level 1:colcon.colcon_core.package_identification:_identify(src/VRX_Foxy/images) by extension 'ignore'
[2.654s] Level 1:colcon.colcon_core.package_identification:_identify(src/VRX_Foxy/images) by extension 'ignore_ament_install'
[2.654s] Level 1:colcon.colcon_core.package_identification:_identify(src/VRX_Foxy/images) by extensions ['colcon_pkg']
[2.654s] Level 1:colcon.colcon_core.package_identification:_identify(src/VRX_Foxy/images) by extension 'colcon_pkg'
[2.654s] Level 1:colcon.colcon_core.package_identification:_identify(src/VRX_Foxy/images) by extensions ['colcon_meta']
[2.654s] Level 1:colcon.colcon_core.package_identification:_identify(src/VRX_Foxy/images) by extension 'colcon_meta'
[2.654s] Level 1:colcon.colcon_core.package_identification:_identify(src/VRX_Foxy/images) by extensions ['ros']
[2.654s] Level 1:colcon.colcon_core.package_identification:_identify(src/VRX_Foxy/images) by extension 'ros'
[2.654s] Level 1:colcon.colcon_core.package_identification:_identify(src/VRX_Foxy/images) by extensions ['cmake', 'python']
[2.654s] Level 1:colcon.colcon_core.package_identification:_identify(src/VRX_Foxy/images) by extension 'cmake'
[2.654s] Level 1:colcon.colcon_core.package_identification:_identify(src/VRX_Foxy/images) by extension 'python'
[2.654s] Level 1:colcon.colcon_core.package_identification:_identify(src/VRX_Foxy/images) by extensions ['python_setup_py']
[2.654s] Level 1:colcon.colcon_core.package_identification:_identify(src/VRX_Foxy/images) by extension 'python_setup_py'
[2.654s] Level 1:colcon.colcon_core.package_identification:_identify(src/VRX_Foxy/robotX_2022) by extensions ['ignore', 'ignore_ament_install']
[2.654s] Level 1:colcon.colcon_core.package_identification:_identify(src/VRX_Foxy/robotX_2022) by extension 'ignore'
[2.654s] Level 1:colcon.colcon_core.package_identification:_identify(src/VRX_Foxy/robotX_2022) by extension 'ignore_ament_install'
[2.654s] Level 1:colcon.colcon_core.package_identification:_identify(src/VRX_Foxy/robotX_2022) by extensions ['colcon_pkg']
[2.654s] Level 1:colcon.colcon_core.package_identification:_identify(src/VRX_Foxy/robotX_2022) by extension 'colcon_pkg'
[2.654s] Level 1:colcon.colcon_core.package_identification:_identify(src/VRX_Foxy/robotX_2022) by extensions ['colcon_meta']
[2.654s] Level 1:colcon.colcon_core.package_identification:_identify(src/VRX_Foxy/robotX_2022) by extension 'colcon_meta'
[2.655s] Level 1:colcon.colcon_core.package_identification:_identify(src/VRX_Foxy/robotX_2022) by extensions ['ros']
[2.655s] Level 1:colcon.colcon_core.package_identification:_identify(src/VRX_Foxy/robotX_2022) by extension 'ros'
[2.658s] DEBUG:colcon.colcon_core.package_identification:Package 'src/VRX_Foxy/robotX_2022' with type 'ros.ament_cmake' and name 'robotx_2022'
[2.658s] Level 1:colcon.colcon_core.package_identification:_identify(src/VRX_Foxy/ros2_robotx_old) by extensions ['ignore', 'ignore_ament_install']
[2.658s] Level 1:colcon.colcon_core.package_identification:_identify(src/VRX_Foxy/ros2_robotx_old) by extension 'ignore'
[2.658s] Level 1:colcon.colcon_core.package_identification:_identify(src/VRX_Foxy/ros2_robotx_old) by extension 'ignore_ament_install'
[2.658s] Level 1:colcon.colcon_core.package_identification:_identify(src/VRX_Foxy/ros2_robotx_old) by extensions ['colcon_pkg']
[2.659s] Level 1:colcon.colcon_core.package_identification:_identify(src/VRX_Foxy/ros2_robotx_old) by extension 'colcon_pkg'
[2.659s] Level 1:colcon.colcon_core.package_identification:_identify(src/VRX_Foxy/ros2_robotx_old) by extensions ['colcon_meta']
[2.659s] Level 1:colcon.colcon_core.package_identification:_identify(src/VRX_Foxy/ros2_robotx_old) by extension 'colcon_meta'
[2.659s] Level 1:colcon.colcon_core.package_identification:_identify(src/VRX_Foxy/ros2_robotx_old) by extensions ['ros']
[2.659s] Level 1:colcon.colcon_core.package_identification:_identify(src/VRX_Foxy/ros2_robotx_old) by extension 'ros'
[2.659s] Level 1:colcon.colcon_core.package_identification:_identify(src/VRX_Foxy/ros2_robotx_old) by extensions ['cmake', 'python']
[2.660s] Level 1:colcon.colcon_core.package_identification:_identify(src/VRX_Foxy/ros2_robotx_old) by extension 'cmake'
[2.660s] Level 1:colcon.colcon_core.package_identification:_identify(src/VRX_Foxy/ros2_robotx_old) by extension 'python'
[2.660s] Level 1:colcon.colcon_core.package_identification:_identify(src/VRX_Foxy/ros2_robotx_old) by extensions ['python_setup_py']
[2.660s] Level 1:colcon.colcon_core.package_identification:_identify(src/VRX_Foxy/ros2_robotx_old) by extension 'python_setup_py'
[2.661s] Level 1:colcon.colcon_core.package_identification:_identify(src/VRX_Foxy/ros2_robotx_old/launch) by extensions ['ignore', 'ignore_ament_install']
[2.661s] Level 1:colcon.colcon_core.package_identification:_identify(src/VRX_Foxy/ros2_robotx_old/launch) by extension 'ignore'
[2.661s] Level 1:colcon.colcon_core.package_identification:_identify(src/VRX_Foxy/ros2_robotx_old/launch) by extension 'ignore_ament_install'
[2.661s] Level 1:colcon.colcon_core.package_identification:_identify(src/VRX_Foxy/ros2_robotx_old/launch) by extensions ['colcon_pkg']
[2.661s] Level 1:colcon.colcon_core.package_identification:_identify(src/VRX_Foxy/ros2_robotx_old/launch) by extension 'colcon_pkg'
[2.661s] Level 1:colcon.colcon_core.package_identification:_identify(src/VRX_Foxy/ros2_robotx_old/launch) by extensions ['colcon_meta']
[2.661s] Level 1:colcon.colcon_core.package_identification:_identify(src/VRX_Foxy/ros2_robotx_old/launch) by extension 'colcon_meta'
[2.661s] Level 1:colcon.colcon_core.package_identification:_identify(src/VRX_Foxy/ros2_robotx_old/launch) by extensions ['ros']
[2.661s] Level 1:colcon.colcon_core.package_identification:_identify(src/VRX_Foxy/ros2_robotx_old/launch) by extension 'ros'
[2.661s] Level 1:colcon.colcon_core.package_identification:_identify(src/VRX_Foxy/ros2_robotx_old/launch) by extensions ['cmake', 'python']
[2.661s] Level 1:colcon.colcon_core.package_identification:_identify(src/VRX_Foxy/ros2_robotx_old/launch) by extension 'cmake'
[2.661s] Level 1:colcon.colcon_core.package_identification:_identify(src/VRX_Foxy/ros2_robotx_old/launch) by extension 'python'
[2.661s] Level 1:colcon.colcon_core.package_identification:_identify(src/VRX_Foxy/ros2_robotx_old/launch) by extensions ['python_setup_py']
[2.661s] Level 1:colcon.colcon_core.package_identification:_identify(src/VRX_Foxy/ros2_robotx_old/launch) by extension 'python_setup_py'
[2.661s] Level 1:colcon.colcon_core.package_identification:_identify(src/VRX_Foxy/ros2_robotx_old/ros2_robotx) by extensions ['ignore', 'ignore_ament_install']
[2.661s] Level 1:colcon.colcon_core.package_identification:_identify(src/VRX_Foxy/ros2_robotx_old/ros2_robotx) by extension 'ignore'
[2.661s] Level 1:colcon.colcon_core.package_identification:_identify(src/VRX_Foxy/ros2_robotx_old/ros2_robotx) by extension 'ignore_ament_install'
[2.661s] Level 1:colcon.colcon_core.package_identification:_identify(src/VRX_Foxy/ros2_robotx_old/ros2_robotx) by extensions ['colcon_pkg']
[2.661s] Level 1:colcon.colcon_core.package_identification:_identify(src/VRX_Foxy/ros2_robotx_old/ros2_robotx) by extension 'colcon_pkg'
[2.661s] Level 1:colcon.colcon_core.package_identification:_identify(src/VRX_Foxy/ros2_robotx_old/ros2_robotx) by extensions ['colcon_meta']
[2.661s] Level 1:colcon.colcon_core.package_identification:_identify(src/VRX_Foxy/ros2_robotx_old/ros2_robotx) by extension 'colcon_meta'
[2.661s] Level 1:colcon.colcon_core.package_identification:_identify(src/VRX_Foxy/ros2_robotx_old/ros2_robotx) by extensions ['ros']
[2.661s] Level 1:colcon.colcon_core.package_identification:_identify(src/VRX_Foxy/ros2_robotx_old/ros2_robotx) by extension 'ros'
[2.661s] Level 1:colcon.colcon_core.package_identification:_identify(src/VRX_Foxy/ros2_robotx_old/ros2_robotx) by extensions ['cmake', 'python']
[2.661s] Level 1:colcon.colcon_core.package_identification:_identify(src/VRX_Foxy/ros2_robotx_old/ros2_robotx) by extension 'cmake'
[2.661s] Level 1:colcon.colcon_core.package_identification:_identify(src/VRX_Foxy/ros2_robotx_old/ros2_robotx) by extension 'python'
[2.661s] Level 1:colcon.colcon_core.package_identification:_identify(src/VRX_Foxy/ros2_robotx_old/ros2_robotx) by extensions ['python_setup_py']
[2.661s] Level 1:colcon.colcon_core.package_identification:_identify(src/VRX_Foxy/ros2_robotx_old/ros2_robotx) by extension 'python_setup_py'
[2.661s] Level 1:colcon.colcon_core.package_identification:_identify(src/VRX_Foxy/tools) by extensions ['ignore', 'ignore_ament_install']
[2.662s] Level 1:colcon.colcon_core.package_identification:_identify(src/VRX_Foxy/tools) by extension 'ignore'
[2.662s] Level 1:colcon.colcon_core.package_identification:_identify(src/VRX_Foxy/tools) by extension 'ignore_ament_install'
[2.662s] Level 1:colcon.colcon_core.package_identification:_identify(src/VRX_Foxy/tools) by extensions ['colcon_pkg']
[2.662s] Level 1:colcon.colcon_core.package_identification:_identify(src/VRX_Foxy/tools) by extension 'colcon_pkg'
[2.662s] Level 1:colcon.colcon_core.package_identification:_identify(src/VRX_Foxy/tools) by extensions ['colcon_meta']
[2.662s] Level 1:colcon.colcon_core.package_identification:_identify(src/VRX_Foxy/tools) by extension 'colcon_meta'
[2.662s] Level 1:colcon.colcon_core.package_identification:_identify(src/VRX_Foxy/tools) by extensions ['ros']
[2.662s] Level 1:colcon.colcon_core.package_identification:_identify(src/VRX_Foxy/tools) by extension 'ros'
[2.662s] Level 1:colcon.colcon_core.package_identification:_identify(src/VRX_Foxy/tools) by extensions ['cmake', 'python']
[2.662s] Level 1:colcon.colcon_core.package_identification:_identify(src/VRX_Foxy/tools) by extension 'cmake'
[2.662s] Level 1:colcon.colcon_core.package_identification:_identify(src/VRX_Foxy/tools) by extension 'python'
[2.662s] Level 1:colcon.colcon_core.package_identification:_identify(src/VRX_Foxy/tools) by extensions ['python_setup_py']
[2.662s] Level 1:colcon.colcon_core.package_identification:_identify(src/VRX_Foxy/tools) by extension 'python_setup_py'
[2.662s] Level 1:colcon.colcon_core.package_identification:_identify(src/VRX_Foxy/usv_gazebo_plugins) by extensions ['ignore', 'ignore_ament_install']
[2.662s] Level 1:colcon.colcon_core.package_identification:_identify(src/VRX_Foxy/usv_gazebo_plugins) by extension 'ignore'
[2.662s] Level 1:colcon.colcon_core.package_identification:_identify(src/VRX_Foxy/usv_gazebo_plugins) by extension 'ignore_ament_install'
[2.662s] Level 1:colcon.colcon_core.package_identification:_identify(src/VRX_Foxy/usv_gazebo_plugins) by extensions ['colcon_pkg']
[2.662s] Level 1:colcon.colcon_core.package_identification:_identify(src/VRX_Foxy/usv_gazebo_plugins) by extension 'colcon_pkg'
[2.662s] Level 1:colcon.colcon_core.package_identification:_identify(src/VRX_Foxy/usv_gazebo_plugins) by extensions ['colcon_meta']
[2.662s] Level 1:colcon.colcon_core.package_identification:_identify(src/VRX_Foxy/usv_gazebo_plugins) by extension 'colcon_meta'
[2.662s] Level 1:colcon.colcon_core.package_identification:_identify(src/VRX_Foxy/usv_gazebo_plugins) by extensions ['ros']
[2.662s] Level 1:colcon.colcon_core.package_identification:_identify(src/VRX_Foxy/usv_gazebo_plugins) by extension 'ros'
[2.664s] DEBUG:colcon.colcon_core.package_identification:Package 'src/VRX_Foxy/usv_gazebo_plugins' with type 'ros.ament_cmake' and name 'usv_gazebo_plugins'
[2.664s] Level 1:colcon.colcon_core.package_identification:_identify(src/VRX_Foxy/usv_msgs) by extensions ['ignore', 'ignore_ament_install']
[2.664s] Level 1:colcon.colcon_core.package_identification:_identify(src/VRX_Foxy/usv_msgs) by extension 'ignore'
[2.664s] Level 1:colcon.colcon_core.package_identification:_identify(src/VRX_Foxy/usv_msgs) by extension 'ignore_ament_install'
[2.664s] Level 1:colcon.colcon_core.package_identification:_identify(src/VRX_Foxy/usv_msgs) by extensions ['colcon_pkg']
[2.664s] Level 1:colcon.colcon_core.package_identification:_identify(src/VRX_Foxy/usv_msgs) by extension 'colcon_pkg'
[2.664s] Level 1:colcon.colcon_core.package_identification:_identify(src/VRX_Foxy/usv_msgs) by extensions ['colcon_meta']
[2.664s] Level 1:colcon.colcon_core.package_identification:_identify(src/VRX_Foxy/usv_msgs) by extension 'colcon_meta'
[2.665s] Level 1:colcon.colcon_core.package_identification:_identify(src/VRX_Foxy/usv_msgs) by extensions ['ros']
[2.665s] Level 1:colcon.colcon_core.package_identification:_identify(src/VRX_Foxy/usv_msgs) by extension 'ros'
[2.665s] DEBUG:colcon.colcon_core.package_identification:Package 'src/VRX_Foxy/usv_msgs' with type 'ros.ament_cmake' and name 'usv_msgs'
[2.665s] Level 1:colcon.colcon_core.package_identification:_identify(src/VRX_Foxy/vrx_gazebo) by extensions ['ignore', 'ignore_ament_install']
[2.665s] Level 1:colcon.colcon_core.package_identification:_identify(src/VRX_Foxy/vrx_gazebo) by extension 'ignore'
[2.665s] Level 1:colcon.colcon_core.package_identification:_identify(src/VRX_Foxy/vrx_gazebo) by extension 'ignore_ament_install'
[2.665s] Level 1:colcon.colcon_core.package_identification:_identify(src/VRX_Foxy/vrx_gazebo) by extensions ['colcon_pkg']
[2.665s] Level 1:colcon.colcon_core.package_identification:_identify(src/VRX_Foxy/vrx_gazebo) by extension 'colcon_pkg'
[2.665s] Level 1:colcon.colcon_core.package_identification:_identify(src/VRX_Foxy/vrx_gazebo) by extensions ['colcon_meta']
[2.665s] Level 1:colcon.colcon_core.package_identification:_identify(src/VRX_Foxy/vrx_gazebo) by extension 'colcon_meta'
[2.665s] Level 1:colcon.colcon_core.package_identification:_identify(src/VRX_Foxy/vrx_gazebo) by extensions ['ros']
[2.665s] Level 1:colcon.colcon_core.package_identification:_identify(src/VRX_Foxy/vrx_gazebo) by extension 'ros'
[2.670s] DEBUG:colcon.colcon_core.package_identification:Package 'src/VRX_Foxy/vrx_gazebo' with type 'ros.ament_cmake' and name 'vrx_gazebo'
[2.670s] Level 1:colcon.colcon_core.package_identification:_identify(src/VRX_Foxy/wamv_description) by extensions ['ignore', 'ignore_ament_install']
[2.670s] Level 1:colcon.colcon_core.package_identification:_identify(src/VRX_Foxy/wamv_description) by extension 'ignore'
[2.671s] Level 1:colcon.colcon_core.package_identification:_identify(src/VRX_Foxy/wamv_description) by extension 'ignore_ament_install'
[2.671s] Level 1:colcon.colcon_core.package_identification:_identify(src/VRX_Foxy/wamv_description) by extensions ['colcon_pkg']
[2.671s] Level 1:colcon.colcon_core.package_identification:_identify(src/VRX_Foxy/wamv_description) by extension 'colcon_pkg'
[2.671s] Level 1:colcon.colcon_core.package_identification:_identify(src/VRX_Foxy/wamv_description) by extensions ['colcon_meta']
[2.671s] Level 1:colcon.colcon_core.package_identification:_identify(src/VRX_Foxy/wamv_description) by extension 'colcon_meta'
[2.671s] Level 1:colcon.colcon_core.package_identification:_identify(src/VRX_Foxy/wamv_description) by extensions ['ros']
[2.671s] Level 1:colcon.colcon_core.package_identification:_identify(src/VRX_Foxy/wamv_description) by extension 'ros'
[2.671s] DEBUG:colcon.colcon_core.package_identification:Package 'src/VRX_Foxy/wamv_description' with type 'ros.ament_cmake' and name 'wamv_description'
[2.671s] Level 1:colcon.colcon_core.package_identification:_identify(src/VRX_Foxy/wamv_gazebo) by extensions ['ignore', 'ignore_ament_install']
[2.671s] Level 1:colcon.colcon_core.package_identification:_identify(src/VRX_Foxy/wamv_gazebo) by extension 'ignore'
[2.671s] Level 1:colcon.colcon_core.package_identification:_identify(src/VRX_Foxy/wamv_gazebo) by extension 'ignore_ament_install'
[2.673s] Level 1:colcon.colcon_core.package_identification:_identify(src/VRX_Foxy/wamv_gazebo) by extensions ['colcon_pkg']
[2.673s] Level 1:colcon.colcon_core.package_identification:_identify(src/VRX_Foxy/wamv_gazebo) by extension 'colcon_pkg'
[2.673s] Level 1:colcon.colcon_core.package_identification:_identify(src/VRX_Foxy/wamv_gazebo) by extensions ['colcon_meta']
[2.673s] Level 1:colcon.colcon_core.package_identification:_identify(src/VRX_Foxy/wamv_gazebo) by extension 'colcon_meta'
[2.673s] Level 1:colcon.colcon_core.package_identification:_identify(src/VRX_Foxy/wamv_gazebo) by extensions ['ros']
[2.673s] Level 1:colcon.colcon_core.package_identification:_identify(src/VRX_Foxy/wamv_gazebo) by extension 'ros'
[2.674s] DEBUG:colcon.colcon_core.package_identification:Package 'src/VRX_Foxy/wamv_gazebo' with type 'ros.ament_cmake' and name 'wamv_gazebo'
[2.674s] Level 1:colcon.colcon_core.package_identification:_identify(src/VRX_Foxy/wave_gazebo) by extensions ['ignore', 'ignore_ament_install']
[2.674s] Level 1:colcon.colcon_core.package_identification:_identify(src/VRX_Foxy/wave_gazebo) by extension 'ignore'
[2.674s] Level 1:colcon.colcon_core.package_identification:_identify(src/VRX_Foxy/wave_gazebo) by extension 'ignore_ament_install'
[2.674s] Level 1:colcon.colcon_core.package_identification:_identify(src/VRX_Foxy/wave_gazebo) by extensions ['colcon_pkg']
[2.674s] Level 1:colcon.colcon_core.package_identification:_identify(src/VRX_Foxy/wave_gazebo) by extension 'colcon_pkg'
[2.674s] Level 1:colcon.colcon_core.package_identification:_identify(src/VRX_Foxy/wave_gazebo) by extensions ['colcon_meta']
[2.674s] Level 1:colcon.colcon_core.package_identification:_identify(src/VRX_Foxy/wave_gazebo) by extension 'colcon_meta'
[2.674s] Level 1:colcon.colcon_core.package_identification:_identify(src/VRX_Foxy/wave_gazebo) by extensions ['ros']
[2.674s] Level 1:colcon.colcon_core.package_identification:_identify(src/VRX_Foxy/wave_gazebo) by extension 'ros'
[2.676s] DEBUG:colcon.colcon_core.package_identification:Package 'src/VRX_Foxy/wave_gazebo' with type 'ros.ament_cmake' and name 'wave_gazebo'
[2.676s] Level 1:colcon.colcon_core.package_identification:_identify(src/VRX_Foxy/wave_gazebo_plugins) by extensions ['ignore', 'ignore_ament_install']
[2.676s] Level 1:colcon.colcon_core.package_identification:_identify(src/VRX_Foxy/wave_gazebo_plugins) by extension 'ignore'
[2.676s] Level 1:colcon.colcon_core.package_identification:_identify(src/VRX_Foxy/wave_gazebo_plugins) by extension 'ignore_ament_install'
[2.676s] Level 1:colcon.colcon_core.package_identification:_identify(src/VRX_Foxy/wave_gazebo_plugins) by extensions ['colcon_pkg']
[2.676s] Level 1:colcon.colcon_core.package_identification:_identify(src/VRX_Foxy/wave_gazebo_plugins) by extension 'colcon_pkg'
[2.676s] Level 1:colcon.colcon_core.package_identification:_identify(src/VRX_Foxy/wave_gazebo_plugins) by extensions ['colcon_meta']
[2.676s] Level 1:colcon.colcon_core.package_identification:_identify(src/VRX_Foxy/wave_gazebo_plugins) by extension 'colcon_meta'
[2.676s] Level 1:colcon.colcon_core.package_identification:_identify(src/VRX_Foxy/wave_gazebo_plugins) by extensions ['ros']
[2.676s] Level 1:colcon.colcon_core.package_identification:_identify(src/VRX_Foxy/wave_gazebo_plugins) by extension 'ros'
[2.677s] DEBUG:colcon.colcon_core.package_identification:Package 'src/VRX_Foxy/wave_gazebo_plugins' with type 'ros.ament_cmake' and name 'wave_gazebo_plugins'
[2.677s] Level 1:colcon.colcon_core.package_identification:_identify(src/mavlink) by extensions ['ignore', 'ignore_ament_install']
[2.677s] Level 1:colcon.colcon_core.package_identification:_identify(src/mavlink) by extension 'ignore'
[2.677s] Level 1:colcon.colcon_core.package_identification:_identify(src/mavlink) by extension 'ignore_ament_install'
[2.677s] Level 1:colcon.colcon_core.package_identification:_identify(src/mavlink) by extensions ['colcon_pkg']
[2.677s] Level 1:colcon.colcon_core.package_identification:_identify(src/mavlink) by extension 'colcon_pkg'
[2.677s] Level 1:colcon.colcon_core.package_identification:_identify(src/mavlink) by extensions ['colcon_meta']
[2.677s] Level 1:colcon.colcon_core.package_identification:_identify(src/mavlink) by extension 'colcon_meta'
[2.677s] Level 1:colcon.colcon_core.package_identification:_identify(src/mavlink) by extensions ['ros']
[2.677s] Level 1:colcon.colcon_core.package_identification:_identify(src/mavlink) by extension 'ros'
[2.677s] Level 1:colcon.colcon_core.package_identification:_identify(src/mavlink) by extensions ['cmake', 'python']
[2.677s] Level 1:colcon.colcon_core.package_identification:_identify(src/mavlink) by extension 'cmake'
[2.677s] Level 1:colcon.colcon_core.package_identification:_identify(src/mavlink) by extension 'python'
[2.677s] Level 1:colcon.colcon_core.package_identification:_identify(src/mavlink) by extensions ['python_setup_py']
[2.677s] Level 1:colcon.colcon_core.package_identification:_identify(src/mavlink) by extension 'python_setup_py'
[2.678s] Level 1:colcon.colcon_core.package_identification:_identify(src/mavros) by extensions ['ignore', 'ignore_ament_install']
[2.678s] Level 1:colcon.colcon_core.package_identification:_identify(src/mavros) by extension 'ignore'
[2.678s] Level 1:colcon.colcon_core.package_identification:_identify(src/mavros) by extension 'ignore_ament_install'
[2.678s] Level 1:colcon.colcon_core.package_identification:_identify(src/mavros) by extensions ['colcon_pkg']
[2.678s] Level 1:colcon.colcon_core.package_identification:_identify(src/mavros) by extension 'colcon_pkg'
[2.678s] Level 1:colcon.colcon_core.package_identification:_identify(src/mavros) by extensions ['colcon_meta']
[2.678s] Level 1:colcon.colcon_core.package_identification:_identify(src/mavros) by extension 'colcon_meta'
[2.678s] Level 1:colcon.colcon_core.package_identification:_identify(src/mavros) by extensions ['ros']
[2.678s] Level 1:colcon.colcon_core.package_identification:_identify(src/mavros) by extension 'ros'
[2.678s] Level 1:colcon.colcon_core.package_identification:_identify(src/mavros) by extensions ['cmake', 'python']
[2.678s] Level 1:colcon.colcon_core.package_identification:_identify(src/mavros) by extension 'cmake'
[2.678s] Level 1:colcon.colcon_core.package_identification:_identify(src/mavros) by extension 'python'
[2.678s] Level 1:colcon.colcon_core.package_identification:_identify(src/mavros) by extensions ['python_setup_py']
[2.678s] Level 1:colcon.colcon_core.package_identification:_identify(src/mavros) by extension 'python_setup_py'
[2.678s] Level 1:colcon.colcon_core.package_identification:_identify(src/ros2_robotx) by extensions ['ignore', 'ignore_ament_install']
[2.678s] Level 1:colcon.colcon_core.package_identification:_identify(src/ros2_robotx) by extension 'ignore'
[2.678s] Level 1:colcon.colcon_core.package_identification:_identify(src/ros2_robotx) by extension 'ignore_ament_install'
[2.678s] Level 1:colcon.colcon_core.package_identification:_identify(src/ros2_robotx) by extensions ['colcon_pkg']
[2.678s] Level 1:colcon.colcon_core.package_identification:_identify(src/ros2_robotx) by extension 'colcon_pkg'
[2.679s] Level 1:colcon.colcon_core.package_identification:_identify(src/ros2_robotx) by extensions ['colcon_meta']
[2.679s] Level 1:colcon.colcon_core.package_identification:_identify(src/ros2_robotx) by extension 'colcon_meta'
[2.679s] Level 1:colcon.colcon_core.package_identification:_identify(src/ros2_robotx) by extensions ['ros']
[2.679s] Level 1:colcon.colcon_core.package_identification:_identify(src/ros2_robotx) by extension 'ros'
[2.679s] DEBUG:colcon.colcon_core.package_identification:Package 'src/ros2_robotx' with type 'ros.ament_python' and name 'ros2_robotx'
[2.679s] Level 1:colcon.colcon_core.package_identification:_identify(terrain) by extensions ['ignore', 'ignore_ament_install']
[2.679s] Level 1:colcon.colcon_core.package_identification:_identify(terrain) by extension 'ignore'
[2.679s] Level 1:colcon.colcon_core.package_identification:_identify(terrain) by extension 'ignore_ament_install'
[2.680s] Level 1:colcon.colcon_core.package_identification:_identify(terrain) by extensions ['colcon_pkg']
[2.680s] Level 1:colcon.colcon_core.package_identification:_identify(terrain) by extension 'colcon_pkg'
[2.680s] Level 1:colcon.colcon_core.package_identification:_identify(terrain) by extensions ['colcon_meta']
[2.680s] Level 1:colcon.colcon_core.package_identification:_identify(terrain) by extension 'colcon_meta'
[2.680s] Level 1:colcon.colcon_core.package_identification:_identify(terrain) by extensions ['ros']
[2.680s] Level 1:colcon.colcon_core.package_identification:_identify(terrain) by extension 'ros'
[2.680s] Level 1:colcon.colcon_core.package_identification:_identify(terrain) by extensions ['cmake', 'python']
[2.680s] Level 1:colcon.colcon_core.package_identification:_identify(terrain) by extension 'cmake'
[2.680s] Level 1:colcon.colcon_core.package_identification:_identify(terrain) by extension 'python'
[2.680s] Level 1:colcon.colcon_core.package_identification:_identify(terrain) by extensions ['python_setup_py']
[2.680s] Level 1:colcon.colcon_core.package_identification:_identify(terrain) by extension 'python_setup_py'
[2.680s] Level 1:colcon.colcon_core.package_discovery:discover_packages(recursive) using defaults
[2.680s] Level 1:colcon.colcon_core.package_discovery:discover_packages(ignore) discover
[2.680s] Level 1:colcon.colcon_core.package_discovery:discover_packages(ignore) using defaults
[2.680s] Level 1:colcon.colcon_core.package_discovery:discover_packages(path) discover
[2.680s] Level 1:colcon.colcon_core.package_discovery:discover_packages(path) using defaults
[2.839s] INFO:colcon.colcon_core.package_selection:Skipping not selected package 'usv_msgs' in 'src/VRX_Foxy/usv_msgs'
[2.839s] INFO:colcon.colcon_core.package_selection:Skipping not selected package 'wamv_description' in 'src/VRX_Foxy/wamv_description'
[2.839s] INFO:colcon.colcon_core.package_selection:Skipping not selected package 'wave_gazebo_plugins' in 'src/VRX_Foxy/wave_gazebo_plugins'
[2.839s] INFO:colcon.colcon_core.package_selection:Skipping not selected package 'usv_gazebo_plugins' in 'src/VRX_Foxy/usv_gazebo_plugins'
[2.839s] INFO:colcon.colcon_core.package_selection:Skipping not selected package 'wave_gazebo' in 'src/VRX_Foxy/wave_gazebo'
[2.839s] INFO:colcon.colcon_core.package_selection:Skipping not selected package 'wamv_gazebo' in 'src/VRX_Foxy/wamv_gazebo'
[2.839s] INFO:colcon.colcon_core.package_selection:Skipping not selected package 'vrx_gazebo' in 'src/VRX_Foxy/vrx_gazebo'
[2.839s] INFO:colcon.colcon_core.package_selection:Skipping not selected package 'robotx_2022' in 'src/VRX_Foxy/robotX_2022'
[2.911s] Level 1:colcon.colcon_core.package_discovery:discover_packages(prefix_path) check parameters
[2.911s] Level 1:colcon.colcon_core.package_discovery:discover_packages(prefix_path) discover
[2.989s] DEBUG:colcon.colcon_installed_package_information.package_discovery:Found 311 installed packages in /home/grant/ros2_foxy/ros2-linux
[3.030s] DEBUG:colcon.colcon_installed_package_information.package_discovery:Found 270 installed packages in /opt/ros/foxy
[3.037s] Level 1:colcon.colcon_core.package_discovery:discover_packages(prefix_path) using defaults
[3.226s] Level 5:colcon.colcon_core.verb:set package 'ros2_robotx' build argument 'cmake_args' from command line to 'None'
[3.226s] Level 5:colcon.colcon_core.verb:set package 'ros2_robotx' build argument 'cmake_target' from command line to 'None'
[3.226s] Level 5:colcon.colcon_core.verb:set package 'ros2_robotx' build argument 'cmake_target_skip_unavailable' from command line to 'False'
[3.226s] Level 5:colcon.colcon_core.verb:set package 'ros2_robotx' build argument 'cmake_clean_cache' from command line to 'False'
[3.226s] Level 5:colcon.colcon_core.verb:set package 'ros2_robotx' build argument 'cmake_clean_first' from command line to 'False'
[3.226s] Level 5:colcon.colcon_core.verb:set package 'ros2_robotx' build argument 'cmake_force_configure' from command line to 'False'
[3.226s] Level 5:colcon.colcon_core.verb:set package 'ros2_robotx' build argument 'ament_cmake_args' from command line to 'None'
[3.226s] Level 5:colcon.colcon_core.verb:set package 'ros2_robotx' build argument 'catkin_cmake_args' from command line to 'None'
[3.226s] Level 5:colcon.colcon_core.verb:set package 'ros2_robotx' build argument 'catkin_skip_building_tests' from command line to 'False'
[3.226s] DEBUG:colcon.colcon_core.verb:Building package 'ros2_robotx' with the following arguments: {'ament_cmake_args': None, 'build_base': '/home/grant/ros2_ws_2/build/ros2_robotx', 'catkin_cmake_args': None, 'catkin_skip_building_tests': False, 'cmake_args': None, 'cmake_clean_cache': False, 'cmake_clean_first': False, 'cmake_force_configure': False, 'cmake_target': None, 'cmake_target_skip_unavailable': False, 'install_base': '/home/grant/ros2_ws_2/install/ros2_robotx', 'merge_install': False, 'path': '/home/grant/ros2_ws_2/src/ros2_robotx', 'symlink_install': False, 'test_result_base': None}
[3.272s] INFO:colcon.colcon_core.executor:Executing jobs using 'parallel' executor
[3.309s] DEBUG:colcon.colcon_parallel_executor.executor.parallel:run_until_complete
[3.310s] INFO:colcon.colcon_ros.task.ament_python.build:Building ROS package in '/home/grant/ros2_ws_2/src/ros2_robotx' with build type 'ament_python'
[3.310s] Level 1:colcon.colcon_core.shell:create_environment_hook('ros2_robotx', 'ament_prefix_path')
[3.350s] INFO:colcon.colcon_core.plugin_system:Skipping extension 'colcon_core.shell.bat': Not used on non-Windows systems
[3.351s] INFO:colcon.colcon_core.shell:Creating environment hook '/home/grant/ros2_ws_2/install/ros2_robotx/share/ros2_robotx/hook/ament_prefix_path.ps1'
[3.353s] INFO:colcon.colcon_core.shell:Creating environment descriptor '/home/grant/ros2_ws_2/install/ros2_robotx/share/ros2_robotx/hook/ament_prefix_path.dsv'
[3.354s] INFO:colcon.colcon_core.shell:Creating environment hook '/home/grant/ros2_ws_2/install/ros2_robotx/share/ros2_robotx/hook/ament_prefix_path.sh'
[3.405s] INFO:colcon.colcon_core.shell:Skip shell extension 'powershell' for command environment: Not usable outside of PowerShell
[3.405s] DEBUG:colcon.colcon_core.shell:Skip shell extension 'dsv' for command environment
[3.725s] INFO:colcon.colcon_core.task.python.build:Building Python package in '/home/grant/ros2_ws_2/src/ros2_robotx'
[3.762s] INFO:colcon.colcon_core.shell:Skip shell extension 'powershell' for command environment: Not usable outside of PowerShell
[3.762s] DEBUG:colcon.colcon_core.shell:Skip shell extension 'dsv' for command environment
[4.172s] DEBUG:colcon.colcon_core.event_handler.log_command:Invoking command in '/home/grant/ros2_ws_2/src/ros2_robotx': CONDA_PROMPT_MODIFIER=(base) PYTHONPATH=/home/grant/ros2_ws_2/build/ros2_robotx/prefix_override:/home/grant/ros2_ws_2/install/ros2_robotx/lib/python3.8/site-packages:${PYTHONPATH} /usr/bin/python3 setup.py egg_info --egg-base ../../build/ros2_robotx build --build-base /home/grant/ros2_ws_2/build/ros2_robotx/build install --record /home/grant/ros2_ws_2/build/ros2_robotx/install.log --install-scripts $base/lib/ros2_robotx --single-version-externally-managed
[4.382s] DEBUG:colcon.colcon_core.event_handler.log_command:Invoked command in '/home/grant/ros2_ws_2/src/ros2_robotx' returned '0': CONDA_PROMPT_MODIFIER=(base) PYTHONPATH=/home/grant/ros2_ws_2/build/ros2_robotx/prefix_override:/home/grant/ros2_ws_2/install/ros2_robotx/lib/python3.8/site-packages:${PYTHONPATH} /usr/bin/python3 setup.py egg_info --egg-base ../../build/ros2_robotx build --build-base /home/grant/ros2_ws_2/build/ros2_robotx/build install --record /home/grant/ros2_ws_2/build/ros2_robotx/install.log --install-scripts $base/lib/ros2_robotx --single-version-externally-managed
[4.424s] Level 1:colcon.colcon_core.environment:checking '/home/grant/ros2_ws_2/install/ros2_robotx' for CMake module files
[4.424s] Level 1:colcon.colcon_core.environment:checking '/home/grant/ros2_ws_2/install/ros2_robotx' for CMake config files
[4.425s] Level 1:colcon.colcon_core.environment:checking '/home/grant/ros2_ws_2/install/ros2_robotx/lib'
[4.425s] Level 1:colcon.colcon_core.environment:checking '/home/grant/ros2_ws_2/install/ros2_robotx/bin'
[4.425s] Level 1:colcon.colcon_core.environment:checking '/home/grant/ros2_ws_2/install/ros2_robotx/lib/pkgconfig/ros2_robotx.pc'
[4.425s] Level 1:colcon.colcon_core.environment:checking '/home/grant/ros2_ws_2/install/ros2_robotx/lib/python3.8/site-packages'
[4.425s] Level 1:colcon.colcon_core.shell:create_environment_hook('ros2_robotx', 'pythonpath')
[4.461s] INFO:colcon.colcon_core.shell:Creating environment hook '/home/grant/ros2_ws_2/install/ros2_robotx/share/ros2_robotx/hook/pythonpath.ps1'
[4.461s] INFO:colcon.colcon_core.shell:Creating environment descriptor '/home/grant/ros2_ws_2/install/ros2_robotx/share/ros2_robotx/hook/pythonpath.dsv'
[4.462s] INFO:colcon.colcon_core.shell:Creating environment hook '/home/grant/ros2_ws_2/install/ros2_robotx/share/ros2_robotx/hook/pythonpath.sh'
[4.462s] Level 1:colcon.colcon_core.environment:checking '/home/grant/ros2_ws_2/install/ros2_robotx/bin'
[4.462s] Level 1:colcon.colcon_core.environment:create_environment_scripts_only(ros2_robotx)
[4.498s] INFO:colcon.colcon_core.shell:Creating package script '/home/grant/ros2_ws_2/install/ros2_robotx/share/ros2_robotx/package.ps1'
[4.499s] INFO:colcon.colcon_core.shell:Creating package descriptor '/home/grant/ros2_ws_2/install/ros2_robotx/share/ros2_robotx/package.dsv'
[4.500s] INFO:colcon.colcon_core.shell:Creating package script '/home/grant/ros2_ws_2/install/ros2_robotx/share/ros2_robotx/package.sh'
[4.500s] INFO:colcon.colcon_core.shell:Creating package script '/home/grant/ros2_ws_2/install/ros2_robotx/share/ros2_robotx/package.bash'
[4.501s] INFO:colcon.colcon_core.shell:Creating package script '/home/grant/ros2_ws_2/install/ros2_robotx/share/ros2_robotx/package.zsh'
[4.501s] Level 1:colcon.colcon_core.environment:create_file_with_runtime_dependencies(/home/grant/ros2_ws_2/install/ros2_robotx/share/colcon-core/packages/ros2_robotx)
[4.502s] DEBUG:colcon.colcon_parallel_executor.executor.parallel:closing loop
[4.502s] DEBUG:colcon.colcon_parallel_executor.executor.parallel:loop closed
[4.502s] DEBUG:colcon.colcon_parallel_executor.executor.parallel:run_until_complete finished with '0'
[4.502s] DEBUG:colcon.colcon_core.event_reactor:joining thread
[4.544s] INFO:colcon.colcon_core.plugin_system:Skipping extension 'colcon_notification.desktop_notification.terminal_notifier': Not used on non-Darwin systems
[4.544s] INFO:colcon.colcon_core.plugin_system:Skipping extension 'colcon_notification.desktop_notification.win32': Not used on non-Windows systems
[4.544s] INFO:colcon.colcon_notification.desktop_notification:Sending desktop notification using 'notify2'
[4.555s] DEBUG:colcon.colcon_core.event_reactor:joined thread
[4.591s] INFO:colcon.colcon_core.shell:Creating prefix script '/home/grant/ros2_ws_2/install/local_setup.ps1'
[4.592s] INFO:colcon.colcon_core.shell:Creating prefix util module '/home/grant/ros2_ws_2/install/_local_setup_util_ps1.py'
[4.593s] INFO:colcon.colcon_core.shell:Creating prefix chain script '/home/grant/ros2_ws_2/install/setup.ps1'
[4.637s] INFO:colcon.colcon_core.shell:Creating prefix script '/home/grant/ros2_ws_2/install/local_setup.sh'
[4.638s] INFO:colcon.colcon_core.shell:Creating prefix util module '/home/grant/ros2_ws_2/install/_local_setup_util_sh.py'
[4.638s] INFO:colcon.colcon_core.shell:Creating prefix chain script '/home/grant/ros2_ws_2/install/setup.sh'
[4.674s] INFO:colcon.colcon_core.shell:Creating prefix script '/home/grant/ros2_ws_2/install/local_setup.bash'
[4.675s] INFO:colcon.colcon_core.shell:Creating prefix chain script '/home/grant/ros2_ws_2/install/setup.bash'
[4.711s] INFO:colcon.colcon_core.shell:Creating prefix script '/home/grant/ros2_ws_2/install/local_setup.zsh'
[4.711s] INFO:colcon.colcon_core.shell:Creating prefix chain script '/home/grant/ros2_ws_2/install/setup.zsh'
