[1.057s] Invoking command in '/home/grant/ros2_ws/src/ros2_robotx': CONDA_PROMPT_MODIFIER=(base) PYTHONPATH=/home/grant/ros2_ws/install/ros2_robotx/lib/python3.8/site-packages:${PYTHONPATH} /usr/bin/python3 setup.py egg_info --egg-base ../../build/ros2_robotx build --build-base /home/grant/ros2_ws/build/ros2_robotx/build install --prefix /home/grant/ros2_ws/install/ros2_robotx --record /home/grant/ros2_ws/build/ros2_robotx/install.log --single-version-externally-managed
[1.351s] running egg_info
[1.352s] writing ../../build/ros2_robotx/ros2_robotx.egg-info/PKG-INFO
[1.353s] writing dependency_links to ../../build/ros2_robotx/ros2_robotx.egg-info/dependency_links.txt
[1.353s] writing entry points to ../../build/ros2_robotx/ros2_robotx.egg-info/entry_points.txt
[1.353s] writing requirements to ../../build/ros2_robotx/ros2_robotx.egg-info/requires.txt
[1.353s] writing top-level names to ../../build/ros2_robotx/ros2_robotx.egg-info/top_level.txt
[1.402s] reading manifest file '../../build/ros2_robotx/ros2_robotx.egg-info/SOURCES.txt'
[1.403s] writing manifest file '../../build/ros2_robotx/ros2_robotx.egg-info/SOURCES.txt'
[1.404s] running build
[1.404s] running build_py
[1.404s] copying ros2_robotx/wamv_sim.py -> /home/grant/ros2_ws/build/ros2_robotx/build/lib/ros2_robotx
[1.404s] running install
[1.406s] running install_lib
[1.407s] copying /home/grant/ros2_ws/build/ros2_robotx/build/lib/ros2_robotx/wamv_sim.py -> /home/grant/ros2_ws/install/ros2_robotx/lib/python3.8/site-packages/ros2_robotx
[1.409s] byte-compiling /home/grant/ros2_ws/install/ros2_robotx/lib/python3.8/site-packages/ros2_robotx/wamv_sim.py to wamv_sim.cpython-38.pyc
[1.412s] running install_data
[1.413s] running install_egg_info
[1.415s] removing '/home/grant/ros2_ws/install/ros2_robotx/lib/python3.8/site-packages/ros2_robotx-0.0.0-py3.8.egg-info' (and everything under it)
[1.415s] Copying ../../build/ros2_robotx/ros2_robotx.egg-info to /home/grant/ros2_ws/install/ros2_robotx/lib/python3.8/site-packages/ros2_robotx-0.0.0-py3.8.egg-info
[1.416s] running install_scripts
[1.442s] Installing drone_control script to /home/grant/ros2_ws/install/ros2_robotx/lib/ros2_robotx
[1.442s] Installing teleop_key script to /home/grant/ros2_ws/install/ros2_robotx/lib/ros2_robotx
[1.443s] Installing wamv_sim script to /home/grant/ros2_ws/install/ros2_robotx/lib/ros2_robotx
[1.444s] writing list of installed files to '/home/grant/ros2_ws/build/ros2_robotx/install.log'
[1.495s] Invoked command in '/home/grant/ros2_ws/src/ros2_robotx' returned '0': CONDA_PROMPT_MODIFIER=(base) PYTHONPATH=/home/grant/ros2_ws/install/ros2_robotx/lib/python3.8/site-packages:${PYTHONPATH} /usr/bin/python3 setup.py egg_info --egg-base ../../build/ros2_robotx build --build-base /home/grant/ros2_ws/build/ros2_robotx/build install --prefix /home/grant/ros2_ws/install/ros2_robotx --record /home/grant/ros2_ws/build/ros2_robotx/install.log --single-version-externally-managed
