[1.277s] Invoking command in '/home/adept/ros2_ws_2/src/ros2_robotx': PYTHONPATH=/home/adept/ros2_ws_2/install/ros2_robotx/lib/python3.8/site-packages:${PYTHONPATH} /usr/bin/python3 setup.py egg_info --egg-base ../../build/ros2_robotx build --build-base /home/adept/ros2_ws_2/build/ros2_robotx/build install --prefix /home/adept/ros2_ws_2/install/ros2_robotx --record /home/adept/ros2_ws_2/build/ros2_robotx/install.log --single-version-externally-managed
[1.614s] running egg_info
[1.615s] writing ../../build/ros2_robotx/ros2_robotx.egg-info/PKG-INFO
[1.615s] writing dependency_links to ../../build/ros2_robotx/ros2_robotx.egg-info/dependency_links.txt
[1.615s] writing entry points to ../../build/ros2_robotx/ros2_robotx.egg-info/entry_points.txt
[1.616s] writing requirements to ../../build/ros2_robotx/ros2_robotx.egg-info/requires.txt
[1.616s] writing top-level names to ../../build/ros2_robotx/ros2_robotx.egg-info/top_level.txt
[1.672s] reading manifest file '../../build/ros2_robotx/ros2_robotx.egg-info/SOURCES.txt'
[1.673s] writing manifest file '../../build/ros2_robotx/ros2_robotx.egg-info/SOURCES.txt'
[1.673s] running build
[1.674s] running build_py
[1.674s] running install
[1.675s] running install_lib
[1.677s] running install_data
[1.678s] running install_egg_info
[1.681s] removing '/home/adept/ros2_ws_2/install/ros2_robotx/lib/python3.8/site-packages/ros2_robotx-0.0.0-py3.8.egg-info' (and everything under it)
[1.681s] Copying ../../build/ros2_robotx/ros2_robotx.egg-info to /home/adept/ros2_ws_2/install/ros2_robotx/lib/python3.8/site-packages/ros2_robotx-0.0.0-py3.8.egg-info
[1.683s] running install_scripts
[1.711s] Installing drone_control script to /home/adept/ros2_ws_2/install/ros2_robotx/lib/ros2_robotx
[1.711s] Installing teleop_key script to /home/adept/ros2_ws_2/install/ros2_robotx/lib/ros2_robotx
[1.711s] Installing wamv_sim script to /home/adept/ros2_ws_2/install/ros2_robotx/lib/ros2_robotx
[1.712s] writing list of installed files to '/home/adept/ros2_ws_2/build/ros2_robotx/install.log'
[1.762s] Invoked command in '/home/adept/ros2_ws_2/src/ros2_robotx' returned '0': PYTHONPATH=/home/adept/ros2_ws_2/install/ros2_robotx/lib/python3.8/site-packages:${PYTHONPATH} /usr/bin/python3 setup.py egg_info --egg-base ../../build/ros2_robotx build --build-base /home/adept/ros2_ws_2/build/ros2_robotx/build install --prefix /home/adept/ros2_ws_2/install/ros2_robotx --record /home/adept/ros2_ws_2/build/ros2_robotx/install.log --single-version-externally-managed
