[0.041s] Invoking command in '/home/grant/ros2_ws/build/robotx_2022': CMAKE_PREFIX_PATH=/home/grant/ros2_ws/install/vrx_gazebo:/home/grant/ros2_ws/install/wamv_gazebo:/home/grant/ros2_ws/install/wave_gazebo:/home/grant/ros2_ws/install/usv_gazebo_plugins:/home/grant/ros2_ws/install/wave_gazebo_plugins:/home/grant/ros2_ws/install/wamv_description:/home/grant/ros2_ws/install/usv_msgs:/home/grant/ros2_ws/install/mavros_extras:/home/grant/ros2_ws/install/mavros:/home/grant/ros2_ws/install/mavros_msgs:/home/grant/ros2_ws/install/libmavconn:/home/grant/ros2_ws/install/mavlink:/opt/ros/foxy:/home/grant/vrx_ws/devel:/opt/ros/noetic:/home/grant/ros2_foxy/ros2-linux CONDA_PROMPT_MODIFIER=(base) LD_LIBRARY_PATH=/home/grant/ros2_ws/install/vrx_gazebo/lib:/home/grant/ros2_ws/install/usv_gazebo_plugins/lib:/home/grant/ros2_ws/install/wave_gazebo_plugins/lib:/home/grant/ros2_ws/install/usv_msgs/lib:/home/grant/ros2_ws/install/mavros_extras/lib:/home/grant/ros2_ws/install/mavros/lib:/home/grant/ros2_ws/install/mavros_msgs/lib:/home/grant/ros2_ws/install/libmavconn/lib:/home/grant/vrx_ws/devel/lib:/opt/ros/noetic/lib:/usr/lib/x86_64-linux-gnu/gazebo-11/plugins:/opt/ros/foxy/opt/yaml_cpp_vendor/lib:/opt/ros/foxy/lib/x86_64-linux-gnu:/opt/ros/foxy/lib:/home/grant/ros2_foxy/ros2-linux/opt/yaml_cpp_vendor/lib:/home/grant/ros2_foxy/ros2-linux/opt/rviz_ogre_vendor/lib:/opt/rti.com/rti_connext_dds-5.3.1/lib/x64Linux3gcc5.4.0:/home/grant/ros2_foxy/ros2-linux/lib:/usr/lib/x86_64-linux-gnu/gazebo-11/plugins:/usr/lib/x86_64-linux-gnu/gazebo-11/plugins:/usr/lib/x86_64-linux-gnu/gazebo-11/plugins:/usr/lib/x86_64-linux-gnu/gazebo-11/plugins:/usr/lib/x86_64-linux-gnu/gazebo-11/plugins:/usr/lib/x86_64-linux-gnu/gazebo-11/plugins:/usr/lib/x86_64-linux-gnu/gazebo-11/plugins:/usr/lib/x86_64-linux-gnu/gazebo-11/plugins:/usr/lib/x86_64-linux-gnu/gazebo-11/plugins:/usr/lib/x86_64-linux-gnu/gazebo-11/plugins /usr/bin/cmake /home/grant/ros2_ws/src/VRX_Foxy/robotX_2022 -DCMAKE_INSTALL_PREFIX=/home/grant/ros2_ws/install/robotx_2022
[0.058s] -- Found ament_cmake: 0.9.11 (/opt/ros/foxy/share/ament_cmake/cmake)
[0.088s] -- Using PYTHON_EXECUTABLE: /home/grant/miniconda3/bin/python3
[0.364s] -- Found Protobuf: /usr/lib/x86_64-linux-gnu/libprotobuf.so;-lpthread (found version "3.6.1") 
[0.402s] -- Found DART: /usr/include (Required is at least version "6.6") found components: dart 
[0.431s] -- Looking for ignition-math6 -- found version 6.13.0
[0.435s] -- Searching for dependencies of ignition-math6
[0.437s] -- Looking for OGRE...
[0.442s] -- Found Ogre Ghadamon (1.9.0)
[0.442s] -- Found OGRE: optimized;/usr/lib/x86_64-linux-gnu/libOgreMain.so;debug;/usr/lib/x86_64-linux-gnu/libOgreMain.so
[0.452s] -- Looking for OGRE_Paging...
[0.452s] -- Found OGRE_Paging: optimized;/usr/lib/x86_64-linux-gnu/libOgrePaging.so;debug;/usr/lib/x86_64-linux-gnu/libOgrePaging.so
[0.453s] -- Looking for OGRE_Terrain...
[0.453s] -- Found OGRE_Terrain: optimized;/usr/lib/x86_64-linux-gnu/libOgreTerrain.so;debug;/usr/lib/x86_64-linux-gnu/libOgreTerrain.so
[0.453s] -- Looking for OGRE_Property...
[0.453s] -- Found OGRE_Property: optimized;/usr/lib/x86_64-linux-gnu/libOgreProperty.so;debug;/usr/lib/x86_64-linux-gnu/libOgreProperty.so
[0.453s] -- Looking for OGRE_RTShaderSystem...
[0.453s] -- Found OGRE_RTShaderSystem: optimized;/usr/lib/x86_64-linux-gnu/libOgreRTShaderSystem.so;debug;/usr/lib/x86_64-linux-gnu/libOgreRTShaderSystem.so
[0.453s] -- Looking for OGRE_Volume...
[0.453s] -- Found OGRE_Volume: optimized;/usr/lib/x86_64-linux-gnu/libOgreVolume.so;debug;/usr/lib/x86_64-linux-gnu/libOgreVolume.so
[0.453s] -- Looking for OGRE_Overlay...
[0.453s] -- Found OGRE_Overlay: optimized;/usr/lib/x86_64-linux-gnu/libOgreOverlay.so;debug;/usr/lib/x86_64-linux-gnu/libOgreOverlay.so
[0.643s] -- Looking for ignition-math6 -- found version 6.13.0
[0.643s] -- Looking for ignition-transport8 -- found version 8.3.0
[0.643s] -- Searching for dependencies of ignition-transport8
[0.658s] -- Found Protobuf: /usr/lib/x86_64-linux-gnu/libprotobuf.so;-lpthread (found suitable version "3.6.1", minimum required is "3") 
[0.664s] -- Checking for module 'uuid'
[0.676s] --   Found uuid, version 2.34.0
[0.702s] -- Looking for ignition-msgs5 -- found version 5.11.0
[0.702s] -- Searching for dependencies of ignition-msgs5
[0.717s] -- Looking for ignition-math6 -- found version 6.13.0
[0.721s] -- Checking for module 'tinyxml2'
[0.733s] --   Found tinyxml2, version 6.2.0
[0.760s] -- Looking for ignition-msgs5 -- found version 5.11.0
[0.761s] -- Looking for ignition-common3 -- found version 3.15.1
[0.761s] -- Searching for dependencies of ignition-common3
[0.762s] -- Looking for dlfcn.h - found
[0.762s] -- Looking for libdl - found
[0.771s] -- Searching for <ignition-common3> component [graphics]
[0.772s] -- Looking for ignition-common3-graphics -- found version 3.15.1
[0.772s] -- Searching for dependencies of ignition-common3-graphics
[0.772s] -- Looking for ignition-math6 -- found version 6.13.0
[0.774s] -- Looking for ignition-fuel_tools4 -- found version 4.6.0
[0.774s] -- Searching for dependencies of ignition-fuel_tools4
[0.798s] -- Checking for module 'jsoncpp'
[0.809s] --   Found jsoncpp, version 1.7.4
[0.838s] -- Checking for module 'libzip'
[0.851s] --   Found libzip, version 1.5.1
[0.876s] -- Looking for ignition-common3 -- found version 3.15.1
[0.876s] -- Looking for ignition-math6 -- found version 6.13.0
[0.877s] -- Looking for ignition-msgs5 -- found version 5.11.0
[0.879s] CMake Warning (dev) at /home/grant/miniconda3/lib/cmake/Qt5Core/Qt5CoreMacros.cmake:44 (message):
[0.879s]   qt5_use_modules is not part of the official API, and might be removed in Qt
[0.879s]   6.
[0.879s] Call Stack (most recent call first):
[0.879s]   /home/grant/miniconda3/lib/cmake/Qt5Core/Qt5CoreMacros.cmake:431 (_qt5_warn_deprecated)
[0.880s]   CMakeLists.txt:93 (qt5_use_modules)
[0.880s] This warning is for project developers.  Use -Wno-dev to suppress it.
[0.880s] 
[0.880s] CMake Error at CMakeLists.txt:131 (ament_cmake_python):
[0.880s]   Unknown CMake command "ament_cmake_python".
[0.880s] 
[0.880s] 
[0.880s] -- Configuring incomplete, errors occurred!
[0.880s] See also "/home/grant/ros2_ws/build/robotx_2022/CMakeFiles/CMakeOutput.log".
[0.880s] See also "/home/grant/ros2_ws/build/robotx_2022/CMakeFiles/CMakeError.log".
[0.887s] Invoked command in '/home/grant/ros2_ws/build/robotx_2022' returned '1': CMAKE_PREFIX_PATH=/home/grant/ros2_ws/install/vrx_gazebo:/home/grant/ros2_ws/install/wamv_gazebo:/home/grant/ros2_ws/install/wave_gazebo:/home/grant/ros2_ws/install/usv_gazebo_plugins:/home/grant/ros2_ws/install/wave_gazebo_plugins:/home/grant/ros2_ws/install/wamv_description:/home/grant/ros2_ws/install/usv_msgs:/home/grant/ros2_ws/install/mavros_extras:/home/grant/ros2_ws/install/mavros:/home/grant/ros2_ws/install/mavros_msgs:/home/grant/ros2_ws/install/libmavconn:/home/grant/ros2_ws/install/mavlink:/opt/ros/foxy:/home/grant/vrx_ws/devel:/opt/ros/noetic:/home/grant/ros2_foxy/ros2-linux CONDA_PROMPT_MODIFIER=(base) LD_LIBRARY_PATH=/home/grant/ros2_ws/install/vrx_gazebo/lib:/home/grant/ros2_ws/install/usv_gazebo_plugins/lib:/home/grant/ros2_ws/install/wave_gazebo_plugins/lib:/home/grant/ros2_ws/install/usv_msgs/lib:/home/grant/ros2_ws/install/mavros_extras/lib:/home/grant/ros2_ws/install/mavros/lib:/home/grant/ros2_ws/install/mavros_msgs/lib:/home/grant/ros2_ws/install/libmavconn/lib:/home/grant/vrx_ws/devel/lib:/opt/ros/noetic/lib:/usr/lib/x86_64-linux-gnu/gazebo-11/plugins:/opt/ros/foxy/opt/yaml_cpp_vendor/lib:/opt/ros/foxy/lib/x86_64-linux-gnu:/opt/ros/foxy/lib:/home/grant/ros2_foxy/ros2-linux/opt/yaml_cpp_vendor/lib:/home/grant/ros2_foxy/ros2-linux/opt/rviz_ogre_vendor/lib:/opt/rti.com/rti_connext_dds-5.3.1/lib/x64Linux3gcc5.4.0:/home/grant/ros2_foxy/ros2-linux/lib:/usr/lib/x86_64-linux-gnu/gazebo-11/plugins:/usr/lib/x86_64-linux-gnu/gazebo-11/plugins:/usr/lib/x86_64-linux-gnu/gazebo-11/plugins:/usr/lib/x86_64-linux-gnu/gazebo-11/plugins:/usr/lib/x86_64-linux-gnu/gazebo-11/plugins:/usr/lib/x86_64-linux-gnu/gazebo-11/plugins:/usr/lib/x86_64-linux-gnu/gazebo-11/plugins:/usr/lib/x86_64-linux-gnu/gazebo-11/plugins:/usr/lib/x86_64-linux-gnu/gazebo-11/plugins:/usr/lib/x86_64-linux-gnu/gazebo-11/plugins /usr/bin/cmake /home/grant/ros2_ws/src/VRX_Foxy/robotX_2022 -DCMAKE_INSTALL_PREFIX=/home/grant/ros2_ws/install/robotx_2022
