[0.721s] DEBUG:colcon:Command line arguments: ['/usr/bin/colcon', 'build', '--packages-select', 'ros2_robotx']
[0.722s] DEBUG:colcon:Parsed command line arguments: Namespace(allow_overriding=[], ament_cmake_args=None, base_paths=['.'], build_base='build', catkin_cmake_args=None, catkin_skip_building_tests=False, cmake_args=None, cmake_clean_cache=False, cmake_clean_first=False, cmake_force_configure=False, cmake_target=None, cmake_target_skip_unavailable=False, continue_on_error=False, event_handlers=None, executor='parallel', ignore_user_meta=False, install_base='install', log_base=None, log_level=None, main=<bound method BuildVerb.main of <colcon_core.verb.build.BuildVerb object at 0x7f40d2aadb80>>, merge_install=False, metas=['./colcon.meta'], packages_above=None, packages_above_and_dependencies=None, packages_above_depth=None, packages_end=None, packages_ignore=None, packages_ignore_regex=None, packages_select=['ros2_robotx'], packages_select_build_failed=False, packages_select_by_dep=None, packages_select_regex=None, packages_select_test_failures=False, packages_skip=None, packages_skip_build_finished=False, packages_skip_by_dep=None, packages_skip_regex=None, packages_skip_test_passed=False, packages_skip_up_to=None, packages_start=None, packages_up_to=None, packages_up_to_regex=None, parallel_workers=8, paths=None, symlink_install=False, test_result_base=None, verb_extension=<colcon_core.verb.build.BuildVerb object at 0x7f40d2aadb80>, verb_name='build', verb_parser=<colcon_defaults.argument_parser.defaults.DefaultArgumentsDecorator object at 0x7f40d2ab9130>)
[0.819s] Level 1:colcon.colcon_core.package_discovery:discover_packages(colcon_meta) check parameters
[0.819s] Level 1:colcon.colcon_core.package_discovery:discover_packages(recursive) check parameters
[0.819s] Level 1:colcon.colcon_core.package_discovery:discover_packages(ignore) check parameters
[0.819s] Level 1:colcon.colcon_core.package_discovery:discover_packages(path) check parameters
[0.819s] Level 1:colcon.colcon_core.package_discovery:discover_packages(colcon_meta) discover
[0.820s] Level 1:colcon.colcon_core.package_discovery:discover_packages(recursive) discover
[0.820s] INFO:colcon.colcon_core.package_discovery:Crawling recursively for packages in '/home/adept/ros2_ws_2'
[0.820s] Level 1:colcon.colcon_core.package_identification:_identify(.) by extensions ['ignore', 'ignore_ament_install']
[0.820s] Level 1:colcon.colcon_core.package_identification:_identify(.) by extension 'ignore'
[0.820s] Level 1:colcon.colcon_core.package_identification:_identify(.) by extension 'ignore_ament_install'
[0.820s] Level 1:colcon.colcon_core.package_identification:_identify(.) by extensions ['colcon_pkg']
[0.821s] Level 1:colcon.colcon_core.package_identification:_identify(.) by extension 'colcon_pkg'
[0.821s] Level 1:colcon.colcon_core.package_identification:_identify(.) by extensions ['colcon_meta']
[0.821s] Level 1:colcon.colcon_core.package_identification:_identify(.) by extension 'colcon_meta'
[0.821s] Level 1:colcon.colcon_core.package_identification:_identify(.) by extensions ['ros']
[0.821s] Level 1:colcon.colcon_core.package_identification:_identify(.) by extension 'ros'
[0.890s] Level 1:colcon.colcon_core.package_identification:_identify(.) by extensions ['cmake', 'python']
[0.890s] Level 1:colcon.colcon_core.package_identification:_identify(.) by extension 'cmake'
[0.891s] Level 1:colcon.colcon_core.package_identification:_identify(.) by extension 'python'
[0.891s] Level 1:colcon.colcon_core.package_identification:_identify(.) by extensions ['python_setup_py']
[0.891s] Level 1:colcon.colcon_core.package_identification:_identify(.) by extension 'python_setup_py'
[0.892s] Level 1:colcon.colcon_core.package_identification:_identify(build) by extensions ['ignore', 'ignore_ament_install']
[0.892s] Level 1:colcon.colcon_core.package_identification:_identify(build) by extension 'ignore'
[0.892s] Level 1:colcon.colcon_core.package_identification:_identify(build) ignored
[0.893s] Level 1:colcon.colcon_core.package_identification:_identify(install) by extensions ['ignore', 'ignore_ament_install']
[0.893s] Level 1:colcon.colcon_core.package_identification:_identify(install) by extension 'ignore'
[0.893s] Level 1:colcon.colcon_core.package_identification:_identify(install) ignored
[0.896s] Level 1:colcon.colcon_core.package_identification:_identify(log) by extensions ['ignore', 'ignore_ament_install']
[0.896s] Level 1:colcon.colcon_core.package_identification:_identify(log) by extension 'ignore'
[0.896s] Level 1:colcon.colcon_core.package_identification:_identify(log) ignored
[0.897s] Level 1:colcon.colcon_core.package_identification:_identify(logs) by extensions ['ignore', 'ignore_ament_install']
[0.897s] Level 1:colcon.colcon_core.package_identification:_identify(logs) by extension 'ignore'
[0.898s] Level 1:colcon.colcon_core.package_identification:_identify(logs) by extension 'ignore_ament_install'
[0.898s] Level 1:colcon.colcon_core.package_identification:_identify(logs) by extensions ['colcon_pkg']
[0.898s] Level 1:colcon.colcon_core.package_identification:_identify(logs) by extension 'colcon_pkg'
[0.898s] Level 1:colcon.colcon_core.package_identification:_identify(logs) by extensions ['colcon_meta']
[0.898s] Level 1:colcon.colcon_core.package_identification:_identify(logs) by extension 'colcon_meta'
[0.898s] Level 1:colcon.colcon_core.package_identification:_identify(logs) by extensions ['ros']
[0.898s] Level 1:colcon.colcon_core.package_identification:_identify(logs) by extension 'ros'
[0.899s] Level 1:colcon.colcon_core.package_identification:_identify(logs) by extensions ['cmake', 'python']
[0.899s] Level 1:colcon.colcon_core.package_identification:_identify(logs) by extension 'cmake'
[0.899s] Level 1:colcon.colcon_core.package_identification:_identify(logs) by extension 'python'
[0.899s] Level 1:colcon.colcon_core.package_identification:_identify(logs) by extensions ['python_setup_py']
[0.899s] Level 1:colcon.colcon_core.package_identification:_identify(logs) by extension 'python_setup_py'
[0.899s] Level 1:colcon.colcon_core.package_identification:_identify(src) by extensions ['ignore', 'ignore_ament_install']
[0.900s] Level 1:colcon.colcon_core.package_identification:_identify(src) by extension 'ignore'
[0.900s] Level 1:colcon.colcon_core.package_identification:_identify(src) by extension 'ignore_ament_install'
[0.900s] Level 1:colcon.colcon_core.package_identification:_identify(src) by extensions ['colcon_pkg']
[0.900s] Level 1:colcon.colcon_core.package_identification:_identify(src) by extension 'colcon_pkg'
[0.900s] Level 1:colcon.colcon_core.package_identification:_identify(src) by extensions ['colcon_meta']
[0.900s] Level 1:colcon.colcon_core.package_identification:_identify(src) by extension 'colcon_meta'
[0.901s] Level 1:colcon.colcon_core.package_identification:_identify(src) by extensions ['ros']
[0.901s] Level 1:colcon.colcon_core.package_identification:_identify(src) by extension 'ros'
[0.901s] Level 1:colcon.colcon_core.package_identification:_identify(src) by extensions ['cmake', 'python']
[0.901s] Level 1:colcon.colcon_core.package_identification:_identify(src) by extension 'cmake'
[0.901s] Level 1:colcon.colcon_core.package_identification:_identify(src) by extension 'python'
[0.901s] Level 1:colcon.colcon_core.package_identification:_identify(src) by extensions ['python_setup_py']
[0.902s] Level 1:colcon.colcon_core.package_identification:_identify(src) by extension 'python_setup_py'
[0.902s] Level 1:colcon.colcon_core.package_identification:_identify(src/VRX_Foxy) by extensions ['ignore', 'ignore_ament_install']
[0.902s] Level 1:colcon.colcon_core.package_identification:_identify(src/VRX_Foxy) by extension 'ignore'
[0.902s] Level 1:colcon.colcon_core.package_identification:_identify(src/VRX_Foxy) by extension 'ignore_ament_install'
[0.902s] Level 1:colcon.colcon_core.package_identification:_identify(src/VRX_Foxy) by extensions ['colcon_pkg']
[0.903s] Level 1:colcon.colcon_core.package_identification:_identify(src/VRX_Foxy) by extension 'colcon_pkg'
[0.903s] Level 1:colcon.colcon_core.package_identification:_identify(src/VRX_Foxy) by extensions ['colcon_meta']
[0.903s] Level 1:colcon.colcon_core.package_identification:_identify(src/VRX_Foxy) by extension 'colcon_meta'
[0.903s] Level 1:colcon.colcon_core.package_identification:_identify(src/VRX_Foxy) by extensions ['ros']
[0.903s] Level 1:colcon.colcon_core.package_identification:_identify(src/VRX_Foxy) by extension 'ros'
[0.903s] Level 1:colcon.colcon_core.package_identification:_identify(src/VRX_Foxy) by extensions ['cmake', 'python']
[0.903s] Level 1:colcon.colcon_core.package_identification:_identify(src/VRX_Foxy) by extension 'cmake'
[0.904s] Level 1:colcon.colcon_core.package_identification:_identify(src/VRX_Foxy) by extension 'python'
[0.904s] Level 1:colcon.colcon_core.package_identification:_identify(src/VRX_Foxy) by extensions ['python_setup_py']
[0.904s] Level 1:colcon.colcon_core.package_identification:_identify(src/VRX_Foxy) by extension 'python_setup_py'
[0.904s] Level 1:colcon.colcon_core.package_identification:_identify(src/VRX_Foxy/images) by extensions ['ignore', 'ignore_ament_install']
[0.904s] Level 1:colcon.colcon_core.package_identification:_identify(src/VRX_Foxy/images) by extension 'ignore'
[0.904s] Level 1:colcon.colcon_core.package_identification:_identify(src/VRX_Foxy/images) by extension 'ignore_ament_install'
[0.905s] Level 1:colcon.colcon_core.package_identification:_identify(src/VRX_Foxy/images) by extensions ['colcon_pkg']
[0.905s] Level 1:colcon.colcon_core.package_identification:_identify(src/VRX_Foxy/images) by extension 'colcon_pkg'
[0.905s] Level 1:colcon.colcon_core.package_identification:_identify(src/VRX_Foxy/images) by extensions ['colcon_meta']
[0.905s] Level 1:colcon.colcon_core.package_identification:_identify(src/VRX_Foxy/images) by extension 'colcon_meta'
[0.905s] Level 1:colcon.colcon_core.package_identification:_identify(src/VRX_Foxy/images) by extensions ['ros']
[0.905s] Level 1:colcon.colcon_core.package_identification:_identify(src/VRX_Foxy/images) by extension 'ros'
[0.905s] Level 1:colcon.colcon_core.package_identification:_identify(src/VRX_Foxy/images) by extensions ['cmake', 'python']
[0.905s] Level 1:colcon.colcon_core.package_identification:_identify(src/VRX_Foxy/images) by extension 'cmake'
[0.906s] Level 1:colcon.colcon_core.package_identification:_identify(src/VRX_Foxy/images) by extension 'python'
[0.906s] Level 1:colcon.colcon_core.package_identification:_identify(src/VRX_Foxy/images) by extensions ['python_setup_py']
[0.906s] Level 1:colcon.colcon_core.package_identification:_identify(src/VRX_Foxy/images) by extension 'python_setup_py'
[0.906s] Level 1:colcon.colcon_core.package_identification:_identify(src/VRX_Foxy/robotX_2022) by extensions ['ignore', 'ignore_ament_install']
[0.907s] Level 1:colcon.colcon_core.package_identification:_identify(src/VRX_Foxy/robotX_2022) by extension 'ignore'
[0.907s] Level 1:colcon.colcon_core.package_identification:_identify(src/VRX_Foxy/robotX_2022) by extension 'ignore_ament_install'
[0.908s] Level 1:colcon.colcon_core.package_identification:_identify(src/VRX_Foxy/robotX_2022) by extensions ['colcon_pkg']
[0.908s] Level 1:colcon.colcon_core.package_identification:_identify(src/VRX_Foxy/robotX_2022) by extension 'colcon_pkg'
[0.908s] Level 1:colcon.colcon_core.package_identification:_identify(src/VRX_Foxy/robotX_2022) by extensions ['colcon_meta']
[0.909s] Level 1:colcon.colcon_core.package_identification:_identify(src/VRX_Foxy/robotX_2022) by extension 'colcon_meta'
[0.909s] Level 1:colcon.colcon_core.package_identification:_identify(src/VRX_Foxy/robotX_2022) by extensions ['ros']
[0.909s] Level 1:colcon.colcon_core.package_identification:_identify(src/VRX_Foxy/robotX_2022) by extension 'ros'
[0.928s] DEBUG:colcon.colcon_core.package_identification:Package 'src/VRX_Foxy/robotX_2022' with type 'ros.ament_cmake' and name 'robotx_2022'
[0.929s] Level 1:colcon.colcon_core.package_identification:_identify(src/VRX_Foxy/ros2_robotx_old) by extensions ['ignore', 'ignore_ament_install']
[0.929s] Level 1:colcon.colcon_core.package_identification:_identify(src/VRX_Foxy/ros2_robotx_old) by extension 'ignore'
[0.929s] Level 1:colcon.colcon_core.package_identification:_identify(src/VRX_Foxy/ros2_robotx_old) by extension 'ignore_ament_install'
[0.929s] Level 1:colcon.colcon_core.package_identification:_identify(src/VRX_Foxy/ros2_robotx_old) by extensions ['colcon_pkg']
[0.930s] Level 1:colcon.colcon_core.package_identification:_identify(src/VRX_Foxy/ros2_robotx_old) by extension 'colcon_pkg'
[0.930s] Level 1:colcon.colcon_core.package_identification:_identify(src/VRX_Foxy/ros2_robotx_old) by extensions ['colcon_meta']
[0.930s] Level 1:colcon.colcon_core.package_identification:_identify(src/VRX_Foxy/ros2_robotx_old) by extension 'colcon_meta'
[0.930s] Level 1:colcon.colcon_core.package_identification:_identify(src/VRX_Foxy/ros2_robotx_old) by extensions ['ros']
[0.930s] Level 1:colcon.colcon_core.package_identification:_identify(src/VRX_Foxy/ros2_robotx_old) by extension 'ros'
[0.931s] Level 1:colcon.colcon_core.package_identification:_identify(src/VRX_Foxy/ros2_robotx_old) by extensions ['cmake', 'python']
[0.931s] Level 1:colcon.colcon_core.package_identification:_identify(src/VRX_Foxy/ros2_robotx_old) by extension 'cmake'
[0.931s] Level 1:colcon.colcon_core.package_identification:_identify(src/VRX_Foxy/ros2_robotx_old) by extension 'python'
[0.931s] Level 1:colcon.colcon_core.package_identification:_identify(src/VRX_Foxy/ros2_robotx_old) by extensions ['python_setup_py']
[0.931s] Level 1:colcon.colcon_core.package_identification:_identify(src/VRX_Foxy/ros2_robotx_old) by extension 'python_setup_py'
[0.932s] Level 1:colcon.colcon_core.package_identification:_identify(src/VRX_Foxy/ros2_robotx_old/launch) by extensions ['ignore', 'ignore_ament_install']
[0.932s] Level 1:colcon.colcon_core.package_identification:_identify(src/VRX_Foxy/ros2_robotx_old/launch) by extension 'ignore'
[0.932s] Level 1:colcon.colcon_core.package_identification:_identify(src/VRX_Foxy/ros2_robotx_old/launch) by extension 'ignore_ament_install'
[0.932s] Level 1:colcon.colcon_core.package_identification:_identify(src/VRX_Foxy/ros2_robotx_old/launch) by extensions ['colcon_pkg']
[0.932s] Level 1:colcon.colcon_core.package_identification:_identify(src/VRX_Foxy/ros2_robotx_old/launch) by extension 'colcon_pkg'
[0.933s] Level 1:colcon.colcon_core.package_identification:_identify(src/VRX_Foxy/ros2_robotx_old/launch) by extensions ['colcon_meta']
[0.933s] Level 1:colcon.colcon_core.package_identification:_identify(src/VRX_Foxy/ros2_robotx_old/launch) by extension 'colcon_meta'
[0.933s] Level 1:colcon.colcon_core.package_identification:_identify(src/VRX_Foxy/ros2_robotx_old/launch) by extensions ['ros']
[0.933s] Level 1:colcon.colcon_core.package_identification:_identify(src/VRX_Foxy/ros2_robotx_old/launch) by extension 'ros'
[0.933s] Level 1:colcon.colcon_core.package_identification:_identify(src/VRX_Foxy/ros2_robotx_old/launch) by extensions ['cmake', 'python']
[0.934s] Level 1:colcon.colcon_core.package_identification:_identify(src/VRX_Foxy/ros2_robotx_old/launch) by extension 'cmake'
[0.934s] Level 1:colcon.colcon_core.package_identification:_identify(src/VRX_Foxy/ros2_robotx_old/launch) by extension 'python'
[0.934s] Level 1:colcon.colcon_core.package_identification:_identify(src/VRX_Foxy/ros2_robotx_old/launch) by extensions ['python_setup_py']
[0.934s] Level 1:colcon.colcon_core.package_identification:_identify(src/VRX_Foxy/ros2_robotx_old/launch) by extension 'python_setup_py'
[0.934s] Level 1:colcon.colcon_core.package_identification:_identify(src/VRX_Foxy/ros2_robotx_old/ros2_robotx) by extensions ['ignore', 'ignore_ament_install']
[0.935s] Level 1:colcon.colcon_core.package_identification:_identify(src/VRX_Foxy/ros2_robotx_old/ros2_robotx) by extension 'ignore'
[0.935s] Level 1:colcon.colcon_core.package_identification:_identify(src/VRX_Foxy/ros2_robotx_old/ros2_robotx) by extension 'ignore_ament_install'
[0.935s] Level 1:colcon.colcon_core.package_identification:_identify(src/VRX_Foxy/ros2_robotx_old/ros2_robotx) by extensions ['colcon_pkg']
[0.935s] Level 1:colcon.colcon_core.package_identification:_identify(src/VRX_Foxy/ros2_robotx_old/ros2_robotx) by extension 'colcon_pkg'
[0.935s] Level 1:colcon.colcon_core.package_identification:_identify(src/VRX_Foxy/ros2_robotx_old/ros2_robotx) by extensions ['colcon_meta']
[0.935s] Level 1:colcon.colcon_core.package_identification:_identify(src/VRX_Foxy/ros2_robotx_old/ros2_robotx) by extension 'colcon_meta'
[0.936s] Level 1:colcon.colcon_core.package_identification:_identify(src/VRX_Foxy/ros2_robotx_old/ros2_robotx) by extensions ['ros']
[0.936s] Level 1:colcon.colcon_core.package_identification:_identify(src/VRX_Foxy/ros2_robotx_old/ros2_robotx) by extension 'ros'
[0.936s] Level 1:colcon.colcon_core.package_identification:_identify(src/VRX_Foxy/ros2_robotx_old/ros2_robotx) by extensions ['cmake', 'python']
[0.936s] Level 1:colcon.colcon_core.package_identification:_identify(src/VRX_Foxy/ros2_robotx_old/ros2_robotx) by extension 'cmake'
[0.936s] Level 1:colcon.colcon_core.package_identification:_identify(src/VRX_Foxy/ros2_robotx_old/ros2_robotx) by extension 'python'
[0.936s] Level 1:colcon.colcon_core.package_identification:_identify(src/VRX_Foxy/ros2_robotx_old/ros2_robotx) by extensions ['python_setup_py']
[0.936s] Level 1:colcon.colcon_core.package_identification:_identify(src/VRX_Foxy/ros2_robotx_old/ros2_robotx) by extension 'python_setup_py'
[0.937s] Level 1:colcon.colcon_core.package_identification:_identify(src/VRX_Foxy/tools) by extensions ['ignore', 'ignore_ament_install']
[0.937s] Level 1:colcon.colcon_core.package_identification:_identify(src/VRX_Foxy/tools) by extension 'ignore'
[0.937s] Level 1:colcon.colcon_core.package_identification:_identify(src/VRX_Foxy/tools) by extension 'ignore_ament_install'
[0.937s] Level 1:colcon.colcon_core.package_identification:_identify(src/VRX_Foxy/tools) by extensions ['colcon_pkg']
[0.937s] Level 1:colcon.colcon_core.package_identification:_identify(src/VRX_Foxy/tools) by extension 'colcon_pkg'
[0.937s] Level 1:colcon.colcon_core.package_identification:_identify(src/VRX_Foxy/tools) by extensions ['colcon_meta']
[0.937s] Level 1:colcon.colcon_core.package_identification:_identify(src/VRX_Foxy/tools) by extension 'colcon_meta'
[0.938s] Level 1:colcon.colcon_core.package_identification:_identify(src/VRX_Foxy/tools) by extensions ['ros']
[0.938s] Level 1:colcon.colcon_core.package_identification:_identify(src/VRX_Foxy/tools) by extension 'ros'
[0.938s] Level 1:colcon.colcon_core.package_identification:_identify(src/VRX_Foxy/tools) by extensions ['cmake', 'python']
[0.938s] Level 1:colcon.colcon_core.package_identification:_identify(src/VRX_Foxy/tools) by extension 'cmake'
[0.938s] Level 1:colcon.colcon_core.package_identification:_identify(src/VRX_Foxy/tools) by extension 'python'
[0.938s] Level 1:colcon.colcon_core.package_identification:_identify(src/VRX_Foxy/tools) by extensions ['python_setup_py']
[0.938s] Level 1:colcon.colcon_core.package_identification:_identify(src/VRX_Foxy/tools) by extension 'python_setup_py'
[0.939s] Level 1:colcon.colcon_core.package_identification:_identify(src/VRX_Foxy/usv_gazebo_plugins) by extensions ['ignore', 'ignore_ament_install']
[0.939s] Level 1:colcon.colcon_core.package_identification:_identify(src/VRX_Foxy/usv_gazebo_plugins) by extension 'ignore'
[0.939s] Level 1:colcon.colcon_core.package_identification:_identify(src/VRX_Foxy/usv_gazebo_plugins) by extension 'ignore_ament_install'
[0.939s] Level 1:colcon.colcon_core.package_identification:_identify(src/VRX_Foxy/usv_gazebo_plugins) by extensions ['colcon_pkg']
[0.940s] Level 1:colcon.colcon_core.package_identification:_identify(src/VRX_Foxy/usv_gazebo_plugins) by extension 'colcon_pkg'
[0.940s] Level 1:colcon.colcon_core.package_identification:_identify(src/VRX_Foxy/usv_gazebo_plugins) by extensions ['colcon_meta']
[0.940s] Level 1:colcon.colcon_core.package_identification:_identify(src/VRX_Foxy/usv_gazebo_plugins) by extension 'colcon_meta'
[0.940s] Level 1:colcon.colcon_core.package_identification:_identify(src/VRX_Foxy/usv_gazebo_plugins) by extensions ['ros']
[0.940s] Level 1:colcon.colcon_core.package_identification:_identify(src/VRX_Foxy/usv_gazebo_plugins) by extension 'ros'
[0.944s] DEBUG:colcon.colcon_core.package_identification:Package 'src/VRX_Foxy/usv_gazebo_plugins' with type 'ros.ament_cmake' and name 'usv_gazebo_plugins'
[0.944s] Level 1:colcon.colcon_core.package_identification:_identify(src/VRX_Foxy/usv_msgs) by extensions ['ignore', 'ignore_ament_install']
[0.944s] Level 1:colcon.colcon_core.package_identification:_identify(src/VRX_Foxy/usv_msgs) by extension 'ignore'
[0.945s] Level 1:colcon.colcon_core.package_identification:_identify(src/VRX_Foxy/usv_msgs) by extension 'ignore_ament_install'
[0.945s] Level 1:colcon.colcon_core.package_identification:_identify(src/VRX_Foxy/usv_msgs) by extensions ['colcon_pkg']
[0.945s] Level 1:colcon.colcon_core.package_identification:_identify(src/VRX_Foxy/usv_msgs) by extension 'colcon_pkg'
[0.945s] Level 1:colcon.colcon_core.package_identification:_identify(src/VRX_Foxy/usv_msgs) by extensions ['colcon_meta']
[0.945s] Level 1:colcon.colcon_core.package_identification:_identify(src/VRX_Foxy/usv_msgs) by extension 'colcon_meta'
[0.945s] Level 1:colcon.colcon_core.package_identification:_identify(src/VRX_Foxy/usv_msgs) by extensions ['ros']
[0.945s] Level 1:colcon.colcon_core.package_identification:_identify(src/VRX_Foxy/usv_msgs) by extension 'ros'
[0.947s] DEBUG:colcon.colcon_core.package_identification:Package 'src/VRX_Foxy/usv_msgs' with type 'ros.ament_cmake' and name 'usv_msgs'
[0.947s] Level 1:colcon.colcon_core.package_identification:_identify(src/VRX_Foxy/vrx_gazebo) by extensions ['ignore', 'ignore_ament_install']
[0.947s] Level 1:colcon.colcon_core.package_identification:_identify(src/VRX_Foxy/vrx_gazebo) by extension 'ignore'
[0.947s] Level 1:colcon.colcon_core.package_identification:_identify(src/VRX_Foxy/vrx_gazebo) by extension 'ignore_ament_install'
[0.947s] Level 1:colcon.colcon_core.package_identification:_identify(src/VRX_Foxy/vrx_gazebo) by extensions ['colcon_pkg']
[0.947s] Level 1:colcon.colcon_core.package_identification:_identify(src/VRX_Foxy/vrx_gazebo) by extension 'colcon_pkg'
[0.948s] Level 1:colcon.colcon_core.package_identification:_identify(src/VRX_Foxy/vrx_gazebo) by extensions ['colcon_meta']
[0.948s] Level 1:colcon.colcon_core.package_identification:_identify(src/VRX_Foxy/vrx_gazebo) by extension 'colcon_meta'
[0.948s] Level 1:colcon.colcon_core.package_identification:_identify(src/VRX_Foxy/vrx_gazebo) by extensions ['ros']
[0.948s] Level 1:colcon.colcon_core.package_identification:_identify(src/VRX_Foxy/vrx_gazebo) by extension 'ros'
[0.955s] DEBUG:colcon.colcon_core.package_identification:Package 'src/VRX_Foxy/vrx_gazebo' with type 'ros.ament_cmake' and name 'vrx_gazebo'
[0.956s] Level 1:colcon.colcon_core.package_identification:_identify(src/VRX_Foxy/wamv_description) by extensions ['ignore', 'ignore_ament_install']
[0.957s] Level 1:colcon.colcon_core.package_identification:_identify(src/VRX_Foxy/wamv_description) by extension 'ignore'
[0.958s] Level 1:colcon.colcon_core.package_identification:_identify(src/VRX_Foxy/wamv_description) by extension 'ignore_ament_install'
[0.958s] Level 1:colcon.colcon_core.package_identification:_identify(src/VRX_Foxy/wamv_description) by extensions ['colcon_pkg']
[0.959s] Level 1:colcon.colcon_core.package_identification:_identify(src/VRX_Foxy/wamv_description) by extension 'colcon_pkg'
[0.959s] Level 1:colcon.colcon_core.package_identification:_identify(src/VRX_Foxy/wamv_description) by extensions ['colcon_meta']
[0.959s] Level 1:colcon.colcon_core.package_identification:_identify(src/VRX_Foxy/wamv_description) by extension 'colcon_meta'
[0.960s] Level 1:colcon.colcon_core.package_identification:_identify(src/VRX_Foxy/wamv_description) by extensions ['ros']
[0.960s] Level 1:colcon.colcon_core.package_identification:_identify(src/VRX_Foxy/wamv_description) by extension 'ros'
[0.963s] DEBUG:colcon.colcon_core.package_identification:Package 'src/VRX_Foxy/wamv_description' with type 'ros.ament_cmake' and name 'wamv_description'
[0.964s] Level 1:colcon.colcon_core.package_identification:_identify(src/VRX_Foxy/wamv_gazebo) by extensions ['ignore', 'ignore_ament_install']
[0.965s] Level 1:colcon.colcon_core.package_identification:_identify(src/VRX_Foxy/wamv_gazebo) by extension 'ignore'
[0.965s] Level 1:colcon.colcon_core.package_identification:_identify(src/VRX_Foxy/wamv_gazebo) by extension 'ignore_ament_install'
[0.965s] Level 1:colcon.colcon_core.package_identification:_identify(src/VRX_Foxy/wamv_gazebo) by extensions ['colcon_pkg']
[0.966s] Level 1:colcon.colcon_core.package_identification:_identify(src/VRX_Foxy/wamv_gazebo) by extension 'colcon_pkg'
[0.966s] Level 1:colcon.colcon_core.package_identification:_identify(src/VRX_Foxy/wamv_gazebo) by extensions ['colcon_meta']
[0.966s] Level 1:colcon.colcon_core.package_identification:_identify(src/VRX_Foxy/wamv_gazebo) by extension 'colcon_meta'
[0.967s] Level 1:colcon.colcon_core.package_identification:_identify(src/VRX_Foxy/wamv_gazebo) by extensions ['ros']
[0.967s] Level 1:colcon.colcon_core.package_identification:_identify(src/VRX_Foxy/wamv_gazebo) by extension 'ros'
[0.974s] DEBUG:colcon.colcon_core.package_identification:Package 'src/VRX_Foxy/wamv_gazebo' with type 'ros.ament_cmake' and name 'wamv_gazebo'
[0.975s] Level 1:colcon.colcon_core.package_identification:_identify(src/VRX_Foxy/wave_gazebo) by extensions ['ignore', 'ignore_ament_install']
[0.975s] Level 1:colcon.colcon_core.package_identification:_identify(src/VRX_Foxy/wave_gazebo) by extension 'ignore'
[0.975s] Level 1:colcon.colcon_core.package_identification:_identify(src/VRX_Foxy/wave_gazebo) by extension 'ignore_ament_install'
[0.976s] Level 1:colcon.colcon_core.package_identification:_identify(src/VRX_Foxy/wave_gazebo) by extensions ['colcon_pkg']
[0.976s] Level 1:colcon.colcon_core.package_identification:_identify(src/VRX_Foxy/wave_gazebo) by extension 'colcon_pkg'
[0.976s] Level 1:colcon.colcon_core.package_identification:_identify(src/VRX_Foxy/wave_gazebo) by extensions ['colcon_meta']
[0.976s] Level 1:colcon.colcon_core.package_identification:_identify(src/VRX_Foxy/wave_gazebo) by extension 'colcon_meta'
[0.977s] Level 1:colcon.colcon_core.package_identification:_identify(src/VRX_Foxy/wave_gazebo) by extensions ['ros']
[0.977s] Level 1:colcon.colcon_core.package_identification:_identify(src/VRX_Foxy/wave_gazebo) by extension 'ros'
[0.980s] DEBUG:colcon.colcon_core.package_identification:Package 'src/VRX_Foxy/wave_gazebo' with type 'ros.ament_cmake' and name 'wave_gazebo'
[0.980s] Level 1:colcon.colcon_core.package_identification:_identify(src/VRX_Foxy/wave_gazebo_plugins) by extensions ['ignore', 'ignore_ament_install']
[0.980s] Level 1:colcon.colcon_core.package_identification:_identify(src/VRX_Foxy/wave_gazebo_plugins) by extension 'ignore'
[0.981s] Level 1:colcon.colcon_core.package_identification:_identify(src/VRX_Foxy/wave_gazebo_plugins) by extension 'ignore_ament_install'
[0.981s] Level 1:colcon.colcon_core.package_identification:_identify(src/VRX_Foxy/wave_gazebo_plugins) by extensions ['colcon_pkg']
[0.981s] Level 1:colcon.colcon_core.package_identification:_identify(src/VRX_Foxy/wave_gazebo_plugins) by extension 'colcon_pkg'
[0.981s] Level 1:colcon.colcon_core.package_identification:_identify(src/VRX_Foxy/wave_gazebo_plugins) by extensions ['colcon_meta']
[0.981s] Level 1:colcon.colcon_core.package_identification:_identify(src/VRX_Foxy/wave_gazebo_plugins) by extension 'colcon_meta'
[0.981s] Level 1:colcon.colcon_core.package_identification:_identify(src/VRX_Foxy/wave_gazebo_plugins) by extensions ['ros']
[0.982s] Level 1:colcon.colcon_core.package_identification:_identify(src/VRX_Foxy/wave_gazebo_plugins) by extension 'ros'
[0.983s] DEBUG:colcon.colcon_core.package_identification:Package 'src/VRX_Foxy/wave_gazebo_plugins' with type 'ros.ament_cmake' and name 'wave_gazebo_plugins'
[0.984s] Level 1:colcon.colcon_core.package_identification:_identify(src/mavlink) by extensions ['ignore', 'ignore_ament_install']
[0.984s] Level 1:colcon.colcon_core.package_identification:_identify(src/mavlink) by extension 'ignore'
[0.984s] Level 1:colcon.colcon_core.package_identification:_identify(src/mavlink) by extension 'ignore_ament_install'
[0.984s] Level 1:colcon.colcon_core.package_identification:_identify(src/mavlink) by extensions ['colcon_pkg']
[0.984s] Level 1:colcon.colcon_core.package_identification:_identify(src/mavlink) by extension 'colcon_pkg'
[0.985s] Level 1:colcon.colcon_core.package_identification:_identify(src/mavlink) by extensions ['colcon_meta']
[0.985s] Level 1:colcon.colcon_core.package_identification:_identify(src/mavlink) by extension 'colcon_meta'
[0.985s] Level 1:colcon.colcon_core.package_identification:_identify(src/mavlink) by extensions ['ros']
[0.985s] Level 1:colcon.colcon_core.package_identification:_identify(src/mavlink) by extension 'ros'
[0.985s] Level 1:colcon.colcon_core.package_identification:_identify(src/mavlink) by extensions ['cmake', 'python']
[0.985s] Level 1:colcon.colcon_core.package_identification:_identify(src/mavlink) by extension 'cmake'
[0.985s] Level 1:colcon.colcon_core.package_identification:_identify(src/mavlink) by extension 'python'
[0.986s] Level 1:colcon.colcon_core.package_identification:_identify(src/mavlink) by extensions ['python_setup_py']
[0.986s] Level 1:colcon.colcon_core.package_identification:_identify(src/mavlink) by extension 'python_setup_py'
[0.986s] Level 1:colcon.colcon_core.package_identification:_identify(src/mavros) by extensions ['ignore', 'ignore_ament_install']
[0.986s] Level 1:colcon.colcon_core.package_identification:_identify(src/mavros) by extension 'ignore'
[0.986s] Level 1:colcon.colcon_core.package_identification:_identify(src/mavros) by extension 'ignore_ament_install'
[0.987s] Level 1:colcon.colcon_core.package_identification:_identify(src/mavros) by extensions ['colcon_pkg']
[0.987s] Level 1:colcon.colcon_core.package_identification:_identify(src/mavros) by extension 'colcon_pkg'
[0.987s] Level 1:colcon.colcon_core.package_identification:_identify(src/mavros) by extensions ['colcon_meta']
[0.987s] Level 1:colcon.colcon_core.package_identification:_identify(src/mavros) by extension 'colcon_meta'
[0.988s] Level 1:colcon.colcon_core.package_identification:_identify(src/mavros) by extensions ['ros']
[0.988s] Level 1:colcon.colcon_core.package_identification:_identify(src/mavros) by extension 'ros'
[0.988s] Level 1:colcon.colcon_core.package_identification:_identify(src/mavros) by extensions ['cmake', 'python']
[0.988s] Level 1:colcon.colcon_core.package_identification:_identify(src/mavros) by extension 'cmake'
[0.988s] Level 1:colcon.colcon_core.package_identification:_identify(src/mavros) by extension 'python'
[0.989s] Level 1:colcon.colcon_core.package_identification:_identify(src/mavros) by extensions ['python_setup_py']
[0.989s] Level 1:colcon.colcon_core.package_identification:_identify(src/mavros) by extension 'python_setup_py'
[0.989s] Level 1:colcon.colcon_core.package_identification:_identify(src/ros2_robotx) by extensions ['ignore', 'ignore_ament_install']
[0.989s] Level 1:colcon.colcon_core.package_identification:_identify(src/ros2_robotx) by extension 'ignore'
[0.989s] Level 1:colcon.colcon_core.package_identification:_identify(src/ros2_robotx) by extension 'ignore_ament_install'
[0.990s] Level 1:colcon.colcon_core.package_identification:_identify(src/ros2_robotx) by extensions ['colcon_pkg']
[0.990s] Level 1:colcon.colcon_core.package_identification:_identify(src/ros2_robotx) by extension 'colcon_pkg'
[0.990s] Level 1:colcon.colcon_core.package_identification:_identify(src/ros2_robotx) by extensions ['colcon_meta']
[0.990s] Level 1:colcon.colcon_core.package_identification:_identify(src/ros2_robotx) by extension 'colcon_meta'
[0.990s] Level 1:colcon.colcon_core.package_identification:_identify(src/ros2_robotx) by extensions ['ros']
[0.990s] Level 1:colcon.colcon_core.package_identification:_identify(src/ros2_robotx) by extension 'ros'
[0.992s] DEBUG:colcon.colcon_core.package_identification:Package 'src/ros2_robotx' with type 'ros.ament_python' and name 'ros2_robotx'
[0.993s] Level 1:colcon.colcon_core.package_identification:_identify(terrain) by extensions ['ignore', 'ignore_ament_install']
[0.994s] Level 1:colcon.colcon_core.package_identification:_identify(terrain) by extension 'ignore'
[0.994s] Level 1:colcon.colcon_core.package_identification:_identify(terrain) by extension 'ignore_ament_install'
[0.995s] Level 1:colcon.colcon_core.package_identification:_identify(terrain) by extensions ['colcon_pkg']
[0.995s] Level 1:colcon.colcon_core.package_identification:_identify(terrain) by extension 'colcon_pkg'
[0.995s] Level 1:colcon.colcon_core.package_identification:_identify(terrain) by extensions ['colcon_meta']
[0.996s] Level 1:colcon.colcon_core.package_identification:_identify(terrain) by extension 'colcon_meta'
[0.996s] Level 1:colcon.colcon_core.package_identification:_identify(terrain) by extensions ['ros']
[0.996s] Level 1:colcon.colcon_core.package_identification:_identify(terrain) by extension 'ros'
[0.997s] Level 1:colcon.colcon_core.package_identification:_identify(terrain) by extensions ['cmake', 'python']
[0.997s] Level 1:colcon.colcon_core.package_identification:_identify(terrain) by extension 'cmake'
[0.998s] Level 1:colcon.colcon_core.package_identification:_identify(terrain) by extension 'python'
[0.998s] Level 1:colcon.colcon_core.package_identification:_identify(terrain) by extensions ['python_setup_py']
[0.998s] Level 1:colcon.colcon_core.package_identification:_identify(terrain) by extension 'python_setup_py'
[0.999s] Level 1:colcon.colcon_core.package_discovery:discover_packages(recursive) using defaults
[0.999s] Level 1:colcon.colcon_core.package_discovery:discover_packages(ignore) discover
[0.999s] Level 1:colcon.colcon_core.package_discovery:discover_packages(ignore) using defaults
[1.000s] Level 1:colcon.colcon_core.package_discovery:discover_packages(path) discover
[1.000s] Level 1:colcon.colcon_core.package_discovery:discover_packages(path) using defaults
[1.091s] INFO:colcon.colcon_core.package_selection:Skipping not selected package 'usv_msgs' in 'src/VRX_Foxy/usv_msgs'
[1.091s] INFO:colcon.colcon_core.package_selection:Skipping not selected package 'wamv_description' in 'src/VRX_Foxy/wamv_description'
[1.091s] INFO:colcon.colcon_core.package_selection:Skipping not selected package 'wave_gazebo_plugins' in 'src/VRX_Foxy/wave_gazebo_plugins'
[1.091s] INFO:colcon.colcon_core.package_selection:Skipping not selected package 'usv_gazebo_plugins' in 'src/VRX_Foxy/usv_gazebo_plugins'
[1.092s] INFO:colcon.colcon_core.package_selection:Skipping not selected package 'wave_gazebo' in 'src/VRX_Foxy/wave_gazebo'
[1.092s] INFO:colcon.colcon_core.package_selection:Skipping not selected package 'wamv_gazebo' in 'src/VRX_Foxy/wamv_gazebo'
[1.092s] INFO:colcon.colcon_core.package_selection:Skipping not selected package 'vrx_gazebo' in 'src/VRX_Foxy/vrx_gazebo'
[1.092s] INFO:colcon.colcon_core.package_selection:Skipping not selected package 'robotx_2022' in 'src/VRX_Foxy/robotX_2022'
[1.095s] Level 1:colcon.colcon_core.package_discovery:discover_packages(prefix_path) check parameters
[1.095s] Level 1:colcon.colcon_core.package_discovery:discover_packages(prefix_path) discover
[1.119s] DEBUG:colcon.colcon_installed_package_information.package_discovery:Found 15 installed packages in /home/adept/ros2_ws_2/install
[1.131s] DEBUG:colcon.colcon_installed_package_information.package_discovery:Found 351 installed packages in /opt/ros/foxy
[1.145s] Level 1:colcon.colcon_core.package_discovery:discover_packages(prefix_path) using defaults
[1.504s] Level 5:colcon.colcon_core.verb:set package 'ros2_robotx' build argument 'cmake_args' from command line to 'None'
[1.504s] Level 5:colcon.colcon_core.verb:set package 'ros2_robotx' build argument 'cmake_target' from command line to 'None'
[1.505s] Level 5:colcon.colcon_core.verb:set package 'ros2_robotx' build argument 'cmake_target_skip_unavailable' from command line to 'False'
[1.505s] Level 5:colcon.colcon_core.verb:set package 'ros2_robotx' build argument 'cmake_clean_cache' from command line to 'False'
[1.505s] Level 5:colcon.colcon_core.verb:set package 'ros2_robotx' build argument 'cmake_clean_first' from command line to 'False'
[1.505s] Level 5:colcon.colcon_core.verb:set package 'ros2_robotx' build argument 'cmake_force_configure' from command line to 'False'
[1.505s] Level 5:colcon.colcon_core.verb:set package 'ros2_robotx' build argument 'ament_cmake_args' from command line to 'None'
[1.506s] Level 5:colcon.colcon_core.verb:set package 'ros2_robotx' build argument 'catkin_cmake_args' from command line to 'None'
[1.506s] Level 5:colcon.colcon_core.verb:set package 'ros2_robotx' build argument 'catkin_skip_building_tests' from command line to 'False'
[1.506s] DEBUG:colcon.colcon_core.verb:Building package 'ros2_robotx' with the following arguments: {'ament_cmake_args': None, 'build_base': '/home/adept/ros2_ws_2/build/ros2_robotx', 'catkin_cmake_args': None, 'catkin_skip_building_tests': False, 'cmake_args': None, 'cmake_clean_cache': False, 'cmake_clean_first': False, 'cmake_force_configure': False, 'cmake_target': None, 'cmake_target_skip_unavailable': False, 'install_base': '/home/adept/ros2_ws_2/install/ros2_robotx', 'merge_install': False, 'path': '/home/adept/ros2_ws_2/src/ros2_robotx', 'symlink_install': False, 'test_result_base': None}
[1.511s] INFO:colcon.colcon_core.executor:Executing jobs using 'parallel' executor
[1.534s] DEBUG:colcon.colcon_parallel_executor.executor.parallel:run_until_complete
[1.535s] INFO:colcon.colcon_ros.task.ament_python.build:Building ROS package in '/home/adept/ros2_ws_2/src/ros2_robotx' with build type 'ament_python'
[1.536s] Level 1:colcon.colcon_core.shell:create_environment_hook('ros2_robotx', 'ament_prefix_path')
[1.559s] INFO:colcon.colcon_core.plugin_system:Skipping extension 'colcon_core.shell.bat': Not used on non-Windows systems
[1.560s] INFO:colcon.colcon_core.shell:Creating environment hook '/home/adept/ros2_ws_2/install/ros2_robotx/share/ros2_robotx/hook/ament_prefix_path.ps1'
[1.561s] INFO:colcon.colcon_core.shell:Creating environment descriptor '/home/adept/ros2_ws_2/install/ros2_robotx/share/ros2_robotx/hook/ament_prefix_path.dsv'
[1.563s] INFO:colcon.colcon_core.shell:Creating environment hook '/home/adept/ros2_ws_2/install/ros2_robotx/share/ros2_robotx/hook/ament_prefix_path.sh'
[1.571s] INFO:colcon.colcon_core.shell:Skip shell extension 'powershell' for command environment: Not usable outside of PowerShell
[1.571s] DEBUG:colcon.colcon_core.shell:Skip shell extension 'dsv' for command environment
[2.756s] INFO:colcon.colcon_core.task.python.build:Building Python package in '/home/adept/ros2_ws_2/src/ros2_robotx'
[2.766s] INFO:colcon.colcon_core.shell:Skip shell extension 'powershell' for command environment: Not usable outside of PowerShell
[2.767s] DEBUG:colcon.colcon_core.shell:Skip shell extension 'dsv' for command environment
[5.081s] DEBUG:colcon.colcon_core.event_handler.log_command:Invoking command in '/home/adept/ros2_ws_2/src/ros2_robotx': PYTHONPATH=/home/adept/ros2_ws_2/install/ros2_robotx/lib/python3.8/site-packages:${PYTHONPATH} /usr/bin/python3 setup.py egg_info --egg-base ../../build/ros2_robotx build --build-base /home/adept/ros2_ws_2/build/ros2_robotx/build install --prefix /home/adept/ros2_ws_2/install/ros2_robotx --record /home/adept/ros2_ws_2/build/ros2_robotx/install.log --single-version-externally-managed
[6.453s] DEBUG:colcon.colcon_core.event_handler.log_command:Invoked command in '/home/adept/ros2_ws_2/src/ros2_robotx' returned '0': PYTHONPATH=/home/adept/ros2_ws_2/install/ros2_robotx/lib/python3.8/site-packages:${PYTHONPATH} /usr/bin/python3 setup.py egg_info --egg-base ../../build/ros2_robotx build --build-base /home/adept/ros2_ws_2/build/ros2_robotx/build install --prefix /home/adept/ros2_ws_2/install/ros2_robotx --record /home/adept/ros2_ws_2/build/ros2_robotx/install.log --single-version-externally-managed
[6.478s] Level 1:colcon.colcon_core.environment:checking '/home/adept/ros2_ws_2/install/ros2_robotx' for CMake module files
[6.481s] Level 1:colcon.colcon_core.environment:checking '/home/adept/ros2_ws_2/install/ros2_robotx' for CMake config files
[6.485s] Level 1:colcon.colcon_core.environment:checking '/home/adept/ros2_ws_2/install/ros2_robotx/lib'
[6.485s] Level 1:colcon.colcon_core.environment:checking '/home/adept/ros2_ws_2/install/ros2_robotx/bin'
[6.486s] Level 1:colcon.colcon_core.environment:checking '/home/adept/ros2_ws_2/install/ros2_robotx/lib/pkgconfig/ros2_robotx.pc'
[6.487s] Level 1:colcon.colcon_core.environment:checking '/home/adept/ros2_ws_2/install/ros2_robotx/lib/python3.8/site-packages'
[6.487s] Level 1:colcon.colcon_core.shell:create_environment_hook('ros2_robotx', 'pythonpath')
[6.491s] INFO:colcon.colcon_core.shell:Creating environment hook '/home/adept/ros2_ws_2/install/ros2_robotx/share/ros2_robotx/hook/pythonpath.ps1'
[6.493s] INFO:colcon.colcon_core.shell:Creating environment descriptor '/home/adept/ros2_ws_2/install/ros2_robotx/share/ros2_robotx/hook/pythonpath.dsv'
[6.494s] INFO:colcon.colcon_core.shell:Creating environment hook '/home/adept/ros2_ws_2/install/ros2_robotx/share/ros2_robotx/hook/pythonpath.sh'
[6.495s] Level 1:colcon.colcon_core.environment:checking '/home/adept/ros2_ws_2/install/ros2_robotx/bin'
[6.496s] Level 1:colcon.colcon_core.environment:create_environment_scripts_only(ros2_robotx)
[6.506s] INFO:colcon.colcon_core.shell:Creating package script '/home/adept/ros2_ws_2/install/ros2_robotx/share/ros2_robotx/package.ps1'
[6.511s] INFO:colcon.colcon_core.shell:Creating package descriptor '/home/adept/ros2_ws_2/install/ros2_robotx/share/ros2_robotx/package.dsv'
[6.514s] INFO:colcon.colcon_core.shell:Creating package script '/home/adept/ros2_ws_2/install/ros2_robotx/share/ros2_robotx/package.sh'
[6.518s] INFO:colcon.colcon_core.shell:Creating package script '/home/adept/ros2_ws_2/install/ros2_robotx/share/ros2_robotx/package.bash'
[6.522s] INFO:colcon.colcon_core.shell:Creating package script '/home/adept/ros2_ws_2/install/ros2_robotx/share/ros2_robotx/package.zsh'
[6.524s] Level 1:colcon.colcon_core.environment:create_file_with_runtime_dependencies(/home/adept/ros2_ws_2/install/ros2_robotx/share/colcon-core/packages/ros2_robotx)
[6.526s] DEBUG:colcon.colcon_parallel_executor.executor.parallel:closing loop
[6.527s] DEBUG:colcon.colcon_parallel_executor.executor.parallel:loop closed
[6.527s] DEBUG:colcon.colcon_parallel_executor.executor.parallel:run_until_complete finished with '0'
[6.528s] DEBUG:colcon.colcon_core.event_reactor:joining thread
[6.557s] INFO:colcon.colcon_core.plugin_system:Skipping extension 'colcon_notification.desktop_notification.terminal_notifier': Not used on non-Darwin systems
[6.557s] INFO:colcon.colcon_core.plugin_system:Skipping extension 'colcon_notification.desktop_notification.win32': Not used on non-Windows systems
[6.558s] INFO:colcon.colcon_notification.desktop_notification:Sending desktop notification using 'notify2'
[6.611s] DEBUG:colcon.colcon_core.event_reactor:joined thread
[6.622s] INFO:colcon.colcon_core.shell:Creating prefix script '/home/adept/ros2_ws_2/install/local_setup.ps1'
[6.626s] INFO:colcon.colcon_core.shell:Creating prefix util module '/home/adept/ros2_ws_2/install/_local_setup_util_ps1.py'
[6.632s] INFO:colcon.colcon_core.shell:Creating prefix chain script '/home/adept/ros2_ws_2/install/setup.ps1'
[6.643s] INFO:colcon.colcon_core.shell:Creating prefix script '/home/adept/ros2_ws_2/install/local_setup.sh'
[6.646s] INFO:colcon.colcon_core.shell:Creating prefix util module '/home/adept/ros2_ws_2/install/_local_setup_util_sh.py'
[6.648s] INFO:colcon.colcon_core.shell:Creating prefix chain script '/home/adept/ros2_ws_2/install/setup.sh'
[6.656s] INFO:colcon.colcon_core.shell:Creating prefix script '/home/adept/ros2_ws_2/install/local_setup.bash'
[6.658s] INFO:colcon.colcon_core.shell:Creating prefix chain script '/home/adept/ros2_ws_2/install/setup.bash'
[6.664s] INFO:colcon.colcon_core.shell:Creating prefix script '/home/adept/ros2_ws_2/install/local_setup.zsh'
[6.668s] INFO:colcon.colcon_core.shell:Creating prefix chain script '/home/adept/ros2_ws_2/install/setup.zsh'
