[0.033s] Invoking command in '/home/grant/ros2_ws/build/wave_gazebo_plugins': CMAKE_PREFIX_PATH=/home/grant/ros2_ws/install/mavros_extras:/home/grant/ros2_ws/install/mavros:/home/grant/ros2_ws/install/mavros_msgs:/home/grant/ros2_ws/install/libmavconn:/home/grant/ros2_ws/install/mavlink:/opt/ros/foxy:/home/grant/vrx_ws/devel:/opt/ros/noetic:/home/grant/ros2_foxy/ros2-linux CONDA_PROMPT_MODIFIER=(base) /usr/bin/cmake /home/grant/ros2_ws/src/adept-vrx/wave_gazebo_plugins -DCMAKE_INSTALL_PREFIX=/home/grant/ros2_ws/install/wave_gazebo_plugins
[0.092s] -- The C compiler identification is GNU 9.4.0
[0.144s] -- The CXX compiler identification is GNU 9.4.0
[0.149s] -- Check for working C compiler: /usr/bin/cc
[0.219s] -- Check for working C compiler: /usr/bin/cc -- works
[0.220s] -- Detecting C compiler ABI info
[0.281s] -- Detecting C compiler ABI info - done
[0.294s] -- Detecting C compile features
[0.294s] -- Detecting C compile features - done
[0.297s] -- Check for working CXX compiler: /usr/bin/c++
[0.368s] -- Check for working CXX compiler: /usr/bin/c++ -- works
[0.369s] -- Detecting CXX compiler ABI info
[0.437s] -- Detecting CXX compiler ABI info - done
[0.451s] -- Detecting CXX compile features
[0.451s] -- Detecting CXX compile features - done
[0.453s] -- Found ament_cmake: 0.9.11 (/opt/ros/foxy/share/ament_cmake/cmake)
[0.478s] -- Found PythonInterp: /home/grant/miniconda3/bin/python3 (found suitable version "3.8.13", minimum required is "3") 
[0.479s] -- Using PYTHON_EXECUTABLE: /home/grant/miniconda3/bin/python3
[0.744s] -- Found PkgConfig: /usr/bin/pkg-config (found version "0.29.1") 
[0.747s] -- Checking for module 'bullet>=2.82'
[0.758s] --   Found bullet, version 2.88
[0.848s] -- Found ccd: /usr/include (found suitable version "2.0", minimum required is "2.0") 
[0.890s] -- Found fcl: /usr/include (found suitable version "0.5.0", minimum required is "0.3.2") 
[0.933s] -- Found assimp: /usr/include (found version "5.0.0") 
[0.958s] -- Found DART: /usr/include (Required is at least version "6.6") found components: dart 
[1.218s] -- Found Boost: /usr/lib/x86_64-linux-gnu/cmake/Boost-1.71.0/BoostConfig.cmake (found suitable version "1.71.0", minimum required is "1.40.0") found components: thread system filesystem program_options regex iostreams date_time 
[1.241s] -- Found Protobuf: /usr/lib/x86_64-linux-gnu/libprotobuf.so;-lpthread (found version "3.6.1") 
[1.247s] -- Looking for ignition-math6 -- found version 6.13.0
[1.255s] -- Searching for dependencies of ignition-math6
[1.256s] -- Looking for OGRE...
[1.257s] -- OGRE_PREFIX_WATCH changed.
[1.261s] -- Checking for module 'OGRE'
[1.273s] --   Found OGRE, version 1.9.0
[1.299s] -- Found Ogre Ghadamon (1.9.0)
[1.310s] -- Found OGRE: optimized;/usr/lib/x86_64-linux-gnu/libOgreMain.so;debug;/usr/lib/x86_64-linux-gnu/libOgreMain.so
[1.320s] -- Looking for OGRE_Paging...
[1.328s] -- Found OGRE_Paging: optimized;/usr/lib/x86_64-linux-gnu/libOgrePaging.so;debug;/usr/lib/x86_64-linux-gnu/libOgrePaging.so
[1.328s] -- Looking for OGRE_Terrain...
[1.337s] -- Found OGRE_Terrain: optimized;/usr/lib/x86_64-linux-gnu/libOgreTerrain.so;debug;/usr/lib/x86_64-linux-gnu/libOgreTerrain.so
[1.337s] -- Looking for OGRE_Property...
[1.345s] -- Found OGRE_Property: optimized;/usr/lib/x86_64-linux-gnu/libOgreProperty.so;debug;/usr/lib/x86_64-linux-gnu/libOgreProperty.so
[1.345s] -- Looking for OGRE_RTShaderSystem...
[1.353s] -- Found OGRE_RTShaderSystem: optimized;/usr/lib/x86_64-linux-gnu/libOgreRTShaderSystem.so;debug;/usr/lib/x86_64-linux-gnu/libOgreRTShaderSystem.so
[1.353s] -- Looking for OGRE_Volume...
[1.362s] -- Found OGRE_Volume: optimized;/usr/lib/x86_64-linux-gnu/libOgreVolume.so;debug;/usr/lib/x86_64-linux-gnu/libOgreVolume.so
[1.362s] -- Looking for OGRE_Overlay...
[1.370s] -- Found OGRE_Overlay: optimized;/usr/lib/x86_64-linux-gnu/libOgreOverlay.so;debug;/usr/lib/x86_64-linux-gnu/libOgreOverlay.so
[1.545s] -- Looking for ignition-math6 -- found version 6.13.0
[1.548s] -- Looking for ignition-transport8 -- found version 8.3.0
[1.548s] -- Searching for dependencies of ignition-transport8
[1.563s] -- Found Protobuf: /usr/lib/x86_64-linux-gnu/libprotobuf.so;-lpthread (found suitable version "3.6.1", minimum required is "3") 
[1.571s] -- Checking for module 'uuid'
[1.582s] --   Found uuid, version 2.34.0
[1.609s] -- Found UUID: TRUE  
[1.612s] -- Looking for ignition-msgs5 -- found version 5.11.0
[1.613s] -- Searching for dependencies of ignition-msgs5
[1.628s] -- Looking for ignition-math6 -- found version 6.13.0
[1.632s] -- Checking for module 'tinyxml2'
[1.642s] --   Found tinyxml2, version 6.2.0
[1.672s] -- Looking for ignition-msgs5 -- found version 5.11.0
[1.675s] -- Looking for ignition-common3 -- found version 3.15.1
[1.675s] -- Searching for dependencies of ignition-common3
[1.676s] -- Looking for dlfcn.h - found
[1.677s] -- Looking for libdl - found
[1.678s] -- Found DL: TRUE  
[1.685s] -- Searching for <ignition-common3> component [graphics]
[1.688s] -- Looking for ignition-common3-graphics -- found version 3.15.1
[1.689s] -- Searching for dependencies of ignition-common3-graphics
[1.689s] -- Looking for ignition-math6 -- found version 6.13.0
[1.693s] -- Looking for ignition-fuel_tools4 -- found version 4.6.0
[1.693s] -- Searching for dependencies of ignition-fuel_tools4
[1.751s] -- Found CURL: /usr/lib/x86_64-linux-gnu/libcurl.so (found version "7.68.0")  
[1.761s] -- Checking for module 'jsoncpp'
[1.772s] --   Found jsoncpp, version 1.7.4
[1.802s] -- Found JSONCPP: TRUE  
[1.809s] -- Checking for module 'libzip'
[1.820s] --   Found libzip, version 1.5.1
[1.848s] -- Found ZIP: TRUE  
[1.848s] -- Looking for ignition-common3 -- found version 3.15.1
[1.849s] -- Looking for ignition-math6 -- found version 6.13.0
[1.849s] -- Looking for ignition-msgs5 -- found version 5.11.0
[1.851s] CMake Error at CMakeLists.txt:32 (target_include_directories):
[1.851s]   Cannot specify include directories for target "my_target" which is not
[1.851s]   built by this project.
[1.851s] 
[1.851s] 
[1.853s] -- Configuring incomplete, errors occurred!
[1.853s] See also "/home/grant/ros2_ws/build/wave_gazebo_plugins/CMakeFiles/CMakeOutput.log".
[1.853s] See also "/home/grant/ros2_ws/build/wave_gazebo_plugins/CMakeFiles/CMakeError.log".
[1.862s] Invoked command in '/home/grant/ros2_ws/build/wave_gazebo_plugins' returned '1': CMAKE_PREFIX_PATH=/home/grant/ros2_ws/install/mavros_extras:/home/grant/ros2_ws/install/mavros:/home/grant/ros2_ws/install/mavros_msgs:/home/grant/ros2_ws/install/libmavconn:/home/grant/ros2_ws/install/mavlink:/opt/ros/foxy:/home/grant/vrx_ws/devel:/opt/ros/noetic:/home/grant/ros2_foxy/ros2-linux CONDA_PROMPT_MODIFIER=(base) /usr/bin/cmake /home/grant/ros2_ws/src/adept-vrx/wave_gazebo_plugins -DCMAKE_INSTALL_PREFIX=/home/grant/ros2_ws/install/wave_gazebo_plugins
