[0.080s] Invoking command in '/home/grant/ros2_ws/build/mavlink': CMAKE_PREFIX_PATH=/home/grant/ros2_ws/install/mavros_extras:/home/grant/ros2_ws/install/mavros:/home/grant/ros2_ws/install/mavros_msgs:/home/grant/ros2_ws/install/libmavconn:/home/grant/ros2_ws/install/mavlink:/opt/ros/foxy:/home/grant/vrx_ws/devel:/opt/ros/noetic:/home/grant/ros2_foxy/ros2-linux CONDA_PROMPT_MODIFIER=(base) /usr/bin/cmake --build /home/grant/ros2_ws/build/mavlink -- -j8 -l8
[0.164s] [ 11%] Built target storm32.xml-v1.0
[0.164s] [ 11%] Built target icarous.xml-v1.0
[0.164s] [ 11%] Built target ualberta.xml-v1.0
[0.164s] [ 15%] Built target uAvionix.xml-v1.0
[0.166s] [ 19%] Built target ASLUAV.xml-v2.0
[0.167s] [ 23%] Built target uAvionix.xml-v2.0
[0.172s] [ 26%] Built target paparazzi.xml-v1.0
[0.174s] [ 30%] Built target standard.xml-v1.0
[0.187s] [ 34%] Built target storm32.xml-v2.0
[0.195s] [ 38%] Built target all.xml-v1.0
[0.200s] [ 42%] Built target ardupilotmega.xml-v1.0
[0.205s] [ 46%] Built target all.xml-v2.0
[0.214s] [ 53%] Built target ualberta.xml-v2.0
[0.215s] [ 53%] Built target icarous.xml-v2.0
[0.215s] [ 57%] Built target development.xml-v1.0
[0.215s] [ 61%] Built target ASLUAV.xml-v1.0
[0.224s] [ 65%] Built target AVSSUAS.xml-v2.0
[0.229s] [ 69%] Built target ardupilotmega.xml-v2.0
[0.234s] [ 73%] Built target common.xml-v1.0
[0.234s] [ 76%] Built target standard.xml-v2.0
[0.235s] [ 80%] Built target matrixpilot.xml-v1.0
[0.238s] [ 84%] Built target paparazzi.xml-v2.0
[0.251s] [ 88%] Built target AVSSUAS.xml-v1.0
[0.251s] [ 92%] Built target development.xml-v2.0
[0.251s] [ 96%] Built target matrixpilot.xml-v2.0
[0.266s] [100%] Built target common.xml-v2.0
