[0.022s] Invoking command in '/home/grant/ros2_ws/build/wave_gazebo_plugins': CMAKE_PREFIX_PATH=/home/grant/ros2_ws/install/mavros_extras:/home/grant/ros2_ws/install/mavros:/home/grant/ros2_ws/install/mavros_msgs:/home/grant/ros2_ws/install/libmavconn:/home/grant/ros2_ws/install/mavlink:/opt/ros/foxy:/home/grant/vrx_ws/devel:/opt/ros/noetic:/home/grant/ros2_foxy/ros2-linux CONDA_PROMPT_MODIFIER=(base) /usr/bin/cmake /home/grant/ros2_ws/src/adept-vrx/wave_gazebo_plugins -DCMAKE_INSTALL_PREFIX=/home/grant/ros2_ws/install/wave_gazebo_plugins
[0.083s] -- The C compiler identification is GNU 9.4.0
[0.132s] -- The CXX compiler identification is GNU 9.4.0
[0.136s] -- Check for working C compiler: /usr/bin/cc
[0.192s] -- Check for working C compiler: /usr/bin/cc -- works
[0.193s] -- Detecting C compiler ABI info
[0.249s] -- Detecting C compiler ABI info - done
[0.262s] -- Detecting C compile features
[0.262s] -- Detecting C compile features - done
[0.264s] -- Check for working CXX compiler: /usr/bin/c++
[0.331s] -- Check for working CXX compiler: /usr/bin/c++ -- works
[0.332s] -- Detecting CXX compiler ABI info
[0.397s] -- Detecting CXX compiler ABI info - done
[0.410s] -- Detecting CXX compile features
[0.411s] -- Detecting CXX compile features - done
[0.412s] -- Found ament_cmake: 0.9.11 (/opt/ros/foxy/share/ament_cmake/cmake)
[0.437s] -- Found PythonInterp: /home/grant/miniconda3/bin/python3 (found suitable version "3.8.13", minimum required is "3") 
[0.437s] -- Using PYTHON_EXECUTABLE: /home/grant/miniconda3/bin/python3
[0.700s] -- Found PkgConfig: /usr/bin/pkg-config (found version "0.29.1") 
[0.703s] -- Checking for module 'bullet>=2.82'
[0.715s] --   Found bullet, version 2.88
[0.811s] -- Found ccd: /usr/include (found suitable version "2.0", minimum required is "2.0") 
[0.854s] -- Found fcl: /usr/include (found suitable version "0.5.0", minimum required is "0.3.2") 
[0.897s] -- Found assimp: /usr/include (found version "5.0.0") 
[0.922s] -- Found DART: /usr/include (Required is at least version "6.6") found components: dart 
[1.197s] -- Found Boost: /usr/lib/x86_64-linux-gnu/cmake/Boost-1.71.0/BoostConfig.cmake (found suitable version "1.71.0", minimum required is "1.40.0") found components: thread system filesystem program_options regex iostreams date_time 
[1.223s] -- Found Protobuf: /usr/lib/x86_64-linux-gnu/libprotobuf.so;-lpthread (found version "3.6.1") 
[1.230s] -- Looking for ignition-math6 -- found version 6.13.0
[1.237s] -- Searching for dependencies of ignition-math6
[1.239s] -- Looking for OGRE...
[1.240s] -- OGRE_PREFIX_WATCH changed.
[1.245s] -- Checking for module 'OGRE'
[1.261s] --   Found OGRE, version 1.9.0
[1.289s] -- Found Ogre Ghadamon (1.9.0)
[1.299s] -- Found OGRE: optimized;/usr/lib/x86_64-linux-gnu/libOgreMain.so;debug;/usr/lib/x86_64-linux-gnu/libOgreMain.so
[1.310s] -- Looking for OGRE_Paging...
[1.319s] -- Found OGRE_Paging: optimized;/usr/lib/x86_64-linux-gnu/libOgrePaging.so;debug;/usr/lib/x86_64-linux-gnu/libOgrePaging.so
[1.319s] -- Looking for OGRE_Terrain...
[1.328s] -- Found OGRE_Terrain: optimized;/usr/lib/x86_64-linux-gnu/libOgreTerrain.so;debug;/usr/lib/x86_64-linux-gnu/libOgreTerrain.so
[1.328s] -- Looking for OGRE_Property...
[1.336s] -- Found OGRE_Property: optimized;/usr/lib/x86_64-linux-gnu/libOgreProperty.so;debug;/usr/lib/x86_64-linux-gnu/libOgreProperty.so
[1.336s] -- Looking for OGRE_RTShaderSystem...
[1.345s] -- Found OGRE_RTShaderSystem: optimized;/usr/lib/x86_64-linux-gnu/libOgreRTShaderSystem.so;debug;/usr/lib/x86_64-linux-gnu/libOgreRTShaderSystem.so
[1.345s] -- Looking for OGRE_Volume...
[1.355s] -- Found OGRE_Volume: optimized;/usr/lib/x86_64-linux-gnu/libOgreVolume.so;debug;/usr/lib/x86_64-linux-gnu/libOgreVolume.so
[1.355s] -- Looking for OGRE_Overlay...
[1.363s] -- Found OGRE_Overlay: optimized;/usr/lib/x86_64-linux-gnu/libOgreOverlay.so;debug;/usr/lib/x86_64-linux-gnu/libOgreOverlay.so
[1.556s] -- Looking for ignition-math6 -- found version 6.13.0
[1.559s] -- Looking for ignition-transport8 -- found version 8.3.0
[1.560s] -- Searching for dependencies of ignition-transport8
[1.576s] -- Found Protobuf: /usr/lib/x86_64-linux-gnu/libprotobuf.so;-lpthread (found suitable version "3.6.1", minimum required is "3") 
[1.584s] -- Checking for module 'uuid'
[1.596s] --   Found uuid, version 2.34.0
[1.624s] -- Found UUID: TRUE  
[1.627s] -- Looking for ignition-msgs5 -- found version 5.11.0
[1.627s] -- Searching for dependencies of ignition-msgs5
[1.648s] -- Looking for ignition-math6 -- found version 6.13.0
[1.652s] -- Checking for module 'tinyxml2'
[1.665s] --   Found tinyxml2, version 6.2.0
[1.694s] -- Looking for ignition-msgs5 -- found version 5.11.0
[1.697s] -- Looking for ignition-common3 -- found version 3.15.1
[1.697s] -- Searching for dependencies of ignition-common3
[1.698s] -- Looking for dlfcn.h - found
[1.699s] -- Looking for libdl - found
[1.700s] -- Found DL: TRUE  
[1.708s] -- Searching for <ignition-common3> component [graphics]
[1.711s] -- Looking for ignition-common3-graphics -- found version 3.15.1
[1.711s] -- Searching for dependencies of ignition-common3-graphics
[1.712s] -- Looking for ignition-math6 -- found version 6.13.0
[1.716s] -- Looking for ignition-fuel_tools4 -- found version 4.6.0
[1.716s] -- Searching for dependencies of ignition-fuel_tools4
[1.781s] -- Found CURL: /usr/lib/x86_64-linux-gnu/libcurl.so (found version "7.68.0")  
[1.790s] -- Checking for module 'jsoncpp'
[1.801s] --   Found jsoncpp, version 1.7.4
[1.833s] -- Found JSONCPP: TRUE  
[1.838s] -- Checking for module 'libzip'
[1.850s] --   Found libzip, version 1.5.1
[1.879s] -- Found ZIP: TRUE  
[1.879s] -- Looking for ignition-common3 -- found version 3.15.1
[1.879s] -- Looking for ignition-math6 -- found version 6.13.0
[1.880s] -- Looking for ignition-msgs5 -- found version 5.11.0
[1.962s] CMake Error at /opt/ros/foxy/share/ament_cmake_core/cmake/core/ament_package.cmake:74 (message):
[1.962s]   ament_package() called with unused arguments:
[1.962s]   INCLUDE_DIRS;include;LIBRARIES;Hydrodynamics;WavefieldModelPlugin;WavefieldVisualPlugin;wavegauge_plugin;DEPENDS;gazebo_ros
[1.962s] Call Stack (most recent call first):
[1.962s]   /opt/ros/foxy/share/ament_cmake_core/cmake/core/ament_package.cmake:68 (_ament_package)
[1.962s]   CMakeLists.txt:31 (ament_package)
[1.962s] 
[1.962s] 
[1.963s] -- Configuring incomplete, errors occurred!
[1.963s] See also "/home/grant/ros2_ws/build/wave_gazebo_plugins/CMakeFiles/CMakeOutput.log".
[1.963s] See also "/home/grant/ros2_ws/build/wave_gazebo_plugins/CMakeFiles/CMakeError.log".
[1.971s] Invoked command in '/home/grant/ros2_ws/build/wave_gazebo_plugins' returned '1': CMAKE_PREFIX_PATH=/home/grant/ros2_ws/install/mavros_extras:/home/grant/ros2_ws/install/mavros:/home/grant/ros2_ws/install/mavros_msgs:/home/grant/ros2_ws/install/libmavconn:/home/grant/ros2_ws/install/mavlink:/opt/ros/foxy:/home/grant/vrx_ws/devel:/opt/ros/noetic:/home/grant/ros2_foxy/ros2-linux CONDA_PROMPT_MODIFIER=(base) /usr/bin/cmake /home/grant/ros2_ws/src/adept-vrx/wave_gazebo_plugins -DCMAKE_INSTALL_PREFIX=/home/grant/ros2_ws/install/wave_gazebo_plugins
