[0.961s] Invoking command in '/home/adept/ros2_ws_2/src/ros2_robotx': PYTHONPATH=/home/adept/ros2_ws_2/install/ros2_robotx/lib/python3.8/site-packages: /usr/bin/python3 setup.py egg_info --egg-base ../../build/ros2_robotx build --build-base /home/adept/ros2_ws_2/build/ros2_robotx/build install --prefix /home/adept/ros2_ws_2/install/ros2_robotx --record /home/adept/ros2_ws_2/build/ros2_robotx/install.log --single-version-externally-managed
[1.181s] running egg_info
[1.181s] writing ../../build/ros2_robotx/ros2_robotx.egg-info/PKG-INFO
[1.182s] writing dependency_links to ../../build/ros2_robotx/ros2_robotx.egg-info/dependency_links.txt
[1.182s] writing entry points to ../../build/ros2_robotx/ros2_robotx.egg-info/entry_points.txt
[1.182s] writing requirements to ../../build/ros2_robotx/ros2_robotx.egg-info/requires.txt
[1.182s] writing top-level names to ../../build/ros2_robotx/ros2_robotx.egg-info/top_level.txt
[1.232s] reading manifest file '../../build/ros2_robotx/ros2_robotx.egg-info/SOURCES.txt'
[1.233s] writing manifest file '../../build/ros2_robotx/ros2_robotx.egg-info/SOURCES.txt'
[1.233s] running build
[1.233s] running build_py
[1.233s] copying ros2_robotx/wamv_sim.py -> /home/adept/ros2_ws_2/build/ros2_robotx/build/lib/ros2_robotx
[1.233s] running install
[1.234s] running install_lib
[1.235s] copying /home/adept/ros2_ws_2/build/ros2_robotx/build/lib/ros2_robotx/wamv_sim.py -> /home/adept/ros2_ws_2/install/ros2_robotx/lib/python3.8/site-packages/ros2_robotx
[1.236s] byte-compiling /home/adept/ros2_ws_2/install/ros2_robotx/lib/python3.8/site-packages/ros2_robotx/wamv_sim.py to wamv_sim.cpython-38.pyc
[1.238s] running install_data
[1.239s] running install_egg_info
[1.241s] removing '/home/adept/ros2_ws_2/install/ros2_robotx/lib/python3.8/site-packages/ros2_robotx-0.0.0-py3.8.egg-info' (and everything under it)
[1.241s] Copying ../../build/ros2_robotx/ros2_robotx.egg-info to /home/adept/ros2_ws_2/install/ros2_robotx/lib/python3.8/site-packages/ros2_robotx-0.0.0-py3.8.egg-info
[1.243s] running install_scripts
[1.262s] Installing drone_control script to /home/adept/ros2_ws_2/install/ros2_robotx/lib/ros2_robotx
[1.262s] Installing teleop_key script to /home/adept/ros2_ws_2/install/ros2_robotx/lib/ros2_robotx
[1.262s] Installing wamv_sim script to /home/adept/ros2_ws_2/install/ros2_robotx/lib/ros2_robotx
[1.262s] writing list of installed files to '/home/adept/ros2_ws_2/build/ros2_robotx/install.log'
[1.295s] Invoked command in '/home/adept/ros2_ws_2/src/ros2_robotx' returned '0': PYTHONPATH=/home/adept/ros2_ws_2/install/ros2_robotx/lib/python3.8/site-packages: /usr/bin/python3 setup.py egg_info --egg-base ../../build/ros2_robotx build --build-base /home/adept/ros2_ws_2/build/ros2_robotx/build install --prefix /home/adept/ros2_ws_2/install/ros2_robotx --record /home/adept/ros2_ws_2/build/ros2_robotx/install.log --single-version-externally-managed
