[1.182s] Invoking command in '/home/grant/ros2_ws/src/ros2_robotx': CONDA_PROMPT_MODIFIER=(base) PYTHONPATH=/home/grant/ros2_ws/install/ros2_robotx/lib/python3.8/site-packages:${PYTHONPATH} /usr/bin/python3 setup.py egg_info --egg-base ../../build/ros2_robotx build --build-base /home/grant/ros2_ws/build/ros2_robotx/build install --prefix /home/grant/ros2_ws/install/ros2_robotx --record /home/grant/ros2_ws/build/ros2_robotx/install.log --single-version-externally-managed
[1.471s] running egg_info
[1.472s] writing ../../build/ros2_robotx/ros2_robotx.egg-info/PKG-INFO
[1.472s] writing dependency_links to ../../build/ros2_robotx/ros2_robotx.egg-info/dependency_links.txt
[1.472s] writing entry points to ../../build/ros2_robotx/ros2_robotx.egg-info/entry_points.txt
[1.472s] writing requirements to ../../build/ros2_robotx/ros2_robotx.egg-info/requires.txt
[1.472s] writing top-level names to ../../build/ros2_robotx/ros2_robotx.egg-info/top_level.txt
[1.527s] reading manifest file '../../build/ros2_robotx/ros2_robotx.egg-info/SOURCES.txt'
[1.529s] writing manifest file '../../build/ros2_robotx/ros2_robotx.egg-info/SOURCES.txt'
[1.529s] running build
[1.530s] running build_py
[1.530s] copying ros2_robotx/drone_control.py -> /home/grant/ros2_ws/build/ros2_robotx/build/lib/ros2_robotx
[1.530s] running install
[1.531s] running install_lib
[1.532s] copying /home/grant/ros2_ws/build/ros2_robotx/build/lib/ros2_robotx/drone_control.py -> /home/grant/ros2_ws/install/ros2_robotx/lib/python3.8/site-packages/ros2_robotx
[1.533s] byte-compiling /home/grant/ros2_ws/install/ros2_robotx/lib/python3.8/site-packages/ros2_robotx/drone_control.py to drone_control.cpython-38.pyc
[1.536s] running install_data
[1.538s] running install_egg_info
[1.540s] removing '/home/grant/ros2_ws/install/ros2_robotx/lib/python3.8/site-packages/ros2_robotx-0.0.0-py3.8.egg-info' (and everything under it)
[1.540s] Copying ../../build/ros2_robotx/ros2_robotx.egg-info to /home/grant/ros2_ws/install/ros2_robotx/lib/python3.8/site-packages/ros2_robotx-0.0.0-py3.8.egg-info
[1.541s] running install_scripts
[1.565s] Installing drone_control script to /home/grant/ros2_ws/install/ros2_robotx/lib/ros2_robotx
[1.566s] Installing wamv_sim script to /home/grant/ros2_ws/install/ros2_robotx/lib/ros2_robotx
[1.566s] writing list of installed files to '/home/grant/ros2_ws/build/ros2_robotx/install.log'
[1.615s] Invoked command in '/home/grant/ros2_ws/src/ros2_robotx' returned '0': CONDA_PROMPT_MODIFIER=(base) PYTHONPATH=/home/grant/ros2_ws/install/ros2_robotx/lib/python3.8/site-packages:${PYTHONPATH} /usr/bin/python3 setup.py egg_info --egg-base ../../build/ros2_robotx build --build-base /home/grant/ros2_ws/build/ros2_robotx/build install --prefix /home/grant/ros2_ws/install/ros2_robotx --record /home/grant/ros2_ws/build/ros2_robotx/install.log --single-version-externally-managed
