[  5%] [32mBuilding CXX object CMakeFiles/Hydrodynamics.dir/src/Gazebo.cc.o[0m
[ 10%] [32mBuilding CXX object CMakeFiles/Hydrodynamics.dir/src/Utilities.cc.o[0m
[ 15%] [32mBuilding CXX object CMakeFiles/Hydrodynamics.dir/src/Wavefield.cc.o[0m
[ 25%] Built target gtest
[ 35%] Built target gtest_main
[ 40%] [32mBuilding CXX object CMakeFiles/Hydrodynamics.dir/src/WavefieldEntity.cc.o[0m
[ 45%] [32m[1mLinking CXX shared library libHydrodynamics.so[0m
[ 60%] Built target Hydrodynamics
[ 75%] [32mBuilding CXX object CMakeFiles/UNIT_Wavefield_TEST.dir/src/Wavefield_TEST.cc.o[0m
[ 75%] [32mBuilding CXX object CMakeFiles/WavefieldVisualPlugin.dir/src/WavefieldVisualPlugin.cc.o[0m
[ 75%] [32mBuilding CXX object CMakeFiles/WavefieldModelPlugin.dir/src/WavefieldModelPlugin.cc.o[0m
[ 80%] [32m[1mLinking CXX shared library libWavefieldModelPlugin.so[0m
[ 80%] Built target WavefieldModelPlugin
[ 85%] [32mBuilding CXX object CMakeFiles/wavegauge_plugin.dir/src/wavegauge_plugin.cc.o[0m
[ 90%] [32m[1mLinking CXX executable UNIT_Wavefield_TEST[0m
[ 90%] Built target UNIT_Wavefield_TEST
[ 95%] [32m[1mLinking CXX shared library libWavefieldVisualPlugin.so[0m
[ 95%] Built target WavefieldVisualPlugin
[100%] [32m[1mLinking CXX shared library libwavegauge_plugin.so[0m
[100%] Built target wavegauge_plugin
-- Install configuration: ""
-- Installing: /home/grant/ros2_ws/install/wave_gazebo_plugins/lib/libHydrodynamics.so
-- Set runtime path of "/home/grant/ros2_ws/install/wave_gazebo_plugins/lib/libHydrodynamics.so" to ""
-- Installing: /home/grant/ros2_ws/install/wave_gazebo_plugins/lib/libWavefieldModelPlugin.so
-- Set runtime path of "/home/grant/ros2_ws/install/wave_gazebo_plugins/lib/libWavefieldModelPlugin.so" to ""
-- Installing: /home/grant/ros2_ws/install/wave_gazebo_plugins/lib/libWavefieldVisualPlugin.so
-- Set runtime path of "/home/grant/ros2_ws/install/wave_gazebo_plugins/lib/libWavefieldVisualPlugin.so" to ""
-- Installing: /home/grant/ros2_ws/install/wave_gazebo_plugins/lib/libwavegauge_plugin.so
-- Set runtime path of "/home/grant/ros2_ws/install/wave_gazebo_plugins/lib/libwavegauge_plugin.so" to ""
-- Up-to-date: /home/grant/ros2_ws/install/wave_gazebo_plugins/include
-- Up-to-date: /home/grant/ros2_ws/install/wave_gazebo_plugins/include/WavefieldModelPlugin.hh
-- Up-to-date: /home/grant/ros2_ws/install/wave_gazebo_plugins/include/Geometry.hh
-- Up-to-date: /home/grant/ros2_ws/install/wave_gazebo_plugins/include/Physics.hh
-- Up-to-date: /home/grant/ros2_ws/install/wave_gazebo_plugins/include/wavegauge_plugin.hh
-- Up-to-date: /home/grant/ros2_ws/install/wave_gazebo_plugins/include/WavefieldVisualPlugin.hh
-- Up-to-date: /home/grant/ros2_ws/install/wave_gazebo_plugins/include/Utilities.hh
-- Up-to-date: /home/grant/ros2_ws/install/wave_gazebo_plugins/include/Gazebo.hh
-- Up-to-date: /home/grant/ros2_ws/install/wave_gazebo_plugins/include/PhysicalConstants.hh
-- Up-to-date: /home/grant/ros2_ws/install/wave_gazebo_plugins/include/Wavefield.hh
-- Up-to-date: /home/grant/ros2_ws/install/wave_gazebo_plugins/include/WavefieldEntity.hh
-- Up-to-date: /home/grant/ros2_ws/install/wave_gazebo_plugins/include
-- Up-to-date: /home/grant/ros2_ws/install/wave_gazebo_plugins/include/wave_gazebo_plugins
-- Up-to-date: /home/grant/ros2_ws/install/wave_gazebo_plugins/include
-- Up-to-date: /home/grant/ros2_ws/install/wave_gazebo_plugins/include/ament_cmake_package_templates
-- Up-to-date: /home/grant/ros2_ws/install/wave_gazebo_plugins/include/ament_cmake_environment_hooks
-- Up-to-date: /home/grant/ros2_ws/install/wave_gazebo_plugins/include/ament_cmake_core
-- Up-to-date: /home/grant/ros2_ws/install/wave_gazebo_plugins/include/ament_cmake_core/stamps
-- Up-to-date: /home/grant/ros2_ws/install/wave_gazebo_plugins/include/ament_cmake_uninstall_target
-- Up-to-date: /home/grant/ros2_ws/install/wave_gazebo_plugins/include/connext_cmake_module
-- Up-to-date: /home/grant/ros2_ws/install/wave_gazebo_plugins/include/connext_cmake_module/check_abi
-- Up-to-date: /home/grant/ros2_ws/install/wave_gazebo_plugins/include/connext_cmake_module/check_abi/build
-- Up-to-date: /home/grant/ros2_ws/install/wave_gazebo_plugins/include/connext_cmake_module/check_abi/build/CMakeFiles
-- Up-to-date: /home/grant/ros2_ws/install/wave_gazebo_plugins/include/connext_cmake_module/check_abi/build/CMakeFiles/Progress
-- Up-to-date: /home/grant/ros2_ws/install/wave_gazebo_plugins/include/connext_cmake_module/check_abi/build/CMakeFiles/exe.dir
-- Up-to-date: /home/grant/ros2_ws/install/wave_gazebo_plugins/include/ament_cmake_export_libraries
-- Up-to-date: /home/grant/ros2_ws/install/wave_gazebo_plugins/include/gtest
-- Up-to-date: /home/grant/ros2_ws/install/wave_gazebo_plugins/include/gtest/CMakeFiles
-- Up-to-date: /home/grant/ros2_ws/install/wave_gazebo_plugins/include/gtest/CMakeFiles/gtest_main.dir
-- Up-to-date: /home/grant/ros2_ws/install/wave_gazebo_plugins/include/gtest/CMakeFiles/gtest_main.dir/src
-- Up-to-date: /home/grant/ros2_ws/install/wave_gazebo_plugins/include/gtest/CMakeFiles/gtest.dir
-- Up-to-date: /home/grant/ros2_ws/install/wave_gazebo_plugins/include/gtest/CMakeFiles/gtest.dir/src
-- Up-to-date: /home/grant/ros2_ws/install/wave_gazebo_plugins/include/ament_cmake_index
-- Up-to-date: /home/grant/ros2_ws/install/wave_gazebo_plugins/include/ament_cmake_index/share
-- Up-to-date: /home/grant/ros2_ws/install/wave_gazebo_plugins/include/ament_cmake_index/share/ament_index
-- Up-to-date: /home/grant/ros2_ws/install/wave_gazebo_plugins/include/ament_cmake_index/share/ament_index/resource_index
-- Up-to-date: /home/grant/ros2_ws/install/wave_gazebo_plugins/include/ament_cmake_index/share/ament_index/resource_index/packages
-- Up-to-date: /home/grant/ros2_ws/install/wave_gazebo_plugins/include/ament_cmake_index/share/ament_index/resource_index/package_run_dependencies
-- Up-to-date: /home/grant/ros2_ws/install/wave_gazebo_plugins/include/ament_cmake_index/share/ament_index/resource_index/parent_prefix_path
-- Up-to-date: /home/grant/ros2_ws/install/wave_gazebo_plugins/include/CMakeFiles
-- Up-to-date: /home/grant/ros2_ws/install/wave_gazebo_plugins/include/CMakeFiles/wave_gazebo_plugins_uninstall.dir
-- Up-to-date: /home/grant/ros2_ws/install/wave_gazebo_plugins/include/CMakeFiles/UNIT_Wavefield_TEST.dir
-- Up-to-date: /home/grant/ros2_ws/install/wave_gazebo_plugins/include/CMakeFiles/UNIT_Wavefield_TEST.dir/src
-- Up-to-date: /home/grant/ros2_ws/install/wave_gazebo_plugins/include/CMakeFiles/3.16.3
-- Up-to-date: /home/grant/ros2_ws/install/wave_gazebo_plugins/include/CMakeFiles/3.16.3/CompilerIdC
-- Up-to-date: /home/grant/ros2_ws/install/wave_gazebo_plugins/include/CMakeFiles/3.16.3/CompilerIdC/tmp
-- Up-to-date: /home/grant/ros2_ws/install/wave_gazebo_plugins/include/CMakeFiles/3.16.3/CompilerIdCXX
-- Up-to-date: /home/grant/ros2_ws/install/wave_gazebo_plugins/include/CMakeFiles/3.16.3/CompilerIdCXX/tmp
-- Up-to-date: /home/grant/ros2_ws/install/wave_gazebo_plugins/include/CMakeFiles/uninstall.dir
-- Up-to-date: /home/grant/ros2_ws/install/wave_gazebo_plugins/include/CMakeFiles/CMakeTmp
-- Up-to-date: /home/grant/ros2_ws/install/wave_gazebo_plugins/include/CMakeFiles/WavefieldVisualPlugin.dir
-- Up-to-date: /home/grant/ros2_ws/install/wave_gazebo_plugins/include/CMakeFiles/WavefieldVisualPlugin.dir/src
-- Up-to-date: /home/grant/ros2_ws/install/wave_gazebo_plugins/include/CMakeFiles/wavegauge_plugin.dir
-- Up-to-date: /home/grant/ros2_ws/install/wave_gazebo_plugins/include/CMakeFiles/wavegauge_plugin.dir/src
-- Up-to-date: /home/grant/ros2_ws/install/wave_gazebo_plugins/include/CMakeFiles/Hydrodynamics.dir
-- Up-to-date: /home/grant/ros2_ws/install/wave_gazebo_plugins/include/CMakeFiles/Hydrodynamics.dir/src
-- Up-to-date: /home/grant/ros2_ws/install/wave_gazebo_plugins/include/CMakeFiles/WavefieldModelPlugin.dir
-- Up-to-date: /home/grant/ros2_ws/install/wave_gazebo_plugins/include/CMakeFiles/WavefieldModelPlugin.dir/src
-- Up-to-date: /home/grant/ros2_ws/install/wave_gazebo_plugins/include/ament_cmake_export_include_directories
-- Up-to-date: /home/grant/ros2_ws/install/wave_gazebo_plugins/share/wave_gazebo_plugins/environment/library_path.sh
-- Installing: /home/grant/ros2_ws/install/wave_gazebo_plugins/share/wave_gazebo_plugins/environment/library_path.dsv
-- Up-to-date: /home/grant/ros2_ws/install/wave_gazebo_plugins/share/ament_index/resource_index/package_run_dependencies/wave_gazebo_plugins
-- Installing: /home/grant/ros2_ws/install/wave_gazebo_plugins/share/ament_index/resource_index/parent_prefix_path/wave_gazebo_plugins
-- Up-to-date: /home/grant/ros2_ws/install/wave_gazebo_plugins/share/wave_gazebo_plugins/environment/ament_prefix_path.sh
-- Installing: /home/grant/ros2_ws/install/wave_gazebo_plugins/share/wave_gazebo_plugins/environment/ament_prefix_path.dsv
-- Up-to-date: /home/grant/ros2_ws/install/wave_gazebo_plugins/share/wave_gazebo_plugins/environment/path.sh
-- Installing: /home/grant/ros2_ws/install/wave_gazebo_plugins/share/wave_gazebo_plugins/environment/path.dsv
-- Up-to-date: /home/grant/ros2_ws/install/wave_gazebo_plugins/share/wave_gazebo_plugins/local_setup.bash
-- Up-to-date: /home/grant/ros2_ws/install/wave_gazebo_plugins/share/wave_gazebo_plugins/local_setup.sh
-- Up-to-date: /home/grant/ros2_ws/install/wave_gazebo_plugins/share/wave_gazebo_plugins/local_setup.zsh
-- Installing: /home/grant/ros2_ws/install/wave_gazebo_plugins/share/wave_gazebo_plugins/local_setup.dsv
-- Installing: /home/grant/ros2_ws/install/wave_gazebo_plugins/share/wave_gazebo_plugins/package.dsv
-- Up-to-date: /home/grant/ros2_ws/install/wave_gazebo_plugins/share/ament_index/resource_index/packages/wave_gazebo_plugins
-- Up-to-date: /home/grant/ros2_ws/install/wave_gazebo_plugins/share/wave_gazebo_plugins/cmake/ament_cmake_export_include_directories-extras.cmake
-- Up-to-date: /home/grant/ros2_ws/install/wave_gazebo_plugins/share/wave_gazebo_plugins/cmake/ament_cmake_export_libraries-extras.cmake
-- Up-to-date: /home/grant/ros2_ws/install/wave_gazebo_plugins/share/wave_gazebo_plugins/cmake/wave_gazebo_pluginsConfig.cmake
-- Up-to-date: /home/grant/ros2_ws/install/wave_gazebo_plugins/share/wave_gazebo_plugins/cmake/wave_gazebo_pluginsConfig-version.cmake
-- Installing: /home/grant/ros2_ws/install/wave_gazebo_plugins/share/wave_gazebo_plugins/package.xml
