[  5%] [32mBuilding CXX object CMakeFiles/Hydrodynamics.dir/src/Gazebo.cc.o[0m
[ 10%] [32mBuilding CXX object CMakeFiles/Hydrodynamics.dir/src/Utilities.cc.o[0m
[ 15%] [32mBuilding CXX object CMakeFiles/Hydrodynamics.dir/src/Wavefield.cc.o[0m
[ 25%] Built target gtest
[ 35%] Built target gtest_main
[ 40%] [32mBuilding CXX object CMakeFiles/Hydrodynamics.dir/src/WavefieldEntity.cc.o[0m
[01m[K/home/grant/ros2_ws/src/VRX_Foxy/wave_gazebo_plugins/src/Wavefield.cc:[m[K In constructor ‘[01m[Kasv::WaveParametersPrivate::WaveParametersPrivate()[m[K’:
[01m[K/home/grant/ros2_ws/src/VRX_Foxy/wave_gazebo_plugins/src/Wavefield.cc:116:20:[m[K [01;35m[Kwarning: [m[K‘[01m[Kasv::WaveParametersPrivate::wavenumber[m[K’ will be initialized after [[01;35m[K-Wreorder[m[K]
  116 |     public: double [01;35m[Kwavenumber[m[K;
      |                    [01;35m[K^~~~~~~~~~[m[K
[01m[K/home/grant/ros2_ws/src/VRX_Foxy/wave_gazebo_plugins/src/Wavefield.cc:104:20:[m[K [01;35m[Kwarning: [m[K  ‘[01m[Kdouble asv::WaveParametersPrivate::tau[m[K’ [[01;35m[K-Wreorder[m[K]
  104 |     public: double [01;35m[Ktau[m[K;
      |                    [01;35m[K^~~[m[K
[01m[K/home/grant/ros2_ws/src/VRX_Foxy/wave_gazebo_plugins/src/Wavefield.cc:58:13:[m[K [01;35m[Kwarning: [m[K  when initialized here [[01;35m[K-Wreorder[m[K]
   58 |     public: [01;35m[KWaveParametersPrivate[m[K():
      |             [01;35m[K^~~~~~~~~~~~~~~~~~~~~[m[K
/home/grant/ros2_ws/src/VRX_Foxy/wave_gazebo_plugins/src/Wavefield.cc: In instantiation of ‘[01m[Kasv::WavefieldSampler::ComputeDepthDirectly(const asv::WaveParameters&, const Vector3d&, double, double)::<lambda(auto:24, auto:25, auto:26, auto:27&, auto:28&, auto:29&)> [with auto:24 = Eigen::Matrix<double, 2, 1>; auto:25 = Eigen::Matrix<double, 2, 1>; auto:26 = double; auto:27 = asv::WavefieldSampler::ComputeDepthDirectly(const asv::WaveParameters&, const Vector3d&, double, double)::WaveParams; auto:28 = Eigen::Matrix<double, 2, 1>; auto:29 = Eigen::Matrix<double, 2, 2>][m[K’:
[01m[K/home/grant/ros2_ws/src/VRX_Foxy/wave_gazebo_plugins/src/Wavefield.cc:621:20:[m[K   required from ‘[01m[Kasv::WavefieldSampler::ComputeDepthDirectly(const asv::WaveParameters&, const Vector3d&, double, double)::<lambda(auto:30&, auto:31, auto:32, auto:33, auto:34&, auto:35, auto:36)> [with auto:30 = asv::WavefieldSampler::ComputeDepthDirectly(const asv::WaveParameters&, const Vector3d&, double, double)::<lambda(auto:24, auto:25, auto:26, auto:27&, auto:28&, auto:29&)>; auto:31 = Eigen::Matrix<double, 2, 1>; auto:32 = Eigen::Matrix<double, 2, 1>; auto:33 = double; auto:34 = asv::WavefieldSampler::ComputeDepthDirectly(const asv::WaveParameters&, const Vector3d&, double, double)::WaveParams; auto:35 = double; auto:36 = double][m[K’
[01m[K/home/grant/ros2_ws/src/VRX_Foxy/wave_gazebo_plugins/src/Wavefield.cc:646:67:[m[K   required from here
[01m[K/home/grant/ros2_ws/src/VRX_Foxy/wave_gazebo_plugins/src/Wavefield.cc:578:28:[m[K [01;35m[Kwarning: [m[Kcomparison of integer expressions of different signedness: ‘[01m[Kint[m[K’ and ‘[01m[Kconst size_t[m[K’ {aka ‘[01m[Kconst long unsigned int[m[K’} [[01;35m[K-Wsign-compare[m[K]
  578 |       for (auto&& i = 0; [01;35m[Ki < n[m[K; ++i) // NOLINT
      |                          [01;35m[K~~^~~[m[K
In file included from [01m[K/home/grant/ros2_ws/src/VRX_Foxy/wave_gazebo_plugins/src/Gazebo.cc:27[m[K:
[01m[K/home/grant/ros2_ws/src/VRX_Foxy/wave_gazebo_plugins/include/wave_gazebo_plugins/Gazebo.hh:47:4:[m[K [01;35m[Kwarning: [m[Kextra ‘[01m[K;[m[K’ [[01;35m[K-Wpedantic[m[K]
   47 |   }[01;35m[K;[m[K
      |    [01;35m[K^[m[K
[ 45%] [32m[1mLinking CXX shared library libHydrodynamics.so[0m
[ 60%] Built target Hydrodynamics
[ 75%] [32mBuilding CXX object CMakeFiles/UNIT_Wavefield_TEST.dir/src/Wavefield_TEST.cc.o[0m
[ 75%] [32mBuilding CXX object CMakeFiles/WavefieldVisualPlugin.dir/src/WavefieldVisualPlugin.cc.o[0m
[ 75%] [32mBuilding CXX object CMakeFiles/WavefieldModelPlugin.dir/src/WavefieldModelPlugin.cc.o[0m
[01m[K/home/grant/ros2_ws/src/VRX_Foxy/wave_gazebo_plugins/src/WavefieldModelPlugin.cc:199:5:[m[K [01;35m[Kwarning: [m[Kmulti-line comment [[01;35m[K-Wcomment[m[K]
  199 |     [01;35m[K/[m[K/ GZ_ASSERT(wavefieldEntity->GetWavefield() != nullptr, \
      |     [01;35m[K^[m[K
[01m[K/home/grant/ros2_ws/src/VRX_Foxy/wave_gazebo_plugins/src/Wavefield_TEST.cc:[m[K In member function ‘[01m[Kvirtual void Wavefield_WaveSolver2D_Test::TestBody()[m[K’:
[01m[K/home/grant/ros2_ws/src/VRX_Foxy/wave_gazebo_plugins/src/Wavefield_TEST.cc:236:8:[m[K [01;35m[Kwarning: [m[Kvariable ‘[01m[KJ[m[K’ set but not used [[01;35m[K-Wunused-but-set-variable[m[K]
  236 |   auto [01;35m[KJ[m[K = wave_df(x0, p, t, wp);
      |        [01;35m[K^[m[K
/home/grant/ros2_ws/src/VRX_Foxy/wave_gazebo_plugins/src/Wavefield_TEST.cc: In instantiation of ‘[01m[KWavefield_NWaveSolver2D_Test::TestBody()::<lambda(auto:65, auto:66, auto:67&)> [with auto:65 = Eigen::Matrix<double, 2, 1>; auto:66 = double; auto:67 = Wavefield_NWaveSolver2D_Test::TestBody()::WaveParams][m[K’:
[01m[K/home/grant/ros2_ws/src/VRX_Foxy/wave_gazebo_plugins/src/Wavefield_TEST.cc:379:27:[m[K   required from here
[01m[K/home/grant/ros2_ws/src/VRX_Foxy/wave_gazebo_plugins/src/Wavefield_TEST.cc:286:26:[m[K [01;35m[Kwarning: [m[Kcomparison of integer expressions of different signedness: ‘[01m[Kint[m[K’ and ‘[01m[Kconst size_t[m[K’ {aka ‘[01m[Kconst long unsigned int[m[K’} [[01;35m[K-Wsign-compare[m[K]
  286 |     for (auto&& i = 0; [01;35m[Ki < n[m[K; ++i) // NOLINT
      |                        [01;35m[K~~^~~[m[K
/home/grant/ros2_ws/src/VRX_Foxy/wave_gazebo_plugins/src/Wavefield_TEST.cc: In instantiation of ‘[01m[KWavefield_NWaveSolver2D_Test::TestBody()::<lambda(auto:68, auto:69, auto:70, auto:71&)> [with auto:68 = Eigen::Matrix<double, 2, 1>; auto:69 = Eigen::Matrix<double, 2, 1>; auto:70 = double; auto:71 = Wavefield_NWaveSolver2D_Test::TestBody()::WaveParams][m[K’:
[01m[K/home/grant/ros2_ws/src/VRX_Foxy/wave_gazebo_plugins/src/Wavefield_TEST.cc:381:32:[m[K   required from here
[01m[K/home/grant/ros2_ws/src/VRX_Foxy/wave_gazebo_plugins/src/Wavefield_TEST.cc:306:26:[m[K [01;35m[Kwarning: [m[Kcomparison of integer expressions of different signedness: ‘[01m[Kint[m[K’ and ‘[01m[Kconst size_t[m[K’ {aka ‘[01m[Kconst long unsigned int[m[K’} [[01;35m[K-Wsign-compare[m[K]
  306 |     for (auto&& i = 0; [01;35m[Ki < n[m[K; ++i) // NOLINT
      |                        [01;35m[K~~^~~[m[K
/home/grant/ros2_ws/src/VRX_Foxy/wave_gazebo_plugins/src/Wavefield_TEST.cc: In instantiation of ‘[01m[KWavefield_NWaveSolver2D_Test::TestBody()::<lambda(auto:72, auto:73, auto:74, auto:75&)> [with auto:72 = Eigen::Matrix<double, 2, 1>; auto:73 = Eigen::Matrix<double, 2, 1>; auto:74 = double; auto:75 = Wavefield_NWaveSolver2D_Test::TestBody()::WaveParams][m[K’:
[01m[K/home/grant/ros2_ws/src/VRX_Foxy/wave_gazebo_plugins/src/Wavefield_TEST.cc:382:32:[m[K   required from here
[01m[K/home/grant/ros2_ws/src/VRX_Foxy/wave_gazebo_plugins/src/Wavefield_TEST.cc:328:26:[m[K [01;35m[Kwarning: [m[Kcomparison of integer expressions of different signedness: ‘[01m[Kint[m[K’ and ‘[01m[Kconst size_t[m[K’ {aka ‘[01m[Kconst long unsigned int[m[K’} [[01;35m[K-Wsign-compare[m[K]
  328 |     for (auto&& i = 0; [01;35m[Ki < n[m[K; ++i) // NOLINT
      |                        [01;35m[K~~^~~[m[K
[01m[K/home/grant/ros2_ws/src/VRX_Foxy/wave_gazebo_plugins/src/Wavefield_TEST.cc:[m[K In member function ‘[01m[Kvirtual void Wavefield_NWaveSolver2D_Test::TestBody()[m[K’:
[01m[K/home/grant/ros2_ws/src/VRX_Foxy/wave_gazebo_plugins/src/Wavefield_TEST.cc:382:8:[m[K [01;35m[Kwarning: [m[Kvariable ‘[01m[KJ[m[K’ set but not used [[01;35m[K-Wunused-but-set-variable[m[K]
  382 |   auto [01;35m[KJ[m[K = wave_df(x0, p, t, wp);
      |        [01;35m[K^[m[K
/home/grant/ros2_ws/src/VRX_Foxy/wave_gazebo_plugins/src/Wavefield_TEST.cc: In instantiation of ‘[01m[KWavefield_NWaveFdFSolver2D_Test::TestBody()::<lambda(auto:85, auto:86, auto:87&)> [with auto:85 = Eigen::Matrix<double, 2, 1>; auto:86 = double; auto:87 = Wavefield_NWaveFdFSolver2D_Test::TestBody()::WaveParams][m[K’:
[01m[K/home/grant/ros2_ws/src/VRX_Foxy/wave_gazebo_plugins/src/Wavefield_TEST.cc:509:27:[m[K   required from here
[01m[K/home/grant/ros2_ws/src/VRX_Foxy/wave_gazebo_plugins/src/Wavefield_TEST.cc:429:26:[m[K [01;35m[Kwarning: [m[Kcomparison of integer expressions of different signedness: ‘[01m[Kint[m[K’ and ‘[01m[Kconst size_t[m[K’ {aka ‘[01m[Kconst long unsigned int[m[K’} [[01;35m[K-Wsign-compare[m[K]
  429 |     for (auto&& i = 0; [01;35m[Ki < n[m[K; ++i) // NOLINT
      |                        [01;35m[K~~^~~[m[K
/home/grant/ros2_ws/src/VRX_Foxy/wave_gazebo_plugins/src/Wavefield_TEST.cc: In instantiation of ‘[01m[KWavefield_NWaveFdFSolver2D_Test::TestBody()::<lambda(auto:88, auto:89, auto:90, auto:91&, auto:92&, auto:93&)> [with auto:88 = Eigen::Matrix<double, 2, 1>; auto:89 = Eigen::Matrix<double, 2, 1>; auto:90 = double; auto:91 = Wavefield_NWaveFdFSolver2D_Test::TestBody()::WaveParams; auto:92 = Eigen::Matrix<double, 2, 1>; auto:93 = Eigen::Matrix<double, 2, 2>][m[K’:
[01m[K/home/grant/ros2_ws/src/VRX_Foxy/wave_gazebo_plugins/src/Wavefield_TEST.cc:513:30:[m[K   required from here
[01m[K/home/grant/ros2_ws/src/VRX_Foxy/wave_gazebo_plugins/src/Wavefield_TEST.cc:455:26:[m[K [01;35m[Kwarning: [m[Kcomparison of integer expressions of different signedness: ‘[01m[Kint[m[K’ and ‘[01m[Kconst size_t[m[K’ {aka ‘[01m[Kconst long unsigned int[m[K’} [[01;35m[K-Wsign-compare[m[K]
  455 |     for (auto&& i = 0; [01;35m[Ki < n[m[K; ++i) // NOLINT
      |                        [01;35m[K~~^~~[m[K
[ 80%] [32m[1mLinking CXX shared library libWavefieldModelPlugin.so[0m
[ 80%] Built target WavefieldModelPlugin
[ 85%] [32mBuilding CXX object CMakeFiles/wavegauge_plugin.dir/src/wavegauge_plugin.cc.o[0m
[ 90%] [32m[1mLinking CXX executable UNIT_Wavefield_TEST[0m
In file included from [01m[K/home/grant/ros2_ws/src/VRX_Foxy/wave_gazebo_plugins/src/WavefieldVisualPlugin.cc:43[m[K:
[01m[K/home/grant/ros2_ws/src/VRX_Foxy/wave_gazebo_plugins/include/wave_gazebo_plugins/Gazebo.hh:47:4:[m[K [01;35m[Kwarning: [m[Kextra ‘[01m[K;[m[K’ [[01;35m[K-Wpedantic[m[K]
   47 |   }[01;35m[K;[m[K
      |    [01;35m[K^[m[K
[ 90%] Built target UNIT_Wavefield_TEST
[ 95%] [32m[1mLinking CXX shared library libWavefieldVisualPlugin.so[0m
[ 95%] Built target WavefieldVisualPlugin
[100%] [32m[1mLinking CXX shared library libwavegauge_plugin.so[0m
[100%] Built target wavegauge_plugin
-- Install configuration: ""
-- Installing: /home/grant/ros2_ws/install/wave_gazebo_plugins/lib/libHydrodynamics.so
-- Set runtime path of "/home/grant/ros2_ws/install/wave_gazebo_plugins/lib/libHydrodynamics.so" to ""
-- Installing: /home/grant/ros2_ws/install/wave_gazebo_plugins/lib/libWavefieldModelPlugin.so
-- Set runtime path of "/home/grant/ros2_ws/install/wave_gazebo_plugins/lib/libWavefieldModelPlugin.so" to ""
-- Installing: /home/grant/ros2_ws/install/wave_gazebo_plugins/lib/libWavefieldVisualPlugin.so
-- Set runtime path of "/home/grant/ros2_ws/install/wave_gazebo_plugins/lib/libWavefieldVisualPlugin.so" to ""
-- Installing: /home/grant/ros2_ws/install/wave_gazebo_plugins/lib/libwavegauge_plugin.so
-- Set runtime path of "/home/grant/ros2_ws/install/wave_gazebo_plugins/lib/libwavegauge_plugin.so" to ""
-- Up-to-date: /home/grant/ros2_ws/install/wave_gazebo_plugins/include
-- Up-to-date: /home/grant/ros2_ws/install/wave_gazebo_plugins/include/WavefieldModelPlugin.hh
-- Up-to-date: /home/grant/ros2_ws/install/wave_gazebo_plugins/include/Geometry.hh
-- Up-to-date: /home/grant/ros2_ws/install/wave_gazebo_plugins/include/Physics.hh
-- Up-to-date: /home/grant/ros2_ws/install/wave_gazebo_plugins/include/wavegauge_plugin.hh
-- Up-to-date: /home/grant/ros2_ws/install/wave_gazebo_plugins/include/WavefieldVisualPlugin.hh
-- Up-to-date: /home/grant/ros2_ws/install/wave_gazebo_plugins/include/Utilities.hh
-- Up-to-date: /home/grant/ros2_ws/install/wave_gazebo_plugins/include/Gazebo.hh
-- Up-to-date: /home/grant/ros2_ws/install/wave_gazebo_plugins/include/PhysicalConstants.hh
-- Up-to-date: /home/grant/ros2_ws/install/wave_gazebo_plugins/include/Wavefield.hh
-- Up-to-date: /home/grant/ros2_ws/install/wave_gazebo_plugins/include/WavefieldEntity.hh
-- Up-to-date: /home/grant/ros2_ws/install/wave_gazebo_plugins/include
-- Up-to-date: /home/grant/ros2_ws/install/wave_gazebo_plugins/include/wave_gazebo_plugins
-- Up-to-date: /home/grant/ros2_ws/install/wave_gazebo_plugins/include
-- Up-to-date: /home/grant/ros2_ws/install/wave_gazebo_plugins/include/ament_cmake_package_templates
-- Up-to-date: /home/grant/ros2_ws/install/wave_gazebo_plugins/include/ament_cmake_environment_hooks
-- Up-to-date: /home/grant/ros2_ws/install/wave_gazebo_plugins/include/ament_cmake_core
-- Up-to-date: /home/grant/ros2_ws/install/wave_gazebo_plugins/include/ament_cmake_core/stamps
-- Up-to-date: /home/grant/ros2_ws/install/wave_gazebo_plugins/include/ament_cmake_uninstall_target
-- Up-to-date: /home/grant/ros2_ws/install/wave_gazebo_plugins/include/connext_cmake_module
-- Up-to-date: /home/grant/ros2_ws/install/wave_gazebo_plugins/include/connext_cmake_module/check_abi
-- Up-to-date: /home/grant/ros2_ws/install/wave_gazebo_plugins/include/connext_cmake_module/check_abi/build
-- Up-to-date: /home/grant/ros2_ws/install/wave_gazebo_plugins/include/connext_cmake_module/check_abi/build/CMakeFiles
-- Up-to-date: /home/grant/ros2_ws/install/wave_gazebo_plugins/include/connext_cmake_module/check_abi/build/CMakeFiles/Progress
-- Up-to-date: /home/grant/ros2_ws/install/wave_gazebo_plugins/include/connext_cmake_module/check_abi/build/CMakeFiles/exe.dir
-- Up-to-date: /home/grant/ros2_ws/install/wave_gazebo_plugins/include/ament_cmake_export_libraries
-- Up-to-date: /home/grant/ros2_ws/install/wave_gazebo_plugins/include/gtest
-- Up-to-date: /home/grant/ros2_ws/install/wave_gazebo_plugins/include/gtest/CMakeFiles
-- Up-to-date: /home/grant/ros2_ws/install/wave_gazebo_plugins/include/gtest/CMakeFiles/gtest_main.dir
-- Up-to-date: /home/grant/ros2_ws/install/wave_gazebo_plugins/include/gtest/CMakeFiles/gtest_main.dir/src
-- Up-to-date: /home/grant/ros2_ws/install/wave_gazebo_plugins/include/gtest/CMakeFiles/gtest.dir
-- Up-to-date: /home/grant/ros2_ws/install/wave_gazebo_plugins/include/gtest/CMakeFiles/gtest.dir/src
-- Up-to-date: /home/grant/ros2_ws/install/wave_gazebo_plugins/include/ament_cmake_index
-- Up-to-date: /home/grant/ros2_ws/install/wave_gazebo_plugins/include/ament_cmake_index/share
-- Up-to-date: /home/grant/ros2_ws/install/wave_gazebo_plugins/include/ament_cmake_index/share/ament_index
-- Up-to-date: /home/grant/ros2_ws/install/wave_gazebo_plugins/include/ament_cmake_index/share/ament_index/resource_index
-- Up-to-date: /home/grant/ros2_ws/install/wave_gazebo_plugins/include/ament_cmake_index/share/ament_index/resource_index/packages
-- Up-to-date: /home/grant/ros2_ws/install/wave_gazebo_plugins/include/ament_cmake_index/share/ament_index/resource_index/package_run_dependencies
-- Up-to-date: /home/grant/ros2_ws/install/wave_gazebo_plugins/include/ament_cmake_index/share/ament_index/resource_index/parent_prefix_path
-- Up-to-date: /home/grant/ros2_ws/install/wave_gazebo_plugins/include/CMakeFiles
-- Up-to-date: /home/grant/ros2_ws/install/wave_gazebo_plugins/include/CMakeFiles/wave_gazebo_plugins_uninstall.dir
-- Up-to-date: /home/grant/ros2_ws/install/wave_gazebo_plugins/include/CMakeFiles/UNIT_Wavefield_TEST.dir
-- Up-to-date: /home/grant/ros2_ws/install/wave_gazebo_plugins/include/CMakeFiles/UNIT_Wavefield_TEST.dir/src
-- Up-to-date: /home/grant/ros2_ws/install/wave_gazebo_plugins/include/CMakeFiles/3.16.3
-- Up-to-date: /home/grant/ros2_ws/install/wave_gazebo_plugins/include/CMakeFiles/3.16.3/CompilerIdC
-- Up-to-date: /home/grant/ros2_ws/install/wave_gazebo_plugins/include/CMakeFiles/3.16.3/CompilerIdC/tmp
-- Up-to-date: /home/grant/ros2_ws/install/wave_gazebo_plugins/include/CMakeFiles/3.16.3/CompilerIdCXX
-- Up-to-date: /home/grant/ros2_ws/install/wave_gazebo_plugins/include/CMakeFiles/3.16.3/CompilerIdCXX/tmp
-- Up-to-date: /home/grant/ros2_ws/install/wave_gazebo_plugins/include/CMakeFiles/uninstall.dir
-- Up-to-date: /home/grant/ros2_ws/install/wave_gazebo_plugins/include/CMakeFiles/CMakeTmp
-- Up-to-date: /home/grant/ros2_ws/install/wave_gazebo_plugins/include/CMakeFiles/WavefieldVisualPlugin.dir
-- Up-to-date: /home/grant/ros2_ws/install/wave_gazebo_plugins/include/CMakeFiles/WavefieldVisualPlugin.dir/src
-- Up-to-date: /home/grant/ros2_ws/install/wave_gazebo_plugins/include/CMakeFiles/wavegauge_plugin.dir
-- Up-to-date: /home/grant/ros2_ws/install/wave_gazebo_plugins/include/CMakeFiles/wavegauge_plugin.dir/src
-- Up-to-date: /home/grant/ros2_ws/install/wave_gazebo_plugins/include/CMakeFiles/Hydrodynamics.dir
-- Up-to-date: /home/grant/ros2_ws/install/wave_gazebo_plugins/include/CMakeFiles/Hydrodynamics.dir/src
-- Up-to-date: /home/grant/ros2_ws/install/wave_gazebo_plugins/include/CMakeFiles/WavefieldModelPlugin.dir
-- Up-to-date: /home/grant/ros2_ws/install/wave_gazebo_plugins/include/CMakeFiles/WavefieldModelPlugin.dir/src
-- Up-to-date: /home/grant/ros2_ws/install/wave_gazebo_plugins/include/ament_cmake_export_include_directories
-- Up-to-date: /home/grant/ros2_ws/install/wave_gazebo_plugins/share/wave_gazebo_plugins/environment/library_path.sh
-- Installing: /home/grant/ros2_ws/install/wave_gazebo_plugins/share/wave_gazebo_plugins/environment/library_path.dsv
-- Up-to-date: /home/grant/ros2_ws/install/wave_gazebo_plugins/share/ament_index/resource_index/package_run_dependencies/wave_gazebo_plugins
-- Installing: /home/grant/ros2_ws/install/wave_gazebo_plugins/share/ament_index/resource_index/parent_prefix_path/wave_gazebo_plugins
-- Up-to-date: /home/grant/ros2_ws/install/wave_gazebo_plugins/share/wave_gazebo_plugins/environment/ament_prefix_path.sh
-- Installing: /home/grant/ros2_ws/install/wave_gazebo_plugins/share/wave_gazebo_plugins/environment/ament_prefix_path.dsv
-- Up-to-date: /home/grant/ros2_ws/install/wave_gazebo_plugins/share/wave_gazebo_plugins/environment/path.sh
-- Installing: /home/grant/ros2_ws/install/wave_gazebo_plugins/share/wave_gazebo_plugins/environment/path.dsv
-- Up-to-date: /home/grant/ros2_ws/install/wave_gazebo_plugins/share/wave_gazebo_plugins/local_setup.bash
-- Up-to-date: /home/grant/ros2_ws/install/wave_gazebo_plugins/share/wave_gazebo_plugins/local_setup.sh
-- Up-to-date: /home/grant/ros2_ws/install/wave_gazebo_plugins/share/wave_gazebo_plugins/local_setup.zsh
-- Installing: /home/grant/ros2_ws/install/wave_gazebo_plugins/share/wave_gazebo_plugins/local_setup.dsv
-- Installing: /home/grant/ros2_ws/install/wave_gazebo_plugins/share/wave_gazebo_plugins/package.dsv
-- Up-to-date: /home/grant/ros2_ws/install/wave_gazebo_plugins/share/ament_index/resource_index/packages/wave_gazebo_plugins
-- Up-to-date: /home/grant/ros2_ws/install/wave_gazebo_plugins/share/wave_gazebo_plugins/cmake/ament_cmake_export_include_directories-extras.cmake
-- Up-to-date: /home/grant/ros2_ws/install/wave_gazebo_plugins/share/wave_gazebo_plugins/cmake/ament_cmake_export_libraries-extras.cmake
-- Up-to-date: /home/grant/ros2_ws/install/wave_gazebo_plugins/share/wave_gazebo_plugins/cmake/wave_gazebo_pluginsConfig.cmake
-- Up-to-date: /home/grant/ros2_ws/install/wave_gazebo_plugins/share/wave_gazebo_plugins/cmake/wave_gazebo_pluginsConfig-version.cmake
-- Installing: /home/grant/ros2_ws/install/wave_gazebo_plugins/share/wave_gazebo_plugins/package.xml
