[0.127s] Invoking command in '/home/grant/ros2_ws/build/wave_gazebo_plugins': CMAKE_PREFIX_PATH=/home/grant/ros2_ws/install/robotx_2022:/home/grant/ros2_ws/install/vrx_gazebo:/home/grant/ros2_ws/install/wave_gazebo:/home/grant/ros2_ws/install/wamv_gazebo:/home/grant/ros2_ws/install/usv_gazebo_plugins:/home/grant/ros2_ws/install/wave_gazebo_plugins:/home/grant/ros2_ws/install/wamv_description:/home/grant/ros2_ws/install/usv_msgs:/home/grant/ros2_ws/install/mavros_extras:/home/grant/ros2_ws/install/mavros:/home/grant/ros2_ws/install/mavros_msgs:/home/grant/ros2_ws/install/libmavconn:/home/grant/ros2_ws/install/mavlink:/opt/ros/foxy:/home/grant/vrx_ws/devel:/home/grant/ros2_foxy/ros2-linux CONDA_PROMPT_MODIFIER=(base) /usr/bin/cmake --build /home/grant/ros2_ws/build/wave_gazebo_plugins -- -j8 -l8
[0.215s] [  5%] [32mBuilding CXX object CMakeFiles/Hydrodynamics.dir/src/Gazebo.cc.o[0m
[0.216s] [ 10%] [32mBuilding CXX object CMakeFiles/Hydrodynamics.dir/src/Utilities.cc.o[0m
[0.226s] [ 15%] [32mBuilding CXX object CMakeFiles/Hydrodynamics.dir/src/Wavefield.cc.o[0m
[0.228s] [ 25%] Built target gtest
[0.233s] [ 35%] Built target gtest_main
[0.257s] [ 40%] [32mBuilding CXX object CMakeFiles/Hydrodynamics.dir/src/WavefieldEntity.cc.o[0m
[5.892s] [01m[K/home/grant/ros2_ws/src/VRX_Foxy/wave_gazebo_plugins/src/Wavefield.cc:[m[K In constructor ‘[01m[Kasv::WaveParametersPrivate::WaveParametersPrivate()[m[K’:
[5.892s] [01m[K/home/grant/ros2_ws/src/VRX_Foxy/wave_gazebo_plugins/src/Wavefield.cc:116:20:[m[K [01;35m[Kwarning: [m[K‘[01m[Kasv::WaveParametersPrivate::wavenumber[m[K’ will be initialized after [[01;35m[K-Wreorder[m[K]
[5.892s]   116 |     public: double [01;35m[Kwavenumber[m[K;
[5.892s]       |                    [01;35m[K^~~~~~~~~~[m[K
[5.893s] [01m[K/home/grant/ros2_ws/src/VRX_Foxy/wave_gazebo_plugins/src/Wavefield.cc:104:20:[m[K [01;35m[Kwarning: [m[K  ‘[01m[Kdouble asv::WaveParametersPrivate::tau[m[K’ [[01;35m[K-Wreorder[m[K]
[5.893s]   104 |     public: double [01;35m[Ktau[m[K;
[5.893s]       |                    [01;35m[K^~~[m[K
[5.893s] [01m[K/home/grant/ros2_ws/src/VRX_Foxy/wave_gazebo_plugins/src/Wavefield.cc:58:13:[m[K [01;35m[Kwarning: [m[K  when initialized here [[01;35m[K-Wreorder[m[K]
[5.893s]    58 |     public: [01;35m[KWaveParametersPrivate[m[K():
[5.893s]       |             [01;35m[K^~~~~~~~~~~~~~~~~~~~~[m[K
[5.936s] /home/grant/ros2_ws/src/VRX_Foxy/wave_gazebo_plugins/src/Wavefield.cc: In instantiation of ‘[01m[Kasv::WavefieldSampler::ComputeDepthDirectly(const asv::WaveParameters&, const Vector3d&, double, double)::<lambda(auto:24, auto:25, auto:26, auto:27&, auto:28&, auto:29&)> [with auto:24 = Eigen::Matrix<double, 2, 1>; auto:25 = Eigen::Matrix<double, 2, 1>; auto:26 = double; auto:27 = asv::WavefieldSampler::ComputeDepthDirectly(const asv::WaveParameters&, const Vector3d&, double, double)::WaveParams; auto:28 = Eigen::Matrix<double, 2, 1>; auto:29 = Eigen::Matrix<double, 2, 2>][m[K’:
[5.936s] [01m[K/home/grant/ros2_ws/src/VRX_Foxy/wave_gazebo_plugins/src/Wavefield.cc:621:20:[m[K   required from ‘[01m[Kasv::WavefieldSampler::ComputeDepthDirectly(const asv::WaveParameters&, const Vector3d&, double, double)::<lambda(auto:30&, auto:31, auto:32, auto:33, auto:34&, auto:35, auto:36)> [with auto:30 = asv::WavefieldSampler::ComputeDepthDirectly(const asv::WaveParameters&, const Vector3d&, double, double)::<lambda(auto:24, auto:25, auto:26, auto:27&, auto:28&, auto:29&)>; auto:31 = Eigen::Matrix<double, 2, 1>; auto:32 = Eigen::Matrix<double, 2, 1>; auto:33 = double; auto:34 = asv::WavefieldSampler::ComputeDepthDirectly(const asv::WaveParameters&, const Vector3d&, double, double)::WaveParams; auto:35 = double; auto:36 = double][m[K’
[5.936s] [01m[K/home/grant/ros2_ws/src/VRX_Foxy/wave_gazebo_plugins/src/Wavefield.cc:646:67:[m[K   required from here
[5.936s] [01m[K/home/grant/ros2_ws/src/VRX_Foxy/wave_gazebo_plugins/src/Wavefield.cc:578:28:[m[K [01;35m[Kwarning: [m[Kcomparison of integer expressions of different signedness: ‘[01m[Kint[m[K’ and ‘[01m[Kconst size_t[m[K’ {aka ‘[01m[Kconst long unsigned int[m[K’} [[01;35m[K-Wsign-compare[m[K]
[5.937s]   578 |       for (auto&& i = 0; [01;35m[Ki < n[m[K; ++i) // NOLINT
[5.937s]       |                          [01;35m[K~~^~~[m[K
[10.729s] In file included from [01m[K/home/grant/ros2_ws/src/VRX_Foxy/wave_gazebo_plugins/src/Gazebo.cc:27[m[K:
[10.729s] [01m[K/home/grant/ros2_ws/src/VRX_Foxy/wave_gazebo_plugins/include/wave_gazebo_plugins/Gazebo.hh:47:4:[m[K [01;35m[Kwarning: [m[Kextra ‘[01m[K;[m[K’ [[01;35m[K-Wpedantic[m[K]
[10.729s]    47 |   }[01;35m[K;[m[K
[10.729s]       |    [01;35m[K^[m[K
[13.471s] [ 45%] [32m[1mLinking CXX shared library libHydrodynamics.so[0m
[13.922s] [ 60%] Built target Hydrodynamics
[13.949s] [ 75%] [32mBuilding CXX object CMakeFiles/UNIT_Wavefield_TEST.dir/src/Wavefield_TEST.cc.o[0m
[13.949s] [ 75%] [32mBuilding CXX object CMakeFiles/WavefieldVisualPlugin.dir/src/WavefieldVisualPlugin.cc.o[0m
[13.950s] [ 75%] [32mBuilding CXX object CMakeFiles/WavefieldModelPlugin.dir/src/WavefieldModelPlugin.cc.o[0m
[15.278s] [01m[K/home/grant/ros2_ws/src/VRX_Foxy/wave_gazebo_plugins/src/WavefieldModelPlugin.cc:199:5:[m[K [01;35m[Kwarning: [m[Kmulti-line comment [[01;35m[K-Wcomment[m[K]
[15.278s]   199 |     [01;35m[K/[m[K/ GZ_ASSERT(wavefieldEntity->GetWavefield() != nullptr, \
[15.278s]       |     [01;35m[K^[m[K
[20.831s] [01m[K/home/grant/ros2_ws/src/VRX_Foxy/wave_gazebo_plugins/src/Wavefield_TEST.cc:[m[K In member function ‘[01m[Kvirtual void Wavefield_WaveSolver2D_Test::TestBody()[m[K’:
[20.831s] [01m[K/home/grant/ros2_ws/src/VRX_Foxy/wave_gazebo_plugins/src/Wavefield_TEST.cc:236:8:[m[K [01;35m[Kwarning: [m[Kvariable ‘[01m[KJ[m[K’ set but not used [[01;35m[K-Wunused-but-set-variable[m[K]
[20.832s]   236 |   auto [01;35m[KJ[m[K = wave_df(x0, p, t, wp);
[20.832s]       |        [01;35m[K^[m[K
[20.838s] /home/grant/ros2_ws/src/VRX_Foxy/wave_gazebo_plugins/src/Wavefield_TEST.cc: In instantiation of ‘[01m[KWavefield_NWaveSolver2D_Test::TestBody()::<lambda(auto:65, auto:66, auto:67&)> [with auto:65 = Eigen::Matrix<double, 2, 1>; auto:66 = double; auto:67 = Wavefield_NWaveSolver2D_Test::TestBody()::WaveParams][m[K’:
[20.838s] [01m[K/home/grant/ros2_ws/src/VRX_Foxy/wave_gazebo_plugins/src/Wavefield_TEST.cc:379:27:[m[K   required from here
[20.838s] [01m[K/home/grant/ros2_ws/src/VRX_Foxy/wave_gazebo_plugins/src/Wavefield_TEST.cc:286:26:[m[K [01;35m[Kwarning: [m[Kcomparison of integer expressions of different signedness: ‘[01m[Kint[m[K’ and ‘[01m[Kconst size_t[m[K’ {aka ‘[01m[Kconst long unsigned int[m[K’} [[01;35m[K-Wsign-compare[m[K]
[20.838s]   286 |     for (auto&& i = 0; [01;35m[Ki < n[m[K; ++i) // NOLINT
[20.838s]       |                        [01;35m[K~~^~~[m[K
[20.838s] /home/grant/ros2_ws/src/VRX_Foxy/wave_gazebo_plugins/src/Wavefield_TEST.cc: In instantiation of ‘[01m[KWavefield_NWaveSolver2D_Test::TestBody()::<lambda(auto:68, auto:69, auto:70, auto:71&)> [with auto:68 = Eigen::Matrix<double, 2, 1>; auto:69 = Eigen::Matrix<double, 2, 1>; auto:70 = double; auto:71 = Wavefield_NWaveSolver2D_Test::TestBody()::WaveParams][m[K’:
[20.838s] [01m[K/home/grant/ros2_ws/src/VRX_Foxy/wave_gazebo_plugins/src/Wavefield_TEST.cc:381:32:[m[K   required from here
[20.838s] [01m[K/home/grant/ros2_ws/src/VRX_Foxy/wave_gazebo_plugins/src/Wavefield_TEST.cc:306:26:[m[K [01;35m[Kwarning: [m[Kcomparison of integer expressions of different signedness: ‘[01m[Kint[m[K’ and ‘[01m[Kconst size_t[m[K’ {aka ‘[01m[Kconst long unsigned int[m[K’} [[01;35m[K-Wsign-compare[m[K]
[20.838s]   306 |     for (auto&& i = 0; [01;35m[Ki < n[m[K; ++i) // NOLINT
[20.839s]       |                        [01;35m[K~~^~~[m[K
[20.839s] /home/grant/ros2_ws/src/VRX_Foxy/wave_gazebo_plugins/src/Wavefield_TEST.cc: In instantiation of ‘[01m[KWavefield_NWaveSolver2D_Test::TestBody()::<lambda(auto:72, auto:73, auto:74, auto:75&)> [with auto:72 = Eigen::Matrix<double, 2, 1>; auto:73 = Eigen::Matrix<double, 2, 1>; auto:74 = double; auto:75 = Wavefield_NWaveSolver2D_Test::TestBody()::WaveParams][m[K’:
[20.839s] [01m[K/home/grant/ros2_ws/src/VRX_Foxy/wave_gazebo_plugins/src/Wavefield_TEST.cc:382:32:[m[K   required from here
[20.839s] [01m[K/home/grant/ros2_ws/src/VRX_Foxy/wave_gazebo_plugins/src/Wavefield_TEST.cc:328:26:[m[K [01;35m[Kwarning: [m[Kcomparison of integer expressions of different signedness: ‘[01m[Kint[m[K’ and ‘[01m[Kconst size_t[m[K’ {aka ‘[01m[Kconst long unsigned int[m[K’} [[01;35m[K-Wsign-compare[m[K]
[20.839s]   328 |     for (auto&& i = 0; [01;35m[Ki < n[m[K; ++i) // NOLINT
[20.839s]       |                        [01;35m[K~~^~~[m[K
[20.841s] [01m[K/home/grant/ros2_ws/src/VRX_Foxy/wave_gazebo_plugins/src/Wavefield_TEST.cc:[m[K In member function ‘[01m[Kvirtual void Wavefield_NWaveSolver2D_Test::TestBody()[m[K’:
[20.841s] [01m[K/home/grant/ros2_ws/src/VRX_Foxy/wave_gazebo_plugins/src/Wavefield_TEST.cc:382:8:[m[K [01;35m[Kwarning: [m[Kvariable ‘[01m[KJ[m[K’ set but not used [[01;35m[K-Wunused-but-set-variable[m[K]
[20.841s]   382 |   auto [01;35m[KJ[m[K = wave_df(x0, p, t, wp);
[20.841s]       |        [01;35m[K^[m[K
[20.844s] /home/grant/ros2_ws/src/VRX_Foxy/wave_gazebo_plugins/src/Wavefield_TEST.cc: In instantiation of ‘[01m[KWavefield_NWaveFdFSolver2D_Test::TestBody()::<lambda(auto:85, auto:86, auto:87&)> [with auto:85 = Eigen::Matrix<double, 2, 1>; auto:86 = double; auto:87 = Wavefield_NWaveFdFSolver2D_Test::TestBody()::WaveParams][m[K’:
[20.845s] [01m[K/home/grant/ros2_ws/src/VRX_Foxy/wave_gazebo_plugins/src/Wavefield_TEST.cc:509:27:[m[K   required from here
[20.845s] [01m[K/home/grant/ros2_ws/src/VRX_Foxy/wave_gazebo_plugins/src/Wavefield_TEST.cc:429:26:[m[K [01;35m[Kwarning: [m[Kcomparison of integer expressions of different signedness: ‘[01m[Kint[m[K’ and ‘[01m[Kconst size_t[m[K’ {aka ‘[01m[Kconst long unsigned int[m[K’} [[01;35m[K-Wsign-compare[m[K]
[20.845s]   429 |     for (auto&& i = 0; [01;35m[Ki < n[m[K; ++i) // NOLINT
[20.845s]       |                        [01;35m[K~~^~~[m[K
[20.845s] /home/grant/ros2_ws/src/VRX_Foxy/wave_gazebo_plugins/src/Wavefield_TEST.cc: In instantiation of ‘[01m[KWavefield_NWaveFdFSolver2D_Test::TestBody()::<lambda(auto:88, auto:89, auto:90, auto:91&, auto:92&, auto:93&)> [with auto:88 = Eigen::Matrix<double, 2, 1>; auto:89 = Eigen::Matrix<double, 2, 1>; auto:90 = double; auto:91 = Wavefield_NWaveFdFSolver2D_Test::TestBody()::WaveParams; auto:92 = Eigen::Matrix<double, 2, 1>; auto:93 = Eigen::Matrix<double, 2, 2>][m[K’:
[20.845s] [01m[K/home/grant/ros2_ws/src/VRX_Foxy/wave_gazebo_plugins/src/Wavefield_TEST.cc:513:30:[m[K   required from here
[20.845s] [01m[K/home/grant/ros2_ws/src/VRX_Foxy/wave_gazebo_plugins/src/Wavefield_TEST.cc:455:26:[m[K [01;35m[Kwarning: [m[Kcomparison of integer expressions of different signedness: ‘[01m[Kint[m[K’ and ‘[01m[Kconst size_t[m[K’ {aka ‘[01m[Kconst long unsigned int[m[K’} [[01;35m[K-Wsign-compare[m[K]
[20.846s]   455 |     for (auto&& i = 0; [01;35m[Ki < n[m[K; ++i) // NOLINT
[20.846s]       |                        [01;35m[K~~^~~[m[K
[23.597s] [ 80%] [32m[1mLinking CXX shared library libWavefieldModelPlugin.so[0m
[23.953s] [ 80%] Built target WavefieldModelPlugin
[23.983s] [ 85%] [32mBuilding CXX object CMakeFiles/wavegauge_plugin.dir/src/wavegauge_plugin.cc.o[0m
[24.008s] [ 90%] [32m[1mLinking CXX executable UNIT_Wavefield_TEST[0m
[24.981s] In file included from [01m[K/home/grant/ros2_ws/src/VRX_Foxy/wave_gazebo_plugins/src/WavefieldVisualPlugin.cc:43[m[K:
[24.981s] [01m[K/home/grant/ros2_ws/src/VRX_Foxy/wave_gazebo_plugins/include/wave_gazebo_plugins/Gazebo.hh:47:4:[m[K [01;35m[Kwarning: [m[Kextra ‘[01m[K;[m[K’ [[01;35m[K-Wpedantic[m[K]
[24.981s]    47 |   }[01;35m[K;[m[K
[24.981s]       |    [01;35m[K^[m[K
[25.170s] [ 90%] Built target UNIT_Wavefield_TEST
[28.688s] [ 95%] [32m[1mLinking CXX shared library libWavefieldVisualPlugin.so[0m
[29.095s] [ 95%] Built target WavefieldVisualPlugin
[33.402s] [100%] [32m[1mLinking CXX shared library libwavegauge_plugin.so[0m
[33.901s] [100%] Built target wavegauge_plugin
[33.918s] Invoked command in '/home/grant/ros2_ws/build/wave_gazebo_plugins' returned '0': CMAKE_PREFIX_PATH=/home/grant/ros2_ws/install/robotx_2022:/home/grant/ros2_ws/install/vrx_gazebo:/home/grant/ros2_ws/install/wave_gazebo:/home/grant/ros2_ws/install/wamv_gazebo:/home/grant/ros2_ws/install/usv_gazebo_plugins:/home/grant/ros2_ws/install/wave_gazebo_plugins:/home/grant/ros2_ws/install/wamv_description:/home/grant/ros2_ws/install/usv_msgs:/home/grant/ros2_ws/install/mavros_extras:/home/grant/ros2_ws/install/mavros:/home/grant/ros2_ws/install/mavros_msgs:/home/grant/ros2_ws/install/libmavconn:/home/grant/ros2_ws/install/mavlink:/opt/ros/foxy:/home/grant/vrx_ws/devel:/home/grant/ros2_foxy/ros2-linux CONDA_PROMPT_MODIFIER=(base) /usr/bin/cmake --build /home/grant/ros2_ws/build/wave_gazebo_plugins -- -j8 -l8
[33.972s] Invoking command in '/home/grant/ros2_ws/build/wave_gazebo_plugins': CMAKE_PREFIX_PATH=/home/grant/ros2_ws/install/robotx_2022:/home/grant/ros2_ws/install/vrx_gazebo:/home/grant/ros2_ws/install/wave_gazebo:/home/grant/ros2_ws/install/wamv_gazebo:/home/grant/ros2_ws/install/usv_gazebo_plugins:/home/grant/ros2_ws/install/wave_gazebo_plugins:/home/grant/ros2_ws/install/wamv_description:/home/grant/ros2_ws/install/usv_msgs:/home/grant/ros2_ws/install/mavros_extras:/home/grant/ros2_ws/install/mavros:/home/grant/ros2_ws/install/mavros_msgs:/home/grant/ros2_ws/install/libmavconn:/home/grant/ros2_ws/install/mavlink:/opt/ros/foxy:/home/grant/vrx_ws/devel:/home/grant/ros2_foxy/ros2-linux CONDA_PROMPT_MODIFIER=(base) /usr/bin/cmake --install /home/grant/ros2_ws/build/wave_gazebo_plugins
[33.979s] -- Install configuration: ""
[33.980s] -- Installing: /home/grant/ros2_ws/install/wave_gazebo_plugins/lib/libHydrodynamics.so
[33.982s] -- Set runtime path of "/home/grant/ros2_ws/install/wave_gazebo_plugins/lib/libHydrodynamics.so" to ""
[33.982s] -- Installing: /home/grant/ros2_ws/install/wave_gazebo_plugins/lib/libWavefieldModelPlugin.so
[33.983s] -- Set runtime path of "/home/grant/ros2_ws/install/wave_gazebo_plugins/lib/libWavefieldModelPlugin.so" to ""
[33.984s] -- Installing: /home/grant/ros2_ws/install/wave_gazebo_plugins/lib/libWavefieldVisualPlugin.so
[33.986s] -- Set runtime path of "/home/grant/ros2_ws/install/wave_gazebo_plugins/lib/libWavefieldVisualPlugin.so" to ""
[33.987s] -- Installing: /home/grant/ros2_ws/install/wave_gazebo_plugins/lib/libwavegauge_plugin.so
[33.989s] -- Set runtime path of "/home/grant/ros2_ws/install/wave_gazebo_plugins/lib/libwavegauge_plugin.so" to ""
[33.989s] -- Up-to-date: /home/grant/ros2_ws/install/wave_gazebo_plugins/include
[33.989s] -- Up-to-date: /home/grant/ros2_ws/install/wave_gazebo_plugins/include/WavefieldModelPlugin.hh
[33.989s] -- Up-to-date: /home/grant/ros2_ws/install/wave_gazebo_plugins/include/Geometry.hh
[33.989s] -- Up-to-date: /home/grant/ros2_ws/install/wave_gazebo_plugins/include/Physics.hh
[33.989s] -- Up-to-date: /home/grant/ros2_ws/install/wave_gazebo_plugins/include/wavegauge_plugin.hh
[33.989s] -- Up-to-date: /home/grant/ros2_ws/install/wave_gazebo_plugins/include/WavefieldVisualPlugin.hh
[33.990s] -- Up-to-date: /home/grant/ros2_ws/install/wave_gazebo_plugins/include/Utilities.hh
[33.990s] -- Up-to-date: /home/grant/ros2_ws/install/wave_gazebo_plugins/include/Gazebo.hh
[33.990s] -- Up-to-date: /home/grant/ros2_ws/install/wave_gazebo_plugins/include/PhysicalConstants.hh
[33.990s] -- Up-to-date: /home/grant/ros2_ws/install/wave_gazebo_plugins/include/Wavefield.hh
[33.990s] -- Up-to-date: /home/grant/ros2_ws/install/wave_gazebo_plugins/include/WavefieldEntity.hh
[33.990s] -- Up-to-date: /home/grant/ros2_ws/install/wave_gazebo_plugins/include
[33.990s] -- Up-to-date: /home/grant/ros2_ws/install/wave_gazebo_plugins/include/wave_gazebo_plugins
[33.990s] -- Up-to-date: /home/grant/ros2_ws/install/wave_gazebo_plugins/include
[33.990s] -- Up-to-date: /home/grant/ros2_ws/install/wave_gazebo_plugins/include/ament_cmake_package_templates
[33.991s] -- Up-to-date: /home/grant/ros2_ws/install/wave_gazebo_plugins/include/ament_cmake_environment_hooks
[33.991s] -- Up-to-date: /home/grant/ros2_ws/install/wave_gazebo_plugins/include/ament_cmake_core
[33.991s] -- Up-to-date: /home/grant/ros2_ws/install/wave_gazebo_plugins/include/ament_cmake_core/stamps
[33.991s] -- Up-to-date: /home/grant/ros2_ws/install/wave_gazebo_plugins/include/ament_cmake_uninstall_target
[33.991s] -- Up-to-date: /home/grant/ros2_ws/install/wave_gazebo_plugins/include/connext_cmake_module
[33.991s] -- Up-to-date: /home/grant/ros2_ws/install/wave_gazebo_plugins/include/connext_cmake_module/check_abi
[33.991s] -- Up-to-date: /home/grant/ros2_ws/install/wave_gazebo_plugins/include/connext_cmake_module/check_abi/build
[33.991s] -- Up-to-date: /home/grant/ros2_ws/install/wave_gazebo_plugins/include/connext_cmake_module/check_abi/build/CMakeFiles
[33.991s] -- Up-to-date: /home/grant/ros2_ws/install/wave_gazebo_plugins/include/connext_cmake_module/check_abi/build/CMakeFiles/Progress
[33.992s] -- Up-to-date: /home/grant/ros2_ws/install/wave_gazebo_plugins/include/connext_cmake_module/check_abi/build/CMakeFiles/exe.dir
[33.992s] -- Up-to-date: /home/grant/ros2_ws/install/wave_gazebo_plugins/include/ament_cmake_export_libraries
[33.992s] -- Up-to-date: /home/grant/ros2_ws/install/wave_gazebo_plugins/include/gtest
[33.992s] -- Up-to-date: /home/grant/ros2_ws/install/wave_gazebo_plugins/include/gtest/CMakeFiles
[33.992s] -- Up-to-date: /home/grant/ros2_ws/install/wave_gazebo_plugins/include/gtest/CMakeFiles/gtest_main.dir
[33.992s] -- Up-to-date: /home/grant/ros2_ws/install/wave_gazebo_plugins/include/gtest/CMakeFiles/gtest_main.dir/src
[33.992s] -- Up-to-date: /home/grant/ros2_ws/install/wave_gazebo_plugins/include/gtest/CMakeFiles/gtest.dir
[33.992s] -- Up-to-date: /home/grant/ros2_ws/install/wave_gazebo_plugins/include/gtest/CMakeFiles/gtest.dir/src
[33.992s] -- Up-to-date: /home/grant/ros2_ws/install/wave_gazebo_plugins/include/ament_cmake_index
[33.993s] -- Up-to-date: /home/grant/ros2_ws/install/wave_gazebo_plugins/include/ament_cmake_index/share
[33.993s] -- Up-to-date: /home/grant/ros2_ws/install/wave_gazebo_plugins/include/ament_cmake_index/share/ament_index
[33.993s] -- Up-to-date: /home/grant/ros2_ws/install/wave_gazebo_plugins/include/ament_cmake_index/share/ament_index/resource_index
[33.993s] -- Up-to-date: /home/grant/ros2_ws/install/wave_gazebo_plugins/include/ament_cmake_index/share/ament_index/resource_index/packages
[33.993s] -- Up-to-date: /home/grant/ros2_ws/install/wave_gazebo_plugins/include/ament_cmake_index/share/ament_index/resource_index/package_run_dependencies
[33.993s] -- Up-to-date: /home/grant/ros2_ws/install/wave_gazebo_plugins/include/ament_cmake_index/share/ament_index/resource_index/parent_prefix_path
[33.993s] -- Up-to-date: /home/grant/ros2_ws/install/wave_gazebo_plugins/include/CMakeFiles
[33.993s] -- Up-to-date: /home/grant/ros2_ws/install/wave_gazebo_plugins/include/CMakeFiles/wave_gazebo_plugins_uninstall.dir
[33.993s] -- Up-to-date: /home/grant/ros2_ws/install/wave_gazebo_plugins/include/CMakeFiles/UNIT_Wavefield_TEST.dir
[33.993s] -- Up-to-date: /home/grant/ros2_ws/install/wave_gazebo_plugins/include/CMakeFiles/UNIT_Wavefield_TEST.dir/src
[33.993s] -- Up-to-date: /home/grant/ros2_ws/install/wave_gazebo_plugins/include/CMakeFiles/3.16.3
[33.993s] -- Up-to-date: /home/grant/ros2_ws/install/wave_gazebo_plugins/include/CMakeFiles/3.16.3/CompilerIdC
[33.994s] -- Up-to-date: /home/grant/ros2_ws/install/wave_gazebo_plugins/include/CMakeFiles/3.16.3/CompilerIdC/tmp
[33.994s] -- Up-to-date: /home/grant/ros2_ws/install/wave_gazebo_plugins/include/CMakeFiles/3.16.3/CompilerIdCXX
[33.994s] -- Up-to-date: /home/grant/ros2_ws/install/wave_gazebo_plugins/include/CMakeFiles/3.16.3/CompilerIdCXX/tmp
[33.994s] -- Up-to-date: /home/grant/ros2_ws/install/wave_gazebo_plugins/include/CMakeFiles/uninstall.dir
[33.994s] -- Up-to-date: /home/grant/ros2_ws/install/wave_gazebo_plugins/include/CMakeFiles/CMakeTmp
[33.994s] -- Up-to-date: /home/grant/ros2_ws/install/wave_gazebo_plugins/include/CMakeFiles/WavefieldVisualPlugin.dir
[33.994s] -- Up-to-date: /home/grant/ros2_ws/install/wave_gazebo_plugins/include/CMakeFiles/WavefieldVisualPlugin.dir/src
[33.994s] -- Up-to-date: /home/grant/ros2_ws/install/wave_gazebo_plugins/include/CMakeFiles/wavegauge_plugin.dir
[33.994s] -- Up-to-date: /home/grant/ros2_ws/install/wave_gazebo_plugins/include/CMakeFiles/wavegauge_plugin.dir/src
[33.995s] -- Up-to-date: /home/grant/ros2_ws/install/wave_gazebo_plugins/include/CMakeFiles/Hydrodynamics.dir
[33.995s] -- Up-to-date: /home/grant/ros2_ws/install/wave_gazebo_plugins/include/CMakeFiles/Hydrodynamics.dir/src
[33.995s] -- Up-to-date: /home/grant/ros2_ws/install/wave_gazebo_plugins/include/CMakeFiles/WavefieldModelPlugin.dir
[33.995s] -- Up-to-date: /home/grant/ros2_ws/install/wave_gazebo_plugins/include/CMakeFiles/WavefieldModelPlugin.dir/src
[33.995s] -- Up-to-date: /home/grant/ros2_ws/install/wave_gazebo_plugins/include/ament_cmake_export_include_directories
[33.995s] -- Up-to-date: /home/grant/ros2_ws/install/wave_gazebo_plugins/share/wave_gazebo_plugins/environment/library_path.sh
[33.995s] -- Installing: /home/grant/ros2_ws/install/wave_gazebo_plugins/share/wave_gazebo_plugins/environment/library_path.dsv
[33.995s] -- Up-to-date: /home/grant/ros2_ws/install/wave_gazebo_plugins/share/ament_index/resource_index/package_run_dependencies/wave_gazebo_plugins
[33.995s] -- Installing: /home/grant/ros2_ws/install/wave_gazebo_plugins/share/ament_index/resource_index/parent_prefix_path/wave_gazebo_plugins
[33.995s] -- Up-to-date: /home/grant/ros2_ws/install/wave_gazebo_plugins/share/wave_gazebo_plugins/environment/ament_prefix_path.sh
[33.996s] -- Installing: /home/grant/ros2_ws/install/wave_gazebo_plugins/share/wave_gazebo_plugins/environment/ament_prefix_path.dsv
[33.996s] -- Up-to-date: /home/grant/ros2_ws/install/wave_gazebo_plugins/share/wave_gazebo_plugins/environment/path.sh
[33.996s] -- Installing: /home/grant/ros2_ws/install/wave_gazebo_plugins/share/wave_gazebo_plugins/environment/path.dsv
[33.996s] -- Up-to-date: /home/grant/ros2_ws/install/wave_gazebo_plugins/share/wave_gazebo_plugins/local_setup.bash
[33.996s] -- Up-to-date: /home/grant/ros2_ws/install/wave_gazebo_plugins/share/wave_gazebo_plugins/local_setup.sh
[33.996s] -- Up-to-date: /home/grant/ros2_ws/install/wave_gazebo_plugins/share/wave_gazebo_plugins/local_setup.zsh
[33.996s] -- Installing: /home/grant/ros2_ws/install/wave_gazebo_plugins/share/wave_gazebo_plugins/local_setup.dsv
[33.996s] -- Installing: /home/grant/ros2_ws/install/wave_gazebo_plugins/share/wave_gazebo_plugins/package.dsv
[33.996s] -- Up-to-date: /home/grant/ros2_ws/install/wave_gazebo_plugins/share/ament_index/resource_index/packages/wave_gazebo_plugins
[33.996s] -- Up-to-date: /home/grant/ros2_ws/install/wave_gazebo_plugins/share/wave_gazebo_plugins/cmake/ament_cmake_export_include_directories-extras.cmake
[33.996s] -- Up-to-date: /home/grant/ros2_ws/install/wave_gazebo_plugins/share/wave_gazebo_plugins/cmake/ament_cmake_export_libraries-extras.cmake
[33.996s] -- Up-to-date: /home/grant/ros2_ws/install/wave_gazebo_plugins/share/wave_gazebo_plugins/cmake/wave_gazebo_pluginsConfig.cmake
[33.996s] -- Up-to-date: /home/grant/ros2_ws/install/wave_gazebo_plugins/share/wave_gazebo_plugins/cmake/wave_gazebo_pluginsConfig-version.cmake
[33.997s] -- Installing: /home/grant/ros2_ws/install/wave_gazebo_plugins/share/wave_gazebo_plugins/package.xml
[34.000s] Invoked command in '/home/grant/ros2_ws/build/wave_gazebo_plugins' returned '0': CMAKE_PREFIX_PATH=/home/grant/ros2_ws/install/robotx_2022:/home/grant/ros2_ws/install/vrx_gazebo:/home/grant/ros2_ws/install/wave_gazebo:/home/grant/ros2_ws/install/wamv_gazebo:/home/grant/ros2_ws/install/usv_gazebo_plugins:/home/grant/ros2_ws/install/wave_gazebo_plugins:/home/grant/ros2_ws/install/wamv_description:/home/grant/ros2_ws/install/usv_msgs:/home/grant/ros2_ws/install/mavros_extras:/home/grant/ros2_ws/install/mavros:/home/grant/ros2_ws/install/mavros_msgs:/home/grant/ros2_ws/install/libmavconn:/home/grant/ros2_ws/install/mavlink:/opt/ros/foxy:/home/grant/vrx_ws/devel:/home/grant/ros2_foxy/ros2-linux CONDA_PROMPT_MODIFIER=(base) /usr/bin/cmake --install /home/grant/ros2_ws/build/wave_gazebo_plugins
