[0.069s] Invoking command in '/home/grant/ros2_ws/build/usv_msgs': CMAKE_PREFIX_PATH=/home/grant/ros2_ws/install/mavros_extras:/home/grant/ros2_ws/install/mavros:/home/grant/ros2_ws/install/mavros_msgs:/home/grant/ros2_ws/install/libmavconn:/home/grant/ros2_ws/install/mavlink:/opt/ros/foxy:/home/grant/vrx_ws/devel:/opt/ros/noetic:/home/grant/ros2_foxy/ros2-linux CONDA_PROMPT_MODIFIER=(base) /usr/bin/cmake /home/grant/ros2_ws/src/VRX_Foxy/usv_msgs -DCMAKE_INSTALL_PREFIX=/home/grant/ros2_ws/install/usv_msgs
[0.144s] -- The C compiler identification is GNU 9.4.0
[0.233s] -- The CXX compiler identification is GNU 9.4.0
[0.240s] -- Check for working C compiler: /usr/bin/cc
[0.299s] -- Check for working C compiler: /usr/bin/cc -- works
[0.300s] -- Detecting C compiler ABI info
[0.474s] -- Detecting C compiler ABI info - done
[0.474s] -- Detecting C compile features
[0.475s] -- Detecting C compile features - done
[0.475s] -- Check for working CXX compiler: /usr/bin/c++
[0.476s] -- Check for working CXX compiler: /usr/bin/c++ -- works
[0.478s] -- Detecting CXX compiler ABI info
[0.516s] -- Detecting CXX compiler ABI info - done
[0.530s] -- Detecting CXX compile features
[0.530s] -- Detecting CXX compile features - done
[0.533s] -- Found ament_cmake: 0.9.11 (/opt/ros/foxy/share/ament_cmake/cmake)
[0.578s] -- Found PythonInterp: /home/grant/miniconda3/bin/python3 (found suitable version "3.8.13", minimum required is "3") 
[0.578s] -- Using PYTHON_EXECUTABLE: /home/grant/miniconda3/bin/python3
[0.861s] -- Found std_msgs: 2.0.5 (/opt/ros/foxy/share/std_msgs/cmake)
[0.889s] -- Using all available rosidl_typesupport_c: rosidl_typesupport_fastrtps_c;rosidl_typesupport_introspection_c;rosidl_typesupport_connext_c
[0.895s] -- Found rosidl_adapter: 1.3.0 (/opt/ros/foxy/share/rosidl_adapter/cmake)
[0.961s] -- Found OpenSSL: /usr/lib/x86_64-linux-gnu/libcrypto.so (found version "1.1.1f")  
[0.989s] -- Found FastRTPS: /opt/ros/foxy/include  
[1.076s] -- Found RTI Connext: /opt/rti.com/rti_connext_dds-5.3.1
[1.822s] -- Using all available rosidl_typesupport_cpp: rosidl_typesupport_fastrtps_cpp;rosidl_typesupport_introspection_cpp;rosidl_typesupport_connext_cpp
[1.873s] -- Found rosidl_default_generators: 1.0.1 (/opt/ros/foxy/share/rosidl_default_generators/cmake)
[1.908s] -- Found PythonInterp: /home/grant/miniconda3/bin/python3 (found version "3.8.13") 
[2.099s] -- Found ament_cmake_ros: 0.9.2 (/opt/ros/foxy/share/ament_cmake_ros/cmake)
[2.364s] -- Using all available rosidl_typesupport_c: rosidl_typesupport_fastrtps_c;rosidl_typesupport_introspection_c;rosidl_typesupport_connext_c
[2.431s] -- Using all available rosidl_typesupport_cpp: rosidl_typesupport_fastrtps_cpp;rosidl_typesupport_introspection_cpp;rosidl_typesupport_connext_cpp
[2.457s] -- Found PythonInterp: /home/grant/miniconda3/bin/python3 (found suitable version "3.8.13", minimum required is "3.5") 
[2.458s] -- Found python_cmake_module: 0.8.1 (/opt/ros/foxy/share/python_cmake_module/cmake)
[2.484s] -- Found PythonLibs: /home/grant/miniconda3/lib/libpython3.8.so (found suitable version "3.8.13", minimum required is "3.5") 
[2.485s] -- Using PYTHON_EXECUTABLE: /home/grant/miniconda3/bin/python3
[2.485s] -- Using PYTHON_INCLUDE_DIRS: /home/grant/miniconda3/include/python3.8
[2.485s] -- Using PYTHON_LIBRARIES: /home/grant/miniconda3/lib/libpython3.8.so
[2.507s] -- Found PythonExtra: .so  
[2.926s] -- Using numpy include directory: /home/grant/miniconda3/lib/python3.8/site-packages/numpy/core/include
[2.954s] -- Configuring done
[2.968s] CMake Warning at /opt/ros/foxy/share/rosidl_generator_py/cmake/rosidl_generator_py_generate_interfaces.cmake:235 (add_library):
[2.968s]   Cannot generate a safe runtime search path for target
[2.969s]   usv_msgs__rosidl_typesupport_fastrtps_c__pyext because files in some
[2.969s]   directories may conflict with libraries in implicit directories:
[2.969s] 
[2.969s]     runtime library [libssl.so.1.1] in /usr/lib/x86_64-linux-gnu may be hidden by files in:
[2.969s]       /home/grant/miniconda3/lib
[2.969s]     runtime library [libcrypto.so.1.1] in /usr/lib/x86_64-linux-gnu may be hidden by files in:
[2.969s]       /home/grant/miniconda3/lib
[2.969s] 
[2.969s]   Some of these libraries may not be found correctly.
[2.969s] Call Stack (most recent call first):
[2.969s]   /opt/ros/foxy/share/ament_cmake_core/cmake/core/ament_execute_extensions.cmake:48 (include)
[2.969s]   /opt/ros/foxy/share/rosidl_cmake/cmake/rosidl_generate_interfaces.cmake:286 (ament_execute_extensions)
[2.969s]   CMakeLists.txt:23 (rosidl_generate_interfaces)
[2.969s] 
[2.969s] 
[3.017s] -- Generating done
[3.021s] -- Build files have been written to: /home/grant/ros2_ws/build/usv_msgs
