[35m[1mScanning dependencies of target usv_msgs__cpp[0m
[  2%] [34m[1mGenerating C code for ROS interfaces[0m
[35m[1mScanning dependencies of target usv_msgs__dds_connext_idl[0m
[  4%] [34m[1mGenerating C++ code for ROS interfaces[0m
[  6%] [34m[1mGenerating DDS interfaces[0m
[  6%] Built target usv_msgs__dds_connext_idl
[  6%] Built target usv_msgs__cpp
[  8%] [34m[1mGenerating C++ introspection for ROS interfaces[0m
[35m[1mScanning dependencies of target usv_msgs__rosidl_generator_c[0m
[ 10%] [34m[1mGenerating C++ type support for eProsima Fast-RTPS[0m
[ 12%] [34m[1mGenerating C++ type support for RTI Connext (using '/opt/rti.com/rti_connext_dds-5.3.1/bin/rtiddsgen_server')[0m
[ 16%] [32mBuilding C object CMakeFiles/usv_msgs__rosidl_generator_c.dir/rosidl_generator_c/usv_msgs/msg/detail/range_bearing__functions.c.o[0m
[ 14%] [34m[1mGenerating C++ type support dispatch for ROS interfaces[0m
[ 18%] [32m[1mLinking C shared library libusv_msgs__rosidl_generator_c.so[0m
[ 18%] Built target usv_msgs__rosidl_generator_c
[ 20%] [34m[1mGenerating C type support dispatch for ROS interfaces[0m
[ 22%] [34m[1mGenerating C introspection for ROS interfaces[0m
[35m[1mScanning dependencies of target usv_msgs__rosidl_typesupport_introspection_cpp[0m
[ 24%] [32mBuilding CXX object CMakeFiles/usv_msgs__rosidl_typesupport_introspection_cpp.dir/rosidl_typesupport_introspection_cpp/usv_msgs/msg/detail/range_bearing__type_support.cpp.o[0m
[35m[1mScanning dependencies of target usv_msgs__rosidl_typesupport_cpp[0m
[35m[1mScanning dependencies of target usv_msgs__rosidl_typesupport_c[0m
[ 26%] [32mBuilding CXX object CMakeFiles/usv_msgs__rosidl_typesupport_c.dir/rosidl_typesupport_c/usv_msgs/msg/range_bearing__type_support.cpp.o[0m
[ 28%] [32mBuilding CXX object CMakeFiles/usv_msgs__rosidl_typesupport_cpp.dir/rosidl_typesupport_cpp/usv_msgs/msg/range_bearing__type_support.cpp.o[0m
[35m[1mScanning dependencies of target usv_msgs__rosidl_typesupport_introspection_c[0m
[ 30%] [32m[1mLinking CXX shared library libusv_msgs__rosidl_typesupport_c.so[0m
[ 32%] [32mBuilding C object CMakeFiles/usv_msgs__rosidl_typesupport_introspection_c.dir/rosidl_typesupport_introspection_c/usv_msgs/msg/detail/range_bearing__type_support.c.o[0m
[ 34%] [32m[1mLinking CXX shared library libusv_msgs__rosidl_typesupport_introspection_cpp.so[0m
[ 36%] [32m[1mLinking C shared library libusv_msgs__rosidl_typesupport_introspection_c.so[0m
[ 36%] Built target usv_msgs__rosidl_typesupport_c
[35m[1mScanning dependencies of target usv_msgs__rosidl_typesupport_fastrtps_cpp[0m
[ 38%] [32mBuilding CXX object CMakeFiles/usv_msgs__rosidl_typesupport_fastrtps_cpp.dir/rosidl_typesupport_fastrtps_cpp/usv_msgs/msg/detail/dds_fastrtps/range_bearing__type_support.cpp.o[0m
[ 38%] Built target usv_msgs__rosidl_typesupport_introspection_c
[ 38%] Built target usv_msgs__rosidl_typesupport_introspection_cpp
[ 40%] [32m[1mLinking CXX shared library libusv_msgs__rosidl_typesupport_cpp.so[0m
[ 40%] Built target usv_msgs__rosidl_typesupport_cpp
[ 42%] [32m[1mLinking CXX shared library libusv_msgs__rosidl_typesupport_fastrtps_cpp.so[0m
[ 42%] Built target usv_msgs__rosidl_typesupport_fastrtps_cpp
[ 44%] [34m[1mGenerating C type support for eProsima Fast-RTPS[0m
[35m[1mScanning dependencies of target usv_msgs__rosidl_typesupport_fastrtps_c[0m
[ 46%] [32mBuilding CXX object CMakeFiles/usv_msgs__rosidl_typesupport_fastrtps_c.dir/rosidl_typesupport_fastrtps_c/usv_msgs/msg/detail/range_bearing__type_support_c.cpp.o[0m
[ 48%] [32m[1mLinking CXX shared library libusv_msgs__rosidl_typesupport_fastrtps_c.so[0m
[ 48%] Built target usv_msgs__rosidl_typesupport_fastrtps_c
INFO com.rti.ndds.nddsgen.Main Running rtiddsgen version 2.5.2, please wait ...
INFO com.rti.ndds.nddsgen.Main Done
[35m[1mScanning dependencies of target usv_msgs__rosidl_typesupport_connext_cpp[0m
[ 51%] [32mBuilding CXX object CMakeFiles/usv_msgs__rosidl_typesupport_connext_cpp.dir/rosidl_typesupport_connext_cpp/usv_msgs/msg/dds_connext/RangeBearing_.cxx.o[0m
[ 53%] [32mBuilding CXX object CMakeFiles/usv_msgs__rosidl_typesupport_connext_cpp.dir/rosidl_typesupport_connext_cpp/usv_msgs/msg/dds_connext/range_bearing__type_support.cpp.o[0m
[ 55%] [32mBuilding CXX object CMakeFiles/usv_msgs__rosidl_typesupport_connext_cpp.dir/rosidl_typesupport_connext_cpp/usv_msgs/msg/dds_connext/RangeBearing_Plugin.cxx.o[0m
[ 57%] [32mBuilding CXX object CMakeFiles/usv_msgs__rosidl_typesupport_connext_cpp.dir/rosidl_typesupport_connext_cpp/usv_msgs/msg/dds_connext/RangeBearing_Support.cxx.o[0m
[ 59%] [32m[1mLinking CXX shared library libusv_msgs__rosidl_typesupport_connext_cpp.so[0m
[ 61%] Built target usv_msgs__rosidl_typesupport_connext_cpp
[ 63%] [34m[1mGenerating C type support for RTI Connext[0m
[35m[1mScanning dependencies of target usv_msgs__rosidl_typesupport_connext_c[0m
[ 67%] [32mBuilding CXX object CMakeFiles/usv_msgs__rosidl_typesupport_connext_c.dir/rosidl_typesupport_connext_cpp/usv_msgs/msg/dds_connext/RangeBearing_.cxx.o[0m
[ 67%] [32mBuilding CXX object CMakeFiles/usv_msgs__rosidl_typesupport_connext_c.dir/rosidl_typesupport_connext_c/usv_msgs/msg/dds_connext/range_bearing__type_support_c.cpp.o[0m
[ 69%] [32mBuilding CXX object CMakeFiles/usv_msgs__rosidl_typesupport_connext_c.dir/rosidl_typesupport_connext_cpp/usv_msgs/msg/dds_connext/RangeBearing_Plugin.cxx.o[0m
[ 71%] [32mBuilding CXX object CMakeFiles/usv_msgs__rosidl_typesupport_connext_c.dir/rosidl_typesupport_connext_cpp/usv_msgs/msg/dds_connext/RangeBearing_Support.cxx.o[0m
[ 73%] [32m[1mLinking CXX shared library libusv_msgs__rosidl_typesupport_connext_c.so[0m
[ 77%] Built target usv_msgs__rosidl_typesupport_connext_c
[35m[1mScanning dependencies of target usv_msgs[0m
[ 77%] Built target usv_msgs
[35m[1mScanning dependencies of target usv_msgs__py[0m
[ 79%] [34m[1mGenerating Python code for ROS interfaces[0m
[ 79%] Built target usv_msgs__py
[35m[1mScanning dependencies of target usv_msgs__python[0m
[ 81%] [32mBuilding C object CMakeFiles/usv_msgs__python.dir/rosidl_generator_py/usv_msgs/msg/_range_bearing_s.c.o[0m
[ 83%] [32m[1mLinking C shared library rosidl_generator_py/usv_msgs/libusv_msgs__python.so[0m
[ 83%] Built target usv_msgs__python
[35m[1mScanning dependencies of target usv_msgs__rosidl_typesupport_connext_c__pyext[0m
[35m[1mScanning dependencies of target usv_msgs__rosidl_typesupport_fastrtps_c__pyext[0m
[35m[1mScanning dependencies of target usv_msgs__rosidl_typesupport_c__pyext[0m
[ 85%] [32mBuilding C object CMakeFiles/usv_msgs__rosidl_typesupport_connext_c__pyext.dir/rosidl_generator_py/usv_msgs/_usv_msgs_s.ep.rosidl_typesupport_connext_c.c.o[0m
[35m[1mScanning dependencies of target usv_msgs__rosidl_typesupport_introspection_c__pyext[0m
[ 87%] [32mBuilding C object CMakeFiles/usv_msgs__rosidl_typesupport_c__pyext.dir/rosidl_generator_py/usv_msgs/_usv_msgs_s.ep.rosidl_typesupport_c.c.o[0m
[ 89%] [32mBuilding C object CMakeFiles/usv_msgs__rosidl_typesupport_fastrtps_c__pyext.dir/rosidl_generator_py/usv_msgs/_usv_msgs_s.ep.rosidl_typesupport_fastrtps_c.c.o[0m
[ 91%] [32mBuilding C object CMakeFiles/usv_msgs__rosidl_typesupport_introspection_c__pyext.dir/rosidl_generator_py/usv_msgs/_usv_msgs_s.ep.rosidl_typesupport_introspection_c.c.o[0m
[ 93%] [32m[1mLinking CXX shared library rosidl_generator_py/usv_msgs/usv_msgs_s__rosidl_typesupport_fastrtps_c.cpython-38-x86_64-linux-gnu.so[0m
[ 95%] [32m[1mLinking C shared library rosidl_generator_py/usv_msgs/usv_msgs_s__rosidl_typesupport_connext_c.cpython-38-x86_64-linux-gnu.so[0m
[ 97%] [32m[1mLinking C shared library rosidl_generator_py/usv_msgs/usv_msgs_s__rosidl_typesupport_c.cpython-38-x86_64-linux-gnu.so[0m
[100%] [32m[1mLinking C shared library rosidl_generator_py/usv_msgs/usv_msgs_s__rosidl_typesupport_introspection_c.cpython-38-x86_64-linux-gnu.so[0m
[100%] Built target usv_msgs__rosidl_typesupport_c__pyext
[100%] Built target usv_msgs__rosidl_typesupport_fastrtps_c__pyext
[100%] Built target usv_msgs__rosidl_typesupport_introspection_c__pyext
[100%] Built target usv_msgs__rosidl_typesupport_connext_c__pyext
-- Install configuration: ""
-- Installing: /home/grant/ros2_ws/install/usv_msgs/share/ament_index/resource_index/rosidl_interfaces/usv_msgs
-- Installing: /home/grant/ros2_ws/install/usv_msgs/include/usv_msgs
-- Installing: /home/grant/ros2_ws/install/usv_msgs/include/usv_msgs/msg
-- Installing: /home/grant/ros2_ws/install/usv_msgs/include/usv_msgs/msg/detail
-- Installing: /home/grant/ros2_ws/install/usv_msgs/include/usv_msgs/msg/detail/range_bearing__functions.c
-- Installing: /home/grant/ros2_ws/install/usv_msgs/include/usv_msgs/msg/detail/range_bearing__functions.h
-- Installing: /home/grant/ros2_ws/install/usv_msgs/include/usv_msgs/msg/detail/range_bearing__struct.h
-- Installing: /home/grant/ros2_ws/install/usv_msgs/include/usv_msgs/msg/detail/range_bearing__type_support.h
-- Installing: /home/grant/ros2_ws/install/usv_msgs/include/usv_msgs/msg/rosidl_generator_c__visibility_control.h
-- Installing: /home/grant/ros2_ws/install/usv_msgs/include/usv_msgs/msg/range_bearing.h
-- Installing: /home/grant/ros2_ws/install/usv_msgs/share/usv_msgs/environment/library_path.sh
-- Installing: /home/grant/ros2_ws/install/usv_msgs/share/usv_msgs/environment/library_path.dsv
-- Installing: /home/grant/ros2_ws/install/usv_msgs/lib/libusv_msgs__rosidl_generator_c.so
-- Set runtime path of "/home/grant/ros2_ws/install/usv_msgs/lib/libusv_msgs__rosidl_generator_c.so" to ""
-- Up-to-date: /home/grant/ros2_ws/install/usv_msgs/include/usv_msgs
-- Up-to-date: /home/grant/ros2_ws/install/usv_msgs/include/usv_msgs/msg
-- Installing: /home/grant/ros2_ws/install/usv_msgs/include/usv_msgs/msg/rosidl_typesupport_fastrtps_c__visibility_control.h
-- Up-to-date: /home/grant/ros2_ws/install/usv_msgs/include/usv_msgs/msg/detail
-- Installing: /home/grant/ros2_ws/install/usv_msgs/include/usv_msgs/msg/detail/range_bearing__rosidl_typesupport_fastrtps_c.h
-- Installing: /home/grant/ros2_ws/install/usv_msgs/lib/libusv_msgs__rosidl_typesupport_fastrtps_c.so
-- Set runtime path of "/home/grant/ros2_ws/install/usv_msgs/lib/libusv_msgs__rosidl_typesupport_fastrtps_c.so" to ""
-- Up-to-date: /home/grant/ros2_ws/install/usv_msgs/include/usv_msgs
-- Up-to-date: /home/grant/ros2_ws/install/usv_msgs/include/usv_msgs/msg
-- Up-to-date: /home/grant/ros2_ws/install/usv_msgs/include/usv_msgs/msg/detail
-- Installing: /home/grant/ros2_ws/install/usv_msgs/include/usv_msgs/msg/detail/dds_fastrtps
-- Installing: /home/grant/ros2_ws/install/usv_msgs/include/usv_msgs/msg/detail/range_bearing__rosidl_typesupport_fastrtps_cpp.hpp
-- Installing: /home/grant/ros2_ws/install/usv_msgs/include/usv_msgs/msg/rosidl_typesupport_fastrtps_cpp__visibility_control.h
-- Installing: /home/grant/ros2_ws/install/usv_msgs/lib/libusv_msgs__rosidl_typesupport_fastrtps_cpp.so
-- Set runtime path of "/home/grant/ros2_ws/install/usv_msgs/lib/libusv_msgs__rosidl_typesupport_fastrtps_cpp.so" to ""
-- Up-to-date: /home/grant/ros2_ws/install/usv_msgs/include/usv_msgs
-- Up-to-date: /home/grant/ros2_ws/install/usv_msgs/include/usv_msgs/msg
-- Up-to-date: /home/grant/ros2_ws/install/usv_msgs/include/usv_msgs/msg/detail
-- Installing: /home/grant/ros2_ws/install/usv_msgs/include/usv_msgs/msg/detail/range_bearing__type_support.c
-- Installing: /home/grant/ros2_ws/install/usv_msgs/include/usv_msgs/msg/detail/range_bearing__rosidl_typesupport_introspection_c.h
-- Installing: /home/grant/ros2_ws/install/usv_msgs/include/usv_msgs/msg/rosidl_typesupport_introspection_c__visibility_control.h
-- Installing: /home/grant/ros2_ws/install/usv_msgs/lib/libusv_msgs__rosidl_typesupport_introspection_c.so
-- Set runtime path of "/home/grant/ros2_ws/install/usv_msgs/lib/libusv_msgs__rosidl_typesupport_introspection_c.so" to ""
-- Up-to-date: /home/grant/ros2_ws/install/usv_msgs/include/usv_msgs
-- Up-to-date: /home/grant/ros2_ws/install/usv_msgs/include/usv_msgs/msg
-- Installing: /home/grant/ros2_ws/install/usv_msgs/include/usv_msgs/msg/range_bearing__rosidl_typesupport_connext_c.h
-- Installing: /home/grant/ros2_ws/install/usv_msgs/include/usv_msgs/msg/dds_connext
-- Installing: /home/grant/ros2_ws/install/usv_msgs/include/usv_msgs/msg/rosidl_typesupport_connext_c__visibility_control.h
-- Installing: /home/grant/ros2_ws/install/usv_msgs/lib/libusv_msgs__rosidl_typesupport_connext_c.so
-- Set runtime path of "/home/grant/ros2_ws/install/usv_msgs/lib/libusv_msgs__rosidl_typesupport_connext_c.so" to ""
-- Installing: /home/grant/ros2_ws/install/usv_msgs/share/usv_msgs/msg/dds_connext
-- Installing: /home/grant/ros2_ws/install/usv_msgs/share/usv_msgs/msg/dds_connext/RangeBearing_.idl
-- Up-to-date: /home/grant/ros2_ws/install/usv_msgs/include/usv_msgs
-- Up-to-date: /home/grant/ros2_ws/install/usv_msgs/include/usv_msgs/msg
-- Up-to-date: /home/grant/ros2_ws/install/usv_msgs/include/usv_msgs/msg/dds_connext
-- Installing: /home/grant/ros2_ws/install/usv_msgs/include/usv_msgs/msg/dds_connext/RangeBearing_.cxx
-- Installing: /home/grant/ros2_ws/install/usv_msgs/include/usv_msgs/msg/dds_connext/RangeBearing_Support.h
-- Installing: /home/grant/ros2_ws/install/usv_msgs/include/usv_msgs/msg/dds_connext/RangeBearing_Plugin.cxx
-- Installing: /home/grant/ros2_ws/install/usv_msgs/include/usv_msgs/msg/dds_connext/RangeBearing_Support.cxx
-- Installing: /home/grant/ros2_ws/install/usv_msgs/include/usv_msgs/msg/dds_connext/RangeBearing_.h
-- Installing: /home/grant/ros2_ws/install/usv_msgs/include/usv_msgs/msg/dds_connext/RangeBearing_Plugin.h
-- Installing: /home/grant/ros2_ws/install/usv_msgs/include/usv_msgs/msg/range_bearing__rosidl_typesupport_connext_cpp.hpp
-- Installing: /home/grant/ros2_ws/install/usv_msgs/include/usv_msgs/msg/rosidl_typesupport_connext_cpp__visibility_control.h
-- Installing: /home/grant/ros2_ws/install/usv_msgs/lib/libusv_msgs__rosidl_typesupport_connext_cpp.so
-- Set runtime path of "/home/grant/ros2_ws/install/usv_msgs/lib/libusv_msgs__rosidl_typesupport_connext_cpp.so" to ""
-- Installing: /home/grant/ros2_ws/install/usv_msgs/lib/libusv_msgs__rosidl_typesupport_c.so
-- Set runtime path of "/home/grant/ros2_ws/install/usv_msgs/lib/libusv_msgs__rosidl_typesupport_c.so" to ""
-- Up-to-date: /home/grant/ros2_ws/install/usv_msgs/include/usv_msgs
-- Up-to-date: /home/grant/ros2_ws/install/usv_msgs/include/usv_msgs/msg
-- Up-to-date: /home/grant/ros2_ws/install/usv_msgs/include/usv_msgs/msg/detail
-- Installing: /home/grant/ros2_ws/install/usv_msgs/include/usv_msgs/msg/detail/range_bearing__builder.hpp
-- Installing: /home/grant/ros2_ws/install/usv_msgs/include/usv_msgs/msg/detail/range_bearing__struct.hpp
-- Installing: /home/grant/ros2_ws/install/usv_msgs/include/usv_msgs/msg/detail/range_bearing__traits.hpp
-- Installing: /home/grant/ros2_ws/install/usv_msgs/include/usv_msgs/msg/range_bearing.hpp
-- Up-to-date: /home/grant/ros2_ws/install/usv_msgs/include/usv_msgs
-- Up-to-date: /home/grant/ros2_ws/install/usv_msgs/include/usv_msgs/msg
-- Up-to-date: /home/grant/ros2_ws/install/usv_msgs/include/usv_msgs/msg/detail
-- Installing: /home/grant/ros2_ws/install/usv_msgs/include/usv_msgs/msg/detail/range_bearing__type_support.cpp
-- Installing: /home/grant/ros2_ws/install/usv_msgs/include/usv_msgs/msg/detail/range_bearing__rosidl_typesupport_introspection_cpp.hpp
-- Installing: /home/grant/ros2_ws/install/usv_msgs/lib/libusv_msgs__rosidl_typesupport_introspection_cpp.so
-- Set runtime path of "/home/grant/ros2_ws/install/usv_msgs/lib/libusv_msgs__rosidl_typesupport_introspection_cpp.so" to ""
-- Installing: /home/grant/ros2_ws/install/usv_msgs/lib/libusv_msgs__rosidl_typesupport_cpp.so
-- Set runtime path of "/home/grant/ros2_ws/install/usv_msgs/lib/libusv_msgs__rosidl_typesupport_cpp.so" to ""
-- Installing: /home/grant/ros2_ws/install/usv_msgs/share/usv_msgs/environment/pythonpath.sh
-- Installing: /home/grant/ros2_ws/install/usv_msgs/share/usv_msgs/environment/pythonpath.dsv
-- Installing: /home/grant/ros2_ws/install/usv_msgs/lib/python3.8/site-packages/usv_msgs/__init__.py
Compiling '/home/grant/ros2_ws/install/usv_msgs/lib/python3.8/site-packages/usv_msgs/__init__.py'...
-- Installing: /home/grant/ros2_ws/install/usv_msgs/lib/python3.8/site-packages/usv_msgs/msg
-- Installing: /home/grant/ros2_ws/install/usv_msgs/lib/python3.8/site-packages/usv_msgs/msg/_range_bearing_s.c
-- Installing: /home/grant/ros2_ws/install/usv_msgs/lib/python3.8/site-packages/usv_msgs/msg/__init__.py
-- Installing: /home/grant/ros2_ws/install/usv_msgs/lib/python3.8/site-packages/usv_msgs/msg/_range_bearing.py
-- Installing: /home/grant/ros2_ws/install/usv_msgs/lib/python3.8/site-packages/usv_msgs/usv_msgs_s__rosidl_typesupport_fastrtps_c.cpython-38-x86_64-linux-gnu.so
-- Set runtime path of "/home/grant/ros2_ws/install/usv_msgs/lib/python3.8/site-packages/usv_msgs/usv_msgs_s__rosidl_typesupport_fastrtps_c.cpython-38-x86_64-linux-gnu.so" to ""
-- Installing: /home/grant/ros2_ws/install/usv_msgs/lib/python3.8/site-packages/usv_msgs/usv_msgs_s__rosidl_typesupport_introspection_c.cpython-38-x86_64-linux-gnu.so
-- Set runtime path of "/home/grant/ros2_ws/install/usv_msgs/lib/python3.8/site-packages/usv_msgs/usv_msgs_s__rosidl_typesupport_introspection_c.cpython-38-x86_64-linux-gnu.so" to ""
-- Installing: /home/grant/ros2_ws/install/usv_msgs/lib/python3.8/site-packages/usv_msgs/usv_msgs_s__rosidl_typesupport_connext_c.cpython-38-x86_64-linux-gnu.so
-- Set runtime path of "/home/grant/ros2_ws/install/usv_msgs/lib/python3.8/site-packages/usv_msgs/usv_msgs_s__rosidl_typesupport_connext_c.cpython-38-x86_64-linux-gnu.so" to ""
-- Installing: /home/grant/ros2_ws/install/usv_msgs/lib/python3.8/site-packages/usv_msgs/usv_msgs_s__rosidl_typesupport_c.cpython-38-x86_64-linux-gnu.so
-- Set runtime path of "/home/grant/ros2_ws/install/usv_msgs/lib/python3.8/site-packages/usv_msgs/usv_msgs_s__rosidl_typesupport_c.cpython-38-x86_64-linux-gnu.so" to ""
-- Installing: /home/grant/ros2_ws/install/usv_msgs/lib/libusv_msgs__python.so
-- Set runtime path of "/home/grant/ros2_ws/install/usv_msgs/lib/libusv_msgs__python.so" to ""
-- Installing: /home/grant/ros2_ws/install/usv_msgs/share/usv_msgs/msg/RangeBearing.idl
-- Installing: /home/grant/ros2_ws/install/usv_msgs/share/usv_msgs/msg/RangeBearing.msg
-- Installing: /home/grant/ros2_ws/install/usv_msgs/share/ament_index/resource_index/package_run_dependencies/usv_msgs
-- Installing: /home/grant/ros2_ws/install/usv_msgs/share/ament_index/resource_index/parent_prefix_path/usv_msgs
-- Installing: /home/grant/ros2_ws/install/usv_msgs/share/usv_msgs/environment/ament_prefix_path.sh
-- Installing: /home/grant/ros2_ws/install/usv_msgs/share/usv_msgs/environment/ament_prefix_path.dsv
-- Installing: /home/grant/ros2_ws/install/usv_msgs/share/usv_msgs/environment/path.sh
-- Installing: /home/grant/ros2_ws/install/usv_msgs/share/usv_msgs/environment/path.dsv
-- Installing: /home/grant/ros2_ws/install/usv_msgs/share/usv_msgs/local_setup.bash
-- Installing: /home/grant/ros2_ws/install/usv_msgs/share/usv_msgs/local_setup.sh
-- Installing: /home/grant/ros2_ws/install/usv_msgs/share/usv_msgs/local_setup.zsh
-- Installing: /home/grant/ros2_ws/install/usv_msgs/share/usv_msgs/local_setup.dsv
-- Installing: /home/grant/ros2_ws/install/usv_msgs/share/usv_msgs/package.dsv
-- Installing: /home/grant/ros2_ws/install/usv_msgs/share/ament_index/resource_index/packages/usv_msgs
-- Installing: /home/grant/ros2_ws/install/usv_msgs/share/usv_msgs/cmake/usv_msgs__rosidl_generator_cExport.cmake
-- Installing: /home/grant/ros2_ws/install/usv_msgs/share/usv_msgs/cmake/usv_msgs__rosidl_generator_cExport-noconfig.cmake
-- Installing: /home/grant/ros2_ws/install/usv_msgs/share/usv_msgs/cmake/usv_msgs__rosidl_typesupport_introspection_cExport.cmake
-- Installing: /home/grant/ros2_ws/install/usv_msgs/share/usv_msgs/cmake/usv_msgs__rosidl_typesupport_introspection_cExport-noconfig.cmake
-- Installing: /home/grant/ros2_ws/install/usv_msgs/share/usv_msgs/cmake/usv_msgs__rosidl_typesupport_cExport.cmake
-- Installing: /home/grant/ros2_ws/install/usv_msgs/share/usv_msgs/cmake/usv_msgs__rosidl_typesupport_cExport-noconfig.cmake
-- Installing: /home/grant/ros2_ws/install/usv_msgs/share/usv_msgs/cmake/usv_msgs__rosidl_generator_cppExport.cmake
-- Installing: /home/grant/ros2_ws/install/usv_msgs/share/usv_msgs/cmake/usv_msgs__rosidl_typesupport_introspection_cppExport.cmake
-- Installing: /home/grant/ros2_ws/install/usv_msgs/share/usv_msgs/cmake/usv_msgs__rosidl_typesupport_introspection_cppExport-noconfig.cmake
-- Installing: /home/grant/ros2_ws/install/usv_msgs/share/usv_msgs/cmake/usv_msgs__rosidl_typesupport_cppExport.cmake
-- Installing: /home/grant/ros2_ws/install/usv_msgs/share/usv_msgs/cmake/usv_msgs__rosidl_typesupport_cppExport-noconfig.cmake
-- Installing: /home/grant/ros2_ws/install/usv_msgs/share/usv_msgs/cmake/rosidl_cmake-extras.cmake
-- Installing: /home/grant/ros2_ws/install/usv_msgs/share/usv_msgs/cmake/ament_cmake_export_dependencies-extras.cmake
-- Installing: /home/grant/ros2_ws/install/usv_msgs/share/usv_msgs/cmake/ament_cmake_export_libraries-extras.cmake
-- Installing: /home/grant/ros2_ws/install/usv_msgs/share/usv_msgs/cmake/ament_cmake_export_targets-extras.cmake
-- Installing: /home/grant/ros2_ws/install/usv_msgs/share/usv_msgs/cmake/ament_cmake_export_include_directories-extras.cmake
-- Installing: /home/grant/ros2_ws/install/usv_msgs/share/usv_msgs/cmake/rosidl_cmake_export_typesupport_libraries-extras.cmake
-- Installing: /home/grant/ros2_ws/install/usv_msgs/share/usv_msgs/cmake/rosidl_cmake_export_typesupport_targets-extras.cmake
-- Installing: /home/grant/ros2_ws/install/usv_msgs/share/usv_msgs/cmake/usv_msgsConfig.cmake
-- Installing: /home/grant/ros2_ws/install/usv_msgs/share/usv_msgs/cmake/usv_msgsConfig-version.cmake
-- Installing: /home/grant/ros2_ws/install/usv_msgs/share/usv_msgs/package.xml
