[0.083s] Invoking command in '/home/grant/ros2_ws/build/usv_msgs': CMAKE_PREFIX_PATH=/home/grant/ros2_ws/install/mavros_extras:/home/grant/ros2_ws/install/mavros:/home/grant/ros2_ws/install/mavros_msgs:/home/grant/ros2_ws/install/libmavconn:/home/grant/ros2_ws/install/mavlink:/opt/ros/foxy:/home/grant/vrx_ws/devel:/opt/ros/noetic:/home/grant/ros2_foxy/ros2-linux CONDA_PROMPT_MODIFIER=(base) /usr/bin/cmake --build /home/grant/ros2_ws/build/usv_msgs -- -j8 -l8
[0.132s] [35m[1mScanning dependencies of target usv_msgs__cpp[0m
[0.140s] [  2%] [34m[1mGenerating C code for ROS interfaces[0m
[0.146s] [35m[1mScanning dependencies of target usv_msgs__dds_connext_idl[0m
[0.158s] [  4%] [34m[1mGenerating C++ code for ROS interfaces[0m
[0.181s] [  6%] [34m[1mGenerating DDS interfaces[0m
[0.612s] [  6%] Built target usv_msgs__dds_connext_idl
[0.789s] [  6%] Built target usv_msgs__cpp
[0.832s] [  8%] [34m[1mGenerating C++ introspection for ROS interfaces[0m
[0.833s] [35m[1mScanning dependencies of target usv_msgs__rosidl_generator_c[0m
[0.876s] [ 10%] [34m[1mGenerating C++ type support for eProsima Fast-RTPS[0m
[0.877s] [ 12%] [34m[1mGenerating C++ type support for RTI Connext (using '/opt/rti.com/rti_connext_dds-5.3.1/bin/rtiddsgen_server')[0m
[0.880s] [ 16%] [32mBuilding C object CMakeFiles/usv_msgs__rosidl_generator_c.dir/rosidl_generator_c/usv_msgs/msg/detail/range_bearing__functions.c.o[0m
[0.880s] [ 14%] [34m[1mGenerating C++ type support dispatch for ROS interfaces[0m
[1.001s] [ 18%] [32m[1mLinking C shared library libusv_msgs__rosidl_generator_c.so[0m
[1.222s] [ 18%] Built target usv_msgs__rosidl_generator_c
[1.224s] [ 20%] [34m[1mGenerating C type support dispatch for ROS interfaces[0m
[1.224s] [ 22%] [34m[1mGenerating C introspection for ROS interfaces[0m
[1.270s] [35m[1mScanning dependencies of target usv_msgs__rosidl_typesupport_introspection_cpp[0m
[1.352s] [ 24%] [32mBuilding CXX object CMakeFiles/usv_msgs__rosidl_typesupport_introspection_cpp.dir/rosidl_typesupport_introspection_cpp/usv_msgs/msg/detail/range_bearing__type_support.cpp.o[0m
[1.558s] [35m[1mScanning dependencies of target usv_msgs__rosidl_typesupport_cpp[0m
[1.561s] [35m[1mScanning dependencies of target usv_msgs__rosidl_typesupport_c[0m
[1.615s] [ 26%] [32mBuilding CXX object CMakeFiles/usv_msgs__rosidl_typesupport_c.dir/rosidl_typesupport_c/usv_msgs/msg/range_bearing__type_support.cpp.o[0m
[1.619s] [ 28%] [32mBuilding CXX object CMakeFiles/usv_msgs__rosidl_typesupport_cpp.dir/rosidl_typesupport_cpp/usv_msgs/msg/range_bearing__type_support.cpp.o[0m
[1.640s] [35m[1mScanning dependencies of target usv_msgs__rosidl_typesupport_introspection_c[0m
[1.654s] [ 30%] [32m[1mLinking CXX shared library libusv_msgs__rosidl_typesupport_c.so[0m
[1.686s] [ 32%] [32mBuilding C object CMakeFiles/usv_msgs__rosidl_typesupport_introspection_c.dir/rosidl_typesupport_introspection_c/usv_msgs/msg/detail/range_bearing__type_support.c.o[0m
[1.754s] [ 34%] [32m[1mLinking CXX shared library libusv_msgs__rosidl_typesupport_introspection_cpp.so[0m
[1.764s] [ 36%] [32m[1mLinking C shared library libusv_msgs__rosidl_typesupport_introspection_c.so[0m
[1.779s] [ 36%] Built target usv_msgs__rosidl_typesupport_c
[1.791s] [35m[1mScanning dependencies of target usv_msgs__rosidl_typesupport_fastrtps_cpp[0m
[1.834s] [ 38%] [32mBuilding CXX object CMakeFiles/usv_msgs__rosidl_typesupport_fastrtps_cpp.dir/rosidl_typesupport_fastrtps_cpp/usv_msgs/msg/detail/dds_fastrtps/range_bearing__type_support.cpp.o[0m
[1.867s] [ 38%] Built target usv_msgs__rosidl_typesupport_introspection_c
[1.969s] [ 38%] Built target usv_msgs__rosidl_typesupport_introspection_cpp
[2.106s] [ 40%] [32m[1mLinking CXX shared library libusv_msgs__rosidl_typesupport_cpp.so[0m
[2.252s] [ 40%] Built target usv_msgs__rosidl_typesupport_cpp
[2.380s] [ 42%] [32m[1mLinking CXX shared library libusv_msgs__rosidl_typesupport_fastrtps_cpp.so[0m
[2.570s] [ 42%] Built target usv_msgs__rosidl_typesupport_fastrtps_cpp
[2.587s] [ 44%] [34m[1mGenerating C type support for eProsima Fast-RTPS[0m
[3.054s] [35m[1mScanning dependencies of target usv_msgs__rosidl_typesupport_fastrtps_c[0m
[3.109s] [ 46%] [32mBuilding CXX object CMakeFiles/usv_msgs__rosidl_typesupport_fastrtps_c.dir/rosidl_typesupport_fastrtps_c/usv_msgs/msg/detail/range_bearing__type_support_c.cpp.o[0m
[3.555s] [ 48%] [32m[1mLinking CXX shared library libusv_msgs__rosidl_typesupport_fastrtps_c.so[0m
[3.781s] [ 48%] Built target usv_msgs__rosidl_typesupport_fastrtps_c
[4.161s] INFO com.rti.ndds.nddsgen.Main Running rtiddsgen version 2.5.2, please wait ...
[4.162s] INFO com.rti.ndds.nddsgen.Main Done
[4.269s] [35m[1mScanning dependencies of target usv_msgs__rosidl_typesupport_connext_cpp[0m
[4.352s] [ 51%] [32mBuilding CXX object CMakeFiles/usv_msgs__rosidl_typesupport_connext_cpp.dir/rosidl_typesupport_connext_cpp/usv_msgs/msg/dds_connext/RangeBearing_.cxx.o[0m
[4.353s] [ 53%] [32mBuilding CXX object CMakeFiles/usv_msgs__rosidl_typesupport_connext_cpp.dir/rosidl_typesupport_connext_cpp/usv_msgs/msg/dds_connext/range_bearing__type_support.cpp.o[0m
[4.373s] [ 55%] [32mBuilding CXX object CMakeFiles/usv_msgs__rosidl_typesupport_connext_cpp.dir/rosidl_typesupport_connext_cpp/usv_msgs/msg/dds_connext/RangeBearing_Plugin.cxx.o[0m
[4.381s] [ 57%] [32mBuilding CXX object CMakeFiles/usv_msgs__rosidl_typesupport_connext_cpp.dir/rosidl_typesupport_connext_cpp/usv_msgs/msg/dds_connext/RangeBearing_Support.cxx.o[0m
[5.115s] [ 59%] [32m[1mLinking CXX shared library libusv_msgs__rosidl_typesupport_connext_cpp.so[0m
[5.373s] [ 61%] Built target usv_msgs__rosidl_typesupport_connext_cpp
[5.383s] [ 63%] [34m[1mGenerating C type support for RTI Connext[0m
[5.741s] [35m[1mScanning dependencies of target usv_msgs__rosidl_typesupport_connext_c[0m
[5.811s] [ 67%] [32mBuilding CXX object CMakeFiles/usv_msgs__rosidl_typesupport_connext_c.dir/rosidl_typesupport_connext_cpp/usv_msgs/msg/dds_connext/RangeBearing_.cxx.o[0m
[5.811s] [ 67%] [32mBuilding CXX object CMakeFiles/usv_msgs__rosidl_typesupport_connext_c.dir/rosidl_typesupport_connext_c/usv_msgs/msg/dds_connext/range_bearing__type_support_c.cpp.o[0m
[5.811s] [ 69%] [32mBuilding CXX object CMakeFiles/usv_msgs__rosidl_typesupport_connext_c.dir/rosidl_typesupport_connext_cpp/usv_msgs/msg/dds_connext/RangeBearing_Plugin.cxx.o[0m
[5.821s] [ 71%] [32mBuilding CXX object CMakeFiles/usv_msgs__rosidl_typesupport_connext_c.dir/rosidl_typesupport_connext_cpp/usv_msgs/msg/dds_connext/RangeBearing_Support.cxx.o[0m
[6.574s] [ 73%] [32m[1mLinking CXX shared library libusv_msgs__rosidl_typesupport_connext_c.so[0m
[6.911s] [ 77%] Built target usv_msgs__rosidl_typesupport_connext_c
[6.920s] [35m[1mScanning dependencies of target usv_msgs[0m
[6.930s] [ 77%] Built target usv_msgs
[6.939s] [35m[1mScanning dependencies of target usv_msgs__py[0m
[6.956s] [ 79%] [34m[1mGenerating Python code for ROS interfaces[0m
[7.476s] [ 79%] Built target usv_msgs__py
[7.492s] [35m[1mScanning dependencies of target usv_msgs__python[0m
[7.582s] [ 81%] [32mBuilding C object CMakeFiles/usv_msgs__python.dir/rosidl_generator_py/usv_msgs/msg/_range_bearing_s.c.o[0m
[7.781s] [ 83%] [32m[1mLinking C shared library rosidl_generator_py/usv_msgs/libusv_msgs__python.so[0m
[7.812s] [ 83%] Built target usv_msgs__python
[7.815s] [35m[1mScanning dependencies of target usv_msgs__rosidl_typesupport_connext_c__pyext[0m
[7.815s] [35m[1mScanning dependencies of target usv_msgs__rosidl_typesupport_fastrtps_c__pyext[0m
[7.815s] [35m[1mScanning dependencies of target usv_msgs__rosidl_typesupport_c__pyext[0m
[7.815s] [ 85%] [32mBuilding C object CMakeFiles/usv_msgs__rosidl_typesupport_connext_c__pyext.dir/rosidl_generator_py/usv_msgs/_usv_msgs_s.ep.rosidl_typesupport_connext_c.c.o[0m
[7.816s] [35m[1mScanning dependencies of target usv_msgs__rosidl_typesupport_introspection_c__pyext[0m
[7.816s] [ 87%] [32mBuilding C object CMakeFiles/usv_msgs__rosidl_typesupport_c__pyext.dir/rosidl_generator_py/usv_msgs/_usv_msgs_s.ep.rosidl_typesupport_c.c.o[0m
[7.816s] [ 89%] [32mBuilding C object CMakeFiles/usv_msgs__rosidl_typesupport_fastrtps_c__pyext.dir/rosidl_generator_py/usv_msgs/_usv_msgs_s.ep.rosidl_typesupport_fastrtps_c.c.o[0m
[7.816s] [ 91%] [32mBuilding C object CMakeFiles/usv_msgs__rosidl_typesupport_introspection_c__pyext.dir/rosidl_generator_py/usv_msgs/_usv_msgs_s.ep.rosidl_typesupport_introspection_c.c.o[0m
[7.816s] [ 93%] [32m[1mLinking CXX shared library rosidl_generator_py/usv_msgs/usv_msgs_s__rosidl_typesupport_fastrtps_c.cpython-38-x86_64-linux-gnu.so[0m
[7.816s] [ 95%] [32m[1mLinking C shared library rosidl_generator_py/usv_msgs/usv_msgs_s__rosidl_typesupport_connext_c.cpython-38-x86_64-linux-gnu.so[0m
[7.816s] [ 97%] [32m[1mLinking C shared library rosidl_generator_py/usv_msgs/usv_msgs_s__rosidl_typesupport_c.cpython-38-x86_64-linux-gnu.so[0m
[7.823s] [100%] [32m[1mLinking C shared library rosidl_generator_py/usv_msgs/usv_msgs_s__rosidl_typesupport_introspection_c.cpython-38-x86_64-linux-gnu.so[0m
[7.869s] [100%] Built target usv_msgs__rosidl_typesupport_c__pyext
[7.872s] [100%] Built target usv_msgs__rosidl_typesupport_fastrtps_c__pyext
[7.888s] [100%] Built target usv_msgs__rosidl_typesupport_introspection_c__pyext
[7.918s] [100%] Built target usv_msgs__rosidl_typesupport_connext_c__pyext
[24.323s] Invoked command in '/home/grant/ros2_ws/build/usv_msgs' returned '0': CMAKE_PREFIX_PATH=/home/grant/ros2_ws/install/mavros_extras:/home/grant/ros2_ws/install/mavros:/home/grant/ros2_ws/install/mavros_msgs:/home/grant/ros2_ws/install/libmavconn:/home/grant/ros2_ws/install/mavlink:/opt/ros/foxy:/home/grant/vrx_ws/devel:/opt/ros/noetic:/home/grant/ros2_foxy/ros2-linux CONDA_PROMPT_MODIFIER=(base) /usr/bin/cmake --build /home/grant/ros2_ws/build/usv_msgs -- -j8 -l8
[24.378s] Invoking command in '/home/grant/ros2_ws/build/usv_msgs': CMAKE_PREFIX_PATH=/home/grant/ros2_ws/install/mavros_extras:/home/grant/ros2_ws/install/mavros:/home/grant/ros2_ws/install/mavros_msgs:/home/grant/ros2_ws/install/libmavconn:/home/grant/ros2_ws/install/mavlink:/opt/ros/foxy:/home/grant/vrx_ws/devel:/opt/ros/noetic:/home/grant/ros2_foxy/ros2-linux CONDA_PROMPT_MODIFIER=(base) /usr/bin/cmake --install /home/grant/ros2_ws/build/usv_msgs
[24.388s] -- Install configuration: ""
[24.388s] -- Installing: /home/grant/ros2_ws/install/usv_msgs/share/ament_index/resource_index/rosidl_interfaces/usv_msgs
[24.388s] -- Installing: /home/grant/ros2_ws/install/usv_msgs/include/usv_msgs
[24.388s] -- Installing: /home/grant/ros2_ws/install/usv_msgs/include/usv_msgs/msg
[24.389s] -- Installing: /home/grant/ros2_ws/install/usv_msgs/include/usv_msgs/msg/detail
[24.389s] -- Installing: /home/grant/ros2_ws/install/usv_msgs/include/usv_msgs/msg/detail/range_bearing__functions.c
[24.389s] -- Installing: /home/grant/ros2_ws/install/usv_msgs/include/usv_msgs/msg/detail/range_bearing__functions.h
[24.389s] -- Installing: /home/grant/ros2_ws/install/usv_msgs/include/usv_msgs/msg/detail/range_bearing__struct.h
[24.389s] -- Installing: /home/grant/ros2_ws/install/usv_msgs/include/usv_msgs/msg/detail/range_bearing__type_support.h
[24.389s] -- Installing: /home/grant/ros2_ws/install/usv_msgs/include/usv_msgs/msg/rosidl_generator_c__visibility_control.h
[24.389s] -- Installing: /home/grant/ros2_ws/install/usv_msgs/include/usv_msgs/msg/range_bearing.h
[24.389s] -- Installing: /home/grant/ros2_ws/install/usv_msgs/share/usv_msgs/environment/library_path.sh
[24.390s] -- Installing: /home/grant/ros2_ws/install/usv_msgs/share/usv_msgs/environment/library_path.dsv
[24.390s] -- Installing: /home/grant/ros2_ws/install/usv_msgs/lib/libusv_msgs__rosidl_generator_c.so
[24.390s] -- Set runtime path of "/home/grant/ros2_ws/install/usv_msgs/lib/libusv_msgs__rosidl_generator_c.so" to ""
[24.390s] -- Up-to-date: /home/grant/ros2_ws/install/usv_msgs/include/usv_msgs
[24.390s] -- Up-to-date: /home/grant/ros2_ws/install/usv_msgs/include/usv_msgs/msg
[24.390s] -- Installing: /home/grant/ros2_ws/install/usv_msgs/include/usv_msgs/msg/rosidl_typesupport_fastrtps_c__visibility_control.h
[24.390s] -- Up-to-date: /home/grant/ros2_ws/install/usv_msgs/include/usv_msgs/msg/detail
[24.391s] -- Installing: /home/grant/ros2_ws/install/usv_msgs/include/usv_msgs/msg/detail/range_bearing__rosidl_typesupport_fastrtps_c.h
[24.391s] -- Installing: /home/grant/ros2_ws/install/usv_msgs/lib/libusv_msgs__rosidl_typesupport_fastrtps_c.so
[24.391s] -- Set runtime path of "/home/grant/ros2_ws/install/usv_msgs/lib/libusv_msgs__rosidl_typesupport_fastrtps_c.so" to ""
[24.391s] -- Up-to-date: /home/grant/ros2_ws/install/usv_msgs/include/usv_msgs
[24.391s] -- Up-to-date: /home/grant/ros2_ws/install/usv_msgs/include/usv_msgs/msg
[24.391s] -- Up-to-date: /home/grant/ros2_ws/install/usv_msgs/include/usv_msgs/msg/detail
[24.391s] -- Installing: /home/grant/ros2_ws/install/usv_msgs/include/usv_msgs/msg/detail/dds_fastrtps
[24.391s] -- Installing: /home/grant/ros2_ws/install/usv_msgs/include/usv_msgs/msg/detail/range_bearing__rosidl_typesupport_fastrtps_cpp.hpp
[24.391s] -- Installing: /home/grant/ros2_ws/install/usv_msgs/include/usv_msgs/msg/rosidl_typesupport_fastrtps_cpp__visibility_control.h
[24.391s] -- Installing: /home/grant/ros2_ws/install/usv_msgs/lib/libusv_msgs__rosidl_typesupport_fastrtps_cpp.so
[24.392s] -- Set runtime path of "/home/grant/ros2_ws/install/usv_msgs/lib/libusv_msgs__rosidl_typesupport_fastrtps_cpp.so" to ""
[24.392s] -- Up-to-date: /home/grant/ros2_ws/install/usv_msgs/include/usv_msgs
[24.392s] -- Up-to-date: /home/grant/ros2_ws/install/usv_msgs/include/usv_msgs/msg
[24.392s] -- Up-to-date: /home/grant/ros2_ws/install/usv_msgs/include/usv_msgs/msg/detail
[24.392s] -- Installing: /home/grant/ros2_ws/install/usv_msgs/include/usv_msgs/msg/detail/range_bearing__type_support.c
[24.392s] -- Installing: /home/grant/ros2_ws/install/usv_msgs/include/usv_msgs/msg/detail/range_bearing__rosidl_typesupport_introspection_c.h
[24.392s] -- Installing: /home/grant/ros2_ws/install/usv_msgs/include/usv_msgs/msg/rosidl_typesupport_introspection_c__visibility_control.h
[24.392s] -- Installing: /home/grant/ros2_ws/install/usv_msgs/lib/libusv_msgs__rosidl_typesupport_introspection_c.so
[24.392s] -- Set runtime path of "/home/grant/ros2_ws/install/usv_msgs/lib/libusv_msgs__rosidl_typesupport_introspection_c.so" to ""
[24.393s] -- Up-to-date: /home/grant/ros2_ws/install/usv_msgs/include/usv_msgs
[24.393s] -- Up-to-date: /home/grant/ros2_ws/install/usv_msgs/include/usv_msgs/msg
[24.393s] -- Installing: /home/grant/ros2_ws/install/usv_msgs/include/usv_msgs/msg/range_bearing__rosidl_typesupport_connext_c.h
[24.393s] -- Installing: /home/grant/ros2_ws/install/usv_msgs/include/usv_msgs/msg/dds_connext
[24.393s] -- Installing: /home/grant/ros2_ws/install/usv_msgs/include/usv_msgs/msg/rosidl_typesupport_connext_c__visibility_control.h
[24.393s] -- Installing: /home/grant/ros2_ws/install/usv_msgs/lib/libusv_msgs__rosidl_typesupport_connext_c.so
[24.393s] -- Set runtime path of "/home/grant/ros2_ws/install/usv_msgs/lib/libusv_msgs__rosidl_typesupport_connext_c.so" to ""
[24.393s] -- Installing: /home/grant/ros2_ws/install/usv_msgs/share/usv_msgs/msg/dds_connext
[24.393s] -- Installing: /home/grant/ros2_ws/install/usv_msgs/share/usv_msgs/msg/dds_connext/RangeBearing_.idl
[24.393s] -- Up-to-date: /home/grant/ros2_ws/install/usv_msgs/include/usv_msgs
[24.394s] -- Up-to-date: /home/grant/ros2_ws/install/usv_msgs/include/usv_msgs/msg
[24.394s] -- Up-to-date: /home/grant/ros2_ws/install/usv_msgs/include/usv_msgs/msg/dds_connext
[24.394s] -- Installing: /home/grant/ros2_ws/install/usv_msgs/include/usv_msgs/msg/dds_connext/RangeBearing_.cxx
[24.394s] -- Installing: /home/grant/ros2_ws/install/usv_msgs/include/usv_msgs/msg/dds_connext/RangeBearing_Support.h
[24.394s] -- Installing: /home/grant/ros2_ws/install/usv_msgs/include/usv_msgs/msg/dds_connext/RangeBearing_Plugin.cxx
[24.394s] -- Installing: /home/grant/ros2_ws/install/usv_msgs/include/usv_msgs/msg/dds_connext/RangeBearing_Support.cxx
[24.394s] -- Installing: /home/grant/ros2_ws/install/usv_msgs/include/usv_msgs/msg/dds_connext/RangeBearing_.h
[24.394s] -- Installing: /home/grant/ros2_ws/install/usv_msgs/include/usv_msgs/msg/dds_connext/RangeBearing_Plugin.h
[24.394s] -- Installing: /home/grant/ros2_ws/install/usv_msgs/include/usv_msgs/msg/range_bearing__rosidl_typesupport_connext_cpp.hpp
[24.394s] -- Installing: /home/grant/ros2_ws/install/usv_msgs/include/usv_msgs/msg/rosidl_typesupport_connext_cpp__visibility_control.h
[24.394s] -- Installing: /home/grant/ros2_ws/install/usv_msgs/lib/libusv_msgs__rosidl_typesupport_connext_cpp.so
[24.395s] -- Set runtime path of "/home/grant/ros2_ws/install/usv_msgs/lib/libusv_msgs__rosidl_typesupport_connext_cpp.so" to ""
[24.395s] -- Installing: /home/grant/ros2_ws/install/usv_msgs/lib/libusv_msgs__rosidl_typesupport_c.so
[24.395s] -- Set runtime path of "/home/grant/ros2_ws/install/usv_msgs/lib/libusv_msgs__rosidl_typesupport_c.so" to ""
[24.395s] -- Up-to-date: /home/grant/ros2_ws/install/usv_msgs/include/usv_msgs
[24.395s] -- Up-to-date: /home/grant/ros2_ws/install/usv_msgs/include/usv_msgs/msg
[24.395s] -- Up-to-date: /home/grant/ros2_ws/install/usv_msgs/include/usv_msgs/msg/detail
[24.395s] -- Installing: /home/grant/ros2_ws/install/usv_msgs/include/usv_msgs/msg/detail/range_bearing__builder.hpp
[24.395s] -- Installing: /home/grant/ros2_ws/install/usv_msgs/include/usv_msgs/msg/detail/range_bearing__struct.hpp
[24.395s] -- Installing: /home/grant/ros2_ws/install/usv_msgs/include/usv_msgs/msg/detail/range_bearing__traits.hpp
[24.396s] -- Installing: /home/grant/ros2_ws/install/usv_msgs/include/usv_msgs/msg/range_bearing.hpp
[24.396s] -- Up-to-date: /home/grant/ros2_ws/install/usv_msgs/include/usv_msgs
[24.396s] -- Up-to-date: /home/grant/ros2_ws/install/usv_msgs/include/usv_msgs/msg
[24.396s] -- Up-to-date: /home/grant/ros2_ws/install/usv_msgs/include/usv_msgs/msg/detail
[24.396s] -- Installing: /home/grant/ros2_ws/install/usv_msgs/include/usv_msgs/msg/detail/range_bearing__type_support.cpp
[24.396s] -- Installing: /home/grant/ros2_ws/install/usv_msgs/include/usv_msgs/msg/detail/range_bearing__rosidl_typesupport_introspection_cpp.hpp
[24.396s] -- Installing: /home/grant/ros2_ws/install/usv_msgs/lib/libusv_msgs__rosidl_typesupport_introspection_cpp.so
[24.396s] -- Set runtime path of "/home/grant/ros2_ws/install/usv_msgs/lib/libusv_msgs__rosidl_typesupport_introspection_cpp.so" to ""
[24.396s] -- Installing: /home/grant/ros2_ws/install/usv_msgs/lib/libusv_msgs__rosidl_typesupport_cpp.so
[24.396s] -- Set runtime path of "/home/grant/ros2_ws/install/usv_msgs/lib/libusv_msgs__rosidl_typesupport_cpp.so" to ""
[24.397s] -- Installing: /home/grant/ros2_ws/install/usv_msgs/share/usv_msgs/environment/pythonpath.sh
[24.397s] -- Installing: /home/grant/ros2_ws/install/usv_msgs/share/usv_msgs/environment/pythonpath.dsv
[24.397s] -- Installing: /home/grant/ros2_ws/install/usv_msgs/lib/python3.8/site-packages/usv_msgs/__init__.py
[24.431s] Compiling '/home/grant/ros2_ws/install/usv_msgs/lib/python3.8/site-packages/usv_msgs/__init__.py'...
[24.437s] -- Installing: /home/grant/ros2_ws/install/usv_msgs/lib/python3.8/site-packages/usv_msgs/msg
[24.437s] -- Installing: /home/grant/ros2_ws/install/usv_msgs/lib/python3.8/site-packages/usv_msgs/msg/_range_bearing_s.c
[24.437s] -- Installing: /home/grant/ros2_ws/install/usv_msgs/lib/python3.8/site-packages/usv_msgs/msg/__init__.py
[24.437s] -- Installing: /home/grant/ros2_ws/install/usv_msgs/lib/python3.8/site-packages/usv_msgs/msg/_range_bearing.py
[24.437s] -- Installing: /home/grant/ros2_ws/install/usv_msgs/lib/python3.8/site-packages/usv_msgs/usv_msgs_s__rosidl_typesupport_fastrtps_c.cpython-38-x86_64-linux-gnu.so
[24.438s] -- Set runtime path of "/home/grant/ros2_ws/install/usv_msgs/lib/python3.8/site-packages/usv_msgs/usv_msgs_s__rosidl_typesupport_fastrtps_c.cpython-38-x86_64-linux-gnu.so" to ""
[24.438s] -- Installing: /home/grant/ros2_ws/install/usv_msgs/lib/python3.8/site-packages/usv_msgs/usv_msgs_s__rosidl_typesupport_introspection_c.cpython-38-x86_64-linux-gnu.so
[24.438s] -- Set runtime path of "/home/grant/ros2_ws/install/usv_msgs/lib/python3.8/site-packages/usv_msgs/usv_msgs_s__rosidl_typesupport_introspection_c.cpython-38-x86_64-linux-gnu.so" to ""
[24.438s] -- Installing: /home/grant/ros2_ws/install/usv_msgs/lib/python3.8/site-packages/usv_msgs/usv_msgs_s__rosidl_typesupport_connext_c.cpython-38-x86_64-linux-gnu.so
[24.439s] -- Set runtime path of "/home/grant/ros2_ws/install/usv_msgs/lib/python3.8/site-packages/usv_msgs/usv_msgs_s__rosidl_typesupport_connext_c.cpython-38-x86_64-linux-gnu.so" to ""
[24.439s] -- Installing: /home/grant/ros2_ws/install/usv_msgs/lib/python3.8/site-packages/usv_msgs/usv_msgs_s__rosidl_typesupport_c.cpython-38-x86_64-linux-gnu.so
[24.439s] -- Set runtime path of "/home/grant/ros2_ws/install/usv_msgs/lib/python3.8/site-packages/usv_msgs/usv_msgs_s__rosidl_typesupport_c.cpython-38-x86_64-linux-gnu.so" to ""
[24.439s] -- Installing: /home/grant/ros2_ws/install/usv_msgs/lib/libusv_msgs__python.so
[24.440s] -- Set runtime path of "/home/grant/ros2_ws/install/usv_msgs/lib/libusv_msgs__python.so" to ""
[24.440s] -- Installing: /home/grant/ros2_ws/install/usv_msgs/share/usv_msgs/msg/RangeBearing.idl
[24.440s] -- Installing: /home/grant/ros2_ws/install/usv_msgs/share/usv_msgs/msg/RangeBearing.msg
[24.440s] -- Installing: /home/grant/ros2_ws/install/usv_msgs/share/ament_index/resource_index/package_run_dependencies/usv_msgs
[24.440s] -- Installing: /home/grant/ros2_ws/install/usv_msgs/share/ament_index/resource_index/parent_prefix_path/usv_msgs
[24.440s] -- Installing: /home/grant/ros2_ws/install/usv_msgs/share/usv_msgs/environment/ament_prefix_path.sh
[24.440s] -- Installing: /home/grant/ros2_ws/install/usv_msgs/share/usv_msgs/environment/ament_prefix_path.dsv
[24.440s] -- Installing: /home/grant/ros2_ws/install/usv_msgs/share/usv_msgs/environment/path.sh
[24.441s] -- Installing: /home/grant/ros2_ws/install/usv_msgs/share/usv_msgs/environment/path.dsv
[24.441s] -- Installing: /home/grant/ros2_ws/install/usv_msgs/share/usv_msgs/local_setup.bash
[24.441s] -- Installing: /home/grant/ros2_ws/install/usv_msgs/share/usv_msgs/local_setup.sh
[24.441s] -- Installing: /home/grant/ros2_ws/install/usv_msgs/share/usv_msgs/local_setup.zsh
[24.441s] -- Installing: /home/grant/ros2_ws/install/usv_msgs/share/usv_msgs/local_setup.dsv
[24.441s] -- Installing: /home/grant/ros2_ws/install/usv_msgs/share/usv_msgs/package.dsv
[24.441s] -- Installing: /home/grant/ros2_ws/install/usv_msgs/share/ament_index/resource_index/packages/usv_msgs
[24.441s] -- Installing: /home/grant/ros2_ws/install/usv_msgs/share/usv_msgs/cmake/usv_msgs__rosidl_generator_cExport.cmake
[24.442s] -- Installing: /home/grant/ros2_ws/install/usv_msgs/share/usv_msgs/cmake/usv_msgs__rosidl_generator_cExport-noconfig.cmake
[24.442s] -- Installing: /home/grant/ros2_ws/install/usv_msgs/share/usv_msgs/cmake/usv_msgs__rosidl_typesupport_introspection_cExport.cmake
[24.442s] -- Installing: /home/grant/ros2_ws/install/usv_msgs/share/usv_msgs/cmake/usv_msgs__rosidl_typesupport_introspection_cExport-noconfig.cmake
[24.442s] -- Installing: /home/grant/ros2_ws/install/usv_msgs/share/usv_msgs/cmake/usv_msgs__rosidl_typesupport_cExport.cmake
[24.442s] -- Installing: /home/grant/ros2_ws/install/usv_msgs/share/usv_msgs/cmake/usv_msgs__rosidl_typesupport_cExport-noconfig.cmake
[24.442s] -- Installing: /home/grant/ros2_ws/install/usv_msgs/share/usv_msgs/cmake/usv_msgs__rosidl_generator_cppExport.cmake
[24.442s] -- Installing: /home/grant/ros2_ws/install/usv_msgs/share/usv_msgs/cmake/usv_msgs__rosidl_typesupport_introspection_cppExport.cmake
[24.442s] -- Installing: /home/grant/ros2_ws/install/usv_msgs/share/usv_msgs/cmake/usv_msgs__rosidl_typesupport_introspection_cppExport-noconfig.cmake
[24.443s] -- Installing: /home/grant/ros2_ws/install/usv_msgs/share/usv_msgs/cmake/usv_msgs__rosidl_typesupport_cppExport.cmake
[24.443s] -- Installing: /home/grant/ros2_ws/install/usv_msgs/share/usv_msgs/cmake/usv_msgs__rosidl_typesupport_cppExport-noconfig.cmake
[24.443s] -- Installing: /home/grant/ros2_ws/install/usv_msgs/share/usv_msgs/cmake/rosidl_cmake-extras.cmake
[24.443s] -- Installing: /home/grant/ros2_ws/install/usv_msgs/share/usv_msgs/cmake/ament_cmake_export_dependencies-extras.cmake
[24.443s] -- Installing: /home/grant/ros2_ws/install/usv_msgs/share/usv_msgs/cmake/ament_cmake_export_libraries-extras.cmake
[24.443s] -- Installing: /home/grant/ros2_ws/install/usv_msgs/share/usv_msgs/cmake/ament_cmake_export_targets-extras.cmake
[24.443s] -- Installing: /home/grant/ros2_ws/install/usv_msgs/share/usv_msgs/cmake/ament_cmake_export_include_directories-extras.cmake
[24.443s] -- Installing: /home/grant/ros2_ws/install/usv_msgs/share/usv_msgs/cmake/rosidl_cmake_export_typesupport_libraries-extras.cmake
[24.444s] -- Installing: /home/grant/ros2_ws/install/usv_msgs/share/usv_msgs/cmake/rosidl_cmake_export_typesupport_targets-extras.cmake
[24.444s] -- Installing: /home/grant/ros2_ws/install/usv_msgs/share/usv_msgs/cmake/usv_msgsConfig.cmake
[24.444s] -- Installing: /home/grant/ros2_ws/install/usv_msgs/share/usv_msgs/cmake/usv_msgsConfig-version.cmake
[24.444s] -- Installing: /home/grant/ros2_ws/install/usv_msgs/share/usv_msgs/package.xml
[24.449s] Invoked command in '/home/grant/ros2_ws/build/usv_msgs' returned '0': CMAKE_PREFIX_PATH=/home/grant/ros2_ws/install/mavros_extras:/home/grant/ros2_ws/install/mavros:/home/grant/ros2_ws/install/mavros_msgs:/home/grant/ros2_ws/install/libmavconn:/home/grant/ros2_ws/install/mavlink:/opt/ros/foxy:/home/grant/vrx_ws/devel:/opt/ros/noetic:/home/grant/ros2_foxy/ros2-linux CONDA_PROMPT_MODIFIER=(base) /usr/bin/cmake --install /home/grant/ros2_ws/build/usv_msgs
