[0.713s] Invoking command in '/home/grant/ros2_ws/src/ros2_robotx': CONDA_PROMPT_MODIFIER=(base) PYTHONPATH=/home/grant/ros2_ws/install/ros2_robotx/lib/python3.8/site-packages:${PYTHONPATH} /usr/bin/python3 setup.py egg_info --egg-base ../../build/ros2_robotx build --build-base /home/grant/ros2_ws/build/ros2_robotx/build install --prefix /home/grant/ros2_ws/install/ros2_robotx --record /home/grant/ros2_ws/build/ros2_robotx/install.log --single-version-externally-managed
[0.985s] running egg_info
[0.986s] creating ../../build/ros2_robotx/ros2_robotx.egg-info
[0.986s] writing ../../build/ros2_robotx/ros2_robotx.egg-info/PKG-INFO
[0.986s] writing dependency_links to ../../build/ros2_robotx/ros2_robotx.egg-info/dependency_links.txt
[0.986s] writing entry points to ../../build/ros2_robotx/ros2_robotx.egg-info/entry_points.txt
[0.986s] writing requirements to ../../build/ros2_robotx/ros2_robotx.egg-info/requires.txt
[0.987s] writing top-level names to ../../build/ros2_robotx/ros2_robotx.egg-info/top_level.txt
[0.987s] writing manifest file '../../build/ros2_robotx/ros2_robotx.egg-info/SOURCES.txt'
[1.029s] reading manifest file '../../build/ros2_robotx/ros2_robotx.egg-info/SOURCES.txt'
[1.029s] writing manifest file '../../build/ros2_robotx/ros2_robotx.egg-info/SOURCES.txt'
[1.030s] running build
[1.030s] running build_py
[1.030s] creating /home/grant/ros2_ws/build/ros2_robotx/build
[1.030s] creating /home/grant/ros2_ws/build/ros2_robotx/build/lib
[1.030s] creating /home/grant/ros2_ws/build/ros2_robotx/build/lib/ros2_robotx
[1.030s] copying ros2_robotx/drone_control.py -> /home/grant/ros2_ws/build/ros2_robotx/build/lib/ros2_robotx
[1.030s] copying ros2_robotx/drone_triggers.py -> /home/grant/ros2_ws/build/ros2_robotx/build/lib/ros2_robotx
[1.030s] copying ros2_robotx/__init__.py -> /home/grant/ros2_ws/build/ros2_robotx/build/lib/ros2_robotx
[1.030s] running install
[1.031s] running install_lib
[1.032s] creating /home/grant/ros2_ws/install/ros2_robotx/lib/python3.8/site-packages/ros2_robotx
[1.032s] copying /home/grant/ros2_ws/build/ros2_robotx/build/lib/ros2_robotx/drone_control.py -> /home/grant/ros2_ws/install/ros2_robotx/lib/python3.8/site-packages/ros2_robotx
[1.032s] copying /home/grant/ros2_ws/build/ros2_robotx/build/lib/ros2_robotx/drone_triggers.py -> /home/grant/ros2_ws/install/ros2_robotx/lib/python3.8/site-packages/ros2_robotx
[1.032s] copying /home/grant/ros2_ws/build/ros2_robotx/build/lib/ros2_robotx/__init__.py -> /home/grant/ros2_ws/install/ros2_robotx/lib/python3.8/site-packages/ros2_robotx
[1.032s] byte-compiling /home/grant/ros2_ws/install/ros2_robotx/lib/python3.8/site-packages/ros2_robotx/drone_control.py to drone_control.cpython-38.pyc
[1.034s] byte-compiling /home/grant/ros2_ws/install/ros2_robotx/lib/python3.8/site-packages/ros2_robotx/drone_triggers.py to drone_triggers.cpython-38.pyc
[1.034s] byte-compiling /home/grant/ros2_ws/install/ros2_robotx/lib/python3.8/site-packages/ros2_robotx/__init__.py to __init__.cpython-38.pyc
[1.034s] running install_data
[1.035s] creating /home/grant/ros2_ws/install/ros2_robotx/share/ament_index
[1.035s] creating /home/grant/ros2_ws/install/ros2_robotx/share/ament_index/resource_index
[1.035s] creating /home/grant/ros2_ws/install/ros2_robotx/share/ament_index/resource_index/packages
[1.035s] copying resource/ros2_robotx -> /home/grant/ros2_ws/install/ros2_robotx/share/ament_index/resource_index/packages
[1.035s] copying package.xml -> /home/grant/ros2_ws/install/ros2_robotx/share/ros2_robotx
[1.035s] running install_egg_info
[1.037s] Copying ../../build/ros2_robotx/ros2_robotx.egg-info to /home/grant/ros2_ws/install/ros2_robotx/lib/python3.8/site-packages/ros2_robotx-0.0.0-py3.8.egg-info
[1.038s] running install_scripts
[1.055s] Installing drone_control script to /home/grant/ros2_ws/install/ros2_robotx/lib/ros2_robotx
[1.055s] writing list of installed files to '/home/grant/ros2_ws/build/ros2_robotx/install.log'
[1.085s] Invoked command in '/home/grant/ros2_ws/src/ros2_robotx' returned '0': CONDA_PROMPT_MODIFIER=(base) PYTHONPATH=/home/grant/ros2_ws/install/ros2_robotx/lib/python3.8/site-packages:${PYTHONPATH} /usr/bin/python3 setup.py egg_info --egg-base ../../build/ros2_robotx build --build-base /home/grant/ros2_ws/build/ros2_robotx/build install --prefix /home/grant/ros2_ws/install/ros2_robotx --record /home/grant/ros2_ws/build/ros2_robotx/install.log --single-version-externally-managed
