[0.477s] Invoking command in '/home/adept/ros2_ws_2/src/ros2_robotx': PYTHONPATH=/home/adept/ros2_ws_2/install/ros2_robotx/lib/python3.8/site-packages: /usr/bin/python3 setup.py egg_info --egg-base ../../build/ros2_robotx build --build-base /home/adept/ros2_ws_2/build/ros2_robotx/build install --prefix /home/adept/ros2_ws_2/install/ros2_robotx --record /home/adept/ros2_ws_2/build/ros2_robotx/install.log --single-version-externally-managed
[0.628s] running egg_info
[0.628s] writing ../../build/ros2_robotx/ros2_robotx.egg-info/PKG-INFO
[0.628s] writing dependency_links to ../../build/ros2_robotx/ros2_robotx.egg-info/dependency_links.txt
[0.628s] writing entry points to ../../build/ros2_robotx/ros2_robotx.egg-info/entry_points.txt
[0.628s] writing requirements to ../../build/ros2_robotx/ros2_robotx.egg-info/requires.txt
[0.629s] writing top-level names to ../../build/ros2_robotx/ros2_robotx.egg-info/top_level.txt
[0.656s] reading manifest file '../../build/ros2_robotx/ros2_robotx.egg-info/SOURCES.txt'
[0.656s] writing manifest file '../../build/ros2_robotx/ros2_robotx.egg-info/SOURCES.txt'
[0.657s] running build
[0.657s] running build_py
[0.657s] copying ros2_robotx/wamv_sim.py -> /home/adept/ros2_ws_2/build/ros2_robotx/build/lib/ros2_robotx
[0.657s] copying ros2_robotx/teleop_key.py -> /home/adept/ros2_ws_2/build/ros2_robotx/build/lib/ros2_robotx
[0.657s] copying ros2_robotx/drone_control.py -> /home/adept/ros2_ws_2/build/ros2_robotx/build/lib/ros2_robotx
[0.657s] copying ros2_robotx/__init__.py -> /home/adept/ros2_ws_2/build/ros2_robotx/build/lib/ros2_robotx
[0.657s] running install
[0.658s] running install_lib
[0.659s] copying /home/adept/ros2_ws_2/build/ros2_robotx/build/lib/ros2_robotx/wamv_sim.py -> /home/adept/ros2_ws_2/install/ros2_robotx/lib/python3.8/site-packages/ros2_robotx
[0.659s] copying /home/adept/ros2_ws_2/build/ros2_robotx/build/lib/ros2_robotx/teleop_key.py -> /home/adept/ros2_ws_2/install/ros2_robotx/lib/python3.8/site-packages/ros2_robotx
[0.659s] copying /home/adept/ros2_ws_2/build/ros2_robotx/build/lib/ros2_robotx/drone_control.py -> /home/adept/ros2_ws_2/install/ros2_robotx/lib/python3.8/site-packages/ros2_robotx
[0.659s] copying /home/adept/ros2_ws_2/build/ros2_robotx/build/lib/ros2_robotx/__init__.py -> /home/adept/ros2_ws_2/install/ros2_robotx/lib/python3.8/site-packages/ros2_robotx
[0.659s] byte-compiling /home/adept/ros2_ws_2/install/ros2_robotx/lib/python3.8/site-packages/ros2_robotx/wamv_sim.py to wamv_sim.cpython-38.pyc
[0.661s] byte-compiling /home/adept/ros2_ws_2/install/ros2_robotx/lib/python3.8/site-packages/ros2_robotx/teleop_key.py to teleop_key.cpython-38.pyc
[0.662s] byte-compiling /home/adept/ros2_ws_2/install/ros2_robotx/lib/python3.8/site-packages/ros2_robotx/drone_control.py to drone_control.cpython-38.pyc
[0.663s] byte-compiling /home/adept/ros2_ws_2/install/ros2_robotx/lib/python3.8/site-packages/ros2_robotx/__init__.py to __init__.cpython-38.pyc
[0.663s] running install_data
[0.664s] copying resource/ros2_robotx -> /home/adept/ros2_ws_2/install/ros2_robotx/share/ament_index/resource_index/packages
[0.664s] copying package.xml -> /home/adept/ros2_ws_2/install/ros2_robotx/share/ros2_robotx
[0.664s] copying launch/wamv_and_done.py -> /home/adept/ros2_ws_2/install/ros2_robotx/share/ros2_robotx
[0.664s] copying launch/drone_control_launch.py -> /home/adept/ros2_ws_2/install/ros2_robotx/share/ros2_robotx
[0.664s] copying launch/just_drone_launch.py -> /home/adept/ros2_ws_2/install/ros2_robotx/share/ros2_robotx
[0.664s] copying include/dictonary_gen.py -> /home/adept/ros2_ws_2/install/ros2_robotx/lib/ros2_robotx
[0.664s] copying include/dk_functs_dict.py -> /home/adept/ros2_ws_2/install/ros2_robotx/lib/ros2_robotx
[0.664s] running install_egg_info
[0.665s] removing '/home/adept/ros2_ws_2/install/ros2_robotx/lib/python3.8/site-packages/ros2_robotx-0.0.0-py3.8.egg-info' (and everything under it)
[0.665s] Copying ../../build/ros2_robotx/ros2_robotx.egg-info to /home/adept/ros2_ws_2/install/ros2_robotx/lib/python3.8/site-packages/ros2_robotx-0.0.0-py3.8.egg-info
[0.666s] running install_scripts
[0.680s] Installing drone_control script to /home/adept/ros2_ws_2/install/ros2_robotx/lib/ros2_robotx
[0.680s] Installing teleop_key script to /home/adept/ros2_ws_2/install/ros2_robotx/lib/ros2_robotx
[0.680s] Installing wamv_sim script to /home/adept/ros2_ws_2/install/ros2_robotx/lib/ros2_robotx
[0.680s] writing list of installed files to '/home/adept/ros2_ws_2/build/ros2_robotx/install.log'
[0.696s] Invoked command in '/home/adept/ros2_ws_2/src/ros2_robotx' returned '0': PYTHONPATH=/home/adept/ros2_ws_2/install/ros2_robotx/lib/python3.8/site-packages: /usr/bin/python3 setup.py egg_info --egg-base ../../build/ros2_robotx build --build-base /home/adept/ros2_ws_2/build/ros2_robotx/build install --prefix /home/adept/ros2_ws_2/install/ros2_robotx --record /home/adept/ros2_ws_2/build/ros2_robotx/install.log --single-version-externally-managed
