[0.068s] Invoking command in '/home/grant/ros2_ws/build/ardupilot_sitl_gazebo_plugin': CONDA_PROMPT_MODIFIER=(base) /usr/bin/cmake /home/grant/ros2_ws/src/ardupilot_models -DCATKIN_INSTALL_INTO_PREFIX_ROOT=0 -DCMAKE_INSTALL_PREFIX=/home/grant/ros2_ws/install/ardupilot_sitl_gazebo_plugin
[0.347s] -- The C compiler identification is GNU 9.4.0
[0.592s] -- The CXX compiler identification is GNU 9.4.0
[0.601s] -- Check for working C compiler: /usr/bin/cc
[0.695s] -- Check for working C compiler: /usr/bin/cc -- works
[0.695s] -- Detecting C compiler ABI info
[0.782s] -- Detecting C compiler ABI info - done
[0.798s] -- Detecting C compile features
[0.798s] -- Detecting C compile features - done
[0.803s] -- Check for working CXX compiler: /usr/bin/c++
[0.878s] -- Check for working CXX compiler: /usr/bin/c++ -- works
[0.879s] -- Detecting CXX compiler ABI info
[0.974s] -- Detecting CXX compiler ABI info - done
[0.985s] -- Detecting CXX compile features
[0.986s] -- Detecting CXX compile features - done
[0.997s] CMake Error at CMakeLists.txt:5 (find_package):
[0.998s]   By not providing "Findcatkin.cmake" in CMAKE_MODULE_PATH this project has
[0.998s]   asked CMake to find a package configuration file provided by "catkin", but
[0.998s]   CMake did not find one.
[0.998s] 
[0.998s]   Could not find a package configuration file provided by "catkin" with any
[0.998s]   of the following names:
[0.998s] 
[0.999s]     catkinConfig.cmake
[0.999s]     catkin-config.cmake
[0.999s] 
[0.999s]   Add the installation prefix of "catkin" to CMAKE_PREFIX_PATH or set
[0.999s]   "catkin_DIR" to a directory containing one of the above files.  If "catkin"
[0.999s]   provides a separate development package or SDK, be sure it has been
[0.999s]   installed.
[0.999s] 
[0.999s] 
[0.999s] -- Configuring incomplete, errors occurred!
[0.999s] See also "/home/grant/ros2_ws/build/ardupilot_sitl_gazebo_plugin/CMakeFiles/CMakeOutput.log".
[1.002s] Invoked command in '/home/grant/ros2_ws/build/ardupilot_sitl_gazebo_plugin' returned '1': CONDA_PROMPT_MODIFIER=(base) /usr/bin/cmake /home/grant/ros2_ws/src/ardupilot_models -DCATKIN_INSTALL_INTO_PREFIX_ROOT=0 -DCMAKE_INSTALL_PREFIX=/home/grant/ros2_ws/install/ardupilot_sitl_gazebo_plugin
