[0.026s] Invoking command in '/home/grant/ros2_ws/build/wave_gazebo_plugins': CONDA_PROMPT_MODIFIER=(base) /usr/bin/cmake /home/grant/ros2_ws/src/adept-vrx/wave_gazebo_plugins -DCATKIN_INSTALL_INTO_PREFIX_ROOT=0 -DCMAKE_INSTALL_PREFIX=/home/grant/ros2_ws/install/wave_gazebo_plugins
[0.047s] -- Found rosidl_default_generators: 1.0.1 (/home/grant/ros2_foxy/ros2-linux/share/rosidl_default_generators/cmake)
[0.047s] -- Found ament_cmake_core: 0.9.9 (/home/grant/ros2_foxy/ros2-linux/share/ament_cmake_core/cmake)
[0.068s] -- Using PYTHON_EXECUTABLE: /home/grant/miniconda3/bin/python3
[0.316s] CMake Warning (dev) at /home/grant/ros2_foxy/ros2-linux/share/ament_cmake_core/cmake/core/list_append_unique.cmake:30 (if):
[0.316s]   Policy CMP0057 is not set: Support new IN_LIST if() operator.  Run "cmake
[0.317s]   --help-policy CMP0057" for policy details.  Use the cmake_policy command to
[0.317s]   set the policy and suppress this warning.
[0.317s] 
[0.317s]   IN_LIST will be interpreted as an operator when the policy is set to NEW.
[0.317s]   Since the policy is not set the OLD behavior will be used.
[0.317s] Call Stack (most recent call first):
[0.317s]   /home/grant/ros2_foxy/ros2-linux/share/ament_cmake_core/cmake/index/ament_index_get_resources.cmake:51 (list_append_unique)
[0.317s]   /home/grant/ros2_foxy/ros2-linux/share/rosidl_default_generators/cmake/rosidl_default_generators-extras.cmake:5 (ament_index_get_resources)
[0.317s]   /home/grant/ros2_foxy/ros2-linux/share/rosidl_default_generators/cmake/rosidl_default_generatorsConfig.cmake:41 (include)
[0.317s]   CMakeLists.txt:28 (find_package)
[0.318s] This warning is for project developers.  Use -Wno-dev to suppress it.
[0.318s] 
[0.318s] CMake Error at /home/grant/ros2_foxy/ros2-linux/share/ament_cmake_core/cmake/core/list_append_unique.cmake:30 (if):
[0.318s]   if given arguments:
[0.318s] 
[0.318s]     "NOT" "element" "IN_LIST" "paths_to_search"
[0.318s] 
[0.318s]   Unknown arguments specified
[0.318s] Call Stack (most recent call first):
[0.319s]   /home/grant/ros2_foxy/ros2-linux/share/ament_cmake_core/cmake/index/ament_index_get_resources.cmake:51 (list_append_unique)
[0.319s]   /home/grant/ros2_foxy/ros2-linux/share/rosidl_default_generators/cmake/rosidl_default_generators-extras.cmake:5 (ament_index_get_resources)
[0.319s]   /home/grant/ros2_foxy/ros2-linux/share/rosidl_default_generators/cmake/rosidl_default_generatorsConfig.cmake:41 (include)
[0.319s]   CMakeLists.txt:28 (find_package)
[0.320s] 
[0.320s] 
[0.320s] -- Configuring incomplete, errors occurred!
[0.320s] See also "/home/grant/ros2_ws/build/wave_gazebo_plugins/CMakeFiles/CMakeOutput.log".
[0.321s] Invoked command in '/home/grant/ros2_ws/build/wave_gazebo_plugins' returned '1': CONDA_PROMPT_MODIFIER=(base) /usr/bin/cmake /home/grant/ros2_ws/src/adept-vrx/wave_gazebo_plugins -DCATKIN_INSTALL_INTO_PREFIX_ROOT=0 -DCMAKE_INSTALL_PREFIX=/home/grant/ros2_ws/install/wave_gazebo_plugins
