[0.026s] Invoking command in '/home/grant/ros2_ws/build/libmavconn': CMAKE_PREFIX_PATH=/home/grant/ros2_ws/install/mavlink:/home/grant/ros2_ws/install/mavros_extras:/home/grant/ros2_ws/install/mavros:/home/grant/ros2_ws/install/mavros_msgs:/home/grant/ros2_ws/install/libmavconn:/opt/ros/foxy:/home/grant/vrx_ws/devel:/opt/ros/noetic:/home/grant/ros2_foxy/ros2-linux CONDA_PROMPT_MODIFIER=(base) /usr/bin/cmake --build /home/grant/ros2_ws/build/libmavconn -- -j8 -l8
[0.130s] [ 50%] Built target mavconn
[0.138s] [ 66%] Built target gtest
[0.145s] [ 83%] Built target gtest_main
[0.167s] [100%] Built target test_mavconn
[0.176s] Invoked command in '/home/grant/ros2_ws/build/libmavconn' returned '0': CMAKE_PREFIX_PATH=/home/grant/ros2_ws/install/mavlink:/home/grant/ros2_ws/install/mavros_extras:/home/grant/ros2_ws/install/mavros:/home/grant/ros2_ws/install/mavros_msgs:/home/grant/ros2_ws/install/libmavconn:/opt/ros/foxy:/home/grant/vrx_ws/devel:/opt/ros/noetic:/home/grant/ros2_foxy/ros2-linux CONDA_PROMPT_MODIFIER=(base) /usr/bin/cmake --build /home/grant/ros2_ws/build/libmavconn -- -j8 -l8
[0.206s] Invoking command in '/home/grant/ros2_ws/build/libmavconn': CMAKE_PREFIX_PATH=/home/grant/ros2_ws/install/mavlink:/home/grant/ros2_ws/install/mavros_extras:/home/grant/ros2_ws/install/mavros:/home/grant/ros2_ws/install/mavros_msgs:/home/grant/ros2_ws/install/libmavconn:/opt/ros/foxy:/home/grant/vrx_ws/devel:/opt/ros/noetic:/home/grant/ros2_foxy/ros2-linux CONDA_PROMPT_MODIFIER=(base) /usr/bin/cmake --install /home/grant/ros2_ws/build/libmavconn
[0.217s] -- Install configuration: ""
[0.218s] -- Up-to-date: /home/grant/ros2_ws/install/libmavconn/lib/libmavconn.so
[0.218s] -- Up-to-date: /home/grant/ros2_ws/install/libmavconn/include
[0.218s] -- Up-to-date: /home/grant/ros2_ws/install/libmavconn/include/mavconn
[0.218s] -- Up-to-date: /home/grant/ros2_ws/install/libmavconn/include/mavconn/mavlink_dialect.hpp
[0.218s] -- Up-to-date: /home/grant/ros2_ws/install/libmavconn/include/mavconn/msgbuffer.hpp
[0.218s] -- Up-to-date: /home/grant/ros2_ws/install/libmavconn/include/mavconn/udp.hpp
[0.218s] -- Up-to-date: /home/grant/ros2_ws/install/libmavconn/include/mavconn/console_bridge_compat.hpp
[0.219s] -- Up-to-date: /home/grant/ros2_ws/install/libmavconn/include/mavconn/thread_utils.hpp
[0.219s] -- Up-to-date: /home/grant/ros2_ws/install/libmavconn/include/mavconn/serial.hpp
[0.219s] -- Up-to-date: /home/grant/ros2_ws/install/libmavconn/include/mavconn/tcp.hpp
[0.219s] -- Up-to-date: /home/grant/ros2_ws/install/libmavconn/include/mavconn/mavlink_dialect.hpp.em
[0.219s] -- Up-to-date: /home/grant/ros2_ws/install/libmavconn/include/mavconn/interface.hpp
[0.219s] -- Up-to-date: /home/grant/ros2_ws/install/libmavconn/include/mavconn
[0.219s] -- Up-to-date: /home/grant/ros2_ws/install/libmavconn/include/mavconn/mavlink_dialect.hpp
[0.219s] -- Up-to-date: /home/grant/ros2_ws/install/libmavconn/share/libmavconn/cmake
[0.220s] -- Up-to-date: /home/grant/ros2_ws/install/libmavconn/share/libmavconn/cmake/Modules
[0.220s] -- Up-to-date: /home/grant/ros2_ws/install/libmavconn/share/libmavconn/cmake/Modules/em_expand.cmake
[0.220s] -- Up-to-date: /home/grant/ros2_ws/install/libmavconn/share/libmavconn/cmake/Modules/CheckGeographicLibDatasets.cmake
[0.220s] -- Up-to-date: /home/grant/ros2_ws/install/libmavconn/share/libmavconn/cmake/Modules/FindASIO.cmake
[0.220s] -- Up-to-date: /home/grant/ros2_ws/install/libmavconn/share/libmavconn/environment/library_path.sh
[0.220s] -- Up-to-date: /home/grant/ros2_ws/install/libmavconn/share/libmavconn/environment/library_path.dsv
[0.220s] -- Up-to-date: /home/grant/ros2_ws/install/libmavconn/share/ament_index/resource_index/package_run_dependencies/libmavconn
[0.220s] -- Up-to-date: /home/grant/ros2_ws/install/libmavconn/share/ament_index/resource_index/parent_prefix_path/libmavconn
[0.220s] -- Up-to-date: /home/grant/ros2_ws/install/libmavconn/share/libmavconn/environment/ament_prefix_path.sh
[0.220s] -- Up-to-date: /home/grant/ros2_ws/install/libmavconn/share/libmavconn/environment/ament_prefix_path.dsv
[0.220s] -- Up-to-date: /home/grant/ros2_ws/install/libmavconn/share/libmavconn/environment/path.sh
[0.220s] -- Up-to-date: /home/grant/ros2_ws/install/libmavconn/share/libmavconn/environment/path.dsv
[0.220s] -- Up-to-date: /home/grant/ros2_ws/install/libmavconn/share/libmavconn/local_setup.bash
[0.221s] -- Up-to-date: /home/grant/ros2_ws/install/libmavconn/share/libmavconn/local_setup.sh
[0.221s] -- Up-to-date: /home/grant/ros2_ws/install/libmavconn/share/libmavconn/local_setup.zsh
[0.221s] -- Up-to-date: /home/grant/ros2_ws/install/libmavconn/share/libmavconn/local_setup.dsv
[0.221s] -- Installing: /home/grant/ros2_ws/install/libmavconn/share/libmavconn/package.dsv
[0.221s] -- Up-to-date: /home/grant/ros2_ws/install/libmavconn/share/ament_index/resource_index/packages/libmavconn
[0.221s] -- Up-to-date: /home/grant/ros2_ws/install/libmavconn/share/libmavconn/cmake/libmavconn-extras.cmake
[0.221s] -- Up-to-date: /home/grant/ros2_ws/install/libmavconn/share/libmavconn/cmake/ament_cmake_export_dependencies-extras.cmake
[0.221s] -- Up-to-date: /home/grant/ros2_ws/install/libmavconn/share/libmavconn/cmake/ament_cmake_export_include_directories-extras.cmake
[0.221s] -- Up-to-date: /home/grant/ros2_ws/install/libmavconn/share/libmavconn/cmake/ament_cmake_export_libraries-extras.cmake
[0.221s] -- Up-to-date: /home/grant/ros2_ws/install/libmavconn/share/libmavconn/cmake/libmavconnConfig.cmake
[0.221s] -- Up-to-date: /home/grant/ros2_ws/install/libmavconn/share/libmavconn/cmake/libmavconnConfig-version.cmake
[0.222s] -- Up-to-date: /home/grant/ros2_ws/install/libmavconn/share/libmavconn/package.xml
[0.226s] Invoked command in '/home/grant/ros2_ws/build/libmavconn' returned '0': CMAKE_PREFIX_PATH=/home/grant/ros2_ws/install/mavlink:/home/grant/ros2_ws/install/mavros_extras:/home/grant/ros2_ws/install/mavros:/home/grant/ros2_ws/install/mavros_msgs:/home/grant/ros2_ws/install/libmavconn:/opt/ros/foxy:/home/grant/vrx_ws/devel:/opt/ros/noetic:/home/grant/ros2_foxy/ros2-linux CONDA_PROMPT_MODIFIER=(base) /usr/bin/cmake --install /home/grant/ros2_ws/build/libmavconn
