[0.022s] Invoking command in '/home/grant/ros2_ws/build/mavros_extras': AMENT_PREFIX_PATH=/home/grant/ros2_ws/install/mavros:/home/grant/ros2_ws/install/libmavconn:/home/grant/ros2_ws/install/mavros_msgs:${AMENT_PREFIX_PATH} CMAKE_PREFIX_PATH=/home/grant/ros2_ws/install/mavros:/home/grant/ros2_ws/install/libmavconn:/home/grant/ros2_ws/install/mavros_msgs:/home/grant/ros2_ws/install/mavlink:/opt/ros/foxy:${CMAKE_PREFIX_PATH} CONDA_PROMPT_MODIFIER=(base) LD_LIBRARY_PATH=/home/grant/ros2_ws/install/mavros/lib:/home/grant/ros2_ws/install/libmavconn/lib:/home/grant/ros2_ws/install/mavros_msgs/lib:${LD_LIBRARY_PATH} PKG_CONFIG_PATH=/home/grant/ros2_ws/install/mavlink/lib/x86_64-linux-gnu/pkgconfig:/home/grant/ros2_ws/install/mavlink/lib/pkgconfig:${PKG_CONFIG_PATH} PYTHONPATH=/home/grant/ros2_ws/install/mavros/lib/python3.8/site-packages:/home/grant/ros2_ws/install/mavros_msgs/lib/python3.8/site-packages:${PYTHONPATH} /usr/bin/cmake /home/grant/ros2_ws/src/mavros/mavros_extras -DCMAKE_INSTALL_PREFIX=/home/grant/ros2_ws/install/mavros_extras
[0.078s] -- The C compiler identification is GNU 9.4.0
[0.131s] -- The CXX compiler identification is GNU 9.4.0
[0.136s] -- Check for working C compiler: /usr/bin/cc
[0.192s] -- Check for working C compiler: /usr/bin/cc -- works
[0.193s] -- Detecting C compiler ABI info
[0.245s] -- Detecting C compiler ABI info - done
[0.258s] -- Detecting C compile features
[0.258s] -- Detecting C compile features - done
[0.261s] -- Check for working CXX compiler: /usr/bin/c++
[0.335s] -- Check for working CXX compiler: /usr/bin/c++ -- works
[0.336s] -- Detecting CXX compiler ABI info
[0.402s] -- Detecting CXX compiler ABI info - done
[0.416s] -- Detecting CXX compile features
[0.416s] -- Detecting CXX compile features - done
[0.418s] -- Found ament_cmake: 0.9.11 (/opt/ros/foxy/share/ament_cmake/cmake)
[0.445s] -- Found PythonInterp: /home/grant/miniconda3/bin/python3 (found suitable version "3.8.13", minimum required is "3") 
[0.445s] -- Using PYTHON_EXECUTABLE: /home/grant/miniconda3/bin/python3
[0.703s] -- Found rclcpp: 2.4.2 (/opt/ros/foxy/share/rclcpp/cmake)
[0.743s] -- Using all available rosidl_typesupport_c: rosidl_typesupport_fastrtps_c;rosidl_typesupport_introspection_c;rosidl_typesupport_connext_c
[0.749s] -- Found rosidl_adapter: 1.3.0 (/opt/ros/foxy/share/rosidl_adapter/cmake)
[0.807s] -- Found OpenSSL: /usr/lib/x86_64-linux-gnu/libcrypto.so (found version "1.1.1f")  
[0.832s] -- Found FastRTPS: /opt/ros/foxy/include  
[0.895s] -- Found RTI Connext: /opt/rti.com/rti_connext_dds-5.3.1
[1.607s] -- Using all available rosidl_typesupport_cpp: rosidl_typesupport_fastrtps_cpp;rosidl_typesupport_introspection_cpp;rosidl_typesupport_connext_cpp
[1.665s] -- Found rmw_implementation_cmake: 1.0.3 (/opt/ros/foxy/share/rmw_implementation_cmake/cmake)
[1.667s] -- Using RMW implementation 'rmw_fastrtps_cpp' as default
[1.667s] -- Looking for pthread.h
[1.727s] -- Looking for pthread.h - found
[1.727s] -- Performing Test CMAKE_HAVE_LIBC_PTHREAD
[1.783s] -- Performing Test CMAKE_HAVE_LIBC_PTHREAD - Failed
[1.784s] -- Looking for pthread_create in pthreads
[1.832s] -- Looking for pthread_create in pthreads - not found
[1.832s] -- Looking for pthread_create in pthread
[1.886s] -- Looking for pthread_create in pthread - found
[1.887s] -- Found Threads: TRUE  
[2.052s] -- Found rclcpp_components: 2.4.2 (/opt/ros/foxy/share/rclcpp_components/cmake)
[2.115s] -- Found pluginlib: 2.5.4 (/opt/ros/foxy/share/pluginlib/cmake)
[2.132s] -- Found message_filters: 3.2.5 (/opt/ros/foxy/share/message_filters/cmake)
[2.135s] -- Found mavros: 2.3.0 (/home/grant/ros2_ws/install/mavros/share/mavros/cmake)
[2.142s] -- Found libmavconn: 2.3.0 (/home/grant/ros2_ws/install/libmavconn/share/libmavconn/cmake)
[2.145s] -- Found Eigen3: TRUE (found version "3.3.7") 
[2.163s] -- Found yaml_cpp_vendor: 7.0.3 (/opt/ros/foxy/share/yaml_cpp_vendor/cmake)
[2.164s] -- Setting yaml-cpp_DIR to: '/opt/ros/foxy/share/yaml_cpp_vendor/cmake/../../../opt/yaml_cpp_vendor/lib/cmake/yaml-cpp'
[2.170s] -- Found GeographicLib: /usr/lib/x86_64-linux-gnu  
[2.170s] -- Found angles: 1.12.6 (/opt/ros/foxy/share/angles/cmake)
[2.172s] -- Found eigen_stl_containers: 1.0.0 (/opt/ros/foxy/share/eigen_stl_containers/cmake)
[2.174s] -- Found tf2_eigen: 0.13.13 (/opt/ros/foxy/share/tf2_eigen/cmake)
[2.530s] -- Found urdf: 2.4.0 (/opt/ros/foxy/share/urdf/cmake)
[2.561s] -- Found diagnostic_msgs: 2.0.5 (/opt/ros/foxy/share/diagnostic_msgs/cmake)
[2.599s] -- Found diagnostic_updater: 2.0.8 (/opt/ros/foxy/share/diagnostic_updater/cmake)
[2.620s] -- Found geographic_msgs: 1.0.4 (/opt/ros/foxy/share/geographic_msgs/cmake)
[2.719s] -- Found mavros_msgs: 2.3.0 (/home/grant/ros2_ws/install/mavros_msgs/share/mavros_msgs/cmake)
[3.116s] -- Found nav_msgs: 2.0.5 (/opt/ros/foxy/share/nav_msgs/cmake)
[3.195s] -- Found std_srvs: 2.0.5 (/opt/ros/foxy/share/std_srvs/cmake)
[3.205s] -- Found trajectory_msgs: 2.0.5 (/opt/ros/foxy/share/trajectory_msgs/cmake)
[3.290s] -- Found visualization_msgs: 2.0.5 (/opt/ros/foxy/share/visualization_msgs/cmake)
[3.418s] -- Found ament_cmake_gtest: 0.9.11 (/opt/ros/foxy/share/ament_cmake_gtest/cmake)
[3.419s] -- Found ament_cmake_gmock: 0.9.11 (/opt/ros/foxy/share/ament_cmake_gmock/cmake)
[3.420s] -- Found ament_lint_auto: 0.9.7 (/opt/ros/foxy/share/ament_lint_auto/cmake)
[3.540s] -- Added test 'cppcheck' to perform static code analysis on C / C++ code
[3.541s] -- Configured cppcheck include dirs: $<BUILD_INTERFACE:/home/grant/ros2_ws/src/mavros/mavros_extras/include>
[3.541s] -- Configured cppcheck exclude dirs and/or files: 
[3.543s] -- Added test 'cpplint' to check C / C++ code against the Google style
[3.543s] -- Configured cpplint exclude dirs and/or files: 
[3.543s] -- Added test 'lint_cmake' to check CMake code style
[3.545s] -- Added test 'uncrustify' to check C / C++ code style
[3.545s] -- Configured uncrustify additional arguments: 
[3.546s] -- Added test 'xmllint' to check XML markup files
[3.550s] -- Configuring done
[3.603s] -- Generating done
[3.605s] -- Build files have been written to: /home/grant/ros2_ws/build/mavros_extras
[3.614s] Invoked command in '/home/grant/ros2_ws/build/mavros_extras' returned '0': AMENT_PREFIX_PATH=/home/grant/ros2_ws/install/mavros:/home/grant/ros2_ws/install/libmavconn:/home/grant/ros2_ws/install/mavros_msgs:${AMENT_PREFIX_PATH} CMAKE_PREFIX_PATH=/home/grant/ros2_ws/install/mavros:/home/grant/ros2_ws/install/libmavconn:/home/grant/ros2_ws/install/mavros_msgs:/home/grant/ros2_ws/install/mavlink:/opt/ros/foxy:${CMAKE_PREFIX_PATH} CONDA_PROMPT_MODIFIER=(base) LD_LIBRARY_PATH=/home/grant/ros2_ws/install/mavros/lib:/home/grant/ros2_ws/install/libmavconn/lib:/home/grant/ros2_ws/install/mavros_msgs/lib:${LD_LIBRARY_PATH} PKG_CONFIG_PATH=/home/grant/ros2_ws/install/mavlink/lib/x86_64-linux-gnu/pkgconfig:/home/grant/ros2_ws/install/mavlink/lib/pkgconfig:${PKG_CONFIG_PATH} PYTHONPATH=/home/grant/ros2_ws/install/mavros/lib/python3.8/site-packages:/home/grant/ros2_ws/install/mavros_msgs/lib/python3.8/site-packages:${PYTHONPATH} /usr/bin/cmake /home/grant/ros2_ws/src/mavros/mavros_extras -DCMAKE_INSTALL_PREFIX=/home/grant/ros2_ws/install/mavros_extras
[3.617s] Invoking command in '/home/grant/ros2_ws/build/mavros_extras': AMENT_PREFIX_PATH=/home/grant/ros2_ws/install/mavros:/home/grant/ros2_ws/install/libmavconn:/home/grant/ros2_ws/install/mavros_msgs:${AMENT_PREFIX_PATH} CMAKE_PREFIX_PATH=/home/grant/ros2_ws/install/mavros:/home/grant/ros2_ws/install/libmavconn:/home/grant/ros2_ws/install/mavros_msgs:/home/grant/ros2_ws/install/mavlink:/opt/ros/foxy:${CMAKE_PREFIX_PATH} CONDA_PROMPT_MODIFIER=(base) LD_LIBRARY_PATH=/home/grant/ros2_ws/install/mavros/lib:/home/grant/ros2_ws/install/libmavconn/lib:/home/grant/ros2_ws/install/mavros_msgs/lib:${LD_LIBRARY_PATH} PKG_CONFIG_PATH=/home/grant/ros2_ws/install/mavlink/lib/x86_64-linux-gnu/pkgconfig:/home/grant/ros2_ws/install/mavlink/lib/pkgconfig:${PKG_CONFIG_PATH} PYTHONPATH=/home/grant/ros2_ws/install/mavros/lib/python3.8/site-packages:/home/grant/ros2_ws/install/mavros_msgs/lib/python3.8/site-packages:${PYTHONPATH} /usr/bin/cmake --build /home/grant/ros2_ws/build/mavros_extras -- -j8 -l8
[3.651s] [35m[1mScanning dependencies of target mavros_extras[0m
[3.651s] [35m[1mScanning dependencies of target servo_state_publisher[0m
[3.651s] [35m[1mScanning dependencies of target mavros_extras_plugins[0m
[3.684s] [  2%] [32mBuilding CXX object CMakeFiles/servo_state_publisher.dir/rclcpp_components/node_main_servo_state_publisher.cpp.o[0m
[3.729s] [  5%] [32mBuilding CXX object CMakeFiles/mavros_extras.dir/src/lib/servo_state_publisher.cpp.o[0m
[4.226s] [  7%] [32mBuilding CXX object CMakeFiles/mavros_extras_plugins.dir/src/plugins/3dr_radio.cpp.o[0m
[4.226s] [ 10%] [32mBuilding CXX object CMakeFiles/mavros_extras_plugins.dir/src/plugins/adsb.cpp.o[0m
[4.226s] [ 12%] [32mBuilding CXX object CMakeFiles/mavros_extras_plugins.dir/src/plugins/cam_imu_sync.cpp.o[0m
[4.227s] [ 15%] [32mBuilding CXX object CMakeFiles/mavros_extras_plugins.dir/src/plugins/camera.cpp.o[0m
[4.232s] [ 17%] [32mBuilding CXX object CMakeFiles/mavros_extras_plugins.dir/src/plugins/companion_process_status.cpp.o[0m
[4.232s] [ 20%] [32mBuilding CXX object CMakeFiles/mavros_extras_plugins.dir/src/plugins/cellular_status.cpp.o[0m
[5.842s] [ 22%] [32m[1mLinking CXX executable servo_state_publisher[0m
[6.001s] [ 22%] Built target servo_state_publisher
[6.011s] [ 25%] [32mBuilding CXX object CMakeFiles/mavros_extras_plugins.dir/src/plugins/debug_value.cpp.o[0m
[11.966s] [ 27%] [32m[1mLinking CXX shared library libmavros_extras.so[0m
[12.101s] [ 30%] [32mBuilding CXX object CMakeFiles/mavros_extras_plugins.dir/src/plugins/distance_sensor.cpp.o[0m
[12.308s] [ 32%] [32mBuilding CXX object CMakeFiles/mavros_extras_plugins.dir/src/plugins/esc_status.cpp.o[0m
[12.419s] [ 32%] Built target mavros_extras
[12.427s] [ 35%] [32mBuilding CXX object CMakeFiles/mavros_extras_plugins.dir/src/plugins/esc_telemetry.cpp.o[0m
[13.168s] [ 37%] [32mBuilding CXX object CMakeFiles/mavros_extras_plugins.dir/src/plugins/fake_gps.cpp.o[0m
[13.560s] [ 40%] [32mBuilding CXX object CMakeFiles/mavros_extras_plugins.dir/src/plugins/gps_input.cpp.o[0m
[13.795s] [ 42%] [32mBuilding CXX object CMakeFiles/mavros_extras_plugins.dir/src/plugins/gps_rtk.cpp.o[0m
[14.302s] [ 45%] [32mBuilding CXX object CMakeFiles/mavros_extras_plugins.dir/src/plugins/gps_status.cpp.o[0m
[16.863s] [ 47%] [32mBuilding CXX object CMakeFiles/mavros_extras_plugins.dir/src/plugins/guided_target.cpp.o[0m
[20.157s] [ 50%] [32mBuilding CXX object CMakeFiles/mavros_extras_plugins.dir/src/plugins/hil.cpp.o[0m
[20.601s] [ 52%] [32mBuilding CXX object CMakeFiles/mavros_extras_plugins.dir/src/plugins/landing_target.cpp.o[0m
[22.809s] [ 55%] [32mBuilding CXX object CMakeFiles/mavros_extras_plugins.dir/src/plugins/log_transfer.cpp.o[0m
[23.531s] [ 57%] [32mBuilding CXX object CMakeFiles/mavros_extras_plugins.dir/src/plugins/mag_calibration_status.cpp.o[0m
[24.652s] [ 60%] [32mBuilding CXX object CMakeFiles/mavros_extras_plugins.dir/src/plugins/mocap_pose_estimate.cpp.o[0m
[25.138s] [ 62%] [32mBuilding CXX object CMakeFiles/mavros_extras_plugins.dir/src/plugins/mount_control.cpp.o[0m
[28.686s] [ 65%] [32mBuilding CXX object CMakeFiles/mavros_extras_plugins.dir/src/plugins/obstacle_distance.cpp.o[0m
[29.625s] [ 67%] [32mBuilding CXX object CMakeFiles/mavros_extras_plugins.dir/src/plugins/odom.cpp.o[0m
[32.254s] [ 70%] [32mBuilding CXX object CMakeFiles/mavros_extras_plugins.dir/src/plugins/onboard_computer_status.cpp.o[0m
[33.372s] [ 72%] [32mBuilding CXX object CMakeFiles/mavros_extras_plugins.dir/src/plugins/play_tune.cpp.o[0m
[36.618s] [ 75%] [32mBuilding CXX object CMakeFiles/mavros_extras_plugins.dir/src/plugins/px4flow.cpp.o[0m
[38.474s] [ 77%] [32mBuilding CXX object CMakeFiles/mavros_extras_plugins.dir/src/plugins/rangefinder.cpp.o[0m
[39.207s] [ 80%] [32mBuilding CXX object CMakeFiles/mavros_extras_plugins.dir/src/plugins/terrain.cpp.o[0m
[39.803s] [ 82%] [32mBuilding CXX object CMakeFiles/mavros_extras_plugins.dir/src/plugins/trajectory.cpp.o[0m
[40.074s] [ 85%] [32mBuilding CXX object CMakeFiles/mavros_extras_plugins.dir/src/plugins/tunnel.cpp.o[0m
[42.601s] [ 87%] [32mBuilding CXX object CMakeFiles/mavros_extras_plugins.dir/src/plugins/vfr_hud.cpp.o[0m
[42.951s] [ 90%] [32mBuilding CXX object CMakeFiles/mavros_extras_plugins.dir/src/plugins/vibration.cpp.o[0m
[45.278s] [ 92%] [32mBuilding CXX object CMakeFiles/mavros_extras_plugins.dir/src/plugins/vision_pose_estimate.cpp.o[0m
[47.017s] [ 95%] [32mBuilding CXX object CMakeFiles/mavros_extras_plugins.dir/src/plugins/vision_speed_estimate.cpp.o[0m
[47.169s] [ 97%] [32mBuilding CXX object CMakeFiles/mavros_extras_plugins.dir/src/plugins/wheel_odometry.cpp.o[0m
[59.138s] [100%] [32m[1mLinking CXX shared library libmavros_extras_plugins.so[0m
[67.449s] [100%] Built target mavros_extras_plugins
[67.457s] Invoked command in '/home/grant/ros2_ws/build/mavros_extras' returned '0': AMENT_PREFIX_PATH=/home/grant/ros2_ws/install/mavros:/home/grant/ros2_ws/install/libmavconn:/home/grant/ros2_ws/install/mavros_msgs:${AMENT_PREFIX_PATH} CMAKE_PREFIX_PATH=/home/grant/ros2_ws/install/mavros:/home/grant/ros2_ws/install/libmavconn:/home/grant/ros2_ws/install/mavros_msgs:/home/grant/ros2_ws/install/mavlink:/opt/ros/foxy:${CMAKE_PREFIX_PATH} CONDA_PROMPT_MODIFIER=(base) LD_LIBRARY_PATH=/home/grant/ros2_ws/install/mavros/lib:/home/grant/ros2_ws/install/libmavconn/lib:/home/grant/ros2_ws/install/mavros_msgs/lib:${LD_LIBRARY_PATH} PKG_CONFIG_PATH=/home/grant/ros2_ws/install/mavlink/lib/x86_64-linux-gnu/pkgconfig:/home/grant/ros2_ws/install/mavlink/lib/pkgconfig:${PKG_CONFIG_PATH} PYTHONPATH=/home/grant/ros2_ws/install/mavros/lib/python3.8/site-packages:/home/grant/ros2_ws/install/mavros_msgs/lib/python3.8/site-packages:${PYTHONPATH} /usr/bin/cmake --build /home/grant/ros2_ws/build/mavros_extras -- -j8 -l8
[67.528s] Invoking command in '/home/grant/ros2_ws/build/mavros_extras': AMENT_PREFIX_PATH=/home/grant/ros2_ws/install/mavros:/home/grant/ros2_ws/install/libmavconn:/home/grant/ros2_ws/install/mavros_msgs:${AMENT_PREFIX_PATH} CMAKE_PREFIX_PATH=/home/grant/ros2_ws/install/mavros:/home/grant/ros2_ws/install/libmavconn:/home/grant/ros2_ws/install/mavros_msgs:/home/grant/ros2_ws/install/mavlink:/opt/ros/foxy:${CMAKE_PREFIX_PATH} CONDA_PROMPT_MODIFIER=(base) LD_LIBRARY_PATH=/home/grant/ros2_ws/install/mavros/lib:/home/grant/ros2_ws/install/libmavconn/lib:/home/grant/ros2_ws/install/mavros_msgs/lib:${LD_LIBRARY_PATH} PKG_CONFIG_PATH=/home/grant/ros2_ws/install/mavlink/lib/x86_64-linux-gnu/pkgconfig:/home/grant/ros2_ws/install/mavlink/lib/pkgconfig:${PKG_CONFIG_PATH} PYTHONPATH=/home/grant/ros2_ws/install/mavros/lib/python3.8/site-packages:/home/grant/ros2_ws/install/mavros_msgs/lib/python3.8/site-packages:${PYTHONPATH} /usr/bin/cmake --install /home/grant/ros2_ws/build/mavros_extras
[67.534s] -- Install configuration: ""
[67.534s] -- Installing: /home/grant/ros2_ws/install/mavros_extras/share/mavros_extras/mavros_plugins.xml
[67.534s] -- Installing: /home/grant/ros2_ws/install/mavros_extras/lib/mavros_extras/servo_state_publisher
[67.534s] -- Set runtime path of "/home/grant/ros2_ws/install/mavros_extras/lib/mavros_extras/servo_state_publisher" to ""
[67.534s] -- Installing: /home/grant/ros2_ws/install/mavros_extras/lib/libmavros_extras.so
[67.539s] -- Set runtime path of "/home/grant/ros2_ws/install/mavros_extras/lib/libmavros_extras.so" to ""
[67.539s] -- Installing: /home/grant/ros2_ws/install/mavros_extras/lib/libmavros_extras_plugins.so
[67.588s] -- Set runtime path of "/home/grant/ros2_ws/install/mavros_extras/lib/libmavros_extras_plugins.so" to ""
[67.588s] -- Installing: /home/grant/ros2_ws/install/mavros_extras/include
[67.588s] -- Installing: /home/grant/ros2_ws/install/mavros_extras/include/mavros_extras
[67.588s] -- Installing: /home/grant/ros2_ws/install/mavros_extras/include/mavros_extras/servo_state_publisher.hpp
[67.588s] -- Installing: /home/grant/ros2_ws/install/mavros_extras/share/mavros_extras/launch
[67.588s] -- Installing: /home/grant/ros2_ws/install/mavros_extras/share/mavros_extras/launch/px4flow.launch
[67.588s] -- Installing: /home/grant/ros2_ws/install/mavros_extras/share/mavros_extras/launch/px4flow_config.yaml
[67.588s] -- Installing: /home/grant/ros2_ws/install/mavros_extras/share/mavros_extras/launch/px4flow_pluginlists.yaml
[67.588s] -- Installing: /home/grant/ros2_ws/install/mavros_extras/share/mavros_extras/launch/servo_state_publisher.yaml
[67.589s] -- Installing: /home/grant/ros2_ws/install/mavros_extras/share/mavros_extras/environment/library_path.sh
[67.589s] -- Installing: /home/grant/ros2_ws/install/mavros_extras/share/mavros_extras/environment/library_path.dsv
[67.589s] -- Installing: /home/grant/ros2_ws/install/mavros_extras/share/ament_index/resource_index/package_run_dependencies/mavros_extras
[67.589s] -- Installing: /home/grant/ros2_ws/install/mavros_extras/share/ament_index/resource_index/parent_prefix_path/mavros_extras
[67.589s] -- Installing: /home/grant/ros2_ws/install/mavros_extras/share/mavros_extras/environment/ament_prefix_path.sh
[67.589s] -- Installing: /home/grant/ros2_ws/install/mavros_extras/share/mavros_extras/environment/ament_prefix_path.dsv
[67.589s] -- Installing: /home/grant/ros2_ws/install/mavros_extras/share/mavros_extras/environment/path.sh
[67.590s] -- Installing: /home/grant/ros2_ws/install/mavros_extras/share/mavros_extras/environment/path.dsv
[67.590s] -- Installing: /home/grant/ros2_ws/install/mavros_extras/share/mavros_extras/local_setup.bash
[67.590s] -- Installing: /home/grant/ros2_ws/install/mavros_extras/share/mavros_extras/local_setup.sh
[67.590s] -- Installing: /home/grant/ros2_ws/install/mavros_extras/share/mavros_extras/local_setup.zsh
[67.590s] -- Installing: /home/grant/ros2_ws/install/mavros_extras/share/mavros_extras/local_setup.dsv
[67.590s] -- Installing: /home/grant/ros2_ws/install/mavros_extras/share/mavros_extras/package.dsv
[67.590s] -- Installing: /home/grant/ros2_ws/install/mavros_extras/share/ament_index/resource_index/packages/mavros_extras
[67.590s] -- Installing: /home/grant/ros2_ws/install/mavros_extras/share/ament_index/resource_index/mavros__pluginlib__plugin/mavros_extras
[67.591s] -- Installing: /home/grant/ros2_ws/install/mavros_extras/share/ament_index/resource_index/rclcpp_components/mavros_extras
[67.591s] -- Installing: /home/grant/ros2_ws/install/mavros_extras/share/mavros_extras/cmake/ament_cmake_export_include_directories-extras.cmake
[67.591s] -- Installing: /home/grant/ros2_ws/install/mavros_extras/share/mavros_extras/cmake/ament_cmake_export_libraries-extras.cmake
[67.591s] -- Installing: /home/grant/ros2_ws/install/mavros_extras/share/mavros_extras/cmake/ament_cmake_export_dependencies-extras.cmake
[67.591s] -- Installing: /home/grant/ros2_ws/install/mavros_extras/share/mavros_extras/cmake/mavros_extrasConfig.cmake
[67.591s] -- Installing: /home/grant/ros2_ws/install/mavros_extras/share/mavros_extras/cmake/mavros_extrasConfig-version.cmake
[67.591s] -- Installing: /home/grant/ros2_ws/install/mavros_extras/share/mavros_extras/package.xml
[67.596s] Invoked command in '/home/grant/ros2_ws/build/mavros_extras' returned '0': AMENT_PREFIX_PATH=/home/grant/ros2_ws/install/mavros:/home/grant/ros2_ws/install/libmavconn:/home/grant/ros2_ws/install/mavros_msgs:${AMENT_PREFIX_PATH} CMAKE_PREFIX_PATH=/home/grant/ros2_ws/install/mavros:/home/grant/ros2_ws/install/libmavconn:/home/grant/ros2_ws/install/mavros_msgs:/home/grant/ros2_ws/install/mavlink:/opt/ros/foxy:${CMAKE_PREFIX_PATH} CONDA_PROMPT_MODIFIER=(base) LD_LIBRARY_PATH=/home/grant/ros2_ws/install/mavros/lib:/home/grant/ros2_ws/install/libmavconn/lib:/home/grant/ros2_ws/install/mavros_msgs/lib:${LD_LIBRARY_PATH} PKG_CONFIG_PATH=/home/grant/ros2_ws/install/mavlink/lib/x86_64-linux-gnu/pkgconfig:/home/grant/ros2_ws/install/mavlink/lib/pkgconfig:${PKG_CONFIG_PATH} PYTHONPATH=/home/grant/ros2_ws/install/mavros/lib/python3.8/site-packages:/home/grant/ros2_ws/install/mavros_msgs/lib/python3.8/site-packages:${PYTHONPATH} /usr/bin/cmake --install /home/grant/ros2_ws/build/mavros_extras
