[0.825s] Invoking command in '/home/grant/ros2_ws_2/src/ros2_robotx': CONDA_PROMPT_MODIFIER=(base) PYTHONPATH=/home/grant/ros2_ws_2/build/ros2_robotx/prefix_override:/home/grant/ros2_ws_2/install/ros2_robotx/lib/python3.8/site-packages:${PYTHONPATH} /usr/bin/python3 setup.py egg_info --egg-base ../../build/ros2_robotx build --build-base /home/grant/ros2_ws_2/build/ros2_robotx/build install --record /home/grant/ros2_ws_2/build/ros2_robotx/install.log --install-scripts $base/lib/ros2_robotx --single-version-externally-managed
[0.981s] running egg_info
[0.981s] writing ../../build/ros2_robotx/ros2_robotx.egg-info/PKG-INFO
[0.981s] writing dependency_links to ../../build/ros2_robotx/ros2_robotx.egg-info/dependency_links.txt
[0.982s] writing entry points to ../../build/ros2_robotx/ros2_robotx.egg-info/entry_points.txt
[0.982s] writing requirements to ../../build/ros2_robotx/ros2_robotx.egg-info/requires.txt
[0.982s] writing top-level names to ../../build/ros2_robotx/ros2_robotx.egg-info/top_level.txt
[1.005s] reading manifest file '../../build/ros2_robotx/ros2_robotx.egg-info/SOURCES.txt'
[1.006s] writing manifest file '../../build/ros2_robotx/ros2_robotx.egg-info/SOURCES.txt'
[1.006s] running build
[1.006s] running build_py
[1.006s] running install
[1.007s] running install_lib
[1.008s] running install_data
[1.008s] running install_egg_info
[1.009s] removing '/home/grant/ros2_ws_2/install/ros2_robotx/lib/python3.8/site-packages/ros2_robotx-0.0.0-py3.8.egg-info' (and everything under it)
[1.009s] Copying ../../build/ros2_robotx/ros2_robotx.egg-info to /home/grant/ros2_ws_2/install/ros2_robotx/lib/python3.8/site-packages/ros2_robotx-0.0.0-py3.8.egg-info
[1.010s] running install_scripts
[1.023s] Installing drone_control script to /home/grant/ros2_ws_2/install/ros2_robotx/lib/ros2_robotx
[1.024s] Installing teleop_key script to /home/grant/ros2_ws_2/install/ros2_robotx/lib/ros2_robotx
[1.025s] Installing wamv_sim script to /home/grant/ros2_ws_2/install/ros2_robotx/lib/ros2_robotx
[1.025s] writing list of installed files to '/home/grant/ros2_ws_2/build/ros2_robotx/install.log'
[1.037s] Invoked command in '/home/grant/ros2_ws_2/src/ros2_robotx' returned '0': CONDA_PROMPT_MODIFIER=(base) PYTHONPATH=/home/grant/ros2_ws_2/build/ros2_robotx/prefix_override:/home/grant/ros2_ws_2/install/ros2_robotx/lib/python3.8/site-packages:${PYTHONPATH} /usr/bin/python3 setup.py egg_info --egg-base ../../build/ros2_robotx build --build-base /home/grant/ros2_ws_2/build/ros2_robotx/build install --record /home/grant/ros2_ws_2/build/ros2_robotx/install.log --install-scripts $base/lib/ros2_robotx --single-version-externally-managed
