[0.079s] Invoking command in '/home/grant/ros2_ws/build/adept_hardware': CONDA_PROMPT_MODIFIER=(base) /usr/bin/cmake /home/grant/ros2_ws/src/adept-vrx/adept_hardware -DCATKIN_INSTALL_INTO_PREFIX_ROOT=0 -DCMAKE_INSTALL_PREFIX=/home/grant/ros2_ws/install/adept_hardware
[0.476s] -- The C compiler identification is GNU 9.4.0
[0.476s] -- The CXX compiler identification is GNU 9.4.0
[0.476s] -- Check for working C compiler: /usr/bin/cc
[0.476s] -- Check for working C compiler: /usr/bin/cc -- works
[0.476s] -- Detecting C compiler ABI info
[0.536s] -- Detecting C compiler ABI info - done
[0.554s] -- Detecting C compile features
[0.555s] -- Detecting C compile features - done
[0.559s] -- Check for working CXX compiler: /usr/bin/c++
[0.648s] -- Check for working CXX compiler: /usr/bin/c++ -- works
[0.650s] -- Detecting CXX compiler ABI info
[0.742s] -- Detecting CXX compiler ABI info - done
[0.758s] -- Detecting CXX compile features
[0.758s] -- Detecting CXX compile features - done
[0.768s] CMake Error at CMakeLists.txt:10 (find_package):
[0.768s]   By not providing "Findcatkin.cmake" in CMAKE_MODULE_PATH this project has
[0.768s]   asked CMake to find a package configuration file provided by "catkin", but
[0.768s]   CMake did not find one.
[0.768s] 
[0.768s]   Could not find a package configuration file provided by "catkin" with any
[0.768s]   of the following names:
[0.768s] 
[0.768s]     catkinConfig.cmake
[0.768s]     catkin-config.cmake
[0.769s] 
[0.769s]   Add the installation prefix of "catkin" to CMAKE_PREFIX_PATH or set
[0.769s]   "catkin_DIR" to a directory containing one of the above files.  If "catkin"
[0.769s]   provides a separate development package or SDK, be sure it has been
[0.769s]   installed.
[0.769s] 
[0.769s] 
[0.769s] -- Configuring incomplete, errors occurred!
[0.769s] See also "/home/grant/ros2_ws/build/adept_hardware/CMakeFiles/CMakeOutput.log".
