[0.030s] Invoking command in '/home/grant/ros2_ws/build/wave_gazebo_plugins': CONDA_PROMPT_MODIFIER=(base) /usr/bin/cmake /home/grant/ros2_ws/src/adept-vrx/wave_gazebo_plugins -DCATKIN_INSTALL_INTO_PREFIX_ROOT=0 -DCMAKE_INSTALL_PREFIX=/home/grant/ros2_ws/install/wave_gazebo_plugins
[0.044s] CMake Deprecation Warning at CMakeLists.txt:15 (cmake_policy):
[0.045s]   The OLD behavior for policy CMP0057 will be removed from a future version
[0.045s]   of CMake.
[0.045s] 
[0.045s]   The cmake-policies(7) manual explains that the OLD behaviors of all
[0.045s]   policies are deprecated and that a policy should be set to OLD only under
[0.045s]   specific short-term circumstances.  Projects should be ported to the NEW
[0.045s]   behavior and not rely on setting a policy to OLD.
[0.045s] 
[0.045s] 
[0.045s] -- Found rosidl_default_generators: 1.0.1 (/home/grant/ros2_foxy/ros2-linux/share/rosidl_default_generators/cmake)
[0.046s] -- Found ament_cmake_core: 0.9.9 (/home/grant/ros2_foxy/ros2-linux/share/ament_cmake_core/cmake)
[0.071s] -- Using PYTHON_EXECUTABLE: /home/grant/miniconda3/bin/python3
[0.325s] CMake Error at /home/grant/ros2_foxy/ros2-linux/share/ament_cmake_core/cmake/core/list_append_unique.cmake:30 (if):
[0.325s]   if given arguments:
[0.325s] 
[0.325s]     "NOT" "element" "IN_LIST" "paths_to_search"
[0.325s] 
[0.325s]   Unknown arguments specified
[0.325s] Call Stack (most recent call first):
[0.326s]   /home/grant/ros2_foxy/ros2-linux/share/ament_cmake_core/cmake/index/ament_index_get_resources.cmake:51 (list_append_unique)
[0.326s]   /home/grant/ros2_foxy/ros2-linux/share/rosidl_default_generators/cmake/rosidl_default_generators-extras.cmake:5 (ament_index_get_resources)
[0.326s]   /home/grant/ros2_foxy/ros2-linux/share/rosidl_default_generators/cmake/rosidl_default_generatorsConfig.cmake:41 (include)
[0.326s]   CMakeLists.txt:21 (find_package)
[0.326s] 
[0.326s] 
[0.326s] -- Configuring incomplete, errors occurred!
[0.326s] See also "/home/grant/ros2_ws/build/wave_gazebo_plugins/CMakeFiles/CMakeOutput.log".
[0.328s] Invoked command in '/home/grant/ros2_ws/build/wave_gazebo_plugins' returned '1': CONDA_PROMPT_MODIFIER=(base) /usr/bin/cmake /home/grant/ros2_ws/src/adept-vrx/wave_gazebo_plugins -DCATKIN_INSTALL_INTO_PREFIX_ROOT=0 -DCMAKE_INSTALL_PREFIX=/home/grant/ros2_ws/install/wave_gazebo_plugins
