[100%] Built target model_erb_generation
-- Install configuration: ""
-- Up-to-date: /home/grant/ros2_ws/install/wave_gazebo/share/wave_gazebo/world_models
-- Up-to-date: /home/grant/ros2_ws/install/wave_gazebo/share/wave_gazebo/world_models/ocean_waves
-- Up-to-date: /home/grant/ros2_ws/install/wave_gazebo/share/wave_gazebo/world_models/ocean_waves/model.xacro
-- Up-to-date: /home/grant/ros2_ws/install/wave_gazebo/share/wave_gazebo/world_models/ocean_waves/model.xacro.erb
-- Up-to-date: /home/grant/ros2_ws/install/wave_gazebo/share/wave_gazebo/world_models/ocean_waves/materials
-- Up-to-date: /home/grant/ros2_ws/install/wave_gazebo/share/wave_gazebo/world_models/ocean_waves/materials/programs
-- Up-to-date: /home/grant/ros2_ws/install/wave_gazebo/share/wave_gazebo/world_models/ocean_waves/materials/programs/GerstnerWaves.vert
-- Up-to-date: /home/grant/ros2_ws/install/wave_gazebo/share/wave_gazebo/world_models/ocean_waves/materials/programs/GerstnerWaves.frag
-- Up-to-date: /home/grant/ros2_ws/install/wave_gazebo/share/wave_gazebo/world_models/ocean_waves/materials/scripts
-- Up-to-date: /home/grant/ros2_ws/install/wave_gazebo/share/wave_gazebo/world_models/ocean_waves/materials/scripts/waves.material
-- Up-to-date: /home/grant/ros2_ws/install/wave_gazebo/share/wave_gazebo/world_models/ocean_waves/materials/textures
-- Up-to-date: /home/grant/ros2_ws/install/wave_gazebo/share/wave_gazebo/world_models/ocean_waves/materials/textures/wave_normals.dds
-- Up-to-date: /home/grant/ros2_ws/install/wave_gazebo/share/wave_gazebo/world_models/ocean_waves/materials/textures/clouds.jpg
-- Up-to-date: /home/grant/ros2_ws/install/wave_gazebo/share/wave_gazebo/world_models/ocean_waves/materials/textures/clouds_fr.jpg
-- Up-to-date: /home/grant/ros2_ws/install/wave_gazebo/share/wave_gazebo/world_models/ocean_waves/materials/textures/clouds_dn.jpg
-- Up-to-date: /home/grant/ros2_ws/install/wave_gazebo/share/wave_gazebo/world_models/ocean_waves/materials/textures/clouds_up.jpg
-- Up-to-date: /home/grant/ros2_ws/install/wave_gazebo/share/wave_gazebo/world_models/ocean_waves/materials/textures/clouds_rt.jpg
-- Up-to-date: /home/grant/ros2_ws/install/wave_gazebo/share/wave_gazebo/world_models/ocean_waves/materials/textures/clouds_bk.jpg
-- Up-to-date: /home/grant/ros2_ws/install/wave_gazebo/share/wave_gazebo/world_models/ocean_waves/materials/textures/clouds_lf.jpg
-- Up-to-date: /home/grant/ros2_ws/install/wave_gazebo/share/wave_gazebo/world_models/ocean_waves/model.config
-- Up-to-date: /home/grant/ros2_ws/install/wave_gazebo/share/wave_gazebo/world_models/ocean_waves/meshes
-- Up-to-date: /home/grant/ros2_ws/install/wave_gazebo/share/wave_gazebo/world_models/ocean_waves/meshes/mesh.blend
-- Up-to-date: /home/grant/ros2_ws/install/wave_gazebo/share/wave_gazebo/world_models/ocean_waves/meshes/mesh.dae
-- Up-to-date: /home/grant/ros2_ws/install/wave_gazebo/share/wave_gazebo/world_models/ocean_waves/meshes/mesh_below.dae
-- Up-to-date: /home/grant/ros2_ws/install/wave_gazebo/share/ament_index/resource_index/package_run_dependencies/wave_gazebo
-- Up-to-date: /home/grant/ros2_ws/install/wave_gazebo/share/ament_index/resource_index/parent_prefix_path/wave_gazebo
-- Up-to-date: /home/grant/ros2_ws/install/wave_gazebo/share/wave_gazebo/environment/ament_prefix_path.sh
-- Up-to-date: /home/grant/ros2_ws/install/wave_gazebo/share/wave_gazebo/environment/ament_prefix_path.dsv
-- Up-to-date: /home/grant/ros2_ws/install/wave_gazebo/share/wave_gazebo/environment/path.sh
-- Up-to-date: /home/grant/ros2_ws/install/wave_gazebo/share/wave_gazebo/environment/path.dsv
-- Up-to-date: /home/grant/ros2_ws/install/wave_gazebo/share/wave_gazebo/local_setup.bash
-- Up-to-date: /home/grant/ros2_ws/install/wave_gazebo/share/wave_gazebo/local_setup.sh
-- Up-to-date: /home/grant/ros2_ws/install/wave_gazebo/share/wave_gazebo/local_setup.zsh
-- Up-to-date: /home/grant/ros2_ws/install/wave_gazebo/share/wave_gazebo/local_setup.dsv
-- Up-to-date: /home/grant/ros2_ws/install/wave_gazebo/share/wave_gazebo/package.dsv
-- Up-to-date: /home/grant/ros2_ws/install/wave_gazebo/share/ament_index/resource_index/packages/wave_gazebo
-- Up-to-date: /home/grant/ros2_ws/install/wave_gazebo/share/wave_gazebo/cmake/ament_cmake_export_dependencies-extras.cmake
-- Up-to-date: /home/grant/ros2_ws/install/wave_gazebo/share/wave_gazebo/cmake/wave_gazeboConfig.cmake
-- Up-to-date: /home/grant/ros2_ws/install/wave_gazebo/share/wave_gazebo/cmake/wave_gazeboConfig-version.cmake
-- Up-to-date: /home/grant/ros2_ws/install/wave_gazebo/share/wave_gazebo/package.xml
