[0.041s] Invoking command in '/home/grant/ros2_ws/build/wave_gazebo': CMAKE_PREFIX_PATH=/home/grant/ros2_ws/install/wave_gazebo_plugins:/home/grant/ros2_ws/install/robotx_2022:/home/grant/ros2_ws/install/vrx_gazebo:/home/grant/ros2_ws/install/wave_gazebo:/home/grant/ros2_ws/install/wamv_gazebo:/home/grant/ros2_ws/install/usv_gazebo_plugins:/home/grant/ros2_ws/install/wamv_description:/home/grant/ros2_ws/install/usv_msgs:/home/grant/ros2_ws/install/mavros_extras:/home/grant/ros2_ws/install/mavros:/home/grant/ros2_ws/install/mavros_msgs:/home/grant/ros2_ws/install/libmavconn:/home/grant/ros2_ws/install/mavlink:/opt/ros/foxy:/home/grant/vrx_ws/devel:/home/grant/ros2_foxy/ros2-linux CONDA_PROMPT_MODIFIER=(base) LD_LIBRARY_PATH=/home/grant/ros2_ws/install/wave_gazebo_plugins/lib:/home/grant/ros2_ws/install/vrx_gazebo/lib:/home/grant/ros2_ws/install/usv_gazebo_plugins/lib:/home/grant/ros2_ws/install/usv_msgs/lib:/home/grant/ros2_ws/install/mavros_extras/lib:/home/grant/ros2_ws/install/mavros/lib:/home/grant/ros2_ws/install/mavros_msgs/lib:/home/grant/ros2_ws/install/libmavconn/lib:/home/grant/vrx_ws/devel/lib:/usr/lib/x86_64-linux-gnu/gazebo-11/plugins:/opt/ros/foxy/opt/yaml_cpp_vendor/lib:/opt/ros/foxy/opt/rviz_ogre_vendor/lib:/opt/ros/foxy/lib/x86_64-linux-gnu:/opt/ros/foxy/lib:/home/grant/ros2_foxy/ros2-linux/opt/yaml_cpp_vendor/lib:/home/grant/ros2_foxy/ros2-linux/opt/rviz_ogre_vendor/lib:/opt/rti.com/rti_connext_dds-5.3.1/lib/x64Linux3gcc5.4.0:/home/grant/ros2_foxy/ros2-linux/lib:/usr/lib/x86_64-linux-gnu/gazebo-11/plugins /usr/bin/cmake --build /home/grant/ros2_ws/build/wave_gazebo -- -j8 -l8
[0.116s] [100%] Built target model_erb_generation
[0.131s] Invoked command in '/home/grant/ros2_ws/build/wave_gazebo' returned '0': CMAKE_PREFIX_PATH=/home/grant/ros2_ws/install/wave_gazebo_plugins:/home/grant/ros2_ws/install/robotx_2022:/home/grant/ros2_ws/install/vrx_gazebo:/home/grant/ros2_ws/install/wave_gazebo:/home/grant/ros2_ws/install/wamv_gazebo:/home/grant/ros2_ws/install/usv_gazebo_plugins:/home/grant/ros2_ws/install/wamv_description:/home/grant/ros2_ws/install/usv_msgs:/home/grant/ros2_ws/install/mavros_extras:/home/grant/ros2_ws/install/mavros:/home/grant/ros2_ws/install/mavros_msgs:/home/grant/ros2_ws/install/libmavconn:/home/grant/ros2_ws/install/mavlink:/opt/ros/foxy:/home/grant/vrx_ws/devel:/home/grant/ros2_foxy/ros2-linux CONDA_PROMPT_MODIFIER=(base) LD_LIBRARY_PATH=/home/grant/ros2_ws/install/wave_gazebo_plugins/lib:/home/grant/ros2_ws/install/vrx_gazebo/lib:/home/grant/ros2_ws/install/usv_gazebo_plugins/lib:/home/grant/ros2_ws/install/usv_msgs/lib:/home/grant/ros2_ws/install/mavros_extras/lib:/home/grant/ros2_ws/install/mavros/lib:/home/grant/ros2_ws/install/mavros_msgs/lib:/home/grant/ros2_ws/install/libmavconn/lib:/home/grant/vrx_ws/devel/lib:/usr/lib/x86_64-linux-gnu/gazebo-11/plugins:/opt/ros/foxy/opt/yaml_cpp_vendor/lib:/opt/ros/foxy/opt/rviz_ogre_vendor/lib:/opt/ros/foxy/lib/x86_64-linux-gnu:/opt/ros/foxy/lib:/home/grant/ros2_foxy/ros2-linux/opt/yaml_cpp_vendor/lib:/home/grant/ros2_foxy/ros2-linux/opt/rviz_ogre_vendor/lib:/opt/rti.com/rti_connext_dds-5.3.1/lib/x64Linux3gcc5.4.0:/home/grant/ros2_foxy/ros2-linux/lib:/usr/lib/x86_64-linux-gnu/gazebo-11/plugins /usr/bin/cmake --build /home/grant/ros2_ws/build/wave_gazebo -- -j8 -l8
[0.174s] Invoking command in '/home/grant/ros2_ws/build/wave_gazebo': CMAKE_PREFIX_PATH=/home/grant/ros2_ws/install/wave_gazebo_plugins:/home/grant/ros2_ws/install/robotx_2022:/home/grant/ros2_ws/install/vrx_gazebo:/home/grant/ros2_ws/install/wave_gazebo:/home/grant/ros2_ws/install/wamv_gazebo:/home/grant/ros2_ws/install/usv_gazebo_plugins:/home/grant/ros2_ws/install/wamv_description:/home/grant/ros2_ws/install/usv_msgs:/home/grant/ros2_ws/install/mavros_extras:/home/grant/ros2_ws/install/mavros:/home/grant/ros2_ws/install/mavros_msgs:/home/grant/ros2_ws/install/libmavconn:/home/grant/ros2_ws/install/mavlink:/opt/ros/foxy:/home/grant/vrx_ws/devel:/home/grant/ros2_foxy/ros2-linux CONDA_PROMPT_MODIFIER=(base) LD_LIBRARY_PATH=/home/grant/ros2_ws/install/wave_gazebo_plugins/lib:/home/grant/ros2_ws/install/vrx_gazebo/lib:/home/grant/ros2_ws/install/usv_gazebo_plugins/lib:/home/grant/ros2_ws/install/usv_msgs/lib:/home/grant/ros2_ws/install/mavros_extras/lib:/home/grant/ros2_ws/install/mavros/lib:/home/grant/ros2_ws/install/mavros_msgs/lib:/home/grant/ros2_ws/install/libmavconn/lib:/home/grant/vrx_ws/devel/lib:/usr/lib/x86_64-linux-gnu/gazebo-11/plugins:/opt/ros/foxy/opt/yaml_cpp_vendor/lib:/opt/ros/foxy/opt/rviz_ogre_vendor/lib:/opt/ros/foxy/lib/x86_64-linux-gnu:/opt/ros/foxy/lib:/home/grant/ros2_foxy/ros2-linux/opt/yaml_cpp_vendor/lib:/home/grant/ros2_foxy/ros2-linux/opt/rviz_ogre_vendor/lib:/opt/rti.com/rti_connext_dds-5.3.1/lib/x64Linux3gcc5.4.0:/home/grant/ros2_foxy/ros2-linux/lib:/usr/lib/x86_64-linux-gnu/gazebo-11/plugins /usr/bin/cmake --install /home/grant/ros2_ws/build/wave_gazebo
[0.185s] -- Install configuration: ""
[0.185s] -- Up-to-date: /home/grant/ros2_ws/install/wave_gazebo/share/wave_gazebo/world_models
[0.185s] -- Up-to-date: /home/grant/ros2_ws/install/wave_gazebo/share/wave_gazebo/world_models/ocean_waves
[0.185s] -- Up-to-date: /home/grant/ros2_ws/install/wave_gazebo/share/wave_gazebo/world_models/ocean_waves/model.xacro
[0.185s] -- Up-to-date: /home/grant/ros2_ws/install/wave_gazebo/share/wave_gazebo/world_models/ocean_waves/model.xacro.erb
[0.186s] -- Up-to-date: /home/grant/ros2_ws/install/wave_gazebo/share/wave_gazebo/world_models/ocean_waves/materials
[0.186s] -- Up-to-date: /home/grant/ros2_ws/install/wave_gazebo/share/wave_gazebo/world_models/ocean_waves/materials/programs
[0.186s] -- Up-to-date: /home/grant/ros2_ws/install/wave_gazebo/share/wave_gazebo/world_models/ocean_waves/materials/programs/GerstnerWaves.vert
[0.186s] -- Up-to-date: /home/grant/ros2_ws/install/wave_gazebo/share/wave_gazebo/world_models/ocean_waves/materials/programs/GerstnerWaves.frag
[0.186s] -- Up-to-date: /home/grant/ros2_ws/install/wave_gazebo/share/wave_gazebo/world_models/ocean_waves/materials/scripts
[0.186s] -- Up-to-date: /home/grant/ros2_ws/install/wave_gazebo/share/wave_gazebo/world_models/ocean_waves/materials/scripts/waves.material
[0.186s] -- Up-to-date: /home/grant/ros2_ws/install/wave_gazebo/share/wave_gazebo/world_models/ocean_waves/materials/textures
[0.186s] -- Up-to-date: /home/grant/ros2_ws/install/wave_gazebo/share/wave_gazebo/world_models/ocean_waves/materials/textures/wave_normals.dds
[0.186s] -- Up-to-date: /home/grant/ros2_ws/install/wave_gazebo/share/wave_gazebo/world_models/ocean_waves/materials/textures/clouds.jpg
[0.187s] -- Up-to-date: /home/grant/ros2_ws/install/wave_gazebo/share/wave_gazebo/world_models/ocean_waves/materials/textures/clouds_fr.jpg
[0.187s] -- Up-to-date: /home/grant/ros2_ws/install/wave_gazebo/share/wave_gazebo/world_models/ocean_waves/materials/textures/clouds_dn.jpg
[0.187s] -- Up-to-date: /home/grant/ros2_ws/install/wave_gazebo/share/wave_gazebo/world_models/ocean_waves/materials/textures/clouds_up.jpg
[0.187s] -- Up-to-date: /home/grant/ros2_ws/install/wave_gazebo/share/wave_gazebo/world_models/ocean_waves/materials/textures/clouds_rt.jpg
[0.188s] -- Up-to-date: /home/grant/ros2_ws/install/wave_gazebo/share/wave_gazebo/world_models/ocean_waves/materials/textures/clouds_bk.jpg
[0.188s] -- Up-to-date: /home/grant/ros2_ws/install/wave_gazebo/share/wave_gazebo/world_models/ocean_waves/materials/textures/clouds_lf.jpg
[0.188s] -- Up-to-date: /home/grant/ros2_ws/install/wave_gazebo/share/wave_gazebo/world_models/ocean_waves/model.config
[0.188s] -- Up-to-date: /home/grant/ros2_ws/install/wave_gazebo/share/wave_gazebo/world_models/ocean_waves/meshes
[0.188s] -- Up-to-date: /home/grant/ros2_ws/install/wave_gazebo/share/wave_gazebo/world_models/ocean_waves/meshes/mesh.blend
[0.189s] -- Up-to-date: /home/grant/ros2_ws/install/wave_gazebo/share/wave_gazebo/world_models/ocean_waves/meshes/mesh.dae
[0.189s] -- Up-to-date: /home/grant/ros2_ws/install/wave_gazebo/share/wave_gazebo/world_models/ocean_waves/meshes/mesh_below.dae
[0.189s] -- Up-to-date: /home/grant/ros2_ws/install/wave_gazebo/share/ament_index/resource_index/package_run_dependencies/wave_gazebo
[0.189s] -- Up-to-date: /home/grant/ros2_ws/install/wave_gazebo/share/ament_index/resource_index/parent_prefix_path/wave_gazebo
[0.193s] -- Up-to-date: /home/grant/ros2_ws/install/wave_gazebo/share/wave_gazebo/environment/ament_prefix_path.sh
[0.193s] -- Up-to-date: /home/grant/ros2_ws/install/wave_gazebo/share/wave_gazebo/environment/ament_prefix_path.dsv
[0.193s] -- Up-to-date: /home/grant/ros2_ws/install/wave_gazebo/share/wave_gazebo/environment/path.sh
[0.193s] -- Up-to-date: /home/grant/ros2_ws/install/wave_gazebo/share/wave_gazebo/environment/path.dsv
[0.193s] -- Up-to-date: /home/grant/ros2_ws/install/wave_gazebo/share/wave_gazebo/local_setup.bash
[0.193s] -- Up-to-date: /home/grant/ros2_ws/install/wave_gazebo/share/wave_gazebo/local_setup.sh
[0.193s] -- Up-to-date: /home/grant/ros2_ws/install/wave_gazebo/share/wave_gazebo/local_setup.zsh
[0.194s] -- Up-to-date: /home/grant/ros2_ws/install/wave_gazebo/share/wave_gazebo/local_setup.dsv
[0.194s] -- Up-to-date: /home/grant/ros2_ws/install/wave_gazebo/share/wave_gazebo/package.dsv
[0.194s] -- Up-to-date: /home/grant/ros2_ws/install/wave_gazebo/share/ament_index/resource_index/packages/wave_gazebo
[0.194s] -- Up-to-date: /home/grant/ros2_ws/install/wave_gazebo/share/wave_gazebo/cmake/ament_cmake_export_dependencies-extras.cmake
[0.194s] -- Up-to-date: /home/grant/ros2_ws/install/wave_gazebo/share/wave_gazebo/cmake/wave_gazeboConfig.cmake
[0.194s] -- Up-to-date: /home/grant/ros2_ws/install/wave_gazebo/share/wave_gazebo/cmake/wave_gazeboConfig-version.cmake
[0.195s] -- Up-to-date: /home/grant/ros2_ws/install/wave_gazebo/share/wave_gazebo/package.xml
[0.195s] Invoked command in '/home/grant/ros2_ws/build/wave_gazebo' returned '0': CMAKE_PREFIX_PATH=/home/grant/ros2_ws/install/wave_gazebo_plugins:/home/grant/ros2_ws/install/robotx_2022:/home/grant/ros2_ws/install/vrx_gazebo:/home/grant/ros2_ws/install/wave_gazebo:/home/grant/ros2_ws/install/wamv_gazebo:/home/grant/ros2_ws/install/usv_gazebo_plugins:/home/grant/ros2_ws/install/wamv_description:/home/grant/ros2_ws/install/usv_msgs:/home/grant/ros2_ws/install/mavros_extras:/home/grant/ros2_ws/install/mavros:/home/grant/ros2_ws/install/mavros_msgs:/home/grant/ros2_ws/install/libmavconn:/home/grant/ros2_ws/install/mavlink:/opt/ros/foxy:/home/grant/vrx_ws/devel:/home/grant/ros2_foxy/ros2-linux CONDA_PROMPT_MODIFIER=(base) LD_LIBRARY_PATH=/home/grant/ros2_ws/install/wave_gazebo_plugins/lib:/home/grant/ros2_ws/install/vrx_gazebo/lib:/home/grant/ros2_ws/install/usv_gazebo_plugins/lib:/home/grant/ros2_ws/install/usv_msgs/lib:/home/grant/ros2_ws/install/mavros_extras/lib:/home/grant/ros2_ws/install/mavros/lib:/home/grant/ros2_ws/install/mavros_msgs/lib:/home/grant/ros2_ws/install/libmavconn/lib:/home/grant/vrx_ws/devel/lib:/usr/lib/x86_64-linux-gnu/gazebo-11/plugins:/opt/ros/foxy/opt/yaml_cpp_vendor/lib:/opt/ros/foxy/opt/rviz_ogre_vendor/lib:/opt/ros/foxy/lib/x86_64-linux-gnu:/opt/ros/foxy/lib:/home/grant/ros2_foxy/ros2-linux/opt/yaml_cpp_vendor/lib:/home/grant/ros2_foxy/ros2-linux/opt/rviz_ogre_vendor/lib:/opt/rti.com/rti_connext_dds-5.3.1/lib/x64Linux3gcc5.4.0:/home/grant/ros2_foxy/ros2-linux/lib:/usr/lib/x86_64-linux-gnu/gazebo-11/plugins /usr/bin/cmake --install /home/grant/ros2_ws/build/wave_gazebo
