[0.033s] Invoking command in '/home/grant/ros2_ws/build/wave_gazebo_plugins': CMAKE_PREFIX_PATH=/home/grant/ros2_ws/install/mavros_extras:/home/grant/ros2_ws/install/mavros:/home/grant/ros2_ws/install/mavros_msgs:/home/grant/ros2_ws/install/libmavconn:/home/grant/ros2_ws/install/mavlink:/opt/ros/foxy:/home/grant/vrx_ws/devel:/opt/ros/noetic:/home/grant/ros2_foxy/ros2-linux CONDA_PROMPT_MODIFIER=(base) /usr/bin/cmake --build /home/grant/ros2_ws/build/wave_gazebo_plugins -- -j8 -l8
[0.064s] -- Found ament_cmake: 0.9.11 (/opt/ros/foxy/share/ament_cmake/cmake)
[0.091s] -- Using PYTHON_EXECUTABLE: /home/grant/miniconda3/bin/python3
[0.385s] -- Found DART: /usr/include (Required is at least version "6.6") found components: dart 
[0.416s] -- Found Protobuf: /usr/lib/x86_64-linux-gnu/libprotobuf.so;-lpthread (found version "3.6.1") 
[0.418s] -- Looking for ignition-math6 -- found version 6.13.0
[0.422s] -- Searching for dependencies of ignition-math6
[0.424s] -- Looking for OGRE...
[0.429s] -- Found Ogre Ghadamon (1.9.0)
[0.429s] -- Found OGRE: optimized;/usr/lib/x86_64-linux-gnu/libOgreMain.so;debug;/usr/lib/x86_64-linux-gnu/libOgreMain.so
[0.439s] -- Looking for OGRE_Paging...
[0.439s] -- Found OGRE_Paging: optimized;/usr/lib/x86_64-linux-gnu/libOgrePaging.so;debug;/usr/lib/x86_64-linux-gnu/libOgrePaging.so
[0.440s] -- Looking for OGRE_Terrain...
[0.440s] -- Found OGRE_Terrain: optimized;/usr/lib/x86_64-linux-gnu/libOgreTerrain.so;debug;/usr/lib/x86_64-linux-gnu/libOgreTerrain.so
[0.440s] -- Looking for OGRE_Property...
[0.440s] -- Found OGRE_Property: optimized;/usr/lib/x86_64-linux-gnu/libOgreProperty.so;debug;/usr/lib/x86_64-linux-gnu/libOgreProperty.so
[0.440s] -- Looking for OGRE_RTShaderSystem...
[0.440s] -- Found OGRE_RTShaderSystem: optimized;/usr/lib/x86_64-linux-gnu/libOgreRTShaderSystem.so;debug;/usr/lib/x86_64-linux-gnu/libOgreRTShaderSystem.so
[0.440s] -- Looking for OGRE_Volume...
[0.440s] -- Found OGRE_Volume: optimized;/usr/lib/x86_64-linux-gnu/libOgreVolume.so;debug;/usr/lib/x86_64-linux-gnu/libOgreVolume.so
[0.440s] -- Looking for OGRE_Overlay...
[0.440s] -- Found OGRE_Overlay: optimized;/usr/lib/x86_64-linux-gnu/libOgreOverlay.so;debug;/usr/lib/x86_64-linux-gnu/libOgreOverlay.so
[0.632s] -- Looking for ignition-math6 -- found version 6.13.0
[0.632s] -- Looking for ignition-transport8 -- found version 8.3.0
[0.633s] -- Searching for dependencies of ignition-transport8
[0.649s] -- Found Protobuf: /usr/lib/x86_64-linux-gnu/libprotobuf.so;-lpthread (found suitable version "3.6.1", minimum required is "3") 
[0.654s] -- Checking for module 'uuid'
[0.665s] --   Found uuid, version 2.34.0
[0.690s] -- Looking for ignition-msgs5 -- found version 5.11.0
[0.690s] -- Searching for dependencies of ignition-msgs5
[0.706s] -- Looking for ignition-math6 -- found version 6.13.0
[0.709s] -- Checking for module 'tinyxml2'
[0.720s] --   Found tinyxml2, version 6.2.0
[0.746s] -- Looking for ignition-msgs5 -- found version 5.11.0
[0.746s] -- Looking for ignition-common3 -- found version 3.15.1
[0.746s] -- Searching for dependencies of ignition-common3
[0.746s] -- Looking for dlfcn.h - found
[0.747s] -- Looking for libdl - found
[0.757s] -- Searching for <ignition-common3> component [graphics]
[0.757s] -- Looking for ignition-common3-graphics -- found version 3.15.1
[0.757s] -- Searching for dependencies of ignition-common3-graphics
[0.758s] -- Looking for ignition-math6 -- found version 6.13.0
[0.759s] -- Looking for ignition-fuel_tools4 -- found version 4.6.0
[0.759s] -- Searching for dependencies of ignition-fuel_tools4
[0.782s] -- Checking for module 'jsoncpp'
[0.793s] --   Found jsoncpp, version 1.7.4
[0.822s] -- Checking for module 'libzip'
[0.833s] --   Found libzip, version 1.5.1
[0.858s] -- Looking for ignition-common3 -- found version 3.15.1
[0.858s] -- Looking for ignition-math6 -- found version 6.13.0
[0.859s] -- Looking for ignition-msgs5 -- found version 5.11.0
[0.863s] -- Configuring done
[0.899s] -- Generating done
[0.902s] -- Build files have been written to: /home/grant/ros2_ws/build/wave_gazebo_plugins
[0.924s] [35m[1mScanning dependencies of target Hydrodynamics[0m
[0.935s] [ 21%] [32mBuilding CXX object CMakeFiles/Hydrodynamics.dir/src/Geometry.cc.o[0m
[0.935s] [ 21%] [32mBuilding CXX object CMakeFiles/Hydrodynamics.dir/src/PhysicalConstants.cc.o[0m
[0.935s] [ 21%] [32mBuilding CXX object CMakeFiles/Hydrodynamics.dir/src/Gazebo.cc.o[0m
[0.935s] [ 28%] [32mBuilding CXX object CMakeFiles/Hydrodynamics.dir/src/Physics.cc.o[0m
[0.937s] [ 35%] [32mBuilding CXX object CMakeFiles/Hydrodynamics.dir/src/Wavefield.cc.o[0m
[0.938s] [ 42%] [32mBuilding CXX object CMakeFiles/Hydrodynamics.dir/src/Utilities.cc.o[0m
[0.941s] [ 50%] [32mBuilding CXX object CMakeFiles/Hydrodynamics.dir/src/WavefieldEntity.cc.o[0m
[13.832s] [ 57%] [32m[1mLinking CXX shared library libHydrodynamics.so[0m
[14.280s] [ 57%] Built target Hydrodynamics
[14.289s] [35m[1mScanning dependencies of target WavefieldVisualPlugin[0m
[14.289s] [35m[1mScanning dependencies of target WavefieldModelPlugin[0m
[14.390s] [ 64%] [32mBuilding CXX object CMakeFiles/WavefieldModelPlugin.dir/src/WavefieldModelPlugin.cc.o[0m
[14.395s] [ 71%] [32mBuilding CXX object CMakeFiles/WavefieldVisualPlugin.dir/src/WavefieldVisualPlugin.cc.o[0m
[22.899s] [ 78%] [32m[1mLinking CXX shared library libWavefieldModelPlugin.so[0m
[23.233s] [ 78%] Built target WavefieldModelPlugin
[23.241s] [35m[1mScanning dependencies of target wavegauge_plugin[0m
[23.341s] [ 85%] [32mBuilding CXX object CMakeFiles/wavegauge_plugin.dir/src/wavegauge_plugin.cc.o[0m
[27.233s] [ 92%] [32m[1mLinking CXX shared library libWavefieldVisualPlugin.so[0m
[27.617s] [ 92%] Built target WavefieldVisualPlugin
[31.991s] [100%] [32m[1mLinking CXX shared library libwavegauge_plugin.so[0m
[32.321s] [100%] Built target wavegauge_plugin
[32.329s] Invoked command in '/home/grant/ros2_ws/build/wave_gazebo_plugins' returned '0': CMAKE_PREFIX_PATH=/home/grant/ros2_ws/install/mavros_extras:/home/grant/ros2_ws/install/mavros:/home/grant/ros2_ws/install/mavros_msgs:/home/grant/ros2_ws/install/libmavconn:/home/grant/ros2_ws/install/mavlink:/opt/ros/foxy:/home/grant/vrx_ws/devel:/opt/ros/noetic:/home/grant/ros2_foxy/ros2-linux CONDA_PROMPT_MODIFIER=(base) /usr/bin/cmake --build /home/grant/ros2_ws/build/wave_gazebo_plugins -- -j8 -l8
[32.384s] Invoking command in '/home/grant/ros2_ws/build/wave_gazebo_plugins': CMAKE_PREFIX_PATH=/home/grant/ros2_ws/install/mavros_extras:/home/grant/ros2_ws/install/mavros:/home/grant/ros2_ws/install/mavros_msgs:/home/grant/ros2_ws/install/libmavconn:/home/grant/ros2_ws/install/mavlink:/opt/ros/foxy:/home/grant/vrx_ws/devel:/opt/ros/noetic:/home/grant/ros2_foxy/ros2-linux CONDA_PROMPT_MODIFIER=(base) /usr/bin/cmake --install /home/grant/ros2_ws/build/wave_gazebo_plugins
[32.389s] -- Install configuration: ""
[32.390s] -- Installing: /home/grant/ros2_ws/install/wave_gazebo_plugins/lib/libHydrodynamics.so
[32.391s] -- Installing: /home/grant/ros2_ws/install/wave_gazebo_plugins/lib/libWavefieldModelPlugin.so
[32.392s] -- Set runtime path of "/home/grant/ros2_ws/install/wave_gazebo_plugins/lib/libWavefieldModelPlugin.so" to ""
[32.392s] -- Installing: /home/grant/ros2_ws/install/wave_gazebo_plugins/lib/libWavefieldVisualPlugin.so
[32.394s] -- Set runtime path of "/home/grant/ros2_ws/install/wave_gazebo_plugins/lib/libWavefieldVisualPlugin.so" to ""
[32.394s] -- Installing: /home/grant/ros2_ws/install/wave_gazebo_plugins/lib/libwavegauge_plugin.so
[32.395s] -- Set runtime path of "/home/grant/ros2_ws/install/wave_gazebo_plugins/lib/libwavegauge_plugin.so" to ""
[32.395s] -- Installing: /home/grant/ros2_ws/install/wave_gazebo_plugins/include
[32.396s] -- Installing: /home/grant/ros2_ws/install/wave_gazebo_plugins/include/WavefieldModelPlugin.hh
[32.396s] -- Installing: /home/grant/ros2_ws/install/wave_gazebo_plugins/include/Geometry.hh
[32.396s] -- Installing: /home/grant/ros2_ws/install/wave_gazebo_plugins/include/Physics.hh
[32.396s] -- Installing: /home/grant/ros2_ws/install/wave_gazebo_plugins/include/wavegauge_plugin.hh
[32.396s] -- Installing: /home/grant/ros2_ws/install/wave_gazebo_plugins/include/WavefieldVisualPlugin.hh
[32.396s] -- Installing: /home/grant/ros2_ws/install/wave_gazebo_plugins/include/Utilities.hh
[32.396s] -- Installing: /home/grant/ros2_ws/install/wave_gazebo_plugins/include/Gazebo.hh
[32.397s] -- Installing: /home/grant/ros2_ws/install/wave_gazebo_plugins/include/PhysicalConstants.hh
[32.397s] -- Installing: /home/grant/ros2_ws/install/wave_gazebo_plugins/include/Wavefield.hh
[32.397s] -- Installing: /home/grant/ros2_ws/install/wave_gazebo_plugins/include/WavefieldEntity.hh
[32.397s] -- Up-to-date: /home/grant/ros2_ws/install/wave_gazebo_plugins/include
[32.397s] -- Installing: /home/grant/ros2_ws/install/wave_gazebo_plugins/include/wave_gazebo_plugins
[32.397s] -- Up-to-date: /home/grant/ros2_ws/install/wave_gazebo_plugins/include
[32.397s] -- Installing: /home/grant/ros2_ws/install/wave_gazebo_plugins/include/ament_cmake_package_templates
[32.397s] -- Installing: /home/grant/ros2_ws/install/wave_gazebo_plugins/include/ament_cmake_core
[32.397s] -- Installing: /home/grant/ros2_ws/install/wave_gazebo_plugins/include/ament_cmake_core/stamps
[32.397s] -- Installing: /home/grant/ros2_ws/install/wave_gazebo_plugins/include/ament_cmake_uninstall_target
[32.398s] -- Installing: /home/grant/ros2_ws/install/wave_gazebo_plugins/include/CMakeFiles
[32.398s] -- Installing: /home/grant/ros2_ws/install/wave_gazebo_plugins/include/CMakeFiles/wave_gazebo_plugins_uninstall.dir
[32.398s] -- Installing: /home/grant/ros2_ws/install/wave_gazebo_plugins/include/CMakeFiles/3.16.3
[32.398s] -- Installing: /home/grant/ros2_ws/install/wave_gazebo_plugins/include/CMakeFiles/3.16.3/CompilerIdC
[32.398s] -- Installing: /home/grant/ros2_ws/install/wave_gazebo_plugins/include/CMakeFiles/3.16.3/CompilerIdC/tmp
[32.398s] -- Installing: /home/grant/ros2_ws/install/wave_gazebo_plugins/include/CMakeFiles/3.16.3/CompilerIdCXX
[32.398s] -- Installing: /home/grant/ros2_ws/install/wave_gazebo_plugins/include/CMakeFiles/3.16.3/CompilerIdCXX/tmp
[32.398s] -- Installing: /home/grant/ros2_ws/install/wave_gazebo_plugins/include/CMakeFiles/uninstall.dir
[32.398s] -- Installing: /home/grant/ros2_ws/install/wave_gazebo_plugins/include/CMakeFiles/CMakeTmp
[32.399s] -- Installing: /home/grant/ros2_ws/install/wave_gazebo_plugins/include/CMakeFiles/WavefieldVisualPlugin.dir
[32.399s] -- Installing: /home/grant/ros2_ws/install/wave_gazebo_plugins/include/CMakeFiles/WavefieldVisualPlugin.dir/src
[32.399s] -- Installing: /home/grant/ros2_ws/install/wave_gazebo_plugins/include/CMakeFiles/wavegauge_plugin.dir
[32.399s] -- Installing: /home/grant/ros2_ws/install/wave_gazebo_plugins/include/CMakeFiles/wavegauge_plugin.dir/src
[32.399s] -- Installing: /home/grant/ros2_ws/install/wave_gazebo_plugins/include/CMakeFiles/Hydrodynamics.dir
[32.399s] -- Installing: /home/grant/ros2_ws/install/wave_gazebo_plugins/include/CMakeFiles/Hydrodynamics.dir/src
[32.399s] -- Installing: /home/grant/ros2_ws/install/wave_gazebo_plugins/include/CMakeFiles/WavefieldModelPlugin.dir
[32.399s] -- Installing: /home/grant/ros2_ws/install/wave_gazebo_plugins/include/CMakeFiles/WavefieldModelPlugin.dir/src
[32.404s] Invoked command in '/home/grant/ros2_ws/build/wave_gazebo_plugins' returned '0': CMAKE_PREFIX_PATH=/home/grant/ros2_ws/install/mavros_extras:/home/grant/ros2_ws/install/mavros:/home/grant/ros2_ws/install/mavros_msgs:/home/grant/ros2_ws/install/libmavconn:/home/grant/ros2_ws/install/mavlink:/opt/ros/foxy:/home/grant/vrx_ws/devel:/opt/ros/noetic:/home/grant/ros2_foxy/ros2-linux CONDA_PROMPT_MODIFIER=(base) /usr/bin/cmake --install /home/grant/ros2_ws/build/wave_gazebo_plugins
