[3.841s] Invoking command in '/home/adept/ros2_ws_2/src/ros2_robotx': PYTHONPATH=/home/adept/ros2_ws_2/install/ros2_robotx/lib/python3.8/site-packages:${PYTHONPATH} /usr/bin/python3 setup.py egg_info --egg-base ../../build/ros2_robotx build --build-base /home/adept/ros2_ws_2/build/ros2_robotx/build install --prefix /home/adept/ros2_ws_2/install/ros2_robotx --record /home/adept/ros2_ws_2/build/ros2_robotx/install.log --single-version-externally-managed
[4.991s] running egg_info
[4.993s] writing ../../build/ros2_robotx/ros2_robotx.egg-info/PKG-INFO
[4.993s] writing dependency_links to ../../build/ros2_robotx/ros2_robotx.egg-info/dependency_links.txt
[4.994s] writing entry points to ../../build/ros2_robotx/ros2_robotx.egg-info/entry_points.txt
[4.995s] writing requirements to ../../build/ros2_robotx/ros2_robotx.egg-info/requires.txt
[4.995s] writing top-level names to ../../build/ros2_robotx/ros2_robotx.egg-info/top_level.txt
[5.159s] reading manifest file '../../build/ros2_robotx/ros2_robotx.egg-info/SOURCES.txt'
[5.162s] writing manifest file '../../build/ros2_robotx/ros2_robotx.egg-info/SOURCES.txt'
[5.162s] running build
[5.163s] running build_py
[5.163s] copying ros2_robotx/drone_control.py -> /home/adept/ros2_ws_2/build/ros2_robotx/build/lib/ros2_robotx
[5.164s] running install
[5.166s] running install_lib
[5.168s] copying /home/adept/ros2_ws_2/build/ros2_robotx/build/lib/ros2_robotx/drone_control.py -> /home/adept/ros2_ws_2/install/ros2_robotx/lib/python3.8/site-packages/ros2_robotx
[5.172s] byte-compiling /home/adept/ros2_ws_2/install/ros2_robotx/lib/python3.8/site-packages/ros2_robotx/drone_control.py to drone_control.cpython-38.pyc
[5.187s] running install_data
[5.190s] running install_egg_info
[5.199s] removing '/home/adept/ros2_ws_2/install/ros2_robotx/lib/python3.8/site-packages/ros2_robotx-0.0.0-py3.8.egg-info' (and everything under it)
[5.201s] Copying ../../build/ros2_robotx/ros2_robotx.egg-info to /home/adept/ros2_ws_2/install/ros2_robotx/lib/python3.8/site-packages/ros2_robotx-0.0.0-py3.8.egg-info
[5.205s] running install_scripts
[5.290s] Installing drone_control script to /home/adept/ros2_ws_2/install/ros2_robotx/lib/ros2_robotx
[5.291s] Installing teleop_key script to /home/adept/ros2_ws_2/install/ros2_robotx/lib/ros2_robotx
[5.291s] Installing wamv_sim script to /home/adept/ros2_ws_2/install/ros2_robotx/lib/ros2_robotx
[5.292s] writing list of installed files to '/home/adept/ros2_ws_2/build/ros2_robotx/install.log'
[5.375s] Invoked command in '/home/adept/ros2_ws_2/src/ros2_robotx' returned '0': PYTHONPATH=/home/adept/ros2_ws_2/install/ros2_robotx/lib/python3.8/site-packages:${PYTHONPATH} /usr/bin/python3 setup.py egg_info --egg-base ../../build/ros2_robotx build --build-base /home/adept/ros2_ws_2/build/ros2_robotx/build install --prefix /home/adept/ros2_ws_2/install/ros2_robotx --record /home/adept/ros2_ws_2/build/ros2_robotx/install.log --single-version-externally-managed
