[  2%] Built target usv_msgs__cpp
[  4%] Built target usv_msgs__dds_connext_idl
[ 10%] Built target usv_msgs__rosidl_generator_c
[ 16%] Built target usv_msgs__rosidl_typesupport_fastrtps_cpp
[ 22%] Built target usv_msgs__rosidl_typesupport_c
[ 28%] Built target usv_msgs__rosidl_typesupport_cpp
[ 42%] Built target usv_msgs__rosidl_typesupport_connext_cpp
[ 48%] Built target usv_msgs__rosidl_typesupport_introspection_cpp
[ 55%] Built target usv_msgs__rosidl_typesupport_introspection_c
[ 61%] Built target usv_msgs__rosidl_typesupport_fastrtps_c
[ 77%] Built target usv_msgs__rosidl_typesupport_connext_c
[ 77%] Built target usv_msgs
[ 79%] Built target usv_msgs__py
[ 83%] Built target usv_msgs__python
[ 91%] Built target usv_msgs__rosidl_typesupport_connext_c__pyext
[ 91%] Built target usv_msgs__rosidl_typesupport_fastrtps_c__pyext
[ 95%] Built target usv_msgs__rosidl_typesupport_introspection_c__pyext
[100%] Built target usv_msgs__rosidl_typesupport_c__pyext
-- Install configuration: ""
-- Up-to-date: /home/grant/ros2_ws/install/usv_msgs/share/ament_index/resource_index/rosidl_interfaces/usv_msgs
-- Up-to-date: /home/grant/ros2_ws/install/usv_msgs/include/usv_msgs
-- Up-to-date: /home/grant/ros2_ws/install/usv_msgs/include/usv_msgs/msg
-- Up-to-date: /home/grant/ros2_ws/install/usv_msgs/include/usv_msgs/msg/detail
-- Up-to-date: /home/grant/ros2_ws/install/usv_msgs/include/usv_msgs/msg/detail/range_bearing__functions.c
-- Up-to-date: /home/grant/ros2_ws/install/usv_msgs/include/usv_msgs/msg/detail/range_bearing__functions.h
-- Up-to-date: /home/grant/ros2_ws/install/usv_msgs/include/usv_msgs/msg/detail/range_bearing__struct.h
-- Up-to-date: /home/grant/ros2_ws/install/usv_msgs/include/usv_msgs/msg/detail/range_bearing__type_support.h
-- Up-to-date: /home/grant/ros2_ws/install/usv_msgs/include/usv_msgs/msg/rosidl_generator_c__visibility_control.h
-- Up-to-date: /home/grant/ros2_ws/install/usv_msgs/include/usv_msgs/msg/range_bearing.h
-- Up-to-date: /home/grant/ros2_ws/install/usv_msgs/share/usv_msgs/environment/library_path.sh
-- Up-to-date: /home/grant/ros2_ws/install/usv_msgs/share/usv_msgs/environment/library_path.dsv
-- Up-to-date: /home/grant/ros2_ws/install/usv_msgs/lib/libusv_msgs__rosidl_generator_c.so
-- Up-to-date: /home/grant/ros2_ws/install/usv_msgs/include/usv_msgs
-- Up-to-date: /home/grant/ros2_ws/install/usv_msgs/include/usv_msgs/msg
-- Up-to-date: /home/grant/ros2_ws/install/usv_msgs/include/usv_msgs/msg/rosidl_typesupport_fastrtps_c__visibility_control.h
-- Up-to-date: /home/grant/ros2_ws/install/usv_msgs/include/usv_msgs/msg/detail
-- Up-to-date: /home/grant/ros2_ws/install/usv_msgs/include/usv_msgs/msg/detail/range_bearing__rosidl_typesupport_fastrtps_c.h
-- Up-to-date: /home/grant/ros2_ws/install/usv_msgs/lib/libusv_msgs__rosidl_typesupport_fastrtps_c.so
-- Up-to-date: /home/grant/ros2_ws/install/usv_msgs/include/usv_msgs
-- Up-to-date: /home/grant/ros2_ws/install/usv_msgs/include/usv_msgs/msg
-- Up-to-date: /home/grant/ros2_ws/install/usv_msgs/include/usv_msgs/msg/detail
-- Up-to-date: /home/grant/ros2_ws/install/usv_msgs/include/usv_msgs/msg/detail/dds_fastrtps
-- Up-to-date: /home/grant/ros2_ws/install/usv_msgs/include/usv_msgs/msg/detail/range_bearing__rosidl_typesupport_fastrtps_cpp.hpp
-- Up-to-date: /home/grant/ros2_ws/install/usv_msgs/include/usv_msgs/msg/rosidl_typesupport_fastrtps_cpp__visibility_control.h
-- Up-to-date: /home/grant/ros2_ws/install/usv_msgs/lib/libusv_msgs__rosidl_typesupport_fastrtps_cpp.so
-- Up-to-date: /home/grant/ros2_ws/install/usv_msgs/include/usv_msgs
-- Up-to-date: /home/grant/ros2_ws/install/usv_msgs/include/usv_msgs/msg
-- Up-to-date: /home/grant/ros2_ws/install/usv_msgs/include/usv_msgs/msg/detail
-- Up-to-date: /home/grant/ros2_ws/install/usv_msgs/include/usv_msgs/msg/detail/range_bearing__type_support.c
-- Up-to-date: /home/grant/ros2_ws/install/usv_msgs/include/usv_msgs/msg/detail/range_bearing__rosidl_typesupport_introspection_c.h
-- Up-to-date: /home/grant/ros2_ws/install/usv_msgs/include/usv_msgs/msg/rosidl_typesupport_introspection_c__visibility_control.h
-- Up-to-date: /home/grant/ros2_ws/install/usv_msgs/lib/libusv_msgs__rosidl_typesupport_introspection_c.so
-- Up-to-date: /home/grant/ros2_ws/install/usv_msgs/include/usv_msgs
-- Up-to-date: /home/grant/ros2_ws/install/usv_msgs/include/usv_msgs/msg
-- Up-to-date: /home/grant/ros2_ws/install/usv_msgs/include/usv_msgs/msg/range_bearing__rosidl_typesupport_connext_c.h
-- Up-to-date: /home/grant/ros2_ws/install/usv_msgs/include/usv_msgs/msg/dds_connext
-- Up-to-date: /home/grant/ros2_ws/install/usv_msgs/include/usv_msgs/msg/rosidl_typesupport_connext_c__visibility_control.h
-- Up-to-date: /home/grant/ros2_ws/install/usv_msgs/lib/libusv_msgs__rosidl_typesupport_connext_c.so
-- Up-to-date: /home/grant/ros2_ws/install/usv_msgs/share/usv_msgs/msg/dds_connext
-- Up-to-date: /home/grant/ros2_ws/install/usv_msgs/share/usv_msgs/msg/dds_connext/RangeBearing_.idl
-- Up-to-date: /home/grant/ros2_ws/install/usv_msgs/include/usv_msgs
-- Up-to-date: /home/grant/ros2_ws/install/usv_msgs/include/usv_msgs/msg
-- Up-to-date: /home/grant/ros2_ws/install/usv_msgs/include/usv_msgs/msg/dds_connext
-- Up-to-date: /home/grant/ros2_ws/install/usv_msgs/include/usv_msgs/msg/dds_connext/RangeBearing_.cxx
-- Up-to-date: /home/grant/ros2_ws/install/usv_msgs/include/usv_msgs/msg/dds_connext/RangeBearing_Support.h
-- Up-to-date: /home/grant/ros2_ws/install/usv_msgs/include/usv_msgs/msg/dds_connext/RangeBearing_Plugin.cxx
-- Up-to-date: /home/grant/ros2_ws/install/usv_msgs/include/usv_msgs/msg/dds_connext/RangeBearing_Support.cxx
-- Up-to-date: /home/grant/ros2_ws/install/usv_msgs/include/usv_msgs/msg/dds_connext/RangeBearing_.h
-- Up-to-date: /home/grant/ros2_ws/install/usv_msgs/include/usv_msgs/msg/dds_connext/RangeBearing_Plugin.h
-- Up-to-date: /home/grant/ros2_ws/install/usv_msgs/include/usv_msgs/msg/range_bearing__rosidl_typesupport_connext_cpp.hpp
-- Up-to-date: /home/grant/ros2_ws/install/usv_msgs/include/usv_msgs/msg/rosidl_typesupport_connext_cpp__visibility_control.h
-- Up-to-date: /home/grant/ros2_ws/install/usv_msgs/lib/libusv_msgs__rosidl_typesupport_connext_cpp.so
-- Up-to-date: /home/grant/ros2_ws/install/usv_msgs/lib/libusv_msgs__rosidl_typesupport_c.so
-- Up-to-date: /home/grant/ros2_ws/install/usv_msgs/include/usv_msgs
-- Up-to-date: /home/grant/ros2_ws/install/usv_msgs/include/usv_msgs/msg
-- Up-to-date: /home/grant/ros2_ws/install/usv_msgs/include/usv_msgs/msg/detail
-- Up-to-date: /home/grant/ros2_ws/install/usv_msgs/include/usv_msgs/msg/detail/range_bearing__builder.hpp
-- Up-to-date: /home/grant/ros2_ws/install/usv_msgs/include/usv_msgs/msg/detail/range_bearing__struct.hpp
-- Up-to-date: /home/grant/ros2_ws/install/usv_msgs/include/usv_msgs/msg/detail/range_bearing__traits.hpp
-- Up-to-date: /home/grant/ros2_ws/install/usv_msgs/include/usv_msgs/msg/range_bearing.hpp
-- Up-to-date: /home/grant/ros2_ws/install/usv_msgs/include/usv_msgs
-- Up-to-date: /home/grant/ros2_ws/install/usv_msgs/include/usv_msgs/msg
-- Up-to-date: /home/grant/ros2_ws/install/usv_msgs/include/usv_msgs/msg/detail
-- Up-to-date: /home/grant/ros2_ws/install/usv_msgs/include/usv_msgs/msg/detail/range_bearing__type_support.cpp
-- Up-to-date: /home/grant/ros2_ws/install/usv_msgs/include/usv_msgs/msg/detail/range_bearing__rosidl_typesupport_introspection_cpp.hpp
-- Up-to-date: /home/grant/ros2_ws/install/usv_msgs/lib/libusv_msgs__rosidl_typesupport_introspection_cpp.so
-- Up-to-date: /home/grant/ros2_ws/install/usv_msgs/lib/libusv_msgs__rosidl_typesupport_cpp.so
-- Up-to-date: /home/grant/ros2_ws/install/usv_msgs/share/usv_msgs/environment/pythonpath.sh
-- Up-to-date: /home/grant/ros2_ws/install/usv_msgs/share/usv_msgs/environment/pythonpath.dsv
-- Up-to-date: /home/grant/ros2_ws/install/usv_msgs/lib/python3.8/site-packages/usv_msgs/__init__.py
-- Up-to-date: /home/grant/ros2_ws/install/usv_msgs/lib/python3.8/site-packages/usv_msgs/msg
-- Up-to-date: /home/grant/ros2_ws/install/usv_msgs/lib/python3.8/site-packages/usv_msgs/msg/_range_bearing_s.c
-- Up-to-date: /home/grant/ros2_ws/install/usv_msgs/lib/python3.8/site-packages/usv_msgs/msg/__init__.py
-- Up-to-date: /home/grant/ros2_ws/install/usv_msgs/lib/python3.8/site-packages/usv_msgs/msg/_range_bearing.py
-- Up-to-date: /home/grant/ros2_ws/install/usv_msgs/lib/python3.8/site-packages/usv_msgs/usv_msgs_s__rosidl_typesupport_fastrtps_c.cpython-38-x86_64-linux-gnu.so
-- Up-to-date: /home/grant/ros2_ws/install/usv_msgs/lib/python3.8/site-packages/usv_msgs/usv_msgs_s__rosidl_typesupport_introspection_c.cpython-38-x86_64-linux-gnu.so
-- Up-to-date: /home/grant/ros2_ws/install/usv_msgs/lib/python3.8/site-packages/usv_msgs/usv_msgs_s__rosidl_typesupport_connext_c.cpython-38-x86_64-linux-gnu.so
-- Up-to-date: /home/grant/ros2_ws/install/usv_msgs/lib/python3.8/site-packages/usv_msgs/usv_msgs_s__rosidl_typesupport_c.cpython-38-x86_64-linux-gnu.so
-- Up-to-date: /home/grant/ros2_ws/install/usv_msgs/lib/libusv_msgs__python.so
-- Up-to-date: /home/grant/ros2_ws/install/usv_msgs/share/usv_msgs/msg/RangeBearing.idl
-- Up-to-date: /home/grant/ros2_ws/install/usv_msgs/share/usv_msgs/msg/RangeBearing.msg
-- Up-to-date: /home/grant/ros2_ws/install/usv_msgs/share/ament_index/resource_index/package_run_dependencies/usv_msgs
-- Up-to-date: /home/grant/ros2_ws/install/usv_msgs/share/ament_index/resource_index/parent_prefix_path/usv_msgs
-- Up-to-date: /home/grant/ros2_ws/install/usv_msgs/share/usv_msgs/environment/ament_prefix_path.sh
-- Up-to-date: /home/grant/ros2_ws/install/usv_msgs/share/usv_msgs/environment/ament_prefix_path.dsv
-- Up-to-date: /home/grant/ros2_ws/install/usv_msgs/share/usv_msgs/environment/path.sh
-- Up-to-date: /home/grant/ros2_ws/install/usv_msgs/share/usv_msgs/environment/path.dsv
-- Up-to-date: /home/grant/ros2_ws/install/usv_msgs/share/usv_msgs/local_setup.bash
-- Up-to-date: /home/grant/ros2_ws/install/usv_msgs/share/usv_msgs/local_setup.sh
-- Up-to-date: /home/grant/ros2_ws/install/usv_msgs/share/usv_msgs/local_setup.zsh
-- Up-to-date: /home/grant/ros2_ws/install/usv_msgs/share/usv_msgs/local_setup.dsv
-- Installing: /home/grant/ros2_ws/install/usv_msgs/share/usv_msgs/package.dsv
-- Up-to-date: /home/grant/ros2_ws/install/usv_msgs/share/ament_index/resource_index/packages/usv_msgs
-- Up-to-date: /home/grant/ros2_ws/install/usv_msgs/share/usv_msgs/cmake/usv_msgs__rosidl_generator_cExport.cmake
-- Up-to-date: /home/grant/ros2_ws/install/usv_msgs/share/usv_msgs/cmake/usv_msgs__rosidl_generator_cExport-noconfig.cmake
-- Up-to-date: /home/grant/ros2_ws/install/usv_msgs/share/usv_msgs/cmake/usv_msgs__rosidl_typesupport_introspection_cExport.cmake
-- Up-to-date: /home/grant/ros2_ws/install/usv_msgs/share/usv_msgs/cmake/usv_msgs__rosidl_typesupport_introspection_cExport-noconfig.cmake
-- Up-to-date: /home/grant/ros2_ws/install/usv_msgs/share/usv_msgs/cmake/usv_msgs__rosidl_typesupport_cExport.cmake
-- Up-to-date: /home/grant/ros2_ws/install/usv_msgs/share/usv_msgs/cmake/usv_msgs__rosidl_typesupport_cExport-noconfig.cmake
-- Up-to-date: /home/grant/ros2_ws/install/usv_msgs/share/usv_msgs/cmake/usv_msgs__rosidl_generator_cppExport.cmake
-- Up-to-date: /home/grant/ros2_ws/install/usv_msgs/share/usv_msgs/cmake/usv_msgs__rosidl_typesupport_introspection_cppExport.cmake
-- Up-to-date: /home/grant/ros2_ws/install/usv_msgs/share/usv_msgs/cmake/usv_msgs__rosidl_typesupport_introspection_cppExport-noconfig.cmake
-- Up-to-date: /home/grant/ros2_ws/install/usv_msgs/share/usv_msgs/cmake/usv_msgs__rosidl_typesupport_cppExport.cmake
-- Up-to-date: /home/grant/ros2_ws/install/usv_msgs/share/usv_msgs/cmake/usv_msgs__rosidl_typesupport_cppExport-noconfig.cmake
-- Up-to-date: /home/grant/ros2_ws/install/usv_msgs/share/usv_msgs/cmake/rosidl_cmake-extras.cmake
-- Up-to-date: /home/grant/ros2_ws/install/usv_msgs/share/usv_msgs/cmake/ament_cmake_export_dependencies-extras.cmake
-- Up-to-date: /home/grant/ros2_ws/install/usv_msgs/share/usv_msgs/cmake/ament_cmake_export_libraries-extras.cmake
-- Up-to-date: /home/grant/ros2_ws/install/usv_msgs/share/usv_msgs/cmake/ament_cmake_export_targets-extras.cmake
-- Up-to-date: /home/grant/ros2_ws/install/usv_msgs/share/usv_msgs/cmake/ament_cmake_export_include_directories-extras.cmake
-- Up-to-date: /home/grant/ros2_ws/install/usv_msgs/share/usv_msgs/cmake/rosidl_cmake_export_typesupport_libraries-extras.cmake
-- Up-to-date: /home/grant/ros2_ws/install/usv_msgs/share/usv_msgs/cmake/rosidl_cmake_export_typesupport_targets-extras.cmake
-- Up-to-date: /home/grant/ros2_ws/install/usv_msgs/share/usv_msgs/cmake/usv_msgsConfig.cmake
-- Up-to-date: /home/grant/ros2_ws/install/usv_msgs/share/usv_msgs/cmake/usv_msgsConfig-version.cmake
-- Up-to-date: /home/grant/ros2_ws/install/usv_msgs/share/usv_msgs/package.xml
