[0.107s] Invoking command in '/home/grant/ros2_ws/build/adept_msgs': CONDA_PROMPT_MODIFIER=(base) /usr/bin/cmake /home/grant/ros2_ws/src/adept-vrx/adept_msgs -DCATKIN_INSTALL_INTO_PREFIX_ROOT=0 -DCMAKE_INSTALL_PREFIX=/home/grant/ros2_ws/install/adept_msgs
[0.691s] -- The C compiler identification is GNU 9.4.0
[0.691s] -- The CXX compiler identification is GNU 9.4.0
[0.691s] -- Check for working C compiler: /usr/bin/cc
[0.691s] -- Check for working C compiler: /usr/bin/cc -- works
[0.691s] -- Detecting C compiler ABI info
[0.691s] -- Detecting C compiler ABI info - done
[0.691s] -- Detecting C compile features
[0.691s] -- Detecting C compile features - done
[0.691s] -- Check for working CXX compiler: /usr/bin/c++
[0.692s] -- Check for working CXX compiler: /usr/bin/c++ -- works
[0.692s] -- Detecting CXX compiler ABI info
[0.739s] -- Detecting CXX compiler ABI info - done
[0.795s] -- Detecting CXX compile features
[0.795s] -- Detecting CXX compile features - done
[0.816s] CMake Error at CMakeLists.txt:10 (find_package):
[0.816s]   By not providing "Findcatkin.cmake" in CMAKE_MODULE_PATH this project has
[0.817s]   asked CMake to find a package configuration file provided by "catkin", but
[0.817s]   CMake did not find one.
[0.817s] 
[0.817s]   Could not find a package configuration file provided by "catkin" with any
[0.817s]   of the following names:
[0.817s] 
[0.817s]     catkinConfig.cmake
[0.817s]     catkin-config.cmake
[0.818s] 
[0.818s]   Add the installation prefix of "catkin" to CMAKE_PREFIX_PATH or set
[0.818s]   "catkin_DIR" to a directory containing one of the above files.  If "catkin"
[0.818s]   provides a separate development package or SDK, be sure it has been
[0.818s]   installed.
[0.818s] 
[0.818s] 
[0.818s] -- Configuring incomplete, errors occurred!
[0.818s] See also "/home/grant/ros2_ws/build/adept_msgs/CMakeFiles/CMakeOutput.log".
